[2022-05-28 01:02:28,428] {processor.py:153} INFO - Started process (PID=94) to work on /home/airflow/.local/lib/python3.7/site-packages/airflow/example_dags/example_task_group.py
[2022-05-28 01:02:28,428] {processor.py:641} INFO - Processing file /home/airflow/.local/lib/python3.7/site-packages/airflow/example_dags/example_task_group.py for tasks to queue
[2022-05-28 01:02:28,429] {logging_mixin.py:115} INFO - [2022-05-28 01:02:28,428] {dagbag.py:507} INFO - Filling up the DagBag from /home/airflow/.local/lib/python3.7/site-packages/airflow/example_dags/example_task_group.py
[2022-05-28 01:02:28,435] {processor.py:651} INFO - DAG(s) dict_keys(['example_task_group']) retrieved from /home/airflow/.local/lib/python3.7/site-packages/airflow/example_dags/example_task_group.py
[2022-05-28 01:02:28,708] {logging_mixin.py:115} INFO - [2022-05-28 01:02:28,708] {manager.py:508} INFO - Created Permission View: can read on DAG:example_task_group
[2022-05-28 01:02:28,716] {logging_mixin.py:115} INFO - [2022-05-28 01:02:28,716] {manager.py:508} INFO - Created Permission View: can delete on DAG:example_task_group
[2022-05-28 01:02:28,722] {logging_mixin.py:115} INFO - [2022-05-28 01:02:28,722] {manager.py:508} INFO - Created Permission View: can edit on DAG:example_task_group
[2022-05-28 01:02:28,722] {logging_mixin.py:115} INFO - [2022-05-28 01:02:28,722] {dag.py:2379} INFO - Sync 1 DAGs
[2022-05-28 01:02:28,730] {logging_mixin.py:115} INFO - [2022-05-28 01:02:28,730] {dag.py:2398} INFO - Creating ORM DAG for example_task_group
[2022-05-28 01:02:28,739] {logging_mixin.py:115} INFO - [2022-05-28 01:02:28,739] {dag.py:2927} INFO - Setting next_dagrun for example_task_group to 2022-05-27T01:02:28.739640+00:00, run_after=2022-05-28T01:02:28.739640+00:00
[2022-05-28 01:02:28,752] {processor.py:161} INFO - Processing /home/airflow/.local/lib/python3.7/site-packages/airflow/example_dags/example_task_group.py took 0.327 seconds
[2022-05-28 01:02:59,383] {processor.py:153} INFO - Started process (PID=146) to work on /home/airflow/.local/lib/python3.7/site-packages/airflow/example_dags/example_task_group.py
[2022-05-28 01:02:59,384] {processor.py:641} INFO - Processing file /home/airflow/.local/lib/python3.7/site-packages/airflow/example_dags/example_task_group.py for tasks to queue
[2022-05-28 01:02:59,384] {logging_mixin.py:115} INFO - [2022-05-28 01:02:59,384] {dagbag.py:507} INFO - Filling up the DagBag from /home/airflow/.local/lib/python3.7/site-packages/airflow/example_dags/example_task_group.py
[2022-05-28 01:02:59,390] {processor.py:651} INFO - DAG(s) dict_keys(['example_task_group']) retrieved from /home/airflow/.local/lib/python3.7/site-packages/airflow/example_dags/example_task_group.py
[2022-05-28 01:02:59,409] {logging_mixin.py:115} INFO - [2022-05-28 01:02:59,409] {dag.py:2379} INFO - Sync 1 DAGs
[2022-05-28 01:02:59,426] {logging_mixin.py:115} INFO - [2022-05-28 01:02:59,426] {dag.py:2927} INFO - Setting next_dagrun for example_task_group to 2022-05-27T01:02:59.426274+00:00, run_after=2022-05-28T01:02:59.426274+00:00
[2022-05-28 01:02:59,435] {processor.py:161} INFO - Processing /home/airflow/.local/lib/python3.7/site-packages/airflow/example_dags/example_task_group.py took 0.054 seconds
[2022-05-28 01:03:30,308] {processor.py:153} INFO - Started process (PID=207) to work on /home/airflow/.local/lib/python3.7/site-packages/airflow/example_dags/example_task_group.py
[2022-05-28 01:03:30,309] {processor.py:641} INFO - Processing file /home/airflow/.local/lib/python3.7/site-packages/airflow/example_dags/example_task_group.py for tasks to queue
[2022-05-28 01:03:30,309] {logging_mixin.py:115} INFO - [2022-05-28 01:03:30,309] {dagbag.py:507} INFO - Filling up the DagBag from /home/airflow/.local/lib/python3.7/site-packages/airflow/example_dags/example_task_group.py
[2022-05-28 01:03:30,315] {processor.py:651} INFO - DAG(s) dict_keys(['example_task_group']) retrieved from /home/airflow/.local/lib/python3.7/site-packages/airflow/example_dags/example_task_group.py
[2022-05-28 01:03:30,335] {logging_mixin.py:115} INFO - [2022-05-28 01:03:30,335] {dag.py:2379} INFO - Sync 1 DAGs
[2022-05-28 01:03:30,351] {logging_mixin.py:115} INFO - [2022-05-28 01:03:30,351] {dag.py:2927} INFO - Setting next_dagrun for example_task_group to 2022-05-27T01:03:30.351623+00:00, run_after=2022-05-28T01:03:30.351623+00:00
[2022-05-28 01:03:30,360] {processor.py:161} INFO - Processing /home/airflow/.local/lib/python3.7/site-packages/airflow/example_dags/example_task_group.py took 0.053 seconds
[2022-05-28 01:04:00,410] {processor.py:153} INFO - Started process (PID=268) to work on /home/airflow/.local/lib/python3.7/site-packages/airflow/example_dags/example_task_group.py
[2022-05-28 01:04:00,411] {processor.py:641} INFO - Processing file /home/airflow/.local/lib/python3.7/site-packages/airflow/example_dags/example_task_group.py for tasks to queue
[2022-05-28 01:04:00,411] {logging_mixin.py:115} INFO - [2022-05-28 01:04:00,411] {dagbag.py:507} INFO - Filling up the DagBag from /home/airflow/.local/lib/python3.7/site-packages/airflow/example_dags/example_task_group.py
[2022-05-28 01:04:00,416] {processor.py:651} INFO - DAG(s) dict_keys(['example_task_group']) retrieved from /home/airflow/.local/lib/python3.7/site-packages/airflow/example_dags/example_task_group.py
[2022-05-28 01:04:00,435] {logging_mixin.py:115} INFO - [2022-05-28 01:04:00,435] {dag.py:2379} INFO - Sync 1 DAGs
[2022-05-28 01:04:00,452] {logging_mixin.py:115} INFO - [2022-05-28 01:04:00,451] {dag.py:2927} INFO - Setting next_dagrun for example_task_group to 2022-05-27T01:04:00.451739+00:00, run_after=2022-05-28T01:04:00.451739+00:00
[2022-05-28 01:04:00,460] {processor.py:161} INFO - Processing /home/airflow/.local/lib/python3.7/site-packages/airflow/example_dags/example_task_group.py took 0.052 seconds
[2022-05-28 01:04:30,488] {processor.py:153} INFO - Started process (PID=328) to work on /home/airflow/.local/lib/python3.7/site-packages/airflow/example_dags/example_task_group.py
[2022-05-28 01:04:30,489] {processor.py:641} INFO - Processing file /home/airflow/.local/lib/python3.7/site-packages/airflow/example_dags/example_task_group.py for tasks to queue
[2022-05-28 01:04:30,489] {logging_mixin.py:115} INFO - [2022-05-28 01:04:30,489] {dagbag.py:507} INFO - Filling up the DagBag from /home/airflow/.local/lib/python3.7/site-packages/airflow/example_dags/example_task_group.py
[2022-05-28 01:04:30,494] {processor.py:651} INFO - DAG(s) dict_keys(['example_task_group']) retrieved from /home/airflow/.local/lib/python3.7/site-packages/airflow/example_dags/example_task_group.py
[2022-05-28 01:04:30,514] {logging_mixin.py:115} INFO - [2022-05-28 01:04:30,514] {dag.py:2379} INFO - Sync 1 DAGs
[2022-05-28 01:04:30,531] {logging_mixin.py:115} INFO - [2022-05-28 01:04:30,530] {dag.py:2927} INFO - Setting next_dagrun for example_task_group to 2022-05-27T01:04:30.530774+00:00, run_after=2022-05-28T01:04:30.530774+00:00
[2022-05-28 01:04:30,539] {processor.py:161} INFO - Processing /home/airflow/.local/lib/python3.7/site-packages/airflow/example_dags/example_task_group.py took 0.053 seconds
[2022-05-28 01:05:01,325] {processor.py:153} INFO - Started process (PID=381) to work on /home/airflow/.local/lib/python3.7/site-packages/airflow/example_dags/example_task_group.py
[2022-05-28 01:05:01,326] {processor.py:641} INFO - Processing file /home/airflow/.local/lib/python3.7/site-packages/airflow/example_dags/example_task_group.py for tasks to queue
[2022-05-28 01:05:01,326] {logging_mixin.py:115} INFO - [2022-05-28 01:05:01,326] {dagbag.py:507} INFO - Filling up the DagBag from /home/airflow/.local/lib/python3.7/site-packages/airflow/example_dags/example_task_group.py
[2022-05-28 01:05:01,331] {processor.py:651} INFO - DAG(s) dict_keys(['example_task_group']) retrieved from /home/airflow/.local/lib/python3.7/site-packages/airflow/example_dags/example_task_group.py
[2022-05-28 01:05:01,351] {logging_mixin.py:115} INFO - [2022-05-28 01:05:01,351] {dag.py:2379} INFO - Sync 1 DAGs
[2022-05-28 01:05:01,368] {logging_mixin.py:115} INFO - [2022-05-28 01:05:01,368] {dag.py:2927} INFO - Setting next_dagrun for example_task_group to 2022-05-27T01:05:01.368095+00:00, run_after=2022-05-28T01:05:01.368095+00:00
[2022-05-28 01:05:01,376] {processor.py:161} INFO - Processing /home/airflow/.local/lib/python3.7/site-packages/airflow/example_dags/example_task_group.py took 0.053 seconds
[2022-05-28 01:05:32,253] {processor.py:153} INFO - Started process (PID=442) to work on /home/airflow/.local/lib/python3.7/site-packages/airflow/example_dags/example_task_group.py
[2022-05-28 01:05:32,254] {processor.py:641} INFO - Processing file /home/airflow/.local/lib/python3.7/site-packages/airflow/example_dags/example_task_group.py for tasks to queue
[2022-05-28 01:05:32,254] {logging_mixin.py:115} INFO - [2022-05-28 01:05:32,254] {dagbag.py:507} INFO - Filling up the DagBag from /home/airflow/.local/lib/python3.7/site-packages/airflow/example_dags/example_task_group.py
[2022-05-28 01:05:32,260] {processor.py:651} INFO - DAG(s) dict_keys(['example_task_group']) retrieved from /home/airflow/.local/lib/python3.7/site-packages/airflow/example_dags/example_task_group.py
[2022-05-28 01:05:32,282] {logging_mixin.py:115} INFO - [2022-05-28 01:05:32,282] {dag.py:2379} INFO - Sync 1 DAGs
[2022-05-28 01:05:32,298] {logging_mixin.py:115} INFO - [2022-05-28 01:05:32,298] {dag.py:2927} INFO - Setting next_dagrun for example_task_group to 2022-05-27T01:05:32.298703+00:00, run_after=2022-05-28T01:05:32.298703+00:00
[2022-05-28 01:05:32,307] {processor.py:161} INFO - Processing /home/airflow/.local/lib/python3.7/site-packages/airflow/example_dags/example_task_group.py took 0.057 seconds
[2022-05-28 01:06:02,989] {processor.py:153} INFO - Started process (PID=503) to work on /home/airflow/.local/lib/python3.7/site-packages/airflow/example_dags/example_task_group.py
[2022-05-28 01:06:02,989] {processor.py:641} INFO - Processing file /home/airflow/.local/lib/python3.7/site-packages/airflow/example_dags/example_task_group.py for tasks to queue
[2022-05-28 01:06:02,990] {logging_mixin.py:115} INFO - [2022-05-28 01:06:02,990] {dagbag.py:507} INFO - Filling up the DagBag from /home/airflow/.local/lib/python3.7/site-packages/airflow/example_dags/example_task_group.py
[2022-05-28 01:06:02,995] {processor.py:651} INFO - DAG(s) dict_keys(['example_task_group']) retrieved from /home/airflow/.local/lib/python3.7/site-packages/airflow/example_dags/example_task_group.py
[2022-05-28 01:06:03,017] {logging_mixin.py:115} INFO - [2022-05-28 01:06:03,017] {dag.py:2379} INFO - Sync 1 DAGs
[2022-05-28 01:06:03,033] {logging_mixin.py:115} INFO - [2022-05-28 01:06:03,033] {dag.py:2927} INFO - Setting next_dagrun for example_task_group to 2022-05-27T01:06:03.033609+00:00, run_after=2022-05-28T01:06:03.033609+00:00
[2022-05-28 01:06:03,042] {processor.py:161} INFO - Processing /home/airflow/.local/lib/python3.7/site-packages/airflow/example_dags/example_task_group.py took 0.055 seconds
[2022-05-28 01:06:33,830] {processor.py:153} INFO - Started process (PID=564) to work on /home/airflow/.local/lib/python3.7/site-packages/airflow/example_dags/example_task_group.py
[2022-05-28 01:06:33,831] {processor.py:641} INFO - Processing file /home/airflow/.local/lib/python3.7/site-packages/airflow/example_dags/example_task_group.py for tasks to queue
[2022-05-28 01:06:33,831] {logging_mixin.py:115} INFO - [2022-05-28 01:06:33,831] {dagbag.py:507} INFO - Filling up the DagBag from /home/airflow/.local/lib/python3.7/site-packages/airflow/example_dags/example_task_group.py
[2022-05-28 01:06:33,838] {processor.py:651} INFO - DAG(s) dict_keys(['example_task_group']) retrieved from /home/airflow/.local/lib/python3.7/site-packages/airflow/example_dags/example_task_group.py
[2022-05-28 01:06:33,862] {logging_mixin.py:115} INFO - [2022-05-28 01:06:33,862] {dag.py:2379} INFO - Sync 1 DAGs
[2022-05-28 01:06:33,882] {logging_mixin.py:115} INFO - [2022-05-28 01:06:33,882] {dag.py:2927} INFO - Setting next_dagrun for example_task_group to 2022-05-27T01:06:33.882193+00:00, run_after=2022-05-28T01:06:33.882193+00:00
[2022-05-28 01:06:33,894] {processor.py:161} INFO - Processing /home/airflow/.local/lib/python3.7/site-packages/airflow/example_dags/example_task_group.py took 0.066 seconds
[2022-05-28 01:07:04,573] {processor.py:153} INFO - Started process (PID=616) to work on /home/airflow/.local/lib/python3.7/site-packages/airflow/example_dags/example_task_group.py
[2022-05-28 01:07:04,574] {processor.py:641} INFO - Processing file /home/airflow/.local/lib/python3.7/site-packages/airflow/example_dags/example_task_group.py for tasks to queue
[2022-05-28 01:07:04,574] {logging_mixin.py:115} INFO - [2022-05-28 01:07:04,574] {dagbag.py:507} INFO - Filling up the DagBag from /home/airflow/.local/lib/python3.7/site-packages/airflow/example_dags/example_task_group.py
[2022-05-28 01:07:04,580] {processor.py:651} INFO - DAG(s) dict_keys(['example_task_group']) retrieved from /home/airflow/.local/lib/python3.7/site-packages/airflow/example_dags/example_task_group.py
[2022-05-28 01:07:04,601] {logging_mixin.py:115} INFO - [2022-05-28 01:07:04,601] {dag.py:2379} INFO - Sync 1 DAGs
[2022-05-28 01:07:04,617] {logging_mixin.py:115} INFO - [2022-05-28 01:07:04,617] {dag.py:2927} INFO - Setting next_dagrun for example_task_group to 2022-05-27T01:07:04.617610+00:00, run_after=2022-05-28T01:07:04.617610+00:00
[2022-05-28 01:07:04,626] {processor.py:161} INFO - Processing /home/airflow/.local/lib/python3.7/site-packages/airflow/example_dags/example_task_group.py took 0.055 seconds
[2022-05-28 01:07:36,000] {processor.py:153} INFO - Started process (PID=677) to work on /home/airflow/.local/lib/python3.7/site-packages/airflow/example_dags/example_task_group.py
[2022-05-28 01:07:36,001] {processor.py:641} INFO - Processing file /home/airflow/.local/lib/python3.7/site-packages/airflow/example_dags/example_task_group.py for tasks to queue
[2022-05-28 01:07:36,001] {logging_mixin.py:115} INFO - [2022-05-28 01:07:36,001] {dagbag.py:507} INFO - Filling up the DagBag from /home/airflow/.local/lib/python3.7/site-packages/airflow/example_dags/example_task_group.py
[2022-05-28 01:07:36,006] {processor.py:651} INFO - DAG(s) dict_keys(['example_task_group']) retrieved from /home/airflow/.local/lib/python3.7/site-packages/airflow/example_dags/example_task_group.py
[2022-05-28 01:07:36,028] {logging_mixin.py:115} INFO - [2022-05-28 01:07:36,028] {dag.py:2379} INFO - Sync 1 DAGs
[2022-05-28 01:07:36,045] {logging_mixin.py:115} INFO - [2022-05-28 01:07:36,045] {dag.py:2927} INFO - Setting next_dagrun for example_task_group to 2022-05-27T01:07:36.045490+00:00, run_after=2022-05-28T01:07:36.045490+00:00
[2022-05-28 01:07:36,054] {processor.py:161} INFO - Processing /home/airflow/.local/lib/python3.7/site-packages/airflow/example_dags/example_task_group.py took 0.057 seconds
