[2022-05-28 01:02:26,904] {processor.py:153} INFO - Started process (PID=83) to work on /home/airflow/.local/lib/python3.7/site-packages/airflow/example_dags/example_latest_only_with_trigger.py
[2022-05-28 01:02:26,905] {processor.py:641} INFO - Processing file /home/airflow/.local/lib/python3.7/site-packages/airflow/example_dags/example_latest_only_with_trigger.py for tasks to queue
[2022-05-28 01:02:26,905] {logging_mixin.py:115} INFO - [2022-05-28 01:02:26,905] {dagbag.py:507} INFO - Filling up the DagBag from /home/airflow/.local/lib/python3.7/site-packages/airflow/example_dags/example_latest_only_with_trigger.py
[2022-05-28 01:02:26,910] {processor.py:651} INFO - DAG(s) dict_keys(['latest_only_with_trigger']) retrieved from /home/airflow/.local/lib/python3.7/site-packages/airflow/example_dags/example_latest_only_with_trigger.py
[2022-05-28 01:02:27,139] {logging_mixin.py:115} INFO - [2022-05-28 01:02:27,139] {manager.py:508} INFO - Created Permission View: can read on DAG:latest_only_with_trigger
[2022-05-28 01:02:27,147] {logging_mixin.py:115} INFO - [2022-05-28 01:02:27,147] {manager.py:508} INFO - Created Permission View: can delete on DAG:latest_only_with_trigger
[2022-05-28 01:02:27,152] {logging_mixin.py:115} INFO - [2022-05-28 01:02:27,152] {manager.py:508} INFO - Created Permission View: can edit on DAG:latest_only_with_trigger
[2022-05-28 01:02:27,152] {logging_mixin.py:115} INFO - [2022-05-28 01:02:27,152] {dag.py:2379} INFO - Sync 1 DAGs
[2022-05-28 01:02:27,159] {logging_mixin.py:115} INFO - [2022-05-28 01:02:27,159] {dag.py:2398} INFO - Creating ORM DAG for latest_only_with_trigger
[2022-05-28 01:02:27,168] {logging_mixin.py:115} INFO - [2022-05-28 01:02:27,168] {dag.py:2927} INFO - Setting next_dagrun for latest_only_with_trigger to 2022-05-27T21:02:27.168539+00:00, run_after=2022-05-28T01:02:27.168539+00:00
[2022-05-28 01:02:27,200] {processor.py:161} INFO - Processing /home/airflow/.local/lib/python3.7/site-packages/airflow/example_dags/example_latest_only_with_trigger.py took 0.297 seconds
[2022-05-28 01:02:58,034] {processor.py:153} INFO - Started process (PID=137) to work on /home/airflow/.local/lib/python3.7/site-packages/airflow/example_dags/example_latest_only_with_trigger.py
[2022-05-28 01:02:58,034] {processor.py:641} INFO - Processing file /home/airflow/.local/lib/python3.7/site-packages/airflow/example_dags/example_latest_only_with_trigger.py for tasks to queue
[2022-05-28 01:02:58,035] {logging_mixin.py:115} INFO - [2022-05-28 01:02:58,035] {dagbag.py:507} INFO - Filling up the DagBag from /home/airflow/.local/lib/python3.7/site-packages/airflow/example_dags/example_latest_only_with_trigger.py
[2022-05-28 01:02:58,039] {processor.py:651} INFO - DAG(s) dict_keys(['latest_only_with_trigger']) retrieved from /home/airflow/.local/lib/python3.7/site-packages/airflow/example_dags/example_latest_only_with_trigger.py
[2022-05-28 01:02:58,061] {logging_mixin.py:115} INFO - [2022-05-28 01:02:58,061] {dag.py:2379} INFO - Sync 1 DAGs
[2022-05-28 01:02:58,078] {logging_mixin.py:115} INFO - [2022-05-28 01:02:58,078] {dag.py:2927} INFO - Setting next_dagrun for latest_only_with_trigger to 2022-05-27T21:02:58.078513+00:00, run_after=2022-05-28T01:02:58.078513+00:00
[2022-05-28 01:02:58,088] {processor.py:161} INFO - Processing /home/airflow/.local/lib/python3.7/site-packages/airflow/example_dags/example_latest_only_with_trigger.py took 0.056 seconds
[2022-05-28 01:03:28,952] {processor.py:153} INFO - Started process (PID=198) to work on /home/airflow/.local/lib/python3.7/site-packages/airflow/example_dags/example_latest_only_with_trigger.py
[2022-05-28 01:03:28,953] {processor.py:641} INFO - Processing file /home/airflow/.local/lib/python3.7/site-packages/airflow/example_dags/example_latest_only_with_trigger.py for tasks to queue
[2022-05-28 01:03:28,953] {logging_mixin.py:115} INFO - [2022-05-28 01:03:28,953] {dagbag.py:507} INFO - Filling up the DagBag from /home/airflow/.local/lib/python3.7/site-packages/airflow/example_dags/example_latest_only_with_trigger.py
[2022-05-28 01:03:28,957] {processor.py:651} INFO - DAG(s) dict_keys(['latest_only_with_trigger']) retrieved from /home/airflow/.local/lib/python3.7/site-packages/airflow/example_dags/example_latest_only_with_trigger.py
[2022-05-28 01:03:28,980] {logging_mixin.py:115} INFO - [2022-05-28 01:03:28,980] {dag.py:2379} INFO - Sync 1 DAGs
[2022-05-28 01:03:28,996] {logging_mixin.py:115} INFO - [2022-05-28 01:03:28,996] {dag.py:2927} INFO - Setting next_dagrun for latest_only_with_trigger to 2022-05-27T21:03:28.996225+00:00, run_after=2022-05-28T01:03:28.996225+00:00
[2022-05-28 01:03:29,004] {processor.py:161} INFO - Processing /home/airflow/.local/lib/python3.7/site-packages/airflow/example_dags/example_latest_only_with_trigger.py took 0.054 seconds
[2022-05-28 01:03:59,072] {processor.py:153} INFO - Started process (PID=259) to work on /home/airflow/.local/lib/python3.7/site-packages/airflow/example_dags/example_latest_only_with_trigger.py
[2022-05-28 01:03:59,072] {processor.py:641} INFO - Processing file /home/airflow/.local/lib/python3.7/site-packages/airflow/example_dags/example_latest_only_with_trigger.py for tasks to queue
[2022-05-28 01:03:59,073] {logging_mixin.py:115} INFO - [2022-05-28 01:03:59,073] {dagbag.py:507} INFO - Filling up the DagBag from /home/airflow/.local/lib/python3.7/site-packages/airflow/example_dags/example_latest_only_with_trigger.py
[2022-05-28 01:03:59,078] {processor.py:651} INFO - DAG(s) dict_keys(['latest_only_with_trigger']) retrieved from /home/airflow/.local/lib/python3.7/site-packages/airflow/example_dags/example_latest_only_with_trigger.py
[2022-05-28 01:03:59,100] {logging_mixin.py:115} INFO - [2022-05-28 01:03:59,100] {dag.py:2379} INFO - Sync 1 DAGs
[2022-05-28 01:03:59,118] {logging_mixin.py:115} INFO - [2022-05-28 01:03:59,118] {dag.py:2927} INFO - Setting next_dagrun for latest_only_with_trigger to 2022-05-27T21:03:59.117869+00:00, run_after=2022-05-28T01:03:59.117869+00:00
[2022-05-28 01:03:59,129] {processor.py:161} INFO - Processing /home/airflow/.local/lib/python3.7/site-packages/airflow/example_dags/example_latest_only_with_trigger.py took 0.061 seconds
[2022-05-28 01:04:30,122] {processor.py:153} INFO - Started process (PID=320) to work on /home/airflow/.local/lib/python3.7/site-packages/airflow/example_dags/example_latest_only_with_trigger.py
[2022-05-28 01:04:30,122] {processor.py:641} INFO - Processing file /home/airflow/.local/lib/python3.7/site-packages/airflow/example_dags/example_latest_only_with_trigger.py for tasks to queue
[2022-05-28 01:04:30,123] {logging_mixin.py:115} INFO - [2022-05-28 01:04:30,123] {dagbag.py:507} INFO - Filling up the DagBag from /home/airflow/.local/lib/python3.7/site-packages/airflow/example_dags/example_latest_only_with_trigger.py
[2022-05-28 01:04:30,127] {processor.py:651} INFO - DAG(s) dict_keys(['latest_only_with_trigger']) retrieved from /home/airflow/.local/lib/python3.7/site-packages/airflow/example_dags/example_latest_only_with_trigger.py
[2022-05-28 01:04:30,151] {logging_mixin.py:115} INFO - [2022-05-28 01:04:30,151] {dag.py:2379} INFO - Sync 1 DAGs
[2022-05-28 01:04:30,173] {logging_mixin.py:115} INFO - [2022-05-28 01:04:30,173] {dag.py:2927} INFO - Setting next_dagrun for latest_only_with_trigger to 2022-05-27T21:04:30.173139+00:00, run_after=2022-05-28T01:04:30.173139+00:00
[2022-05-28 01:04:30,184] {processor.py:161} INFO - Processing /home/airflow/.local/lib/python3.7/site-packages/airflow/example_dags/example_latest_only_with_trigger.py took 0.064 seconds
[2022-05-28 01:05:00,899] {processor.py:153} INFO - Started process (PID=372) to work on /home/airflow/.local/lib/python3.7/site-packages/airflow/example_dags/example_latest_only_with_trigger.py
[2022-05-28 01:05:00,899] {processor.py:641} INFO - Processing file /home/airflow/.local/lib/python3.7/site-packages/airflow/example_dags/example_latest_only_with_trigger.py for tasks to queue
[2022-05-28 01:05:00,900] {logging_mixin.py:115} INFO - [2022-05-28 01:05:00,900] {dagbag.py:507} INFO - Filling up the DagBag from /home/airflow/.local/lib/python3.7/site-packages/airflow/example_dags/example_latest_only_with_trigger.py
[2022-05-28 01:05:00,904] {processor.py:651} INFO - DAG(s) dict_keys(['latest_only_with_trigger']) retrieved from /home/airflow/.local/lib/python3.7/site-packages/airflow/example_dags/example_latest_only_with_trigger.py
[2022-05-28 01:05:00,925] {logging_mixin.py:115} INFO - [2022-05-28 01:05:00,924] {dag.py:2379} INFO - Sync 1 DAGs
[2022-05-28 01:05:00,943] {logging_mixin.py:115} INFO - [2022-05-28 01:05:00,943] {dag.py:2927} INFO - Setting next_dagrun for latest_only_with_trigger to 2022-05-27T21:05:00.943101+00:00, run_after=2022-05-28T01:05:00.943101+00:00
[2022-05-28 01:05:00,952] {processor.py:161} INFO - Processing /home/airflow/.local/lib/python3.7/site-packages/airflow/example_dags/example_latest_only_with_trigger.py took 0.055 seconds
[2022-05-28 01:05:31,825] {processor.py:153} INFO - Started process (PID=433) to work on /home/airflow/.local/lib/python3.7/site-packages/airflow/example_dags/example_latest_only_with_trigger.py
[2022-05-28 01:05:31,825] {processor.py:641} INFO - Processing file /home/airflow/.local/lib/python3.7/site-packages/airflow/example_dags/example_latest_only_with_trigger.py for tasks to queue
[2022-05-28 01:05:31,826] {logging_mixin.py:115} INFO - [2022-05-28 01:05:31,826] {dagbag.py:507} INFO - Filling up the DagBag from /home/airflow/.local/lib/python3.7/site-packages/airflow/example_dags/example_latest_only_with_trigger.py
[2022-05-28 01:05:31,831] {processor.py:651} INFO - DAG(s) dict_keys(['latest_only_with_trigger']) retrieved from /home/airflow/.local/lib/python3.7/site-packages/airflow/example_dags/example_latest_only_with_trigger.py
[2022-05-28 01:05:31,851] {logging_mixin.py:115} INFO - [2022-05-28 01:05:31,851] {dag.py:2379} INFO - Sync 1 DAGs
[2022-05-28 01:05:31,871] {logging_mixin.py:115} INFO - [2022-05-28 01:05:31,871] {dag.py:2927} INFO - Setting next_dagrun for latest_only_with_trigger to 2022-05-27T21:05:31.870958+00:00, run_after=2022-05-28T01:05:31.870958+00:00
[2022-05-28 01:05:31,881] {processor.py:161} INFO - Processing /home/airflow/.local/lib/python3.7/site-packages/airflow/example_dags/example_latest_only_with_trigger.py took 0.059 seconds
[2022-05-28 01:06:02,557] {processor.py:153} INFO - Started process (PID=494) to work on /home/airflow/.local/lib/python3.7/site-packages/airflow/example_dags/example_latest_only_with_trigger.py
[2022-05-28 01:06:02,557] {processor.py:641} INFO - Processing file /home/airflow/.local/lib/python3.7/site-packages/airflow/example_dags/example_latest_only_with_trigger.py for tasks to queue
[2022-05-28 01:06:02,558] {logging_mixin.py:115} INFO - [2022-05-28 01:06:02,558] {dagbag.py:507} INFO - Filling up the DagBag from /home/airflow/.local/lib/python3.7/site-packages/airflow/example_dags/example_latest_only_with_trigger.py
[2022-05-28 01:06:02,562] {processor.py:651} INFO - DAG(s) dict_keys(['latest_only_with_trigger']) retrieved from /home/airflow/.local/lib/python3.7/site-packages/airflow/example_dags/example_latest_only_with_trigger.py
[2022-05-28 01:06:02,583] {logging_mixin.py:115} INFO - [2022-05-28 01:06:02,583] {dag.py:2379} INFO - Sync 1 DAGs
[2022-05-28 01:06:02,600] {logging_mixin.py:115} INFO - [2022-05-28 01:06:02,600] {dag.py:2927} INFO - Setting next_dagrun for latest_only_with_trigger to 2022-05-27T21:06:02.600316+00:00, run_after=2022-05-28T01:06:02.600316+00:00
[2022-05-28 01:06:02,609] {processor.py:161} INFO - Processing /home/airflow/.local/lib/python3.7/site-packages/airflow/example_dags/example_latest_only_with_trigger.py took 0.056 seconds
[2022-05-28 01:06:33,396] {processor.py:153} INFO - Started process (PID=555) to work on /home/airflow/.local/lib/python3.7/site-packages/airflow/example_dags/example_latest_only_with_trigger.py
[2022-05-28 01:06:33,397] {processor.py:641} INFO - Processing file /home/airflow/.local/lib/python3.7/site-packages/airflow/example_dags/example_latest_only_with_trigger.py for tasks to queue
[2022-05-28 01:06:33,397] {logging_mixin.py:115} INFO - [2022-05-28 01:06:33,397] {dagbag.py:507} INFO - Filling up the DagBag from /home/airflow/.local/lib/python3.7/site-packages/airflow/example_dags/example_latest_only_with_trigger.py
[2022-05-28 01:06:33,402] {processor.py:651} INFO - DAG(s) dict_keys(['latest_only_with_trigger']) retrieved from /home/airflow/.local/lib/python3.7/site-packages/airflow/example_dags/example_latest_only_with_trigger.py
[2022-05-28 01:06:33,424] {logging_mixin.py:115} INFO - [2022-05-28 01:06:33,424] {dag.py:2379} INFO - Sync 1 DAGs
[2022-05-28 01:06:33,443] {logging_mixin.py:115} INFO - [2022-05-28 01:06:33,443] {dag.py:2927} INFO - Setting next_dagrun for latest_only_with_trigger to 2022-05-27T21:06:33.443215+00:00, run_after=2022-05-28T01:06:33.443215+00:00
[2022-05-28 01:06:33,455] {processor.py:161} INFO - Processing /home/airflow/.local/lib/python3.7/site-packages/airflow/example_dags/example_latest_only_with_trigger.py took 0.061 seconds
[2022-05-28 01:07:04,142] {processor.py:153} INFO - Started process (PID=607) to work on /home/airflow/.local/lib/python3.7/site-packages/airflow/example_dags/example_latest_only_with_trigger.py
[2022-05-28 01:07:04,142] {processor.py:641} INFO - Processing file /home/airflow/.local/lib/python3.7/site-packages/airflow/example_dags/example_latest_only_with_trigger.py for tasks to queue
[2022-05-28 01:07:04,143] {logging_mixin.py:115} INFO - [2022-05-28 01:07:04,143] {dagbag.py:507} INFO - Filling up the DagBag from /home/airflow/.local/lib/python3.7/site-packages/airflow/example_dags/example_latest_only_with_trigger.py
[2022-05-28 01:07:04,147] {processor.py:651} INFO - DAG(s) dict_keys(['latest_only_with_trigger']) retrieved from /home/airflow/.local/lib/python3.7/site-packages/airflow/example_dags/example_latest_only_with_trigger.py
[2022-05-28 01:07:04,177] {logging_mixin.py:115} INFO - [2022-05-28 01:07:04,177] {dag.py:2379} INFO - Sync 1 DAGs
[2022-05-28 01:07:04,196] {logging_mixin.py:115} INFO - [2022-05-28 01:07:04,196] {dag.py:2927} INFO - Setting next_dagrun for latest_only_with_trigger to 2022-05-27T21:07:04.196544+00:00, run_after=2022-05-28T01:07:04.196544+00:00
[2022-05-28 01:07:04,207] {processor.py:161} INFO - Processing /home/airflow/.local/lib/python3.7/site-packages/airflow/example_dags/example_latest_only_with_trigger.py took 0.068 seconds
[2022-05-28 01:07:35,351] {processor.py:153} INFO - Started process (PID=668) to work on /home/airflow/.local/lib/python3.7/site-packages/airflow/example_dags/example_latest_only_with_trigger.py
[2022-05-28 01:07:35,352] {processor.py:641} INFO - Processing file /home/airflow/.local/lib/python3.7/site-packages/airflow/example_dags/example_latest_only_with_trigger.py for tasks to queue
[2022-05-28 01:07:35,352] {logging_mixin.py:115} INFO - [2022-05-28 01:07:35,352] {dagbag.py:507} INFO - Filling up the DagBag from /home/airflow/.local/lib/python3.7/site-packages/airflow/example_dags/example_latest_only_with_trigger.py
[2022-05-28 01:07:35,356] {processor.py:651} INFO - DAG(s) dict_keys(['latest_only_with_trigger']) retrieved from /home/airflow/.local/lib/python3.7/site-packages/airflow/example_dags/example_latest_only_with_trigger.py
[2022-05-28 01:07:35,376] {logging_mixin.py:115} INFO - [2022-05-28 01:07:35,376] {dag.py:2379} INFO - Sync 1 DAGs
[2022-05-28 01:07:35,392] {logging_mixin.py:115} INFO - [2022-05-28 01:07:35,392] {dag.py:2927} INFO - Setting next_dagrun for latest_only_with_trigger to 2022-05-27T21:07:35.392489+00:00, run_after=2022-05-28T01:07:35.392489+00:00
[2022-05-28 01:07:35,401] {processor.py:161} INFO - Processing /home/airflow/.local/lib/python3.7/site-packages/airflow/example_dags/example_latest_only_with_trigger.py took 0.051 seconds
[2022-05-28 01:08:05,646] {processor.py:153} INFO - Started process (PID=729) to work on /home/airflow/.local/lib/python3.7/site-packages/airflow/example_dags/example_latest_only_with_trigger.py
[2022-05-28 01:08:05,647] {processor.py:641} INFO - Processing file /home/airflow/.local/lib/python3.7/site-packages/airflow/example_dags/example_latest_only_with_trigger.py for tasks to queue
[2022-05-28 01:08:05,647] {logging_mixin.py:115} INFO - [2022-05-28 01:08:05,647] {dagbag.py:507} INFO - Filling up the DagBag from /home/airflow/.local/lib/python3.7/site-packages/airflow/example_dags/example_latest_only_with_trigger.py
[2022-05-28 01:08:05,651] {processor.py:651} INFO - DAG(s) dict_keys(['latest_only_with_trigger']) retrieved from /home/airflow/.local/lib/python3.7/site-packages/airflow/example_dags/example_latest_only_with_trigger.py
[2022-05-28 01:08:05,670] {logging_mixin.py:115} INFO - [2022-05-28 01:08:05,670] {dag.py:2379} INFO - Sync 1 DAGs
[2022-05-28 01:08:05,686] {logging_mixin.py:115} INFO - [2022-05-28 01:08:05,685] {dag.py:2927} INFO - Setting next_dagrun for latest_only_with_trigger to 2022-05-27T21:08:05.685783+00:00, run_after=2022-05-28T01:08:05.685783+00:00
[2022-05-28 01:08:05,694] {processor.py:161} INFO - Processing /home/airflow/.local/lib/python3.7/site-packages/airflow/example_dags/example_latest_only_with_trigger.py took 0.050 seconds
[2022-05-28 01:08:35,924] {processor.py:153} INFO - Started process (PID=790) to work on /home/airflow/.local/lib/python3.7/site-packages/airflow/example_dags/example_latest_only_with_trigger.py
[2022-05-28 01:08:35,925] {processor.py:641} INFO - Processing file /home/airflow/.local/lib/python3.7/site-packages/airflow/example_dags/example_latest_only_with_trigger.py for tasks to queue
[2022-05-28 01:08:35,925] {logging_mixin.py:115} INFO - [2022-05-28 01:08:35,925] {dagbag.py:507} INFO - Filling up the DagBag from /home/airflow/.local/lib/python3.7/site-packages/airflow/example_dags/example_latest_only_with_trigger.py
[2022-05-28 01:08:35,929] {processor.py:651} INFO - DAG(s) dict_keys(['latest_only_with_trigger']) retrieved from /home/airflow/.local/lib/python3.7/site-packages/airflow/example_dags/example_latest_only_with_trigger.py
[2022-05-28 01:08:35,955] {logging_mixin.py:115} INFO - [2022-05-28 01:08:35,955] {dag.py:2379} INFO - Sync 1 DAGs
[2022-05-28 01:08:35,974] {logging_mixin.py:115} INFO - [2022-05-28 01:08:35,973] {dag.py:2927} INFO - Setting next_dagrun for latest_only_with_trigger to 2022-05-27T21:08:35.973752+00:00, run_after=2022-05-28T01:08:35.973752+00:00
[2022-05-28 01:08:35,982] {processor.py:161} INFO - Processing /home/airflow/.local/lib/python3.7/site-packages/airflow/example_dags/example_latest_only_with_trigger.py took 0.060 seconds
[2022-05-28 01:09:06,180] {processor.py:153} INFO - Started process (PID=842) to work on /home/airflow/.local/lib/python3.7/site-packages/airflow/example_dags/example_latest_only_with_trigger.py
[2022-05-28 01:09:06,181] {processor.py:641} INFO - Processing file /home/airflow/.local/lib/python3.7/site-packages/airflow/example_dags/example_latest_only_with_trigger.py for tasks to queue
[2022-05-28 01:09:06,181] {logging_mixin.py:115} INFO - [2022-05-28 01:09:06,181] {dagbag.py:507} INFO - Filling up the DagBag from /home/airflow/.local/lib/python3.7/site-packages/airflow/example_dags/example_latest_only_with_trigger.py
[2022-05-28 01:09:06,185] {processor.py:651} INFO - DAG(s) dict_keys(['latest_only_with_trigger']) retrieved from /home/airflow/.local/lib/python3.7/site-packages/airflow/example_dags/example_latest_only_with_trigger.py
[2022-05-28 01:09:06,206] {logging_mixin.py:115} INFO - [2022-05-28 01:09:06,206] {dag.py:2379} INFO - Sync 1 DAGs
[2022-05-28 01:09:06,222] {logging_mixin.py:115} INFO - [2022-05-28 01:09:06,222] {dag.py:2927} INFO - Setting next_dagrun for latest_only_with_trigger to 2022-05-27T21:09:06.222642+00:00, run_after=2022-05-28T01:09:06.222642+00:00
[2022-05-28 01:09:06,231] {processor.py:161} INFO - Processing /home/airflow/.local/lib/python3.7/site-packages/airflow/example_dags/example_latest_only_with_trigger.py took 0.054 seconds
[2022-05-28 01:09:36,305] {processor.py:153} INFO - Started process (PID=903) to work on /home/airflow/.local/lib/python3.7/site-packages/airflow/example_dags/example_latest_only_with_trigger.py
[2022-05-28 01:09:36,306] {processor.py:641} INFO - Processing file /home/airflow/.local/lib/python3.7/site-packages/airflow/example_dags/example_latest_only_with_trigger.py for tasks to queue
[2022-05-28 01:09:36,306] {logging_mixin.py:115} INFO - [2022-05-28 01:09:36,306] {dagbag.py:507} INFO - Filling up the DagBag from /home/airflow/.local/lib/python3.7/site-packages/airflow/example_dags/example_latest_only_with_trigger.py
[2022-05-28 01:09:36,310] {processor.py:651} INFO - DAG(s) dict_keys(['latest_only_with_trigger']) retrieved from /home/airflow/.local/lib/python3.7/site-packages/airflow/example_dags/example_latest_only_with_trigger.py
[2022-05-28 01:09:36,328] {logging_mixin.py:115} INFO - [2022-05-28 01:09:36,328] {dag.py:2379} INFO - Sync 1 DAGs
[2022-05-28 01:09:36,343] {logging_mixin.py:115} INFO - [2022-05-28 01:09:36,343] {dag.py:2927} INFO - Setting next_dagrun for latest_only_with_trigger to 2022-05-27T21:09:36.343720+00:00, run_after=2022-05-28T01:09:36.343720+00:00
[2022-05-28 01:09:36,352] {processor.py:161} INFO - Processing /home/airflow/.local/lib/python3.7/site-packages/airflow/example_dags/example_latest_only_with_trigger.py took 0.049 seconds
[2022-05-28 01:10:06,468] {processor.py:153} INFO - Started process (PID=964) to work on /home/airflow/.local/lib/python3.7/site-packages/airflow/example_dags/example_latest_only_with_trigger.py
[2022-05-28 01:10:06,469] {processor.py:641} INFO - Processing file /home/airflow/.local/lib/python3.7/site-packages/airflow/example_dags/example_latest_only_with_trigger.py for tasks to queue
[2022-05-28 01:10:06,470] {logging_mixin.py:115} INFO - [2022-05-28 01:10:06,469] {dagbag.py:507} INFO - Filling up the DagBag from /home/airflow/.local/lib/python3.7/site-packages/airflow/example_dags/example_latest_only_with_trigger.py
[2022-05-28 01:10:06,474] {processor.py:651} INFO - DAG(s) dict_keys(['latest_only_with_trigger']) retrieved from /home/airflow/.local/lib/python3.7/site-packages/airflow/example_dags/example_latest_only_with_trigger.py
[2022-05-28 01:10:06,497] {logging_mixin.py:115} INFO - [2022-05-28 01:10:06,497] {dag.py:2379} INFO - Sync 1 DAGs
[2022-05-28 01:10:06,516] {logging_mixin.py:115} INFO - [2022-05-28 01:10:06,515] {dag.py:2927} INFO - Setting next_dagrun for latest_only_with_trigger to 2022-05-27T21:10:06.515700+00:00, run_after=2022-05-28T01:10:06.515700+00:00
[2022-05-28 01:10:06,525] {processor.py:161} INFO - Processing /home/airflow/.local/lib/python3.7/site-packages/airflow/example_dags/example_latest_only_with_trigger.py took 0.059 seconds
[2022-05-28 01:10:36,666] {processor.py:153} INFO - Started process (PID=1016) to work on /home/airflow/.local/lib/python3.7/site-packages/airflow/example_dags/example_latest_only_with_trigger.py
[2022-05-28 01:10:36,667] {processor.py:641} INFO - Processing file /home/airflow/.local/lib/python3.7/site-packages/airflow/example_dags/example_latest_only_with_trigger.py for tasks to queue
[2022-05-28 01:10:36,668] {logging_mixin.py:115} INFO - [2022-05-28 01:10:36,667] {dagbag.py:507} INFO - Filling up the DagBag from /home/airflow/.local/lib/python3.7/site-packages/airflow/example_dags/example_latest_only_with_trigger.py
[2022-05-28 01:10:36,672] {processor.py:651} INFO - DAG(s) dict_keys(['latest_only_with_trigger']) retrieved from /home/airflow/.local/lib/python3.7/site-packages/airflow/example_dags/example_latest_only_with_trigger.py
[2022-05-28 01:10:36,697] {logging_mixin.py:115} INFO - [2022-05-28 01:10:36,697] {dag.py:2379} INFO - Sync 1 DAGs
[2022-05-28 01:10:36,716] {logging_mixin.py:115} INFO - [2022-05-28 01:10:36,716] {dag.py:2927} INFO - Setting next_dagrun for latest_only_with_trigger to 2022-05-27T21:10:36.716545+00:00, run_after=2022-05-28T01:10:36.716545+00:00
[2022-05-28 01:10:36,726] {processor.py:161} INFO - Processing /home/airflow/.local/lib/python3.7/site-packages/airflow/example_dags/example_latest_only_with_trigger.py took 0.062 seconds
[2022-05-28 01:11:07,095] {processor.py:153} INFO - Started process (PID=1077) to work on /home/airflow/.local/lib/python3.7/site-packages/airflow/example_dags/example_latest_only_with_trigger.py
[2022-05-28 01:11:07,095] {processor.py:641} INFO - Processing file /home/airflow/.local/lib/python3.7/site-packages/airflow/example_dags/example_latest_only_with_trigger.py for tasks to queue
[2022-05-28 01:11:07,096] {logging_mixin.py:115} INFO - [2022-05-28 01:11:07,096] {dagbag.py:507} INFO - Filling up the DagBag from /home/airflow/.local/lib/python3.7/site-packages/airflow/example_dags/example_latest_only_with_trigger.py
[2022-05-28 01:11:07,100] {processor.py:651} INFO - DAG(s) dict_keys(['latest_only_with_trigger']) retrieved from /home/airflow/.local/lib/python3.7/site-packages/airflow/example_dags/example_latest_only_with_trigger.py
[2022-05-28 01:11:07,121] {logging_mixin.py:115} INFO - [2022-05-28 01:11:07,121] {dag.py:2379} INFO - Sync 1 DAGs
[2022-05-28 01:11:07,138] {logging_mixin.py:115} INFO - [2022-05-28 01:11:07,138] {dag.py:2927} INFO - Setting next_dagrun for latest_only_with_trigger to 2022-05-27T21:11:07.138365+00:00, run_after=2022-05-28T01:11:07.138365+00:00
[2022-05-28 01:11:07,148] {processor.py:161} INFO - Processing /home/airflow/.local/lib/python3.7/site-packages/airflow/example_dags/example_latest_only_with_trigger.py took 0.056 seconds
[2022-05-28 01:11:37,776] {processor.py:153} INFO - Started process (PID=1139) to work on /home/airflow/.local/lib/python3.7/site-packages/airflow/example_dags/example_latest_only_with_trigger.py
[2022-05-28 01:11:37,776] {processor.py:641} INFO - Processing file /home/airflow/.local/lib/python3.7/site-packages/airflow/example_dags/example_latest_only_with_trigger.py for tasks to queue
[2022-05-28 01:11:37,777] {logging_mixin.py:115} INFO - [2022-05-28 01:11:37,776] {dagbag.py:507} INFO - Filling up the DagBag from /home/airflow/.local/lib/python3.7/site-packages/airflow/example_dags/example_latest_only_with_trigger.py
[2022-05-28 01:11:37,780] {processor.py:651} INFO - DAG(s) dict_keys(['latest_only_with_trigger']) retrieved from /home/airflow/.local/lib/python3.7/site-packages/airflow/example_dags/example_latest_only_with_trigger.py
[2022-05-28 01:11:37,802] {logging_mixin.py:115} INFO - [2022-05-28 01:11:37,801] {dag.py:2379} INFO - Sync 1 DAGs
[2022-05-28 01:11:37,819] {logging_mixin.py:115} INFO - [2022-05-28 01:11:37,819] {dag.py:2927} INFO - Setting next_dagrun for latest_only_with_trigger to 2022-05-27T21:11:37.819051+00:00, run_after=2022-05-28T01:11:37.819051+00:00
[2022-05-28 01:11:37,828] {processor.py:161} INFO - Processing /home/airflow/.local/lib/python3.7/site-packages/airflow/example_dags/example_latest_only_with_trigger.py took 0.054 seconds
[2022-05-28 01:12:08,220] {processor.py:153} INFO - Started process (PID=1200) to work on /home/airflow/.local/lib/python3.7/site-packages/airflow/example_dags/example_latest_only_with_trigger.py
[2022-05-28 01:12:08,221] {processor.py:641} INFO - Processing file /home/airflow/.local/lib/python3.7/site-packages/airflow/example_dags/example_latest_only_with_trigger.py for tasks to queue
[2022-05-28 01:12:08,221] {logging_mixin.py:115} INFO - [2022-05-28 01:12:08,221] {dagbag.py:507} INFO - Filling up the DagBag from /home/airflow/.local/lib/python3.7/site-packages/airflow/example_dags/example_latest_only_with_trigger.py
[2022-05-28 01:12:08,225] {processor.py:651} INFO - DAG(s) dict_keys(['latest_only_with_trigger']) retrieved from /home/airflow/.local/lib/python3.7/site-packages/airflow/example_dags/example_latest_only_with_trigger.py
[2022-05-28 01:12:08,246] {logging_mixin.py:115} INFO - [2022-05-28 01:12:08,246] {dag.py:2379} INFO - Sync 1 DAGs
[2022-05-28 01:12:08,263] {logging_mixin.py:115} INFO - [2022-05-28 01:12:08,263] {dag.py:2927} INFO - Setting next_dagrun for latest_only_with_trigger to 2022-05-27T21:12:08.263279+00:00, run_after=2022-05-28T01:12:08.263279+00:00
[2022-05-28 01:12:08,273] {processor.py:161} INFO - Processing /home/airflow/.local/lib/python3.7/site-packages/airflow/example_dags/example_latest_only_with_trigger.py took 0.055 seconds
[2022-05-28 01:12:38,506] {processor.py:153} INFO - Started process (PID=1252) to work on /home/airflow/.local/lib/python3.7/site-packages/airflow/example_dags/example_latest_only_with_trigger.py
[2022-05-28 01:12:38,507] {processor.py:641} INFO - Processing file /home/airflow/.local/lib/python3.7/site-packages/airflow/example_dags/example_latest_only_with_trigger.py for tasks to queue
[2022-05-28 01:12:38,507] {logging_mixin.py:115} INFO - [2022-05-28 01:12:38,507] {dagbag.py:507} INFO - Filling up the DagBag from /home/airflow/.local/lib/python3.7/site-packages/airflow/example_dags/example_latest_only_with_trigger.py
[2022-05-28 01:12:38,512] {processor.py:651} INFO - DAG(s) dict_keys(['latest_only_with_trigger']) retrieved from /home/airflow/.local/lib/python3.7/site-packages/airflow/example_dags/example_latest_only_with_trigger.py
[2022-05-28 01:12:38,532] {logging_mixin.py:115} INFO - [2022-05-28 01:12:38,532] {dag.py:2379} INFO - Sync 1 DAGs
[2022-05-28 01:12:38,548] {logging_mixin.py:115} INFO - [2022-05-28 01:12:38,548] {dag.py:2927} INFO - Setting next_dagrun for latest_only_with_trigger to 2022-05-27T21:12:38.548294+00:00, run_after=2022-05-28T01:12:38.548294+00:00
[2022-05-28 01:12:38,556] {processor.py:161} INFO - Processing /home/airflow/.local/lib/python3.7/site-packages/airflow/example_dags/example_latest_only_with_trigger.py took 0.052 seconds
[2022-05-28 01:13:08,752] {processor.py:153} INFO - Started process (PID=1313) to work on /home/airflow/.local/lib/python3.7/site-packages/airflow/example_dags/example_latest_only_with_trigger.py
[2022-05-28 01:13:08,753] {processor.py:641} INFO - Processing file /home/airflow/.local/lib/python3.7/site-packages/airflow/example_dags/example_latest_only_with_trigger.py for tasks to queue
[2022-05-28 01:13:08,753] {logging_mixin.py:115} INFO - [2022-05-28 01:13:08,753] {dagbag.py:507} INFO - Filling up the DagBag from /home/airflow/.local/lib/python3.7/site-packages/airflow/example_dags/example_latest_only_with_trigger.py
[2022-05-28 01:13:08,758] {processor.py:651} INFO - DAG(s) dict_keys(['latest_only_with_trigger']) retrieved from /home/airflow/.local/lib/python3.7/site-packages/airflow/example_dags/example_latest_only_with_trigger.py
[2022-05-28 01:13:08,779] {logging_mixin.py:115} INFO - [2022-05-28 01:13:08,779] {dag.py:2379} INFO - Sync 1 DAGs
[2022-05-28 01:13:08,797] {logging_mixin.py:115} INFO - [2022-05-28 01:13:08,797] {dag.py:2927} INFO - Setting next_dagrun for latest_only_with_trigger to 2022-05-27T21:13:08.796992+00:00, run_after=2022-05-28T01:13:08.796992+00:00
[2022-05-28 01:13:08,806] {processor.py:161} INFO - Processing /home/airflow/.local/lib/python3.7/site-packages/airflow/example_dags/example_latest_only_with_trigger.py took 0.055 seconds
[2022-05-28 01:13:39,069] {processor.py:153} INFO - Started process (PID=1374) to work on /home/airflow/.local/lib/python3.7/site-packages/airflow/example_dags/example_latest_only_with_trigger.py
[2022-05-28 01:13:39,070] {processor.py:641} INFO - Processing file /home/airflow/.local/lib/python3.7/site-packages/airflow/example_dags/example_latest_only_with_trigger.py for tasks to queue
[2022-05-28 01:13:39,070] {logging_mixin.py:115} INFO - [2022-05-28 01:13:39,070] {dagbag.py:507} INFO - Filling up the DagBag from /home/airflow/.local/lib/python3.7/site-packages/airflow/example_dags/example_latest_only_with_trigger.py
[2022-05-28 01:13:39,075] {processor.py:651} INFO - DAG(s) dict_keys(['latest_only_with_trigger']) retrieved from /home/airflow/.local/lib/python3.7/site-packages/airflow/example_dags/example_latest_only_with_trigger.py
[2022-05-28 01:13:39,095] {logging_mixin.py:115} INFO - [2022-05-28 01:13:39,095] {dag.py:2379} INFO - Sync 1 DAGs
[2022-05-28 01:13:39,112] {logging_mixin.py:115} INFO - [2022-05-28 01:13:39,112] {dag.py:2927} INFO - Setting next_dagrun for latest_only_with_trigger to 2022-05-27T21:13:39.112298+00:00, run_after=2022-05-28T01:13:39.112298+00:00
[2022-05-28 01:13:39,121] {processor.py:161} INFO - Processing /home/airflow/.local/lib/python3.7/site-packages/airflow/example_dags/example_latest_only_with_trigger.py took 0.054 seconds
[2022-05-28 01:14:09,371] {processor.py:153} INFO - Started process (PID=1426) to work on /home/airflow/.local/lib/python3.7/site-packages/airflow/example_dags/example_latest_only_with_trigger.py
[2022-05-28 01:14:09,372] {processor.py:641} INFO - Processing file /home/airflow/.local/lib/python3.7/site-packages/airflow/example_dags/example_latest_only_with_trigger.py for tasks to queue
[2022-05-28 01:14:09,372] {logging_mixin.py:115} INFO - [2022-05-28 01:14:09,372] {dagbag.py:507} INFO - Filling up the DagBag from /home/airflow/.local/lib/python3.7/site-packages/airflow/example_dags/example_latest_only_with_trigger.py
[2022-05-28 01:14:09,377] {processor.py:651} INFO - DAG(s) dict_keys(['latest_only_with_trigger']) retrieved from /home/airflow/.local/lib/python3.7/site-packages/airflow/example_dags/example_latest_only_with_trigger.py
[2022-05-28 01:14:09,398] {logging_mixin.py:115} INFO - [2022-05-28 01:14:09,397] {dag.py:2379} INFO - Sync 1 DAGs
[2022-05-28 01:14:09,415] {logging_mixin.py:115} INFO - [2022-05-28 01:14:09,415] {dag.py:2927} INFO - Setting next_dagrun for latest_only_with_trigger to 2022-05-27T21:14:09.415360+00:00, run_after=2022-05-28T01:14:09.415360+00:00
[2022-05-28 01:14:09,423] {processor.py:161} INFO - Processing /home/airflow/.local/lib/python3.7/site-packages/airflow/example_dags/example_latest_only_with_trigger.py took 0.054 seconds
[2022-05-28 01:14:40,434] {processor.py:153} INFO - Started process (PID=1487) to work on /home/airflow/.local/lib/python3.7/site-packages/airflow/example_dags/example_latest_only_with_trigger.py
[2022-05-28 01:14:40,434] {processor.py:641} INFO - Processing file /home/airflow/.local/lib/python3.7/site-packages/airflow/example_dags/example_latest_only_with_trigger.py for tasks to queue
[2022-05-28 01:14:40,435] {logging_mixin.py:115} INFO - [2022-05-28 01:14:40,434] {dagbag.py:507} INFO - Filling up the DagBag from /home/airflow/.local/lib/python3.7/site-packages/airflow/example_dags/example_latest_only_with_trigger.py
[2022-05-28 01:14:40,440] {processor.py:651} INFO - DAG(s) dict_keys(['latest_only_with_trigger']) retrieved from /home/airflow/.local/lib/python3.7/site-packages/airflow/example_dags/example_latest_only_with_trigger.py
[2022-05-28 01:14:40,460] {logging_mixin.py:115} INFO - [2022-05-28 01:14:40,460] {dag.py:2379} INFO - Sync 1 DAGs
[2022-05-28 01:14:40,479] {logging_mixin.py:115} INFO - [2022-05-28 01:14:40,478] {dag.py:2927} INFO - Setting next_dagrun for latest_only_with_trigger to 2022-05-27T21:14:40.478666+00:00, run_after=2022-05-28T01:14:40.478666+00:00
[2022-05-28 01:14:40,487] {processor.py:161} INFO - Processing /home/airflow/.local/lib/python3.7/site-packages/airflow/example_dags/example_latest_only_with_trigger.py took 0.056 seconds
[2022-05-28 01:15:11,404] {processor.py:153} INFO - Started process (PID=1548) to work on /home/airflow/.local/lib/python3.7/site-packages/airflow/example_dags/example_latest_only_with_trigger.py
[2022-05-28 01:15:11,405] {processor.py:641} INFO - Processing file /home/airflow/.local/lib/python3.7/site-packages/airflow/example_dags/example_latest_only_with_trigger.py for tasks to queue
[2022-05-28 01:15:11,405] {logging_mixin.py:115} INFO - [2022-05-28 01:15:11,405] {dagbag.py:507} INFO - Filling up the DagBag from /home/airflow/.local/lib/python3.7/site-packages/airflow/example_dags/example_latest_only_with_trigger.py
[2022-05-28 01:15:11,409] {processor.py:651} INFO - DAG(s) dict_keys(['latest_only_with_trigger']) retrieved from /home/airflow/.local/lib/python3.7/site-packages/airflow/example_dags/example_latest_only_with_trigger.py
[2022-05-28 01:15:11,428] {logging_mixin.py:115} INFO - [2022-05-28 01:15:11,428] {dag.py:2379} INFO - Sync 1 DAGs
[2022-05-28 01:15:11,446] {logging_mixin.py:115} INFO - [2022-05-28 01:15:11,446] {dag.py:2927} INFO - Setting next_dagrun for latest_only_with_trigger to 2022-05-27T21:15:11.446088+00:00, run_after=2022-05-28T01:15:11.446088+00:00
[2022-05-28 01:15:11,455] {processor.py:161} INFO - Processing /home/airflow/.local/lib/python3.7/site-packages/airflow/example_dags/example_latest_only_with_trigger.py took 0.052 seconds
[2022-05-28 01:15:42,253] {processor.py:153} INFO - Started process (PID=1609) to work on /home/airflow/.local/lib/python3.7/site-packages/airflow/example_dags/example_latest_only_with_trigger.py
[2022-05-28 01:15:42,254] {processor.py:641} INFO - Processing file /home/airflow/.local/lib/python3.7/site-packages/airflow/example_dags/example_latest_only_with_trigger.py for tasks to queue
[2022-05-28 01:15:42,254] {logging_mixin.py:115} INFO - [2022-05-28 01:15:42,254] {dagbag.py:507} INFO - Filling up the DagBag from /home/airflow/.local/lib/python3.7/site-packages/airflow/example_dags/example_latest_only_with_trigger.py
[2022-05-28 01:15:42,259] {processor.py:651} INFO - DAG(s) dict_keys(['latest_only_with_trigger']) retrieved from /home/airflow/.local/lib/python3.7/site-packages/airflow/example_dags/example_latest_only_with_trigger.py
[2022-05-28 01:15:42,278] {logging_mixin.py:115} INFO - [2022-05-28 01:15:42,278] {dag.py:2379} INFO - Sync 1 DAGs
[2022-05-28 01:15:42,295] {logging_mixin.py:115} INFO - [2022-05-28 01:15:42,295] {dag.py:2927} INFO - Setting next_dagrun for latest_only_with_trigger to 2022-05-27T21:15:42.294866+00:00, run_after=2022-05-28T01:15:42.294866+00:00
[2022-05-28 01:15:42,303] {processor.py:161} INFO - Processing /home/airflow/.local/lib/python3.7/site-packages/airflow/example_dags/example_latest_only_with_trigger.py took 0.052 seconds
[2022-05-28 01:16:13,215] {processor.py:153} INFO - Started process (PID=1669) to work on /home/airflow/.local/lib/python3.7/site-packages/airflow/example_dags/example_latest_only_with_trigger.py
[2022-05-28 01:16:13,216] {processor.py:641} INFO - Processing file /home/airflow/.local/lib/python3.7/site-packages/airflow/example_dags/example_latest_only_with_trigger.py for tasks to queue
[2022-05-28 01:16:13,216] {logging_mixin.py:115} INFO - [2022-05-28 01:16:13,216] {dagbag.py:507} INFO - Filling up the DagBag from /home/airflow/.local/lib/python3.7/site-packages/airflow/example_dags/example_latest_only_with_trigger.py
[2022-05-28 01:16:13,221] {processor.py:651} INFO - DAG(s) dict_keys(['latest_only_with_trigger']) retrieved from /home/airflow/.local/lib/python3.7/site-packages/airflow/example_dags/example_latest_only_with_trigger.py
[2022-05-28 01:16:13,239] {logging_mixin.py:115} INFO - [2022-05-28 01:16:13,239] {dag.py:2379} INFO - Sync 1 DAGs
[2022-05-28 01:16:13,255] {logging_mixin.py:115} INFO - [2022-05-28 01:16:13,255] {dag.py:2927} INFO - Setting next_dagrun for latest_only_with_trigger to 2022-05-27T21:16:13.255192+00:00, run_after=2022-05-28T01:16:13.255192+00:00
[2022-05-28 01:16:13,263] {processor.py:161} INFO - Processing /home/airflow/.local/lib/python3.7/site-packages/airflow/example_dags/example_latest_only_with_trigger.py took 0.050 seconds
[2022-05-28 01:16:44,201] {processor.py:153} INFO - Started process (PID=1721) to work on /home/airflow/.local/lib/python3.7/site-packages/airflow/example_dags/example_latest_only_with_trigger.py
[2022-05-28 01:16:44,202] {processor.py:641} INFO - Processing file /home/airflow/.local/lib/python3.7/site-packages/airflow/example_dags/example_latest_only_with_trigger.py for tasks to queue
[2022-05-28 01:16:44,203] {logging_mixin.py:115} INFO - [2022-05-28 01:16:44,203] {dagbag.py:507} INFO - Filling up the DagBag from /home/airflow/.local/lib/python3.7/site-packages/airflow/example_dags/example_latest_only_with_trigger.py
[2022-05-28 01:16:44,207] {processor.py:651} INFO - DAG(s) dict_keys(['latest_only_with_trigger']) retrieved from /home/airflow/.local/lib/python3.7/site-packages/airflow/example_dags/example_latest_only_with_trigger.py
[2022-05-28 01:16:44,227] {logging_mixin.py:115} INFO - [2022-05-28 01:16:44,226] {dag.py:2379} INFO - Sync 1 DAGs
[2022-05-28 01:16:44,246] {logging_mixin.py:115} INFO - [2022-05-28 01:16:44,246] {dag.py:2927} INFO - Setting next_dagrun for latest_only_with_trigger to 2022-05-27T21:16:44.246263+00:00, run_after=2022-05-28T01:16:44.246263+00:00
[2022-05-28 01:16:44,255] {processor.py:161} INFO - Processing /home/airflow/.local/lib/python3.7/site-packages/airflow/example_dags/example_latest_only_with_trigger.py took 0.056 seconds
[2022-05-28 01:17:14,581] {processor.py:153} INFO - Started process (PID=1782) to work on /home/airflow/.local/lib/python3.7/site-packages/airflow/example_dags/example_latest_only_with_trigger.py
[2022-05-28 01:17:14,581] {processor.py:641} INFO - Processing file /home/airflow/.local/lib/python3.7/site-packages/airflow/example_dags/example_latest_only_with_trigger.py for tasks to queue
[2022-05-28 01:17:14,582] {logging_mixin.py:115} INFO - [2022-05-28 01:17:14,582] {dagbag.py:507} INFO - Filling up the DagBag from /home/airflow/.local/lib/python3.7/site-packages/airflow/example_dags/example_latest_only_with_trigger.py
[2022-05-28 01:17:14,586] {processor.py:651} INFO - DAG(s) dict_keys(['latest_only_with_trigger']) retrieved from /home/airflow/.local/lib/python3.7/site-packages/airflow/example_dags/example_latest_only_with_trigger.py
[2022-05-28 01:17:14,607] {logging_mixin.py:115} INFO - [2022-05-28 01:17:14,607] {dag.py:2379} INFO - Sync 1 DAGs
[2022-05-28 01:17:14,627] {logging_mixin.py:115} INFO - [2022-05-28 01:17:14,627] {dag.py:2927} INFO - Setting next_dagrun for latest_only_with_trigger to 2022-05-27T21:17:14.626843+00:00, run_after=2022-05-28T01:17:14.626843+00:00
[2022-05-28 01:17:14,637] {processor.py:161} INFO - Processing /home/airflow/.local/lib/python3.7/site-packages/airflow/example_dags/example_latest_only_with_trigger.py took 0.058 seconds
[2022-05-28 01:17:44,870] {processor.py:153} INFO - Started process (PID=1843) to work on /home/airflow/.local/lib/python3.7/site-packages/airflow/example_dags/example_latest_only_with_trigger.py
[2022-05-28 01:17:44,870] {processor.py:641} INFO - Processing file /home/airflow/.local/lib/python3.7/site-packages/airflow/example_dags/example_latest_only_with_trigger.py for tasks to queue
[2022-05-28 01:17:44,871] {logging_mixin.py:115} INFO - [2022-05-28 01:17:44,870] {dagbag.py:507} INFO - Filling up the DagBag from /home/airflow/.local/lib/python3.7/site-packages/airflow/example_dags/example_latest_only_with_trigger.py
[2022-05-28 01:17:44,875] {processor.py:651} INFO - DAG(s) dict_keys(['latest_only_with_trigger']) retrieved from /home/airflow/.local/lib/python3.7/site-packages/airflow/example_dags/example_latest_only_with_trigger.py
[2022-05-28 01:17:44,895] {logging_mixin.py:115} INFO - [2022-05-28 01:17:44,895] {dag.py:2379} INFO - Sync 1 DAGs
[2022-05-28 01:17:44,912] {logging_mixin.py:115} INFO - [2022-05-28 01:17:44,912] {dag.py:2927} INFO - Setting next_dagrun for latest_only_with_trigger to 2022-05-27T21:17:44.912240+00:00, run_after=2022-05-28T01:17:44.912240+00:00
[2022-05-28 01:17:44,923] {processor.py:161} INFO - Processing /home/airflow/.local/lib/python3.7/site-packages/airflow/example_dags/example_latest_only_with_trigger.py took 0.056 seconds
[2022-05-28 01:18:15,248] {processor.py:153} INFO - Started process (PID=1904) to work on /home/airflow/.local/lib/python3.7/site-packages/airflow/example_dags/example_latest_only_with_trigger.py
[2022-05-28 01:18:15,248] {processor.py:641} INFO - Processing file /home/airflow/.local/lib/python3.7/site-packages/airflow/example_dags/example_latest_only_with_trigger.py for tasks to queue
[2022-05-28 01:18:15,249] {logging_mixin.py:115} INFO - [2022-05-28 01:18:15,249] {dagbag.py:507} INFO - Filling up the DagBag from /home/airflow/.local/lib/python3.7/site-packages/airflow/example_dags/example_latest_only_with_trigger.py
[2022-05-28 01:18:15,253] {processor.py:651} INFO - DAG(s) dict_keys(['latest_only_with_trigger']) retrieved from /home/airflow/.local/lib/python3.7/site-packages/airflow/example_dags/example_latest_only_with_trigger.py
[2022-05-28 01:18:15,272] {logging_mixin.py:115} INFO - [2022-05-28 01:18:15,272] {dag.py:2379} INFO - Sync 1 DAGs
[2022-05-28 01:18:15,288] {logging_mixin.py:115} INFO - [2022-05-28 01:18:15,288] {dag.py:2927} INFO - Setting next_dagrun for latest_only_with_trigger to 2022-05-27T21:18:15.288640+00:00, run_after=2022-05-28T01:18:15.288640+00:00
[2022-05-28 01:18:15,301] {processor.py:161} INFO - Processing /home/airflow/.local/lib/python3.7/site-packages/airflow/example_dags/example_latest_only_with_trigger.py took 0.055 seconds
[2022-05-28 01:18:45,555] {processor.py:153} INFO - Started process (PID=1956) to work on /home/airflow/.local/lib/python3.7/site-packages/airflow/example_dags/example_latest_only_with_trigger.py
[2022-05-28 01:18:45,555] {processor.py:641} INFO - Processing file /home/airflow/.local/lib/python3.7/site-packages/airflow/example_dags/example_latest_only_with_trigger.py for tasks to queue
[2022-05-28 01:18:45,556] {logging_mixin.py:115} INFO - [2022-05-28 01:18:45,556] {dagbag.py:507} INFO - Filling up the DagBag from /home/airflow/.local/lib/python3.7/site-packages/airflow/example_dags/example_latest_only_with_trigger.py
[2022-05-28 01:18:45,560] {processor.py:651} INFO - DAG(s) dict_keys(['latest_only_with_trigger']) retrieved from /home/airflow/.local/lib/python3.7/site-packages/airflow/example_dags/example_latest_only_with_trigger.py
[2022-05-28 01:18:45,581] {logging_mixin.py:115} INFO - [2022-05-28 01:18:45,581] {dag.py:2379} INFO - Sync 1 DAGs
[2022-05-28 01:18:45,600] {logging_mixin.py:115} INFO - [2022-05-28 01:18:45,600] {dag.py:2927} INFO - Setting next_dagrun for latest_only_with_trigger to 2022-05-27T21:18:45.599849+00:00, run_after=2022-05-28T01:18:45.599849+00:00
[2022-05-28 01:18:45,611] {processor.py:161} INFO - Processing /home/airflow/.local/lib/python3.7/site-packages/airflow/example_dags/example_latest_only_with_trigger.py took 0.058 seconds
[2022-05-28 01:19:15,816] {processor.py:153} INFO - Started process (PID=2017) to work on /home/airflow/.local/lib/python3.7/site-packages/airflow/example_dags/example_latest_only_with_trigger.py
[2022-05-28 01:19:15,817] {processor.py:641} INFO - Processing file /home/airflow/.local/lib/python3.7/site-packages/airflow/example_dags/example_latest_only_with_trigger.py for tasks to queue
[2022-05-28 01:19:15,817] {logging_mixin.py:115} INFO - [2022-05-28 01:19:15,817] {dagbag.py:507} INFO - Filling up the DagBag from /home/airflow/.local/lib/python3.7/site-packages/airflow/example_dags/example_latest_only_with_trigger.py
[2022-05-28 01:19:15,821] {processor.py:651} INFO - DAG(s) dict_keys(['latest_only_with_trigger']) retrieved from /home/airflow/.local/lib/python3.7/site-packages/airflow/example_dags/example_latest_only_with_trigger.py
[2022-05-28 01:19:15,841] {logging_mixin.py:115} INFO - [2022-05-28 01:19:15,841] {dag.py:2379} INFO - Sync 1 DAGs
[2022-05-28 01:19:15,858] {logging_mixin.py:115} INFO - [2022-05-28 01:19:15,858] {dag.py:2927} INFO - Setting next_dagrun for latest_only_with_trigger to 2022-05-27T21:19:15.858326+00:00, run_after=2022-05-28T01:19:15.858326+00:00
[2022-05-28 01:19:15,868] {processor.py:161} INFO - Processing /home/airflow/.local/lib/python3.7/site-packages/airflow/example_dags/example_latest_only_with_trigger.py took 0.054 seconds
[2022-05-28 01:19:46,199] {processor.py:153} INFO - Started process (PID=2078) to work on /home/airflow/.local/lib/python3.7/site-packages/airflow/example_dags/example_latest_only_with_trigger.py
[2022-05-28 01:19:46,200] {processor.py:641} INFO - Processing file /home/airflow/.local/lib/python3.7/site-packages/airflow/example_dags/example_latest_only_with_trigger.py for tasks to queue
[2022-05-28 01:19:46,200] {logging_mixin.py:115} INFO - [2022-05-28 01:19:46,200] {dagbag.py:507} INFO - Filling up the DagBag from /home/airflow/.local/lib/python3.7/site-packages/airflow/example_dags/example_latest_only_with_trigger.py
[2022-05-28 01:19:46,206] {processor.py:651} INFO - DAG(s) dict_keys(['latest_only_with_trigger']) retrieved from /home/airflow/.local/lib/python3.7/site-packages/airflow/example_dags/example_latest_only_with_trigger.py
[2022-05-28 01:19:46,227] {logging_mixin.py:115} INFO - [2022-05-28 01:19:46,227] {dag.py:2379} INFO - Sync 1 DAGs
[2022-05-28 01:19:46,244] {logging_mixin.py:115} INFO - [2022-05-28 01:19:46,244] {dag.py:2927} INFO - Setting next_dagrun for latest_only_with_trigger to 2022-05-27T21:19:46.244323+00:00, run_after=2022-05-28T01:19:46.244323+00:00
[2022-05-28 01:19:46,254] {processor.py:161} INFO - Processing /home/airflow/.local/lib/python3.7/site-packages/airflow/example_dags/example_latest_only_with_trigger.py took 0.059 seconds
[2022-05-28 01:20:16,476] {processor.py:153} INFO - Started process (PID=2130) to work on /home/airflow/.local/lib/python3.7/site-packages/airflow/example_dags/example_latest_only_with_trigger.py
[2022-05-28 01:20:16,477] {processor.py:641} INFO - Processing file /home/airflow/.local/lib/python3.7/site-packages/airflow/example_dags/example_latest_only_with_trigger.py for tasks to queue
[2022-05-28 01:20:16,477] {logging_mixin.py:115} INFO - [2022-05-28 01:20:16,477] {dagbag.py:507} INFO - Filling up the DagBag from /home/airflow/.local/lib/python3.7/site-packages/airflow/example_dags/example_latest_only_with_trigger.py
[2022-05-28 01:20:16,481] {processor.py:651} INFO - DAG(s) dict_keys(['latest_only_with_trigger']) retrieved from /home/airflow/.local/lib/python3.7/site-packages/airflow/example_dags/example_latest_only_with_trigger.py
[2022-05-28 01:20:16,499] {logging_mixin.py:115} INFO - [2022-05-28 01:20:16,499] {dag.py:2379} INFO - Sync 1 DAGs
[2022-05-28 01:20:16,515] {logging_mixin.py:115} INFO - [2022-05-28 01:20:16,515] {dag.py:2927} INFO - Setting next_dagrun for latest_only_with_trigger to 2022-05-27T21:20:16.514974+00:00, run_after=2022-05-28T01:20:16.514974+00:00
[2022-05-28 01:20:16,524] {processor.py:161} INFO - Processing /home/airflow/.local/lib/python3.7/site-packages/airflow/example_dags/example_latest_only_with_trigger.py took 0.050 seconds
[2022-05-28 01:20:51,470] {processor.py:153} INFO - Started process (PID=76) to work on /home/airflow/.local/lib/python3.7/site-packages/airflow/example_dags/example_latest_only_with_trigger.py
[2022-05-28 01:20:51,471] {processor.py:641} INFO - Processing file /home/airflow/.local/lib/python3.7/site-packages/airflow/example_dags/example_latest_only_with_trigger.py for tasks to queue
[2022-05-28 01:20:51,471] {logging_mixin.py:115} INFO - [2022-05-28 01:20:51,471] {dagbag.py:507} INFO - Filling up the DagBag from /home/airflow/.local/lib/python3.7/site-packages/airflow/example_dags/example_latest_only_with_trigger.py
[2022-05-28 01:20:51,476] {processor.py:651} INFO - DAG(s) dict_keys(['latest_only_with_trigger']) retrieved from /home/airflow/.local/lib/python3.7/site-packages/airflow/example_dags/example_latest_only_with_trigger.py
[2022-05-28 01:20:51,499] {logging_mixin.py:115} INFO - [2022-05-28 01:20:51,498] {dag.py:2379} INFO - Sync 1 DAGs
[2022-05-28 01:20:51,518] {logging_mixin.py:115} INFO - [2022-05-28 01:20:51,517] {dag.py:2927} INFO - Setting next_dagrun for latest_only_with_trigger to 2022-05-27T21:20:51.517648+00:00, run_after=2022-05-28T01:20:51.517648+00:00
[2022-05-28 01:20:51,527] {processor.py:161} INFO - Processing /home/airflow/.local/lib/python3.7/site-packages/airflow/example_dags/example_latest_only_with_trigger.py took 0.060 seconds
[2022-05-28 01:21:21,748] {processor.py:153} INFO - Started process (PID=137) to work on /home/airflow/.local/lib/python3.7/site-packages/airflow/example_dags/example_latest_only_with_trigger.py
[2022-05-28 01:21:21,749] {processor.py:641} INFO - Processing file /home/airflow/.local/lib/python3.7/site-packages/airflow/example_dags/example_latest_only_with_trigger.py for tasks to queue
[2022-05-28 01:21:21,749] {logging_mixin.py:115} INFO - [2022-05-28 01:21:21,749] {dagbag.py:507} INFO - Filling up the DagBag from /home/airflow/.local/lib/python3.7/site-packages/airflow/example_dags/example_latest_only_with_trigger.py
[2022-05-28 01:21:21,753] {processor.py:651} INFO - DAG(s) dict_keys(['latest_only_with_trigger']) retrieved from /home/airflow/.local/lib/python3.7/site-packages/airflow/example_dags/example_latest_only_with_trigger.py
[2022-05-28 01:21:21,774] {logging_mixin.py:115} INFO - [2022-05-28 01:21:21,774] {dag.py:2379} INFO - Sync 1 DAGs
[2022-05-28 01:21:21,792] {logging_mixin.py:115} INFO - [2022-05-28 01:21:21,792] {dag.py:2927} INFO - Setting next_dagrun for latest_only_with_trigger to 2022-05-27T21:21:21.792004+00:00, run_after=2022-05-28T01:21:21.792004+00:00
[2022-05-28 01:21:21,804] {processor.py:161} INFO - Processing /home/airflow/.local/lib/python3.7/site-packages/airflow/example_dags/example_latest_only_with_trigger.py took 0.058 seconds
[2022-05-28 01:21:52,832] {processor.py:153} INFO - Started process (PID=198) to work on /home/airflow/.local/lib/python3.7/site-packages/airflow/example_dags/example_latest_only_with_trigger.py
[2022-05-28 01:21:52,832] {processor.py:641} INFO - Processing file /home/airflow/.local/lib/python3.7/site-packages/airflow/example_dags/example_latest_only_with_trigger.py for tasks to queue
[2022-05-28 01:21:52,832] {logging_mixin.py:115} INFO - [2022-05-28 01:21:52,832] {dagbag.py:507} INFO - Filling up the DagBag from /home/airflow/.local/lib/python3.7/site-packages/airflow/example_dags/example_latest_only_with_trigger.py
[2022-05-28 01:21:52,837] {processor.py:651} INFO - DAG(s) dict_keys(['latest_only_with_trigger']) retrieved from /home/airflow/.local/lib/python3.7/site-packages/airflow/example_dags/example_latest_only_with_trigger.py
[2022-05-28 01:21:52,857] {logging_mixin.py:115} INFO - [2022-05-28 01:21:52,857] {dag.py:2379} INFO - Sync 1 DAGs
[2022-05-28 01:21:52,874] {logging_mixin.py:115} INFO - [2022-05-28 01:21:52,874] {dag.py:2927} INFO - Setting next_dagrun for latest_only_with_trigger to 2022-05-27T21:21:52.873903+00:00, run_after=2022-05-28T01:21:52.873903+00:00
[2022-05-28 01:21:52,882] {processor.py:161} INFO - Processing /home/airflow/.local/lib/python3.7/site-packages/airflow/example_dags/example_latest_only_with_trigger.py took 0.053 seconds
[2022-05-28 01:22:23,822] {processor.py:153} INFO - Started process (PID=259) to work on /home/airflow/.local/lib/python3.7/site-packages/airflow/example_dags/example_latest_only_with_trigger.py
[2022-05-28 01:22:23,823] {processor.py:641} INFO - Processing file /home/airflow/.local/lib/python3.7/site-packages/airflow/example_dags/example_latest_only_with_trigger.py for tasks to queue
[2022-05-28 01:22:23,823] {logging_mixin.py:115} INFO - [2022-05-28 01:22:23,823] {dagbag.py:507} INFO - Filling up the DagBag from /home/airflow/.local/lib/python3.7/site-packages/airflow/example_dags/example_latest_only_with_trigger.py
[2022-05-28 01:22:23,828] {processor.py:651} INFO - DAG(s) dict_keys(['latest_only_with_trigger']) retrieved from /home/airflow/.local/lib/python3.7/site-packages/airflow/example_dags/example_latest_only_with_trigger.py
[2022-05-28 01:22:23,849] {logging_mixin.py:115} INFO - [2022-05-28 01:22:23,849] {dag.py:2379} INFO - Sync 1 DAGs
[2022-05-28 01:22:23,866] {logging_mixin.py:115} INFO - [2022-05-28 01:22:23,866] {dag.py:2927} INFO - Setting next_dagrun for latest_only_with_trigger to 2022-05-27T21:22:23.866293+00:00, run_after=2022-05-28T01:22:23.866293+00:00
[2022-05-28 01:22:23,875] {processor.py:161} INFO - Processing /home/airflow/.local/lib/python3.7/site-packages/airflow/example_dags/example_latest_only_with_trigger.py took 0.055 seconds
[2022-05-28 01:22:54,748] {processor.py:153} INFO - Started process (PID=311) to work on /home/airflow/.local/lib/python3.7/site-packages/airflow/example_dags/example_latest_only_with_trigger.py
[2022-05-28 01:22:54,748] {processor.py:641} INFO - Processing file /home/airflow/.local/lib/python3.7/site-packages/airflow/example_dags/example_latest_only_with_trigger.py for tasks to queue
[2022-05-28 01:22:54,749] {logging_mixin.py:115} INFO - [2022-05-28 01:22:54,749] {dagbag.py:507} INFO - Filling up the DagBag from /home/airflow/.local/lib/python3.7/site-packages/airflow/example_dags/example_latest_only_with_trigger.py
[2022-05-28 01:22:54,753] {processor.py:651} INFO - DAG(s) dict_keys(['latest_only_with_trigger']) retrieved from /home/airflow/.local/lib/python3.7/site-packages/airflow/example_dags/example_latest_only_with_trigger.py
[2022-05-28 01:22:54,772] {logging_mixin.py:115} INFO - [2022-05-28 01:22:54,772] {dag.py:2379} INFO - Sync 1 DAGs
[2022-05-28 01:22:54,790] {logging_mixin.py:115} INFO - [2022-05-28 01:22:54,790] {dag.py:2927} INFO - Setting next_dagrun for latest_only_with_trigger to 2022-05-27T21:22:54.789845+00:00, run_after=2022-05-28T01:22:54.789845+00:00
[2022-05-28 01:22:54,801] {processor.py:161} INFO - Processing /home/airflow/.local/lib/python3.7/site-packages/airflow/example_dags/example_latest_only_with_trigger.py took 0.055 seconds
[2022-05-28 01:23:25,677] {processor.py:153} INFO - Started process (PID=372) to work on /home/airflow/.local/lib/python3.7/site-packages/airflow/example_dags/example_latest_only_with_trigger.py
[2022-05-28 01:23:25,678] {processor.py:641} INFO - Processing file /home/airflow/.local/lib/python3.7/site-packages/airflow/example_dags/example_latest_only_with_trigger.py for tasks to queue
[2022-05-28 01:23:25,678] {logging_mixin.py:115} INFO - [2022-05-28 01:23:25,678] {dagbag.py:507} INFO - Filling up the DagBag from /home/airflow/.local/lib/python3.7/site-packages/airflow/example_dags/example_latest_only_with_trigger.py
[2022-05-28 01:23:25,682] {processor.py:651} INFO - DAG(s) dict_keys(['latest_only_with_trigger']) retrieved from /home/airflow/.local/lib/python3.7/site-packages/airflow/example_dags/example_latest_only_with_trigger.py
[2022-05-28 01:23:25,703] {logging_mixin.py:115} INFO - [2022-05-28 01:23:25,703] {dag.py:2379} INFO - Sync 1 DAGs
[2022-05-28 01:23:25,720] {logging_mixin.py:115} INFO - [2022-05-28 01:23:25,720] {dag.py:2927} INFO - Setting next_dagrun for latest_only_with_trigger to 2022-05-27T21:23:25.719808+00:00, run_after=2022-05-28T01:23:25.719808+00:00
[2022-05-28 01:23:25,728] {processor.py:161} INFO - Processing /home/airflow/.local/lib/python3.7/site-packages/airflow/example_dags/example_latest_only_with_trigger.py took 0.054 seconds
[2022-05-28 01:23:56,468] {processor.py:153} INFO - Started process (PID=433) to work on /home/airflow/.local/lib/python3.7/site-packages/airflow/example_dags/example_latest_only_with_trigger.py
[2022-05-28 01:23:56,469] {processor.py:641} INFO - Processing file /home/airflow/.local/lib/python3.7/site-packages/airflow/example_dags/example_latest_only_with_trigger.py for tasks to queue
[2022-05-28 01:23:56,469] {logging_mixin.py:115} INFO - [2022-05-28 01:23:56,469] {dagbag.py:507} INFO - Filling up the DagBag from /home/airflow/.local/lib/python3.7/site-packages/airflow/example_dags/example_latest_only_with_trigger.py
[2022-05-28 01:23:56,473] {processor.py:651} INFO - DAG(s) dict_keys(['latest_only_with_trigger']) retrieved from /home/airflow/.local/lib/python3.7/site-packages/airflow/example_dags/example_latest_only_with_trigger.py
[2022-05-28 01:23:56,491] {logging_mixin.py:115} INFO - [2022-05-28 01:23:56,491] {dag.py:2379} INFO - Sync 1 DAGs
[2022-05-28 01:23:56,507] {logging_mixin.py:115} INFO - [2022-05-28 01:23:56,507] {dag.py:2927} INFO - Setting next_dagrun for latest_only_with_trigger to 2022-05-27T21:23:56.507421+00:00, run_after=2022-05-28T01:23:56.507421+00:00
[2022-05-28 01:23:56,515] {processor.py:161} INFO - Processing /home/airflow/.local/lib/python3.7/site-packages/airflow/example_dags/example_latest_only_with_trigger.py took 0.049 seconds
[2022-05-28 01:24:27,463] {processor.py:153} INFO - Started process (PID=495) to work on /home/airflow/.local/lib/python3.7/site-packages/airflow/example_dags/example_latest_only_with_trigger.py
[2022-05-28 01:24:27,464] {processor.py:641} INFO - Processing file /home/airflow/.local/lib/python3.7/site-packages/airflow/example_dags/example_latest_only_with_trigger.py for tasks to queue
[2022-05-28 01:24:27,464] {logging_mixin.py:115} INFO - [2022-05-28 01:24:27,464] {dagbag.py:507} INFO - Filling up the DagBag from /home/airflow/.local/lib/python3.7/site-packages/airflow/example_dags/example_latest_only_with_trigger.py
[2022-05-28 01:24:27,469] {processor.py:651} INFO - DAG(s) dict_keys(['latest_only_with_trigger']) retrieved from /home/airflow/.local/lib/python3.7/site-packages/airflow/example_dags/example_latest_only_with_trigger.py
[2022-05-28 01:24:27,488] {logging_mixin.py:115} INFO - [2022-05-28 01:24:27,488] {dag.py:2379} INFO - Sync 1 DAGs
[2022-05-28 01:24:27,505] {logging_mixin.py:115} INFO - [2022-05-28 01:24:27,505] {dag.py:2927} INFO - Setting next_dagrun for latest_only_with_trigger to 2022-05-27T21:24:27.505255+00:00, run_after=2022-05-28T01:24:27.505255+00:00
[2022-05-28 01:24:27,514] {processor.py:161} INFO - Processing /home/airflow/.local/lib/python3.7/site-packages/airflow/example_dags/example_latest_only_with_trigger.py took 0.052 seconds
[2022-05-28 01:24:58,354] {processor.py:153} INFO - Started process (PID=554) to work on /home/airflow/.local/lib/python3.7/site-packages/airflow/example_dags/example_latest_only_with_trigger.py
[2022-05-28 01:24:58,354] {processor.py:641} INFO - Processing file /home/airflow/.local/lib/python3.7/site-packages/airflow/example_dags/example_latest_only_with_trigger.py for tasks to queue
[2022-05-28 01:24:58,355] {logging_mixin.py:115} INFO - [2022-05-28 01:24:58,355] {dagbag.py:507} INFO - Filling up the DagBag from /home/airflow/.local/lib/python3.7/site-packages/airflow/example_dags/example_latest_only_with_trigger.py
[2022-05-28 01:24:58,359] {processor.py:651} INFO - DAG(s) dict_keys(['latest_only_with_trigger']) retrieved from /home/airflow/.local/lib/python3.7/site-packages/airflow/example_dags/example_latest_only_with_trigger.py
[2022-05-28 01:24:58,379] {logging_mixin.py:115} INFO - [2022-05-28 01:24:58,379] {dag.py:2379} INFO - Sync 1 DAGs
[2022-05-28 01:24:58,397] {logging_mixin.py:115} INFO - [2022-05-28 01:24:58,397] {dag.py:2927} INFO - Setting next_dagrun for latest_only_with_trigger to 2022-05-27T21:24:58.397131+00:00, run_after=2022-05-28T01:24:58.397131+00:00
[2022-05-28 01:24:58,407] {processor.py:161} INFO - Processing /home/airflow/.local/lib/python3.7/site-packages/airflow/example_dags/example_latest_only_with_trigger.py took 0.055 seconds
[2022-05-28 01:25:29,292] {processor.py:153} INFO - Started process (PID=608) to work on /home/airflow/.local/lib/python3.7/site-packages/airflow/example_dags/example_latest_only_with_trigger.py
[2022-05-28 01:25:29,293] {processor.py:641} INFO - Processing file /home/airflow/.local/lib/python3.7/site-packages/airflow/example_dags/example_latest_only_with_trigger.py for tasks to queue
[2022-05-28 01:25:29,293] {logging_mixin.py:115} INFO - [2022-05-28 01:25:29,293] {dagbag.py:507} INFO - Filling up the DagBag from /home/airflow/.local/lib/python3.7/site-packages/airflow/example_dags/example_latest_only_with_trigger.py
[2022-05-28 01:25:29,297] {processor.py:651} INFO - DAG(s) dict_keys(['latest_only_with_trigger']) retrieved from /home/airflow/.local/lib/python3.7/site-packages/airflow/example_dags/example_latest_only_with_trigger.py
[2022-05-28 01:25:29,315] {logging_mixin.py:115} INFO - [2022-05-28 01:25:29,315] {dag.py:2379} INFO - Sync 1 DAGs
[2022-05-28 01:25:29,331] {logging_mixin.py:115} INFO - [2022-05-28 01:25:29,331] {dag.py:2927} INFO - Setting next_dagrun for latest_only_with_trigger to 2022-05-27T21:25:29.331320+00:00, run_after=2022-05-28T01:25:29.331320+00:00
[2022-05-28 01:25:29,339] {processor.py:161} INFO - Processing /home/airflow/.local/lib/python3.7/site-packages/airflow/example_dags/example_latest_only_with_trigger.py took 0.049 seconds
[2022-05-28 01:25:59,525] {processor.py:153} INFO - Started process (PID=669) to work on /home/airflow/.local/lib/python3.7/site-packages/airflow/example_dags/example_latest_only_with_trigger.py
[2022-05-28 01:25:59,525] {processor.py:641} INFO - Processing file /home/airflow/.local/lib/python3.7/site-packages/airflow/example_dags/example_latest_only_with_trigger.py for tasks to queue
[2022-05-28 01:25:59,526] {logging_mixin.py:115} INFO - [2022-05-28 01:25:59,526] {dagbag.py:507} INFO - Filling up the DagBag from /home/airflow/.local/lib/python3.7/site-packages/airflow/example_dags/example_latest_only_with_trigger.py
[2022-05-28 01:25:59,530] {processor.py:651} INFO - DAG(s) dict_keys(['latest_only_with_trigger']) retrieved from /home/airflow/.local/lib/python3.7/site-packages/airflow/example_dags/example_latest_only_with_trigger.py
[2022-05-28 01:25:59,553] {logging_mixin.py:115} INFO - [2022-05-28 01:25:59,553] {dag.py:2379} INFO - Sync 1 DAGs
[2022-05-28 01:25:59,573] {logging_mixin.py:115} INFO - [2022-05-28 01:25:59,573] {dag.py:2927} INFO - Setting next_dagrun for latest_only_with_trigger to 2022-05-27T21:25:59.573042+00:00, run_after=2022-05-28T01:25:59.573042+00:00
[2022-05-28 01:25:59,584] {processor.py:161} INFO - Processing /home/airflow/.local/lib/python3.7/site-packages/airflow/example_dags/example_latest_only_with_trigger.py took 0.062 seconds
[2022-05-28 01:26:29,838] {processor.py:153} INFO - Started process (PID=730) to work on /home/airflow/.local/lib/python3.7/site-packages/airflow/example_dags/example_latest_only_with_trigger.py
[2022-05-28 01:26:29,839] {processor.py:641} INFO - Processing file /home/airflow/.local/lib/python3.7/site-packages/airflow/example_dags/example_latest_only_with_trigger.py for tasks to queue
[2022-05-28 01:26:29,839] {logging_mixin.py:115} INFO - [2022-05-28 01:26:29,839] {dagbag.py:507} INFO - Filling up the DagBag from /home/airflow/.local/lib/python3.7/site-packages/airflow/example_dags/example_latest_only_with_trigger.py
[2022-05-28 01:26:29,843] {processor.py:651} INFO - DAG(s) dict_keys(['latest_only_with_trigger']) retrieved from /home/airflow/.local/lib/python3.7/site-packages/airflow/example_dags/example_latest_only_with_trigger.py
[2022-05-28 01:26:29,861] {logging_mixin.py:115} INFO - [2022-05-28 01:26:29,861] {dag.py:2379} INFO - Sync 1 DAGs
[2022-05-28 01:26:29,877] {logging_mixin.py:115} INFO - [2022-05-28 01:26:29,877] {dag.py:2927} INFO - Setting next_dagrun for latest_only_with_trigger to 2022-05-27T21:26:29.876908+00:00, run_after=2022-05-28T01:26:29.876908+00:00
[2022-05-28 01:26:29,884] {processor.py:161} INFO - Processing /home/airflow/.local/lib/python3.7/site-packages/airflow/example_dags/example_latest_only_with_trigger.py took 0.048 seconds
[2022-05-28 01:27:00,105] {processor.py:153} INFO - Started process (PID=782) to work on /home/airflow/.local/lib/python3.7/site-packages/airflow/example_dags/example_latest_only_with_trigger.py
[2022-05-28 01:27:00,106] {processor.py:641} INFO - Processing file /home/airflow/.local/lib/python3.7/site-packages/airflow/example_dags/example_latest_only_with_trigger.py for tasks to queue
[2022-05-28 01:27:00,106] {logging_mixin.py:115} INFO - [2022-05-28 01:27:00,106] {dagbag.py:507} INFO - Filling up the DagBag from /home/airflow/.local/lib/python3.7/site-packages/airflow/example_dags/example_latest_only_with_trigger.py
[2022-05-28 01:27:00,111] {processor.py:651} INFO - DAG(s) dict_keys(['latest_only_with_trigger']) retrieved from /home/airflow/.local/lib/python3.7/site-packages/airflow/example_dags/example_latest_only_with_trigger.py
[2022-05-28 01:27:00,132] {logging_mixin.py:115} INFO - [2022-05-28 01:27:00,132] {dag.py:2379} INFO - Sync 1 DAGs
[2022-05-28 01:27:00,150] {logging_mixin.py:115} INFO - [2022-05-28 01:27:00,150] {dag.py:2927} INFO - Setting next_dagrun for latest_only_with_trigger to 2022-05-27T21:27:00.150007+00:00, run_after=2022-05-28T01:27:00.150007+00:00
[2022-05-28 01:27:00,158] {processor.py:161} INFO - Processing /home/airflow/.local/lib/python3.7/site-packages/airflow/example_dags/example_latest_only_with_trigger.py took 0.056 seconds
[2022-05-28 01:27:31,135] {processor.py:153} INFO - Started process (PID=843) to work on /home/airflow/.local/lib/python3.7/site-packages/airflow/example_dags/example_latest_only_with_trigger.py
[2022-05-28 01:27:31,136] {processor.py:641} INFO - Processing file /home/airflow/.local/lib/python3.7/site-packages/airflow/example_dags/example_latest_only_with_trigger.py for tasks to queue
[2022-05-28 01:27:31,136] {logging_mixin.py:115} INFO - [2022-05-28 01:27:31,136] {dagbag.py:507} INFO - Filling up the DagBag from /home/airflow/.local/lib/python3.7/site-packages/airflow/example_dags/example_latest_only_with_trigger.py
[2022-05-28 01:27:31,141] {processor.py:651} INFO - DAG(s) dict_keys(['latest_only_with_trigger']) retrieved from /home/airflow/.local/lib/python3.7/site-packages/airflow/example_dags/example_latest_only_with_trigger.py
[2022-05-28 01:27:31,161] {logging_mixin.py:115} INFO - [2022-05-28 01:27:31,161] {dag.py:2379} INFO - Sync 1 DAGs
[2022-05-28 01:27:31,180] {logging_mixin.py:115} INFO - [2022-05-28 01:27:31,180] {dag.py:2927} INFO - Setting next_dagrun for latest_only_with_trigger to 2022-05-27T21:27:31.179915+00:00, run_after=2022-05-28T01:27:31.179915+00:00
[2022-05-28 01:27:31,189] {processor.py:161} INFO - Processing /home/airflow/.local/lib/python3.7/site-packages/airflow/example_dags/example_latest_only_with_trigger.py took 0.057 seconds
[2022-05-28 01:28:01,512] {processor.py:153} INFO - Started process (PID=904) to work on /home/airflow/.local/lib/python3.7/site-packages/airflow/example_dags/example_latest_only_with_trigger.py
[2022-05-28 01:28:01,517] {processor.py:641} INFO - Processing file /home/airflow/.local/lib/python3.7/site-packages/airflow/example_dags/example_latest_only_with_trigger.py for tasks to queue
[2022-05-28 01:28:01,518] {logging_mixin.py:115} INFO - [2022-05-28 01:28:01,517] {dagbag.py:507} INFO - Filling up the DagBag from /home/airflow/.local/lib/python3.7/site-packages/airflow/example_dags/example_latest_only_with_trigger.py
[2022-05-28 01:28:01,522] {processor.py:651} INFO - DAG(s) dict_keys(['latest_only_with_trigger']) retrieved from /home/airflow/.local/lib/python3.7/site-packages/airflow/example_dags/example_latest_only_with_trigger.py
[2022-05-28 01:28:01,553] {logging_mixin.py:115} INFO - [2022-05-28 01:28:01,553] {dag.py:2379} INFO - Sync 1 DAGs
[2022-05-28 01:28:01,582] {logging_mixin.py:115} INFO - [2022-05-28 01:28:01,582] {dag.py:2927} INFO - Setting next_dagrun for latest_only_with_trigger to 2022-05-27T21:28:01.582303+00:00, run_after=2022-05-28T01:28:01.582303+00:00
[2022-05-28 01:28:01,592] {processor.py:161} INFO - Processing /home/airflow/.local/lib/python3.7/site-packages/airflow/example_dags/example_latest_only_with_trigger.py took 0.081 seconds
[2022-05-28 01:28:32,118] {processor.py:153} INFO - Started process (PID=965) to work on /home/airflow/.local/lib/python3.7/site-packages/airflow/example_dags/example_latest_only_with_trigger.py
[2022-05-28 01:28:32,118] {processor.py:641} INFO - Processing file /home/airflow/.local/lib/python3.7/site-packages/airflow/example_dags/example_latest_only_with_trigger.py for tasks to queue
[2022-05-28 01:28:32,119] {logging_mixin.py:115} INFO - [2022-05-28 01:28:32,119] {dagbag.py:507} INFO - Filling up the DagBag from /home/airflow/.local/lib/python3.7/site-packages/airflow/example_dags/example_latest_only_with_trigger.py
[2022-05-28 01:28:32,123] {processor.py:651} INFO - DAG(s) dict_keys(['latest_only_with_trigger']) retrieved from /home/airflow/.local/lib/python3.7/site-packages/airflow/example_dags/example_latest_only_with_trigger.py
[2022-05-28 01:28:32,143] {logging_mixin.py:115} INFO - [2022-05-28 01:28:32,143] {dag.py:2379} INFO - Sync 1 DAGs
[2022-05-28 01:28:32,158] {logging_mixin.py:115} INFO - [2022-05-28 01:28:32,158] {dag.py:2927} INFO - Setting next_dagrun for latest_only_with_trigger to 2022-05-27T21:28:32.158699+00:00, run_after=2022-05-28T01:28:32.158699+00:00
[2022-05-28 01:28:32,166] {processor.py:161} INFO - Processing /home/airflow/.local/lib/python3.7/site-packages/airflow/example_dags/example_latest_only_with_trigger.py took 0.051 seconds
[2022-05-28 01:29:02,925] {processor.py:153} INFO - Started process (PID=1017) to work on /home/airflow/.local/lib/python3.7/site-packages/airflow/example_dags/example_latest_only_with_trigger.py
[2022-05-28 01:29:02,925] {processor.py:641} INFO - Processing file /home/airflow/.local/lib/python3.7/site-packages/airflow/example_dags/example_latest_only_with_trigger.py for tasks to queue
[2022-05-28 01:29:02,926] {logging_mixin.py:115} INFO - [2022-05-28 01:29:02,926] {dagbag.py:507} INFO - Filling up the DagBag from /home/airflow/.local/lib/python3.7/site-packages/airflow/example_dags/example_latest_only_with_trigger.py
[2022-05-28 01:29:02,930] {processor.py:651} INFO - DAG(s) dict_keys(['latest_only_with_trigger']) retrieved from /home/airflow/.local/lib/python3.7/site-packages/airflow/example_dags/example_latest_only_with_trigger.py
[2022-05-28 01:29:02,949] {logging_mixin.py:115} INFO - [2022-05-28 01:29:02,949] {dag.py:2379} INFO - Sync 1 DAGs
[2022-05-28 01:29:02,965] {logging_mixin.py:115} INFO - [2022-05-28 01:29:02,965] {dag.py:2927} INFO - Setting next_dagrun for latest_only_with_trigger to 2022-05-27T21:29:02.965656+00:00, run_after=2022-05-28T01:29:02.965656+00:00
[2022-05-28 01:29:02,974] {processor.py:161} INFO - Processing /home/airflow/.local/lib/python3.7/site-packages/airflow/example_dags/example_latest_only_with_trigger.py took 0.051 seconds
[2022-05-28 01:29:33,834] {processor.py:153} INFO - Started process (PID=1078) to work on /home/airflow/.local/lib/python3.7/site-packages/airflow/example_dags/example_latest_only_with_trigger.py
[2022-05-28 01:29:33,835] {processor.py:641} INFO - Processing file /home/airflow/.local/lib/python3.7/site-packages/airflow/example_dags/example_latest_only_with_trigger.py for tasks to queue
[2022-05-28 01:29:33,835] {logging_mixin.py:115} INFO - [2022-05-28 01:29:33,835] {dagbag.py:507} INFO - Filling up the DagBag from /home/airflow/.local/lib/python3.7/site-packages/airflow/example_dags/example_latest_only_with_trigger.py
[2022-05-28 01:29:33,839] {processor.py:651} INFO - DAG(s) dict_keys(['latest_only_with_trigger']) retrieved from /home/airflow/.local/lib/python3.7/site-packages/airflow/example_dags/example_latest_only_with_trigger.py
[2022-05-28 01:29:33,859] {logging_mixin.py:115} INFO - [2022-05-28 01:29:33,859] {dag.py:2379} INFO - Sync 1 DAGs
[2022-05-28 01:29:33,876] {logging_mixin.py:115} INFO - [2022-05-28 01:29:33,876] {dag.py:2927} INFO - Setting next_dagrun for latest_only_with_trigger to 2022-05-27T21:29:33.876332+00:00, run_after=2022-05-28T01:29:33.876332+00:00
[2022-05-28 01:29:33,885] {processor.py:161} INFO - Processing /home/airflow/.local/lib/python3.7/site-packages/airflow/example_dags/example_latest_only_with_trigger.py took 0.053 seconds
