[2022-05-28 01:02:24,935] {processor.py:153} INFO - Started process (PID=64) to work on /home/airflow/.local/lib/python3.7/site-packages/airflow/example_dags/example_bash_operator.py
[2022-05-28 01:02:24,935] {processor.py:641} INFO - Processing file /home/airflow/.local/lib/python3.7/site-packages/airflow/example_dags/example_bash_operator.py for tasks to queue
[2022-05-28 01:02:24,935] {logging_mixin.py:115} INFO - [2022-05-28 01:02:24,935] {dagbag.py:507} INFO - Filling up the DagBag from /home/airflow/.local/lib/python3.7/site-packages/airflow/example_dags/example_bash_operator.py
[2022-05-28 01:02:24,947] {processor.py:651} INFO - DAG(s) dict_keys(['example_bash_operator']) retrieved from /home/airflow/.local/lib/python3.7/site-packages/airflow/example_dags/example_bash_operator.py
[2022-05-28 01:02:25,148] {logging_mixin.py:115} INFO - [2022-05-28 01:02:25,148] {manager.py:508} INFO - Created Permission View: can read on DAG:example_bash_operator
[2022-05-28 01:02:25,156] {logging_mixin.py:115} INFO - [2022-05-28 01:02:25,156] {manager.py:508} INFO - Created Permission View: can delete on DAG:example_bash_operator
[2022-05-28 01:02:25,161] {logging_mixin.py:115} INFO - [2022-05-28 01:02:25,161] {manager.py:508} INFO - Created Permission View: can edit on DAG:example_bash_operator
[2022-05-28 01:02:25,161] {logging_mixin.py:115} INFO - [2022-05-28 01:02:25,161] {dag.py:2379} INFO - Sync 1 DAGs
[2022-05-28 01:02:25,169] {logging_mixin.py:115} INFO - [2022-05-28 01:02:25,169] {dag.py:2398} INFO - Creating ORM DAG for example_bash_operator
[2022-05-28 01:02:25,179] {logging_mixin.py:115} INFO - [2022-05-28 01:02:25,179] {dag.py:2927} INFO - Setting next_dagrun for example_bash_operator to 2022-05-27T00:00:00+00:00, run_after=2022-05-28T00:00:00+00:00
[2022-05-28 01:02:25,192] {processor.py:161} INFO - Processing /home/airflow/.local/lib/python3.7/site-packages/airflow/example_dags/example_bash_operator.py took 0.260 seconds
[2022-05-28 01:02:55,342] {processor.py:153} INFO - Started process (PID=125) to work on /home/airflow/.local/lib/python3.7/site-packages/airflow/example_dags/example_bash_operator.py
[2022-05-28 01:02:55,342] {processor.py:641} INFO - Processing file /home/airflow/.local/lib/python3.7/site-packages/airflow/example_dags/example_bash_operator.py for tasks to queue
[2022-05-28 01:02:55,343] {logging_mixin.py:115} INFO - [2022-05-28 01:02:55,343] {dagbag.py:507} INFO - Filling up the DagBag from /home/airflow/.local/lib/python3.7/site-packages/airflow/example_dags/example_bash_operator.py
[2022-05-28 01:02:55,352] {processor.py:651} INFO - DAG(s) dict_keys(['example_bash_operator']) retrieved from /home/airflow/.local/lib/python3.7/site-packages/airflow/example_dags/example_bash_operator.py
[2022-05-28 01:02:55,371] {logging_mixin.py:115} INFO - [2022-05-28 01:02:55,371] {dag.py:2379} INFO - Sync 1 DAGs
[2022-05-28 01:02:55,388] {logging_mixin.py:115} INFO - [2022-05-28 01:02:55,388] {dag.py:2927} INFO - Setting next_dagrun for example_bash_operator to 2022-05-27T00:00:00+00:00, run_after=2022-05-28T00:00:00+00:00
[2022-05-28 01:02:55,396] {processor.py:161} INFO - Processing /home/airflow/.local/lib/python3.7/site-packages/airflow/example_dags/example_bash_operator.py took 0.057 seconds
[2022-05-28 01:03:26,341] {processor.py:153} INFO - Started process (PID=186) to work on /home/airflow/.local/lib/python3.7/site-packages/airflow/example_dags/example_bash_operator.py
[2022-05-28 01:03:26,342] {processor.py:641} INFO - Processing file /home/airflow/.local/lib/python3.7/site-packages/airflow/example_dags/example_bash_operator.py for tasks to queue
[2022-05-28 01:03:26,342] {logging_mixin.py:115} INFO - [2022-05-28 01:03:26,342] {dagbag.py:507} INFO - Filling up the DagBag from /home/airflow/.local/lib/python3.7/site-packages/airflow/example_dags/example_bash_operator.py
[2022-05-28 01:03:26,350] {processor.py:651} INFO - DAG(s) dict_keys(['example_bash_operator']) retrieved from /home/airflow/.local/lib/python3.7/site-packages/airflow/example_dags/example_bash_operator.py
[2022-05-28 01:03:26,371] {logging_mixin.py:115} INFO - [2022-05-28 01:03:26,371] {dag.py:2379} INFO - Sync 1 DAGs
[2022-05-28 01:03:26,390] {logging_mixin.py:115} INFO - [2022-05-28 01:03:26,390] {dag.py:2927} INFO - Setting next_dagrun for example_bash_operator to 2022-05-27T00:00:00+00:00, run_after=2022-05-28T00:00:00+00:00
[2022-05-28 01:03:26,401] {processor.py:161} INFO - Processing /home/airflow/.local/lib/python3.7/site-packages/airflow/example_dags/example_bash_operator.py took 0.062 seconds
[2022-05-28 01:03:57,320] {processor.py:153} INFO - Started process (PID=247) to work on /home/airflow/.local/lib/python3.7/site-packages/airflow/example_dags/example_bash_operator.py
[2022-05-28 01:03:57,321] {processor.py:641} INFO - Processing file /home/airflow/.local/lib/python3.7/site-packages/airflow/example_dags/example_bash_operator.py for tasks to queue
[2022-05-28 01:03:57,321] {logging_mixin.py:115} INFO - [2022-05-28 01:03:57,321] {dagbag.py:507} INFO - Filling up the DagBag from /home/airflow/.local/lib/python3.7/site-packages/airflow/example_dags/example_bash_operator.py
[2022-05-28 01:03:57,332] {processor.py:651} INFO - DAG(s) dict_keys(['example_bash_operator']) retrieved from /home/airflow/.local/lib/python3.7/site-packages/airflow/example_dags/example_bash_operator.py
[2022-05-28 01:03:57,354] {logging_mixin.py:115} INFO - [2022-05-28 01:03:57,354] {dag.py:2379} INFO - Sync 1 DAGs
[2022-05-28 01:03:57,374] {logging_mixin.py:115} INFO - [2022-05-28 01:03:57,374] {dag.py:2927} INFO - Setting next_dagrun for example_bash_operator to 2022-05-27T00:00:00+00:00, run_after=2022-05-28T00:00:00+00:00
[2022-05-28 01:03:57,386] {processor.py:161} INFO - Processing /home/airflow/.local/lib/python3.7/site-packages/airflow/example_dags/example_bash_operator.py took 0.069 seconds
[2022-05-28 01:04:27,568] {processor.py:153} INFO - Started process (PID=299) to work on /home/airflow/.local/lib/python3.7/site-packages/airflow/example_dags/example_bash_operator.py
[2022-05-28 01:04:27,569] {processor.py:641} INFO - Processing file /home/airflow/.local/lib/python3.7/site-packages/airflow/example_dags/example_bash_operator.py for tasks to queue
[2022-05-28 01:04:27,569] {logging_mixin.py:115} INFO - [2022-05-28 01:04:27,569] {dagbag.py:507} INFO - Filling up the DagBag from /home/airflow/.local/lib/python3.7/site-packages/airflow/example_dags/example_bash_operator.py
[2022-05-28 01:04:27,578] {processor.py:651} INFO - DAG(s) dict_keys(['example_bash_operator']) retrieved from /home/airflow/.local/lib/python3.7/site-packages/airflow/example_dags/example_bash_operator.py
[2022-05-28 01:04:27,601] {logging_mixin.py:115} INFO - [2022-05-28 01:04:27,601] {dag.py:2379} INFO - Sync 1 DAGs
[2022-05-28 01:04:27,620] {logging_mixin.py:115} INFO - [2022-05-28 01:04:27,620] {dag.py:2927} INFO - Setting next_dagrun for example_bash_operator to 2022-05-27T00:00:00+00:00, run_after=2022-05-28T00:00:00+00:00
[2022-05-28 01:04:27,629] {processor.py:161} INFO - Processing /home/airflow/.local/lib/python3.7/site-packages/airflow/example_dags/example_bash_operator.py took 0.063 seconds
[2022-05-28 01:04:58,352] {processor.py:153} INFO - Started process (PID=360) to work on /home/airflow/.local/lib/python3.7/site-packages/airflow/example_dags/example_bash_operator.py
[2022-05-28 01:04:58,353] {processor.py:641} INFO - Processing file /home/airflow/.local/lib/python3.7/site-packages/airflow/example_dags/example_bash_operator.py for tasks to queue
[2022-05-28 01:04:58,353] {logging_mixin.py:115} INFO - [2022-05-28 01:04:58,353] {dagbag.py:507} INFO - Filling up the DagBag from /home/airflow/.local/lib/python3.7/site-packages/airflow/example_dags/example_bash_operator.py
[2022-05-28 01:04:58,363] {processor.py:651} INFO - DAG(s) dict_keys(['example_bash_operator']) retrieved from /home/airflow/.local/lib/python3.7/site-packages/airflow/example_dags/example_bash_operator.py
[2022-05-28 01:04:58,384] {logging_mixin.py:115} INFO - [2022-05-28 01:04:58,384] {dag.py:2379} INFO - Sync 1 DAGs
[2022-05-28 01:04:58,403] {logging_mixin.py:115} INFO - [2022-05-28 01:04:58,403] {dag.py:2927} INFO - Setting next_dagrun for example_bash_operator to 2022-05-27T00:00:00+00:00, run_after=2022-05-28T00:00:00+00:00
[2022-05-28 01:04:58,415] {processor.py:161} INFO - Processing /home/airflow/.local/lib/python3.7/site-packages/airflow/example_dags/example_bash_operator.py took 0.065 seconds
[2022-05-28 01:05:29,216] {processor.py:153} INFO - Started process (PID=421) to work on /home/airflow/.local/lib/python3.7/site-packages/airflow/example_dags/example_bash_operator.py
[2022-05-28 01:05:29,216] {processor.py:641} INFO - Processing file /home/airflow/.local/lib/python3.7/site-packages/airflow/example_dags/example_bash_operator.py for tasks to queue
[2022-05-28 01:05:29,217] {logging_mixin.py:115} INFO - [2022-05-28 01:05:29,217] {dagbag.py:507} INFO - Filling up the DagBag from /home/airflow/.local/lib/python3.7/site-packages/airflow/example_dags/example_bash_operator.py
[2022-05-28 01:05:29,225] {processor.py:651} INFO - DAG(s) dict_keys(['example_bash_operator']) retrieved from /home/airflow/.local/lib/python3.7/site-packages/airflow/example_dags/example_bash_operator.py
[2022-05-28 01:05:29,245] {logging_mixin.py:115} INFO - [2022-05-28 01:05:29,245] {dag.py:2379} INFO - Sync 1 DAGs
[2022-05-28 01:05:29,262] {logging_mixin.py:115} INFO - [2022-05-28 01:05:29,262] {dag.py:2927} INFO - Setting next_dagrun for example_bash_operator to 2022-05-27T00:00:00+00:00, run_after=2022-05-28T00:00:00+00:00
[2022-05-28 01:05:29,272] {processor.py:161} INFO - Processing /home/airflow/.local/lib/python3.7/site-packages/airflow/example_dags/example_bash_operator.py took 0.059 seconds
[2022-05-28 01:06:00,004] {processor.py:153} INFO - Started process (PID=482) to work on /home/airflow/.local/lib/python3.7/site-packages/airflow/example_dags/example_bash_operator.py
[2022-05-28 01:06:00,005] {processor.py:641} INFO - Processing file /home/airflow/.local/lib/python3.7/site-packages/airflow/example_dags/example_bash_operator.py for tasks to queue
[2022-05-28 01:06:00,005] {logging_mixin.py:115} INFO - [2022-05-28 01:06:00,005] {dagbag.py:507} INFO - Filling up the DagBag from /home/airflow/.local/lib/python3.7/site-packages/airflow/example_dags/example_bash_operator.py
[2022-05-28 01:06:00,016] {processor.py:651} INFO - DAG(s) dict_keys(['example_bash_operator']) retrieved from /home/airflow/.local/lib/python3.7/site-packages/airflow/example_dags/example_bash_operator.py
[2022-05-28 01:06:00,036] {logging_mixin.py:115} INFO - [2022-05-28 01:06:00,036] {dag.py:2379} INFO - Sync 1 DAGs
[2022-05-28 01:06:00,054] {logging_mixin.py:115} INFO - [2022-05-28 01:06:00,054] {dag.py:2927} INFO - Setting next_dagrun for example_bash_operator to 2022-05-27T00:00:00+00:00, run_after=2022-05-28T00:00:00+00:00
[2022-05-28 01:06:00,065] {processor.py:161} INFO - Processing /home/airflow/.local/lib/python3.7/site-packages/airflow/example_dags/example_bash_operator.py took 0.064 seconds
[2022-05-28 01:06:30,827] {processor.py:153} INFO - Started process (PID=534) to work on /home/airflow/.local/lib/python3.7/site-packages/airflow/example_dags/example_bash_operator.py
[2022-05-28 01:06:30,827] {processor.py:641} INFO - Processing file /home/airflow/.local/lib/python3.7/site-packages/airflow/example_dags/example_bash_operator.py for tasks to queue
[2022-05-28 01:06:30,828] {logging_mixin.py:115} INFO - [2022-05-28 01:06:30,828] {dagbag.py:507} INFO - Filling up the DagBag from /home/airflow/.local/lib/python3.7/site-packages/airflow/example_dags/example_bash_operator.py
[2022-05-28 01:06:30,836] {processor.py:651} INFO - DAG(s) dict_keys(['example_bash_operator']) retrieved from /home/airflow/.local/lib/python3.7/site-packages/airflow/example_dags/example_bash_operator.py
[2022-05-28 01:06:30,856] {logging_mixin.py:115} INFO - [2022-05-28 01:06:30,856] {dag.py:2379} INFO - Sync 1 DAGs
[2022-05-28 01:06:30,873] {logging_mixin.py:115} INFO - [2022-05-28 01:06:30,873] {dag.py:2927} INFO - Setting next_dagrun for example_bash_operator to 2022-05-27T00:00:00+00:00, run_after=2022-05-28T00:00:00+00:00
[2022-05-28 01:06:30,883] {processor.py:161} INFO - Processing /home/airflow/.local/lib/python3.7/site-packages/airflow/example_dags/example_bash_operator.py took 0.058 seconds
[2022-05-28 01:07:01,550] {processor.py:153} INFO - Started process (PID=595) to work on /home/airflow/.local/lib/python3.7/site-packages/airflow/example_dags/example_bash_operator.py
[2022-05-28 01:07:01,551] {processor.py:641} INFO - Processing file /home/airflow/.local/lib/python3.7/site-packages/airflow/example_dags/example_bash_operator.py for tasks to queue
[2022-05-28 01:07:01,552] {logging_mixin.py:115} INFO - [2022-05-28 01:07:01,552] {dagbag.py:507} INFO - Filling up the DagBag from /home/airflow/.local/lib/python3.7/site-packages/airflow/example_dags/example_bash_operator.py
[2022-05-28 01:07:01,564] {processor.py:651} INFO - DAG(s) dict_keys(['example_bash_operator']) retrieved from /home/airflow/.local/lib/python3.7/site-packages/airflow/example_dags/example_bash_operator.py
[2022-05-28 01:07:01,588] {logging_mixin.py:115} INFO - [2022-05-28 01:07:01,588] {dag.py:2379} INFO - Sync 1 DAGs
[2022-05-28 01:07:01,608] {logging_mixin.py:115} INFO - [2022-05-28 01:07:01,608] {dag.py:2927} INFO - Setting next_dagrun for example_bash_operator to 2022-05-27T00:00:00+00:00, run_after=2022-05-28T00:00:00+00:00
[2022-05-28 01:07:01,620] {processor.py:161} INFO - Processing /home/airflow/.local/lib/python3.7/site-packages/airflow/example_dags/example_bash_operator.py took 0.073 seconds
[2022-05-28 01:07:31,723] {processor.py:153} INFO - Started process (PID=656) to work on /home/airflow/.local/lib/python3.7/site-packages/airflow/example_dags/example_bash_operator.py
[2022-05-28 01:07:31,724] {processor.py:641} INFO - Processing file /home/airflow/.local/lib/python3.7/site-packages/airflow/example_dags/example_bash_operator.py for tasks to queue
[2022-05-28 01:07:31,724] {logging_mixin.py:115} INFO - [2022-05-28 01:07:31,724] {dagbag.py:507} INFO - Filling up the DagBag from /home/airflow/.local/lib/python3.7/site-packages/airflow/example_dags/example_bash_operator.py
[2022-05-28 01:07:31,733] {processor.py:651} INFO - DAG(s) dict_keys(['example_bash_operator']) retrieved from /home/airflow/.local/lib/python3.7/site-packages/airflow/example_dags/example_bash_operator.py
[2022-05-28 01:07:31,756] {logging_mixin.py:115} INFO - [2022-05-28 01:07:31,756] {dag.py:2379} INFO - Sync 1 DAGs
[2022-05-28 01:07:31,777] {logging_mixin.py:115} INFO - [2022-05-28 01:07:31,777] {dag.py:2927} INFO - Setting next_dagrun for example_bash_operator to 2022-05-27T00:00:00+00:00, run_after=2022-05-28T00:00:00+00:00
[2022-05-28 01:07:31,788] {processor.py:161} INFO - Processing /home/airflow/.local/lib/python3.7/site-packages/airflow/example_dags/example_bash_operator.py took 0.067 seconds
[2022-05-28 01:08:01,991] {processor.py:153} INFO - Started process (PID=717) to work on /home/airflow/.local/lib/python3.7/site-packages/airflow/example_dags/example_bash_operator.py
[2022-05-28 01:08:01,991] {processor.py:641} INFO - Processing file /home/airflow/.local/lib/python3.7/site-packages/airflow/example_dags/example_bash_operator.py for tasks to queue
[2022-05-28 01:08:01,992] {logging_mixin.py:115} INFO - [2022-05-28 01:08:01,992] {dagbag.py:507} INFO - Filling up the DagBag from /home/airflow/.local/lib/python3.7/site-packages/airflow/example_dags/example_bash_operator.py
[2022-05-28 01:08:02,000] {processor.py:651} INFO - DAG(s) dict_keys(['example_bash_operator']) retrieved from /home/airflow/.local/lib/python3.7/site-packages/airflow/example_dags/example_bash_operator.py
[2022-05-28 01:08:02,024] {logging_mixin.py:115} INFO - [2022-05-28 01:08:02,024] {dag.py:2379} INFO - Sync 1 DAGs
[2022-05-28 01:08:02,044] {logging_mixin.py:115} INFO - [2022-05-28 01:08:02,044] {dag.py:2927} INFO - Setting next_dagrun for example_bash_operator to 2022-05-27T00:00:00+00:00, run_after=2022-05-28T00:00:00+00:00
[2022-05-28 01:08:02,055] {processor.py:161} INFO - Processing /home/airflow/.local/lib/python3.7/site-packages/airflow/example_dags/example_bash_operator.py took 0.067 seconds
[2022-05-28 01:08:32,251] {processor.py:153} INFO - Started process (PID=769) to work on /home/airflow/.local/lib/python3.7/site-packages/airflow/example_dags/example_bash_operator.py
[2022-05-28 01:08:32,252] {processor.py:641} INFO - Processing file /home/airflow/.local/lib/python3.7/site-packages/airflow/example_dags/example_bash_operator.py for tasks to queue
[2022-05-28 01:08:32,253] {logging_mixin.py:115} INFO - [2022-05-28 01:08:32,252] {dagbag.py:507} INFO - Filling up the DagBag from /home/airflow/.local/lib/python3.7/site-packages/airflow/example_dags/example_bash_operator.py
[2022-05-28 01:08:32,261] {processor.py:651} INFO - DAG(s) dict_keys(['example_bash_operator']) retrieved from /home/airflow/.local/lib/python3.7/site-packages/airflow/example_dags/example_bash_operator.py
[2022-05-28 01:08:32,284] {logging_mixin.py:115} INFO - [2022-05-28 01:08:32,283] {dag.py:2379} INFO - Sync 1 DAGs
[2022-05-28 01:08:32,302] {logging_mixin.py:115} INFO - [2022-05-28 01:08:32,302] {dag.py:2927} INFO - Setting next_dagrun for example_bash_operator to 2022-05-27T00:00:00+00:00, run_after=2022-05-28T00:00:00+00:00
[2022-05-28 01:08:32,313] {processor.py:161} INFO - Processing /home/airflow/.local/lib/python3.7/site-packages/airflow/example_dags/example_bash_operator.py took 0.064 seconds
[2022-05-28 01:09:02,373] {processor.py:153} INFO - Started process (PID=830) to work on /home/airflow/.local/lib/python3.7/site-packages/airflow/example_dags/example_bash_operator.py
[2022-05-28 01:09:02,374] {processor.py:641} INFO - Processing file /home/airflow/.local/lib/python3.7/site-packages/airflow/example_dags/example_bash_operator.py for tasks to queue
[2022-05-28 01:09:02,374] {logging_mixin.py:115} INFO - [2022-05-28 01:09:02,374] {dagbag.py:507} INFO - Filling up the DagBag from /home/airflow/.local/lib/python3.7/site-packages/airflow/example_dags/example_bash_operator.py
[2022-05-28 01:09:02,383] {processor.py:651} INFO - DAG(s) dict_keys(['example_bash_operator']) retrieved from /home/airflow/.local/lib/python3.7/site-packages/airflow/example_dags/example_bash_operator.py
[2022-05-28 01:09:02,408] {logging_mixin.py:115} INFO - [2022-05-28 01:09:02,408] {dag.py:2379} INFO - Sync 1 DAGs
[2022-05-28 01:09:02,429] {logging_mixin.py:115} INFO - [2022-05-28 01:09:02,429] {dag.py:2927} INFO - Setting next_dagrun for example_bash_operator to 2022-05-27T00:00:00+00:00, run_after=2022-05-28T00:00:00+00:00
[2022-05-28 01:09:02,439] {processor.py:161} INFO - Processing /home/airflow/.local/lib/python3.7/site-packages/airflow/example_dags/example_bash_operator.py took 0.069 seconds
[2022-05-28 01:09:32,739] {processor.py:153} INFO - Started process (PID=892) to work on /home/airflow/.local/lib/python3.7/site-packages/airflow/example_dags/example_bash_operator.py
[2022-05-28 01:09:32,740] {processor.py:641} INFO - Processing file /home/airflow/.local/lib/python3.7/site-packages/airflow/example_dags/example_bash_operator.py for tasks to queue
[2022-05-28 01:09:32,740] {logging_mixin.py:115} INFO - [2022-05-28 01:09:32,740] {dagbag.py:507} INFO - Filling up the DagBag from /home/airflow/.local/lib/python3.7/site-packages/airflow/example_dags/example_bash_operator.py
[2022-05-28 01:09:32,750] {processor.py:651} INFO - DAG(s) dict_keys(['example_bash_operator']) retrieved from /home/airflow/.local/lib/python3.7/site-packages/airflow/example_dags/example_bash_operator.py
[2022-05-28 01:09:32,774] {logging_mixin.py:115} INFO - [2022-05-28 01:09:32,773] {dag.py:2379} INFO - Sync 1 DAGs
[2022-05-28 01:09:32,791] {logging_mixin.py:115} INFO - [2022-05-28 01:09:32,791] {dag.py:2927} INFO - Setting next_dagrun for example_bash_operator to 2022-05-27T00:00:00+00:00, run_after=2022-05-28T00:00:00+00:00
[2022-05-28 01:09:32,805] {processor.py:161} INFO - Processing /home/airflow/.local/lib/python3.7/site-packages/airflow/example_dags/example_bash_operator.py took 0.069 seconds
[2022-05-28 01:10:03,059] {processor.py:153} INFO - Started process (PID=944) to work on /home/airflow/.local/lib/python3.7/site-packages/airflow/example_dags/example_bash_operator.py
[2022-05-28 01:10:03,060] {processor.py:641} INFO - Processing file /home/airflow/.local/lib/python3.7/site-packages/airflow/example_dags/example_bash_operator.py for tasks to queue
[2022-05-28 01:10:03,061] {logging_mixin.py:115} INFO - [2022-05-28 01:10:03,061] {dagbag.py:507} INFO - Filling up the DagBag from /home/airflow/.local/lib/python3.7/site-packages/airflow/example_dags/example_bash_operator.py
[2022-05-28 01:10:03,069] {processor.py:651} INFO - DAG(s) dict_keys(['example_bash_operator']) retrieved from /home/airflow/.local/lib/python3.7/site-packages/airflow/example_dags/example_bash_operator.py
[2022-05-28 01:10:03,093] {logging_mixin.py:115} INFO - [2022-05-28 01:10:03,093] {dag.py:2379} INFO - Sync 1 DAGs
[2022-05-28 01:10:03,111] {logging_mixin.py:115} INFO - [2022-05-28 01:10:03,111] {dag.py:2927} INFO - Setting next_dagrun for example_bash_operator to 2022-05-27T00:00:00+00:00, run_after=2022-05-28T00:00:00+00:00
[2022-05-28 01:10:03,122] {processor.py:161} INFO - Processing /home/airflow/.local/lib/python3.7/site-packages/airflow/example_dags/example_bash_operator.py took 0.065 seconds
[2022-05-28 01:10:33,228] {processor.py:153} INFO - Started process (PID=1005) to work on /home/airflow/.local/lib/python3.7/site-packages/airflow/example_dags/example_bash_operator.py
[2022-05-28 01:10:33,228] {processor.py:641} INFO - Processing file /home/airflow/.local/lib/python3.7/site-packages/airflow/example_dags/example_bash_operator.py for tasks to queue
[2022-05-28 01:10:33,229] {logging_mixin.py:115} INFO - [2022-05-28 01:10:33,229] {dagbag.py:507} INFO - Filling up the DagBag from /home/airflow/.local/lib/python3.7/site-packages/airflow/example_dags/example_bash_operator.py
[2022-05-28 01:10:33,238] {processor.py:651} INFO - DAG(s) dict_keys(['example_bash_operator']) retrieved from /home/airflow/.local/lib/python3.7/site-packages/airflow/example_dags/example_bash_operator.py
[2022-05-28 01:10:33,258] {logging_mixin.py:115} INFO - [2022-05-28 01:10:33,258] {dag.py:2379} INFO - Sync 1 DAGs
[2022-05-28 01:10:33,275] {logging_mixin.py:115} INFO - [2022-05-28 01:10:33,275] {dag.py:2927} INFO - Setting next_dagrun for example_bash_operator to 2022-05-27T00:00:00+00:00, run_after=2022-05-28T00:00:00+00:00
[2022-05-28 01:10:33,287] {processor.py:161} INFO - Processing /home/airflow/.local/lib/python3.7/site-packages/airflow/example_dags/example_bash_operator.py took 0.061 seconds
[2022-05-28 01:11:03,629] {processor.py:153} INFO - Started process (PID=1066) to work on /home/airflow/.local/lib/python3.7/site-packages/airflow/example_dags/example_bash_operator.py
[2022-05-28 01:11:03,629] {processor.py:641} INFO - Processing file /home/airflow/.local/lib/python3.7/site-packages/airflow/example_dags/example_bash_operator.py for tasks to queue
[2022-05-28 01:11:03,630] {logging_mixin.py:115} INFO - [2022-05-28 01:11:03,630] {dagbag.py:507} INFO - Filling up the DagBag from /home/airflow/.local/lib/python3.7/site-packages/airflow/example_dags/example_bash_operator.py
[2022-05-28 01:11:03,639] {processor.py:651} INFO - DAG(s) dict_keys(['example_bash_operator']) retrieved from /home/airflow/.local/lib/python3.7/site-packages/airflow/example_dags/example_bash_operator.py
[2022-05-28 01:11:03,660] {logging_mixin.py:115} INFO - [2022-05-28 01:11:03,660] {dag.py:2379} INFO - Sync 1 DAGs
[2022-05-28 01:11:03,677] {logging_mixin.py:115} INFO - [2022-05-28 01:11:03,677] {dag.py:2927} INFO - Setting next_dagrun for example_bash_operator to 2022-05-27T00:00:00+00:00, run_after=2022-05-28T00:00:00+00:00
[2022-05-28 01:11:03,688] {processor.py:161} INFO - Processing /home/airflow/.local/lib/python3.7/site-packages/airflow/example_dags/example_bash_operator.py took 0.062 seconds
[2022-05-28 01:11:34,166] {processor.py:153} INFO - Started process (PID=1127) to work on /home/airflow/.local/lib/python3.7/site-packages/airflow/example_dags/example_bash_operator.py
[2022-05-28 01:11:34,167] {processor.py:641} INFO - Processing file /home/airflow/.local/lib/python3.7/site-packages/airflow/example_dags/example_bash_operator.py for tasks to queue
[2022-05-28 01:11:34,167] {logging_mixin.py:115} INFO - [2022-05-28 01:11:34,167] {dagbag.py:507} INFO - Filling up the DagBag from /home/airflow/.local/lib/python3.7/site-packages/airflow/example_dags/example_bash_operator.py
[2022-05-28 01:11:34,177] {processor.py:651} INFO - DAG(s) dict_keys(['example_bash_operator']) retrieved from /home/airflow/.local/lib/python3.7/site-packages/airflow/example_dags/example_bash_operator.py
[2022-05-28 01:11:34,199] {logging_mixin.py:115} INFO - [2022-05-28 01:11:34,199] {dag.py:2379} INFO - Sync 1 DAGs
[2022-05-28 01:11:34,219] {logging_mixin.py:115} INFO - [2022-05-28 01:11:34,219] {dag.py:2927} INFO - Setting next_dagrun for example_bash_operator to 2022-05-27T00:00:00+00:00, run_after=2022-05-28T00:00:00+00:00
[2022-05-28 01:11:34,230] {processor.py:161} INFO - Processing /home/airflow/.local/lib/python3.7/site-packages/airflow/example_dags/example_bash_operator.py took 0.065 seconds
[2022-05-28 01:12:04,368] {processor.py:153} INFO - Started process (PID=1179) to work on /home/airflow/.local/lib/python3.7/site-packages/airflow/example_dags/example_bash_operator.py
[2022-05-28 01:12:04,368] {processor.py:641} INFO - Processing file /home/airflow/.local/lib/python3.7/site-packages/airflow/example_dags/example_bash_operator.py for tasks to queue
[2022-05-28 01:12:04,369] {logging_mixin.py:115} INFO - [2022-05-28 01:12:04,369] {dagbag.py:507} INFO - Filling up the DagBag from /home/airflow/.local/lib/python3.7/site-packages/airflow/example_dags/example_bash_operator.py
[2022-05-28 01:12:04,378] {processor.py:651} INFO - DAG(s) dict_keys(['example_bash_operator']) retrieved from /home/airflow/.local/lib/python3.7/site-packages/airflow/example_dags/example_bash_operator.py
[2022-05-28 01:12:04,401] {logging_mixin.py:115} INFO - [2022-05-28 01:12:04,401] {dag.py:2379} INFO - Sync 1 DAGs
[2022-05-28 01:12:04,419] {logging_mixin.py:115} INFO - [2022-05-28 01:12:04,419] {dag.py:2927} INFO - Setting next_dagrun for example_bash_operator to 2022-05-27T00:00:00+00:00, run_after=2022-05-28T00:00:00+00:00
[2022-05-28 01:12:04,430] {processor.py:161} INFO - Processing /home/airflow/.local/lib/python3.7/site-packages/airflow/example_dags/example_bash_operator.py took 0.065 seconds
[2022-05-28 01:12:34,807] {processor.py:153} INFO - Started process (PID=1240) to work on /home/airflow/.local/lib/python3.7/site-packages/airflow/example_dags/example_bash_operator.py
[2022-05-28 01:12:34,807] {processor.py:641} INFO - Processing file /home/airflow/.local/lib/python3.7/site-packages/airflow/example_dags/example_bash_operator.py for tasks to queue
[2022-05-28 01:12:34,808] {logging_mixin.py:115} INFO - [2022-05-28 01:12:34,808] {dagbag.py:507} INFO - Filling up the DagBag from /home/airflow/.local/lib/python3.7/site-packages/airflow/example_dags/example_bash_operator.py
[2022-05-28 01:12:34,817] {processor.py:651} INFO - DAG(s) dict_keys(['example_bash_operator']) retrieved from /home/airflow/.local/lib/python3.7/site-packages/airflow/example_dags/example_bash_operator.py
[2022-05-28 01:12:34,839] {logging_mixin.py:115} INFO - [2022-05-28 01:12:34,839] {dag.py:2379} INFO - Sync 1 DAGs
[2022-05-28 01:12:34,856] {logging_mixin.py:115} INFO - [2022-05-28 01:12:34,856] {dag.py:2927} INFO - Setting next_dagrun for example_bash_operator to 2022-05-27T00:00:00+00:00, run_after=2022-05-28T00:00:00+00:00
[2022-05-28 01:12:34,866] {processor.py:161} INFO - Processing /home/airflow/.local/lib/python3.7/site-packages/airflow/example_dags/example_bash_operator.py took 0.062 seconds
[2022-05-28 01:13:05,151] {processor.py:153} INFO - Started process (PID=1301) to work on /home/airflow/.local/lib/python3.7/site-packages/airflow/example_dags/example_bash_operator.py
[2022-05-28 01:13:05,152] {processor.py:641} INFO - Processing file /home/airflow/.local/lib/python3.7/site-packages/airflow/example_dags/example_bash_operator.py for tasks to queue
[2022-05-28 01:13:05,152] {logging_mixin.py:115} INFO - [2022-05-28 01:13:05,152] {dagbag.py:507} INFO - Filling up the DagBag from /home/airflow/.local/lib/python3.7/site-packages/airflow/example_dags/example_bash_operator.py
[2022-05-28 01:13:05,162] {processor.py:651} INFO - DAG(s) dict_keys(['example_bash_operator']) retrieved from /home/airflow/.local/lib/python3.7/site-packages/airflow/example_dags/example_bash_operator.py
[2022-05-28 01:13:05,183] {logging_mixin.py:115} INFO - [2022-05-28 01:13:05,183] {dag.py:2379} INFO - Sync 1 DAGs
[2022-05-28 01:13:05,200] {logging_mixin.py:115} INFO - [2022-05-28 01:13:05,200] {dag.py:2927} INFO - Setting next_dagrun for example_bash_operator to 2022-05-27T00:00:00+00:00, run_after=2022-05-28T00:00:00+00:00
[2022-05-28 01:13:05,211] {processor.py:161} INFO - Processing /home/airflow/.local/lib/python3.7/site-packages/airflow/example_dags/example_bash_operator.py took 0.062 seconds
[2022-05-28 01:13:35,436] {processor.py:153} INFO - Started process (PID=1353) to work on /home/airflow/.local/lib/python3.7/site-packages/airflow/example_dags/example_bash_operator.py
[2022-05-28 01:13:35,437] {processor.py:641} INFO - Processing file /home/airflow/.local/lib/python3.7/site-packages/airflow/example_dags/example_bash_operator.py for tasks to queue
[2022-05-28 01:13:35,437] {logging_mixin.py:115} INFO - [2022-05-28 01:13:35,437] {dagbag.py:507} INFO - Filling up the DagBag from /home/airflow/.local/lib/python3.7/site-packages/airflow/example_dags/example_bash_operator.py
[2022-05-28 01:13:35,447] {processor.py:651} INFO - DAG(s) dict_keys(['example_bash_operator']) retrieved from /home/airflow/.local/lib/python3.7/site-packages/airflow/example_dags/example_bash_operator.py
[2022-05-28 01:13:35,468] {logging_mixin.py:115} INFO - [2022-05-28 01:13:35,468] {dag.py:2379} INFO - Sync 1 DAGs
[2022-05-28 01:13:35,487] {logging_mixin.py:115} INFO - [2022-05-28 01:13:35,487] {dag.py:2927} INFO - Setting next_dagrun for example_bash_operator to 2022-05-27T00:00:00+00:00, run_after=2022-05-28T00:00:00+00:00
[2022-05-28 01:13:35,498] {processor.py:161} INFO - Processing /home/airflow/.local/lib/python3.7/site-packages/airflow/example_dags/example_bash_operator.py took 0.065 seconds
[2022-05-28 01:14:05,749] {processor.py:153} INFO - Started process (PID=1414) to work on /home/airflow/.local/lib/python3.7/site-packages/airflow/example_dags/example_bash_operator.py
[2022-05-28 01:14:05,750] {processor.py:641} INFO - Processing file /home/airflow/.local/lib/python3.7/site-packages/airflow/example_dags/example_bash_operator.py for tasks to queue
[2022-05-28 01:14:05,750] {logging_mixin.py:115} INFO - [2022-05-28 01:14:05,750] {dagbag.py:507} INFO - Filling up the DagBag from /home/airflow/.local/lib/python3.7/site-packages/airflow/example_dags/example_bash_operator.py
[2022-05-28 01:14:05,760] {processor.py:651} INFO - DAG(s) dict_keys(['example_bash_operator']) retrieved from /home/airflow/.local/lib/python3.7/site-packages/airflow/example_dags/example_bash_operator.py
[2022-05-28 01:14:05,782] {logging_mixin.py:115} INFO - [2022-05-28 01:14:05,782] {dag.py:2379} INFO - Sync 1 DAGs
[2022-05-28 01:14:05,801] {logging_mixin.py:115} INFO - [2022-05-28 01:14:05,801] {dag.py:2927} INFO - Setting next_dagrun for example_bash_operator to 2022-05-27T00:00:00+00:00, run_after=2022-05-28T00:00:00+00:00
[2022-05-28 01:14:05,812] {processor.py:161} INFO - Processing /home/airflow/.local/lib/python3.7/site-packages/airflow/example_dags/example_bash_operator.py took 0.066 seconds
[2022-05-28 01:14:35,912] {processor.py:153} INFO - Started process (PID=1475) to work on /home/airflow/.local/lib/python3.7/site-packages/airflow/example_dags/example_bash_operator.py
[2022-05-28 01:14:35,912] {processor.py:641} INFO - Processing file /home/airflow/.local/lib/python3.7/site-packages/airflow/example_dags/example_bash_operator.py for tasks to queue
[2022-05-28 01:14:35,913] {logging_mixin.py:115} INFO - [2022-05-28 01:14:35,913] {dagbag.py:507} INFO - Filling up the DagBag from /home/airflow/.local/lib/python3.7/site-packages/airflow/example_dags/example_bash_operator.py
[2022-05-28 01:14:35,921] {processor.py:651} INFO - DAG(s) dict_keys(['example_bash_operator']) retrieved from /home/airflow/.local/lib/python3.7/site-packages/airflow/example_dags/example_bash_operator.py
[2022-05-28 01:14:35,940] {logging_mixin.py:115} INFO - [2022-05-28 01:14:35,940] {dag.py:2379} INFO - Sync 1 DAGs
[2022-05-28 01:14:35,956] {logging_mixin.py:115} INFO - [2022-05-28 01:14:35,956] {dag.py:2927} INFO - Setting next_dagrun for example_bash_operator to 2022-05-27T00:00:00+00:00, run_after=2022-05-28T00:00:00+00:00
[2022-05-28 01:14:35,966] {processor.py:161} INFO - Processing /home/airflow/.local/lib/python3.7/site-packages/airflow/example_dags/example_bash_operator.py took 0.056 seconds
[2022-05-28 01:15:06,891] {processor.py:153} INFO - Started process (PID=1536) to work on /home/airflow/.local/lib/python3.7/site-packages/airflow/example_dags/example_bash_operator.py
[2022-05-28 01:15:06,892] {processor.py:641} INFO - Processing file /home/airflow/.local/lib/python3.7/site-packages/airflow/example_dags/example_bash_operator.py for tasks to queue
[2022-05-28 01:15:06,892] {logging_mixin.py:115} INFO - [2022-05-28 01:15:06,892] {dagbag.py:507} INFO - Filling up the DagBag from /home/airflow/.local/lib/python3.7/site-packages/airflow/example_dags/example_bash_operator.py
[2022-05-28 01:15:06,900] {processor.py:651} INFO - DAG(s) dict_keys(['example_bash_operator']) retrieved from /home/airflow/.local/lib/python3.7/site-packages/airflow/example_dags/example_bash_operator.py
[2022-05-28 01:15:06,918] {logging_mixin.py:115} INFO - [2022-05-28 01:15:06,918] {dag.py:2379} INFO - Sync 1 DAGs
[2022-05-28 01:15:06,935] {logging_mixin.py:115} INFO - [2022-05-28 01:15:06,935] {dag.py:2927} INFO - Setting next_dagrun for example_bash_operator to 2022-05-27T00:00:00+00:00, run_after=2022-05-28T00:00:00+00:00
[2022-05-28 01:15:06,944] {processor.py:161} INFO - Processing /home/airflow/.local/lib/python3.7/site-packages/airflow/example_dags/example_bash_operator.py took 0.055 seconds
[2022-05-28 01:15:37,703] {processor.py:153} INFO - Started process (PID=1588) to work on /home/airflow/.local/lib/python3.7/site-packages/airflow/example_dags/example_bash_operator.py
[2022-05-28 01:15:37,704] {processor.py:641} INFO - Processing file /home/airflow/.local/lib/python3.7/site-packages/airflow/example_dags/example_bash_operator.py for tasks to queue
[2022-05-28 01:15:37,704] {logging_mixin.py:115} INFO - [2022-05-28 01:15:37,704] {dagbag.py:507} INFO - Filling up the DagBag from /home/airflow/.local/lib/python3.7/site-packages/airflow/example_dags/example_bash_operator.py
[2022-05-28 01:15:37,715] {processor.py:651} INFO - DAG(s) dict_keys(['example_bash_operator']) retrieved from /home/airflow/.local/lib/python3.7/site-packages/airflow/example_dags/example_bash_operator.py
[2022-05-28 01:15:37,732] {logging_mixin.py:115} INFO - [2022-05-28 01:15:37,732] {dag.py:2379} INFO - Sync 1 DAGs
[2022-05-28 01:15:37,748] {logging_mixin.py:115} INFO - [2022-05-28 01:15:37,748] {dag.py:2927} INFO - Setting next_dagrun for example_bash_operator to 2022-05-27T00:00:00+00:00, run_after=2022-05-28T00:00:00+00:00
[2022-05-28 01:15:37,756] {processor.py:161} INFO - Processing /home/airflow/.local/lib/python3.7/site-packages/airflow/example_dags/example_bash_operator.py took 0.055 seconds
[2022-05-28 01:16:08,662] {processor.py:153} INFO - Started process (PID=1648) to work on /home/airflow/.local/lib/python3.7/site-packages/airflow/example_dags/example_bash_operator.py
[2022-05-28 01:16:08,663] {processor.py:641} INFO - Processing file /home/airflow/.local/lib/python3.7/site-packages/airflow/example_dags/example_bash_operator.py for tasks to queue
[2022-05-28 01:16:08,663] {logging_mixin.py:115} INFO - [2022-05-28 01:16:08,663] {dagbag.py:507} INFO - Filling up the DagBag from /home/airflow/.local/lib/python3.7/site-packages/airflow/example_dags/example_bash_operator.py
[2022-05-28 01:16:08,673] {processor.py:651} INFO - DAG(s) dict_keys(['example_bash_operator']) retrieved from /home/airflow/.local/lib/python3.7/site-packages/airflow/example_dags/example_bash_operator.py
[2022-05-28 01:16:08,693] {logging_mixin.py:115} INFO - [2022-05-28 01:16:08,693] {dag.py:2379} INFO - Sync 1 DAGs
[2022-05-28 01:16:08,711] {logging_mixin.py:115} INFO - [2022-05-28 01:16:08,711] {dag.py:2927} INFO - Setting next_dagrun for example_bash_operator to 2022-05-27T00:00:00+00:00, run_after=2022-05-28T00:00:00+00:00
[2022-05-28 01:16:08,722] {processor.py:161} INFO - Processing /home/airflow/.local/lib/python3.7/site-packages/airflow/example_dags/example_bash_operator.py took 0.062 seconds
[2022-05-28 01:16:39,579] {processor.py:153} INFO - Started process (PID=1709) to work on /home/airflow/.local/lib/python3.7/site-packages/airflow/example_dags/example_bash_operator.py
[2022-05-28 01:16:39,579] {processor.py:641} INFO - Processing file /home/airflow/.local/lib/python3.7/site-packages/airflow/example_dags/example_bash_operator.py for tasks to queue
[2022-05-28 01:16:39,580] {logging_mixin.py:115} INFO - [2022-05-28 01:16:39,580] {dagbag.py:507} INFO - Filling up the DagBag from /home/airflow/.local/lib/python3.7/site-packages/airflow/example_dags/example_bash_operator.py
[2022-05-28 01:16:39,588] {processor.py:651} INFO - DAG(s) dict_keys(['example_bash_operator']) retrieved from /home/airflow/.local/lib/python3.7/site-packages/airflow/example_dags/example_bash_operator.py
[2022-05-28 01:16:39,608] {logging_mixin.py:115} INFO - [2022-05-28 01:16:39,608] {dag.py:2379} INFO - Sync 1 DAGs
[2022-05-28 01:16:39,625] {logging_mixin.py:115} INFO - [2022-05-28 01:16:39,625] {dag.py:2927} INFO - Setting next_dagrun for example_bash_operator to 2022-05-27T00:00:00+00:00, run_after=2022-05-28T00:00:00+00:00
[2022-05-28 01:16:39,637] {processor.py:161} INFO - Processing /home/airflow/.local/lib/python3.7/site-packages/airflow/example_dags/example_bash_operator.py took 0.061 seconds
[2022-05-28 01:17:09,928] {processor.py:153} INFO - Started process (PID=1770) to work on /home/airflow/.local/lib/python3.7/site-packages/airflow/example_dags/example_bash_operator.py
[2022-05-28 01:17:09,929] {processor.py:641} INFO - Processing file /home/airflow/.local/lib/python3.7/site-packages/airflow/example_dags/example_bash_operator.py for tasks to queue
[2022-05-28 01:17:09,930] {logging_mixin.py:115} INFO - [2022-05-28 01:17:09,930] {dagbag.py:507} INFO - Filling up the DagBag from /home/airflow/.local/lib/python3.7/site-packages/airflow/example_dags/example_bash_operator.py
[2022-05-28 01:17:09,938] {processor.py:651} INFO - DAG(s) dict_keys(['example_bash_operator']) retrieved from /home/airflow/.local/lib/python3.7/site-packages/airflow/example_dags/example_bash_operator.py
[2022-05-28 01:17:09,960] {logging_mixin.py:115} INFO - [2022-05-28 01:17:09,960] {dag.py:2379} INFO - Sync 1 DAGs
[2022-05-28 01:17:09,978] {logging_mixin.py:115} INFO - [2022-05-28 01:17:09,978] {dag.py:2927} INFO - Setting next_dagrun for example_bash_operator to 2022-05-27T00:00:00+00:00, run_after=2022-05-28T00:00:00+00:00
[2022-05-28 01:17:09,990] {processor.py:161} INFO - Processing /home/airflow/.local/lib/python3.7/site-packages/airflow/example_dags/example_bash_operator.py took 0.063 seconds
[2022-05-28 01:17:40,309] {processor.py:153} INFO - Started process (PID=1822) to work on /home/airflow/.local/lib/python3.7/site-packages/airflow/example_dags/example_bash_operator.py
[2022-05-28 01:17:40,310] {processor.py:641} INFO - Processing file /home/airflow/.local/lib/python3.7/site-packages/airflow/example_dags/example_bash_operator.py for tasks to queue
[2022-05-28 01:17:40,310] {logging_mixin.py:115} INFO - [2022-05-28 01:17:40,310] {dagbag.py:507} INFO - Filling up the DagBag from /home/airflow/.local/lib/python3.7/site-packages/airflow/example_dags/example_bash_operator.py
[2022-05-28 01:17:40,319] {processor.py:651} INFO - DAG(s) dict_keys(['example_bash_operator']) retrieved from /home/airflow/.local/lib/python3.7/site-packages/airflow/example_dags/example_bash_operator.py
[2022-05-28 01:17:40,343] {logging_mixin.py:115} INFO - [2022-05-28 01:17:40,343] {dag.py:2379} INFO - Sync 1 DAGs
[2022-05-28 01:17:40,362] {logging_mixin.py:115} INFO - [2022-05-28 01:17:40,362] {dag.py:2927} INFO - Setting next_dagrun for example_bash_operator to 2022-05-27T00:00:00+00:00, run_after=2022-05-28T00:00:00+00:00
[2022-05-28 01:17:40,370] {processor.py:161} INFO - Processing /home/airflow/.local/lib/python3.7/site-packages/airflow/example_dags/example_bash_operator.py took 0.063 seconds
[2022-05-28 01:18:10,513] {processor.py:153} INFO - Started process (PID=1883) to work on /home/airflow/.local/lib/python3.7/site-packages/airflow/example_dags/example_bash_operator.py
[2022-05-28 01:18:10,513] {processor.py:641} INFO - Processing file /home/airflow/.local/lib/python3.7/site-packages/airflow/example_dags/example_bash_operator.py for tasks to queue
[2022-05-28 01:18:10,514] {logging_mixin.py:115} INFO - [2022-05-28 01:18:10,514] {dagbag.py:507} INFO - Filling up the DagBag from /home/airflow/.local/lib/python3.7/site-packages/airflow/example_dags/example_bash_operator.py
[2022-05-28 01:18:10,524] {processor.py:651} INFO - DAG(s) dict_keys(['example_bash_operator']) retrieved from /home/airflow/.local/lib/python3.7/site-packages/airflow/example_dags/example_bash_operator.py
[2022-05-28 01:18:10,544] {logging_mixin.py:115} INFO - [2022-05-28 01:18:10,544] {dag.py:2379} INFO - Sync 1 DAGs
[2022-05-28 01:18:10,563] {logging_mixin.py:115} INFO - [2022-05-28 01:18:10,563] {dag.py:2927} INFO - Setting next_dagrun for example_bash_operator to 2022-05-27T00:00:00+00:00, run_after=2022-05-28T00:00:00+00:00
[2022-05-28 01:18:10,572] {processor.py:161} INFO - Processing /home/airflow/.local/lib/python3.7/site-packages/airflow/example_dags/example_bash_operator.py took 0.062 seconds
[2022-05-28 01:18:40,856] {processor.py:153} INFO - Started process (PID=1944) to work on /home/airflow/.local/lib/python3.7/site-packages/airflow/example_dags/example_bash_operator.py
[2022-05-28 01:18:40,857] {processor.py:641} INFO - Processing file /home/airflow/.local/lib/python3.7/site-packages/airflow/example_dags/example_bash_operator.py for tasks to queue
[2022-05-28 01:18:40,857] {logging_mixin.py:115} INFO - [2022-05-28 01:18:40,857] {dagbag.py:507} INFO - Filling up the DagBag from /home/airflow/.local/lib/python3.7/site-packages/airflow/example_dags/example_bash_operator.py
[2022-05-28 01:18:40,866] {processor.py:651} INFO - DAG(s) dict_keys(['example_bash_operator']) retrieved from /home/airflow/.local/lib/python3.7/site-packages/airflow/example_dags/example_bash_operator.py
[2022-05-28 01:18:40,889] {logging_mixin.py:115} INFO - [2022-05-28 01:18:40,889] {dag.py:2379} INFO - Sync 1 DAGs
[2022-05-28 01:18:40,909] {logging_mixin.py:115} INFO - [2022-05-28 01:18:40,908] {dag.py:2927} INFO - Setting next_dagrun for example_bash_operator to 2022-05-27T00:00:00+00:00, run_after=2022-05-28T00:00:00+00:00
[2022-05-28 01:18:40,917] {processor.py:161} INFO - Processing /home/airflow/.local/lib/python3.7/site-packages/airflow/example_dags/example_bash_operator.py took 0.063 seconds
[2022-05-28 01:19:11,243] {processor.py:153} INFO - Started process (PID=2005) to work on /home/airflow/.local/lib/python3.7/site-packages/airflow/example_dags/example_bash_operator.py
[2022-05-28 01:19:11,244] {processor.py:641} INFO - Processing file /home/airflow/.local/lib/python3.7/site-packages/airflow/example_dags/example_bash_operator.py for tasks to queue
[2022-05-28 01:19:11,244] {logging_mixin.py:115} INFO - [2022-05-28 01:19:11,244] {dagbag.py:507} INFO - Filling up the DagBag from /home/airflow/.local/lib/python3.7/site-packages/airflow/example_dags/example_bash_operator.py
[2022-05-28 01:19:11,253] {processor.py:651} INFO - DAG(s) dict_keys(['example_bash_operator']) retrieved from /home/airflow/.local/lib/python3.7/site-packages/airflow/example_dags/example_bash_operator.py
[2022-05-28 01:19:11,273] {logging_mixin.py:115} INFO - [2022-05-28 01:19:11,273] {dag.py:2379} INFO - Sync 1 DAGs
[2022-05-28 01:19:11,292] {logging_mixin.py:115} INFO - [2022-05-28 01:19:11,292] {dag.py:2927} INFO - Setting next_dagrun for example_bash_operator to 2022-05-27T00:00:00+00:00, run_after=2022-05-28T00:00:00+00:00
[2022-05-28 01:19:11,300] {processor.py:161} INFO - Processing /home/airflow/.local/lib/python3.7/site-packages/airflow/example_dags/example_bash_operator.py took 0.060 seconds
[2022-05-28 01:19:41,559] {processor.py:153} INFO - Started process (PID=2057) to work on /home/airflow/.local/lib/python3.7/site-packages/airflow/example_dags/example_bash_operator.py
[2022-05-28 01:19:41,560] {processor.py:641} INFO - Processing file /home/airflow/.local/lib/python3.7/site-packages/airflow/example_dags/example_bash_operator.py for tasks to queue
[2022-05-28 01:19:41,560] {logging_mixin.py:115} INFO - [2022-05-28 01:19:41,560] {dagbag.py:507} INFO - Filling up the DagBag from /home/airflow/.local/lib/python3.7/site-packages/airflow/example_dags/example_bash_operator.py
[2022-05-28 01:19:41,570] {processor.py:651} INFO - DAG(s) dict_keys(['example_bash_operator']) retrieved from /home/airflow/.local/lib/python3.7/site-packages/airflow/example_dags/example_bash_operator.py
[2022-05-28 01:19:41,591] {logging_mixin.py:115} INFO - [2022-05-28 01:19:41,591] {dag.py:2379} INFO - Sync 1 DAGs
[2022-05-28 01:19:41,612] {logging_mixin.py:115} INFO - [2022-05-28 01:19:41,612] {dag.py:2927} INFO - Setting next_dagrun for example_bash_operator to 2022-05-27T00:00:00+00:00, run_after=2022-05-28T00:00:00+00:00
[2022-05-28 01:19:41,624] {processor.py:161} INFO - Processing /home/airflow/.local/lib/python3.7/site-packages/airflow/example_dags/example_bash_operator.py took 0.067 seconds
[2022-05-28 01:20:11,888] {processor.py:153} INFO - Started process (PID=2118) to work on /home/airflow/.local/lib/python3.7/site-packages/airflow/example_dags/example_bash_operator.py
[2022-05-28 01:20:11,889] {processor.py:641} INFO - Processing file /home/airflow/.local/lib/python3.7/site-packages/airflow/example_dags/example_bash_operator.py for tasks to queue
[2022-05-28 01:20:11,889] {logging_mixin.py:115} INFO - [2022-05-28 01:20:11,889] {dagbag.py:507} INFO - Filling up the DagBag from /home/airflow/.local/lib/python3.7/site-packages/airflow/example_dags/example_bash_operator.py
[2022-05-28 01:20:11,898] {processor.py:651} INFO - DAG(s) dict_keys(['example_bash_operator']) retrieved from /home/airflow/.local/lib/python3.7/site-packages/airflow/example_dags/example_bash_operator.py
[2022-05-28 01:20:11,918] {logging_mixin.py:115} INFO - [2022-05-28 01:20:11,918] {dag.py:2379} INFO - Sync 1 DAGs
[2022-05-28 01:20:11,940] {logging_mixin.py:115} INFO - [2022-05-28 01:20:11,940] {dag.py:2927} INFO - Setting next_dagrun for example_bash_operator to 2022-05-27T00:00:00+00:00, run_after=2022-05-28T00:00:00+00:00
[2022-05-28 01:20:11,947] {processor.py:161} INFO - Processing /home/airflow/.local/lib/python3.7/site-packages/airflow/example_dags/example_bash_operator.py took 0.062 seconds
[2022-05-28 01:20:50,677] {processor.py:153} INFO - Started process (PID=64) to work on /home/airflow/.local/lib/python3.7/site-packages/airflow/example_dags/example_bash_operator.py
[2022-05-28 01:20:50,677] {processor.py:641} INFO - Processing file /home/airflow/.local/lib/python3.7/site-packages/airflow/example_dags/example_bash_operator.py for tasks to queue
[2022-05-28 01:20:50,678] {logging_mixin.py:115} INFO - [2022-05-28 01:20:50,678] {dagbag.py:507} INFO - Filling up the DagBag from /home/airflow/.local/lib/python3.7/site-packages/airflow/example_dags/example_bash_operator.py
[2022-05-28 01:20:50,688] {processor.py:651} INFO - DAG(s) dict_keys(['example_bash_operator']) retrieved from /home/airflow/.local/lib/python3.7/site-packages/airflow/example_dags/example_bash_operator.py
[2022-05-28 01:20:50,717] {logging_mixin.py:115} INFO - [2022-05-28 01:20:50,717] {dag.py:2379} INFO - Sync 1 DAGs
[2022-05-28 01:20:50,738] {logging_mixin.py:115} INFO - [2022-05-28 01:20:50,738] {dag.py:2927} INFO - Setting next_dagrun for example_bash_operator to 2022-05-27T00:00:00+00:00, run_after=2022-05-28T00:00:00+00:00
[2022-05-28 01:20:50,749] {processor.py:161} INFO - Processing /home/airflow/.local/lib/python3.7/site-packages/airflow/example_dags/example_bash_operator.py took 0.074 seconds
[2022-05-28 01:21:21,026] {processor.py:153} INFO - Started process (PID=125) to work on /home/airflow/.local/lib/python3.7/site-packages/airflow/example_dags/example_bash_operator.py
[2022-05-28 01:21:21,026] {processor.py:641} INFO - Processing file /home/airflow/.local/lib/python3.7/site-packages/airflow/example_dags/example_bash_operator.py for tasks to queue
[2022-05-28 01:21:21,027] {logging_mixin.py:115} INFO - [2022-05-28 01:21:21,027] {dagbag.py:507} INFO - Filling up the DagBag from /home/airflow/.local/lib/python3.7/site-packages/airflow/example_dags/example_bash_operator.py
[2022-05-28 01:21:21,035] {processor.py:651} INFO - DAG(s) dict_keys(['example_bash_operator']) retrieved from /home/airflow/.local/lib/python3.7/site-packages/airflow/example_dags/example_bash_operator.py
[2022-05-28 01:21:21,055] {logging_mixin.py:115} INFO - [2022-05-28 01:21:21,055] {dag.py:2379} INFO - Sync 1 DAGs
[2022-05-28 01:21:21,074] {logging_mixin.py:115} INFO - [2022-05-28 01:21:21,074] {dag.py:2927} INFO - Setting next_dagrun for example_bash_operator to 2022-05-27T00:00:00+00:00, run_after=2022-05-28T00:00:00+00:00
[2022-05-28 01:21:21,085] {processor.py:161} INFO - Processing /home/airflow/.local/lib/python3.7/site-packages/airflow/example_dags/example_bash_operator.py took 0.061 seconds
[2022-05-28 01:21:51,258] {processor.py:153} INFO - Started process (PID=186) to work on /home/airflow/.local/lib/python3.7/site-packages/airflow/example_dags/example_bash_operator.py
[2022-05-28 01:21:51,258] {processor.py:641} INFO - Processing file /home/airflow/.local/lib/python3.7/site-packages/airflow/example_dags/example_bash_operator.py for tasks to queue
[2022-05-28 01:21:51,259] {logging_mixin.py:115} INFO - [2022-05-28 01:21:51,259] {dagbag.py:507} INFO - Filling up the DagBag from /home/airflow/.local/lib/python3.7/site-packages/airflow/example_dags/example_bash_operator.py
[2022-05-28 01:21:51,267] {processor.py:651} INFO - DAG(s) dict_keys(['example_bash_operator']) retrieved from /home/airflow/.local/lib/python3.7/site-packages/airflow/example_dags/example_bash_operator.py
[2022-05-28 01:21:51,287] {logging_mixin.py:115} INFO - [2022-05-28 01:21:51,287] {dag.py:2379} INFO - Sync 1 DAGs
[2022-05-28 01:21:51,305] {logging_mixin.py:115} INFO - [2022-05-28 01:21:51,305] {dag.py:2927} INFO - Setting next_dagrun for example_bash_operator to 2022-05-27T00:00:00+00:00, run_after=2022-05-28T00:00:00+00:00
[2022-05-28 01:21:51,316] {processor.py:161} INFO - Processing /home/airflow/.local/lib/python3.7/site-packages/airflow/example_dags/example_bash_operator.py took 0.060 seconds
[2022-05-28 01:22:22,204] {processor.py:153} INFO - Started process (PID=244) to work on /home/airflow/.local/lib/python3.7/site-packages/airflow/example_dags/example_bash_operator.py
[2022-05-28 01:22:22,205] {processor.py:641} INFO - Processing file /home/airflow/.local/lib/python3.7/site-packages/airflow/example_dags/example_bash_operator.py for tasks to queue
[2022-05-28 01:22:22,205] {logging_mixin.py:115} INFO - [2022-05-28 01:22:22,205] {dagbag.py:507} INFO - Filling up the DagBag from /home/airflow/.local/lib/python3.7/site-packages/airflow/example_dags/example_bash_operator.py
[2022-05-28 01:22:22,214] {processor.py:651} INFO - DAG(s) dict_keys(['example_bash_operator']) retrieved from /home/airflow/.local/lib/python3.7/site-packages/airflow/example_dags/example_bash_operator.py
[2022-05-28 01:22:22,234] {logging_mixin.py:115} INFO - [2022-05-28 01:22:22,234] {dag.py:2379} INFO - Sync 1 DAGs
[2022-05-28 01:22:22,251] {logging_mixin.py:115} INFO - [2022-05-28 01:22:22,251] {dag.py:2927} INFO - Setting next_dagrun for example_bash_operator to 2022-05-27T00:00:00+00:00, run_after=2022-05-28T00:00:00+00:00
[2022-05-28 01:22:22,261] {processor.py:161} INFO - Processing /home/airflow/.local/lib/python3.7/site-packages/airflow/example_dags/example_bash_operator.py took 0.059 seconds
[2022-05-28 01:22:53,104] {processor.py:153} INFO - Started process (PID=299) to work on /home/airflow/.local/lib/python3.7/site-packages/airflow/example_dags/example_bash_operator.py
[2022-05-28 01:22:53,105] {processor.py:641} INFO - Processing file /home/airflow/.local/lib/python3.7/site-packages/airflow/example_dags/example_bash_operator.py for tasks to queue
[2022-05-28 01:22:53,106] {logging_mixin.py:115} INFO - [2022-05-28 01:22:53,106] {dagbag.py:507} INFO - Filling up the DagBag from /home/airflow/.local/lib/python3.7/site-packages/airflow/example_dags/example_bash_operator.py
[2022-05-28 01:22:53,115] {processor.py:651} INFO - DAG(s) dict_keys(['example_bash_operator']) retrieved from /home/airflow/.local/lib/python3.7/site-packages/airflow/example_dags/example_bash_operator.py
[2022-05-28 01:22:53,137] {logging_mixin.py:115} INFO - [2022-05-28 01:22:53,137] {dag.py:2379} INFO - Sync 1 DAGs
[2022-05-28 01:22:53,158] {logging_mixin.py:115} INFO - [2022-05-28 01:22:53,157] {dag.py:2927} INFO - Setting next_dagrun for example_bash_operator to 2022-05-27T00:00:00+00:00, run_after=2022-05-28T00:00:00+00:00
[2022-05-28 01:22:53,169] {processor.py:161} INFO - Processing /home/airflow/.local/lib/python3.7/site-packages/airflow/example_dags/example_bash_operator.py took 0.067 seconds
[2022-05-28 01:23:24,067] {processor.py:153} INFO - Started process (PID=360) to work on /home/airflow/.local/lib/python3.7/site-packages/airflow/example_dags/example_bash_operator.py
[2022-05-28 01:23:24,067] {processor.py:641} INFO - Processing file /home/airflow/.local/lib/python3.7/site-packages/airflow/example_dags/example_bash_operator.py for tasks to queue
[2022-05-28 01:23:24,068] {logging_mixin.py:115} INFO - [2022-05-28 01:23:24,068] {dagbag.py:507} INFO - Filling up the DagBag from /home/airflow/.local/lib/python3.7/site-packages/airflow/example_dags/example_bash_operator.py
[2022-05-28 01:23:24,077] {processor.py:651} INFO - DAG(s) dict_keys(['example_bash_operator']) retrieved from /home/airflow/.local/lib/python3.7/site-packages/airflow/example_dags/example_bash_operator.py
[2022-05-28 01:23:24,096] {logging_mixin.py:115} INFO - [2022-05-28 01:23:24,096] {dag.py:2379} INFO - Sync 1 DAGs
[2022-05-28 01:23:24,113] {logging_mixin.py:115} INFO - [2022-05-28 01:23:24,113] {dag.py:2927} INFO - Setting next_dagrun for example_bash_operator to 2022-05-27T00:00:00+00:00, run_after=2022-05-28T00:00:00+00:00
[2022-05-28 01:23:24,122] {processor.py:161} INFO - Processing /home/airflow/.local/lib/python3.7/site-packages/airflow/example_dags/example_bash_operator.py took 0.058 seconds
[2022-05-28 01:23:54,878] {processor.py:153} INFO - Started process (PID=421) to work on /home/airflow/.local/lib/python3.7/site-packages/airflow/example_dags/example_bash_operator.py
[2022-05-28 01:23:54,878] {processor.py:641} INFO - Processing file /home/airflow/.local/lib/python3.7/site-packages/airflow/example_dags/example_bash_operator.py for tasks to queue
[2022-05-28 01:23:54,879] {logging_mixin.py:115} INFO - [2022-05-28 01:23:54,879] {dagbag.py:507} INFO - Filling up the DagBag from /home/airflow/.local/lib/python3.7/site-packages/airflow/example_dags/example_bash_operator.py
[2022-05-28 01:23:54,887] {processor.py:651} INFO - DAG(s) dict_keys(['example_bash_operator']) retrieved from /home/airflow/.local/lib/python3.7/site-packages/airflow/example_dags/example_bash_operator.py
[2022-05-28 01:23:54,907] {logging_mixin.py:115} INFO - [2022-05-28 01:23:54,907] {dag.py:2379} INFO - Sync 1 DAGs
[2022-05-28 01:23:54,924] {logging_mixin.py:115} INFO - [2022-05-28 01:23:54,924] {dag.py:2927} INFO - Setting next_dagrun for example_bash_operator to 2022-05-27T00:00:00+00:00, run_after=2022-05-28T00:00:00+00:00
[2022-05-28 01:23:54,933] {processor.py:161} INFO - Processing /home/airflow/.local/lib/python3.7/site-packages/airflow/example_dags/example_bash_operator.py took 0.058 seconds
[2022-05-28 01:24:25,888] {processor.py:153} INFO - Started process (PID=483) to work on /home/airflow/.local/lib/python3.7/site-packages/airflow/example_dags/example_bash_operator.py
[2022-05-28 01:24:25,889] {processor.py:641} INFO - Processing file /home/airflow/.local/lib/python3.7/site-packages/airflow/example_dags/example_bash_operator.py for tasks to queue
[2022-05-28 01:24:25,890] {logging_mixin.py:115} INFO - [2022-05-28 01:24:25,889] {dagbag.py:507} INFO - Filling up the DagBag from /home/airflow/.local/lib/python3.7/site-packages/airflow/example_dags/example_bash_operator.py
[2022-05-28 01:24:25,899] {processor.py:651} INFO - DAG(s) dict_keys(['example_bash_operator']) retrieved from /home/airflow/.local/lib/python3.7/site-packages/airflow/example_dags/example_bash_operator.py
[2022-05-28 01:24:25,921] {logging_mixin.py:115} INFO - [2022-05-28 01:24:25,921] {dag.py:2379} INFO - Sync 1 DAGs
[2022-05-28 01:24:25,941] {logging_mixin.py:115} INFO - [2022-05-28 01:24:25,941] {dag.py:2927} INFO - Setting next_dagrun for example_bash_operator to 2022-05-27T00:00:00+00:00, run_after=2022-05-28T00:00:00+00:00
[2022-05-28 01:24:25,953] {processor.py:161} INFO - Processing /home/airflow/.local/lib/python3.7/site-packages/airflow/example_dags/example_bash_operator.py took 0.067 seconds
[2022-05-28 01:24:56,773] {processor.py:153} INFO - Started process (PID=535) to work on /home/airflow/.local/lib/python3.7/site-packages/airflow/example_dags/example_bash_operator.py
[2022-05-28 01:24:56,774] {processor.py:641} INFO - Processing file /home/airflow/.local/lib/python3.7/site-packages/airflow/example_dags/example_bash_operator.py for tasks to queue
[2022-05-28 01:24:56,774] {logging_mixin.py:115} INFO - [2022-05-28 01:24:56,774] {dagbag.py:507} INFO - Filling up the DagBag from /home/airflow/.local/lib/python3.7/site-packages/airflow/example_dags/example_bash_operator.py
[2022-05-28 01:24:56,783] {processor.py:651} INFO - DAG(s) dict_keys(['example_bash_operator']) retrieved from /home/airflow/.local/lib/python3.7/site-packages/airflow/example_dags/example_bash_operator.py
[2022-05-28 01:24:56,804] {logging_mixin.py:115} INFO - [2022-05-28 01:24:56,804] {dag.py:2379} INFO - Sync 1 DAGs
[2022-05-28 01:24:56,822] {logging_mixin.py:115} INFO - [2022-05-28 01:24:56,822] {dag.py:2927} INFO - Setting next_dagrun for example_bash_operator to 2022-05-27T00:00:00+00:00, run_after=2022-05-28T00:00:00+00:00
[2022-05-28 01:24:56,833] {processor.py:161} INFO - Processing /home/airflow/.local/lib/python3.7/site-packages/airflow/example_dags/example_bash_operator.py took 0.062 seconds
[2022-05-28 01:25:27,707] {processor.py:153} INFO - Started process (PID=596) to work on /home/airflow/.local/lib/python3.7/site-packages/airflow/example_dags/example_bash_operator.py
[2022-05-28 01:25:27,707] {processor.py:641} INFO - Processing file /home/airflow/.local/lib/python3.7/site-packages/airflow/example_dags/example_bash_operator.py for tasks to queue
[2022-05-28 01:25:27,708] {logging_mixin.py:115} INFO - [2022-05-28 01:25:27,708] {dagbag.py:507} INFO - Filling up the DagBag from /home/airflow/.local/lib/python3.7/site-packages/airflow/example_dags/example_bash_operator.py
[2022-05-28 01:25:27,716] {processor.py:651} INFO - DAG(s) dict_keys(['example_bash_operator']) retrieved from /home/airflow/.local/lib/python3.7/site-packages/airflow/example_dags/example_bash_operator.py
[2022-05-28 01:25:27,735] {logging_mixin.py:115} INFO - [2022-05-28 01:25:27,735] {dag.py:2379} INFO - Sync 1 DAGs
[2022-05-28 01:25:27,752] {logging_mixin.py:115} INFO - [2022-05-28 01:25:27,752] {dag.py:2927} INFO - Setting next_dagrun for example_bash_operator to 2022-05-27T00:00:00+00:00, run_after=2022-05-28T00:00:00+00:00
[2022-05-28 01:25:27,762] {processor.py:161} INFO - Processing /home/airflow/.local/lib/python3.7/site-packages/airflow/example_dags/example_bash_operator.py took 0.057 seconds
[2022-05-28 01:25:57,904] {processor.py:153} INFO - Started process (PID=657) to work on /home/airflow/.local/lib/python3.7/site-packages/airflow/example_dags/example_bash_operator.py
[2022-05-28 01:25:57,905] {processor.py:641} INFO - Processing file /home/airflow/.local/lib/python3.7/site-packages/airflow/example_dags/example_bash_operator.py for tasks to queue
[2022-05-28 01:25:57,905] {logging_mixin.py:115} INFO - [2022-05-28 01:25:57,905] {dagbag.py:507} INFO - Filling up the DagBag from /home/airflow/.local/lib/python3.7/site-packages/airflow/example_dags/example_bash_operator.py
[2022-05-28 01:25:57,913] {processor.py:651} INFO - DAG(s) dict_keys(['example_bash_operator']) retrieved from /home/airflow/.local/lib/python3.7/site-packages/airflow/example_dags/example_bash_operator.py
[2022-05-28 01:25:57,932] {logging_mixin.py:115} INFO - [2022-05-28 01:25:57,932] {dag.py:2379} INFO - Sync 1 DAGs
[2022-05-28 01:25:57,949] {logging_mixin.py:115} INFO - [2022-05-28 01:25:57,949] {dag.py:2927} INFO - Setting next_dagrun for example_bash_operator to 2022-05-27T00:00:00+00:00, run_after=2022-05-28T00:00:00+00:00
[2022-05-28 01:25:57,959] {processor.py:161} INFO - Processing /home/airflow/.local/lib/python3.7/site-packages/airflow/example_dags/example_bash_operator.py took 0.057 seconds
[2022-05-28 01:26:28,151] {processor.py:153} INFO - Started process (PID=718) to work on /home/airflow/.local/lib/python3.7/site-packages/airflow/example_dags/example_bash_operator.py
[2022-05-28 01:26:28,152] {processor.py:641} INFO - Processing file /home/airflow/.local/lib/python3.7/site-packages/airflow/example_dags/example_bash_operator.py for tasks to queue
[2022-05-28 01:26:28,152] {logging_mixin.py:115} INFO - [2022-05-28 01:26:28,152] {dagbag.py:507} INFO - Filling up the DagBag from /home/airflow/.local/lib/python3.7/site-packages/airflow/example_dags/example_bash_operator.py
[2022-05-28 01:26:28,161] {processor.py:651} INFO - DAG(s) dict_keys(['example_bash_operator']) retrieved from /home/airflow/.local/lib/python3.7/site-packages/airflow/example_dags/example_bash_operator.py
[2022-05-28 01:26:28,180] {logging_mixin.py:115} INFO - [2022-05-28 01:26:28,180] {dag.py:2379} INFO - Sync 1 DAGs
[2022-05-28 01:26:28,197] {logging_mixin.py:115} INFO - [2022-05-28 01:26:28,197] {dag.py:2927} INFO - Setting next_dagrun for example_bash_operator to 2022-05-27T00:00:00+00:00, run_after=2022-05-28T00:00:00+00:00
[2022-05-28 01:26:28,206] {processor.py:161} INFO - Processing /home/airflow/.local/lib/python3.7/site-packages/airflow/example_dags/example_bash_operator.py took 0.057 seconds
[2022-05-28 01:26:58,314] {processor.py:153} INFO - Started process (PID=770) to work on /home/airflow/.local/lib/python3.7/site-packages/airflow/example_dags/example_bash_operator.py
[2022-05-28 01:26:58,314] {processor.py:641} INFO - Processing file /home/airflow/.local/lib/python3.7/site-packages/airflow/example_dags/example_bash_operator.py for tasks to queue
[2022-05-28 01:26:58,315] {logging_mixin.py:115} INFO - [2022-05-28 01:26:58,315] {dagbag.py:507} INFO - Filling up the DagBag from /home/airflow/.local/lib/python3.7/site-packages/airflow/example_dags/example_bash_operator.py
[2022-05-28 01:26:58,323] {processor.py:651} INFO - DAG(s) dict_keys(['example_bash_operator']) retrieved from /home/airflow/.local/lib/python3.7/site-packages/airflow/example_dags/example_bash_operator.py
[2022-05-28 01:26:58,342] {logging_mixin.py:115} INFO - [2022-05-28 01:26:58,341] {dag.py:2379} INFO - Sync 1 DAGs
[2022-05-28 01:26:58,358] {logging_mixin.py:115} INFO - [2022-05-28 01:26:58,358] {dag.py:2927} INFO - Setting next_dagrun for example_bash_operator to 2022-05-27T00:00:00+00:00, run_after=2022-05-28T00:00:00+00:00
[2022-05-28 01:26:58,367] {processor.py:161} INFO - Processing /home/airflow/.local/lib/python3.7/site-packages/airflow/example_dags/example_bash_operator.py took 0.055 seconds
[2022-05-28 01:27:28,467] {processor.py:153} INFO - Started process (PID=831) to work on /home/airflow/.local/lib/python3.7/site-packages/airflow/example_dags/example_bash_operator.py
[2022-05-28 01:27:28,467] {processor.py:641} INFO - Processing file /home/airflow/.local/lib/python3.7/site-packages/airflow/example_dags/example_bash_operator.py for tasks to queue
[2022-05-28 01:27:28,468] {logging_mixin.py:115} INFO - [2022-05-28 01:27:28,468] {dagbag.py:507} INFO - Filling up the DagBag from /home/airflow/.local/lib/python3.7/site-packages/airflow/example_dags/example_bash_operator.py
[2022-05-28 01:27:28,476] {processor.py:651} INFO - DAG(s) dict_keys(['example_bash_operator']) retrieved from /home/airflow/.local/lib/python3.7/site-packages/airflow/example_dags/example_bash_operator.py
[2022-05-28 01:27:28,497] {logging_mixin.py:115} INFO - [2022-05-28 01:27:28,497] {dag.py:2379} INFO - Sync 1 DAGs
[2022-05-28 01:27:28,514] {logging_mixin.py:115} INFO - [2022-05-28 01:27:28,514] {dag.py:2927} INFO - Setting next_dagrun for example_bash_operator to 2022-05-27T00:00:00+00:00, run_after=2022-05-28T00:00:00+00:00
[2022-05-28 01:27:28,524] {processor.py:161} INFO - Processing /home/airflow/.local/lib/python3.7/site-packages/airflow/example_dags/example_bash_operator.py took 0.060 seconds
[2022-05-28 01:27:58,794] {processor.py:153} INFO - Started process (PID=892) to work on /home/airflow/.local/lib/python3.7/site-packages/airflow/example_dags/example_bash_operator.py
[2022-05-28 01:27:58,795] {processor.py:641} INFO - Processing file /home/airflow/.local/lib/python3.7/site-packages/airflow/example_dags/example_bash_operator.py for tasks to queue
[2022-05-28 01:27:58,795] {logging_mixin.py:115} INFO - [2022-05-28 01:27:58,795] {dagbag.py:507} INFO - Filling up the DagBag from /home/airflow/.local/lib/python3.7/site-packages/airflow/example_dags/example_bash_operator.py
[2022-05-28 01:27:58,806] {processor.py:651} INFO - DAG(s) dict_keys(['example_bash_operator']) retrieved from /home/airflow/.local/lib/python3.7/site-packages/airflow/example_dags/example_bash_operator.py
[2022-05-28 01:27:58,832] {logging_mixin.py:115} INFO - [2022-05-28 01:27:58,832] {dag.py:2379} INFO - Sync 1 DAGs
[2022-05-28 01:27:58,860] {logging_mixin.py:115} INFO - [2022-05-28 01:27:58,860] {dag.py:2927} INFO - Setting next_dagrun for example_bash_operator to 2022-05-27T00:00:00+00:00, run_after=2022-05-28T00:00:00+00:00
[2022-05-28 01:27:58,872] {processor.py:161} INFO - Processing /home/airflow/.local/lib/python3.7/site-packages/airflow/example_dags/example_bash_operator.py took 0.080 seconds
[2022-05-28 01:28:29,397] {processor.py:153} INFO - Started process (PID=944) to work on /home/airflow/.local/lib/python3.7/site-packages/airflow/example_dags/example_bash_operator.py
[2022-05-28 01:28:29,398] {processor.py:641} INFO - Processing file /home/airflow/.local/lib/python3.7/site-packages/airflow/example_dags/example_bash_operator.py for tasks to queue
[2022-05-28 01:28:29,398] {logging_mixin.py:115} INFO - [2022-05-28 01:28:29,398] {dagbag.py:507} INFO - Filling up the DagBag from /home/airflow/.local/lib/python3.7/site-packages/airflow/example_dags/example_bash_operator.py
[2022-05-28 01:28:29,407] {processor.py:651} INFO - DAG(s) dict_keys(['example_bash_operator']) retrieved from /home/airflow/.local/lib/python3.7/site-packages/airflow/example_dags/example_bash_operator.py
[2022-05-28 01:28:29,430] {logging_mixin.py:115} INFO - [2022-05-28 01:28:29,430] {dag.py:2379} INFO - Sync 1 DAGs
[2022-05-28 01:28:29,449] {logging_mixin.py:115} INFO - [2022-05-28 01:28:29,449] {dag.py:2927} INFO - Setting next_dagrun for example_bash_operator to 2022-05-27T00:00:00+00:00, run_after=2022-05-28T00:00:00+00:00
[2022-05-28 01:28:29,459] {processor.py:161} INFO - Processing /home/airflow/.local/lib/python3.7/site-packages/airflow/example_dags/example_bash_operator.py took 0.064 seconds
[2022-05-28 01:29:00,337] {processor.py:153} INFO - Started process (PID=1005) to work on /home/airflow/.local/lib/python3.7/site-packages/airflow/example_dags/example_bash_operator.py
[2022-05-28 01:29:00,338] {processor.py:641} INFO - Processing file /home/airflow/.local/lib/python3.7/site-packages/airflow/example_dags/example_bash_operator.py for tasks to queue
[2022-05-28 01:29:00,338] {logging_mixin.py:115} INFO - [2022-05-28 01:29:00,338] {dagbag.py:507} INFO - Filling up the DagBag from /home/airflow/.local/lib/python3.7/site-packages/airflow/example_dags/example_bash_operator.py
[2022-05-28 01:29:00,347] {processor.py:651} INFO - DAG(s) dict_keys(['example_bash_operator']) retrieved from /home/airflow/.local/lib/python3.7/site-packages/airflow/example_dags/example_bash_operator.py
[2022-05-28 01:29:00,367] {logging_mixin.py:115} INFO - [2022-05-28 01:29:00,367] {dag.py:2379} INFO - Sync 1 DAGs
[2022-05-28 01:29:00,384] {logging_mixin.py:115} INFO - [2022-05-28 01:29:00,384] {dag.py:2927} INFO - Setting next_dagrun for example_bash_operator to 2022-05-27T00:00:00+00:00, run_after=2022-05-28T00:00:00+00:00
[2022-05-28 01:29:00,393] {processor.py:161} INFO - Processing /home/airflow/.local/lib/python3.7/site-packages/airflow/example_dags/example_bash_operator.py took 0.058 seconds
[2022-05-28 01:29:31,263] {processor.py:153} INFO - Started process (PID=1066) to work on /home/airflow/.local/lib/python3.7/site-packages/airflow/example_dags/example_bash_operator.py
[2022-05-28 01:29:31,263] {processor.py:641} INFO - Processing file /home/airflow/.local/lib/python3.7/site-packages/airflow/example_dags/example_bash_operator.py for tasks to queue
[2022-05-28 01:29:31,264] {logging_mixin.py:115} INFO - [2022-05-28 01:29:31,264] {dagbag.py:507} INFO - Filling up the DagBag from /home/airflow/.local/lib/python3.7/site-packages/airflow/example_dags/example_bash_operator.py
[2022-05-28 01:29:31,272] {processor.py:651} INFO - DAG(s) dict_keys(['example_bash_operator']) retrieved from /home/airflow/.local/lib/python3.7/site-packages/airflow/example_dags/example_bash_operator.py
[2022-05-28 01:29:31,291] {logging_mixin.py:115} INFO - [2022-05-28 01:29:31,291] {dag.py:2379} INFO - Sync 1 DAGs
[2022-05-28 01:29:31,307] {logging_mixin.py:115} INFO - [2022-05-28 01:29:31,307] {dag.py:2927} INFO - Setting next_dagrun for example_bash_operator to 2022-05-27T00:00:00+00:00, run_after=2022-05-28T00:00:00+00:00
[2022-05-28 01:29:31,316] {processor.py:161} INFO - Processing /home/airflow/.local/lib/python3.7/site-packages/airflow/example_dags/example_bash_operator.py took 0.056 seconds
