[2022-05-28 01:02:27,536] {processor.py:153} INFO - Started process (PID=89) to work on /home/airflow/.local/lib/python3.7/site-packages/airflow/example_dags/example_python_operator.py
[2022-05-28 01:02:27,536] {processor.py:641} INFO - Processing file /home/airflow/.local/lib/python3.7/site-packages/airflow/example_dags/example_python_operator.py for tasks to queue
[2022-05-28 01:02:27,537] {logging_mixin.py:115} INFO - [2022-05-28 01:02:27,537] {dagbag.py:507} INFO - Filling up the DagBag from /home/airflow/.local/lib/python3.7/site-packages/airflow/example_dags/example_python_operator.py
[2022-05-28 01:02:27,551] {processor.py:651} INFO - DAG(s) dict_keys(['example_python_operator']) retrieved from /home/airflow/.local/lib/python3.7/site-packages/airflow/example_dags/example_python_operator.py
[2022-05-28 01:02:27,800] {logging_mixin.py:115} INFO - [2022-05-28 01:02:27,800] {manager.py:508} INFO - Created Permission View: can read on DAG:example_python_operator
[2022-05-28 01:02:27,808] {logging_mixin.py:115} INFO - [2022-05-28 01:02:27,808] {manager.py:508} INFO - Created Permission View: can delete on DAG:example_python_operator
[2022-05-28 01:02:27,814] {logging_mixin.py:115} INFO - [2022-05-28 01:02:27,814] {manager.py:508} INFO - Created Permission View: can edit on DAG:example_python_operator
[2022-05-28 01:02:27,814] {logging_mixin.py:115} INFO - [2022-05-28 01:02:27,814] {dag.py:2379} INFO - Sync 1 DAGs
[2022-05-28 01:02:27,821] {logging_mixin.py:115} INFO - [2022-05-28 01:02:27,821] {dag.py:2398} INFO - Creating ORM DAG for example_python_operator
[2022-05-28 01:02:27,831] {logging_mixin.py:115} INFO - [2022-05-28 01:02:27,831] {dag.py:2927} INFO - Setting next_dagrun for example_python_operator to None, run_after=None
[2022-05-28 01:02:27,845] {processor.py:161} INFO - Processing /home/airflow/.local/lib/python3.7/site-packages/airflow/example_dags/example_python_operator.py took 0.311 seconds
[2022-05-28 01:02:58,169] {processor.py:153} INFO - Started process (PID=141) to work on /home/airflow/.local/lib/python3.7/site-packages/airflow/example_dags/example_python_operator.py
[2022-05-28 01:02:58,170] {processor.py:641} INFO - Processing file /home/airflow/.local/lib/python3.7/site-packages/airflow/example_dags/example_python_operator.py for tasks to queue
[2022-05-28 01:02:58,170] {logging_mixin.py:115} INFO - [2022-05-28 01:02:58,170] {dagbag.py:507} INFO - Filling up the DagBag from /home/airflow/.local/lib/python3.7/site-packages/airflow/example_dags/example_python_operator.py
[2022-05-28 01:02:58,185] {processor.py:651} INFO - DAG(s) dict_keys(['example_python_operator']) retrieved from /home/airflow/.local/lib/python3.7/site-packages/airflow/example_dags/example_python_operator.py
[2022-05-28 01:02:58,205] {logging_mixin.py:115} INFO - [2022-05-28 01:02:58,205] {dag.py:2379} INFO - Sync 1 DAGs
[2022-05-28 01:02:58,223] {logging_mixin.py:115} INFO - [2022-05-28 01:02:58,223] {dag.py:2927} INFO - Setting next_dagrun for example_python_operator to None, run_after=None
[2022-05-28 01:02:58,233] {processor.py:161} INFO - Processing /home/airflow/.local/lib/python3.7/site-packages/airflow/example_dags/example_python_operator.py took 0.067 seconds
[2022-05-28 01:03:29,088] {processor.py:153} INFO - Started process (PID=202) to work on /home/airflow/.local/lib/python3.7/site-packages/airflow/example_dags/example_python_operator.py
[2022-05-28 01:03:29,089] {processor.py:641} INFO - Processing file /home/airflow/.local/lib/python3.7/site-packages/airflow/example_dags/example_python_operator.py for tasks to queue
[2022-05-28 01:03:29,089] {logging_mixin.py:115} INFO - [2022-05-28 01:03:29,089] {dagbag.py:507} INFO - Filling up the DagBag from /home/airflow/.local/lib/python3.7/site-packages/airflow/example_dags/example_python_operator.py
[2022-05-28 01:03:29,103] {processor.py:651} INFO - DAG(s) dict_keys(['example_python_operator']) retrieved from /home/airflow/.local/lib/python3.7/site-packages/airflow/example_dags/example_python_operator.py
[2022-05-28 01:03:29,122] {logging_mixin.py:115} INFO - [2022-05-28 01:03:29,122] {dag.py:2379} INFO - Sync 1 DAGs
[2022-05-28 01:03:29,141] {logging_mixin.py:115} INFO - [2022-05-28 01:03:29,140] {dag.py:2927} INFO - Setting next_dagrun for example_python_operator to None, run_after=None
[2022-05-28 01:03:29,149] {processor.py:161} INFO - Processing /home/airflow/.local/lib/python3.7/site-packages/airflow/example_dags/example_python_operator.py took 0.063 seconds
[2022-05-28 01:03:59,166] {processor.py:153} INFO - Started process (PID=262) to work on /home/airflow/.local/lib/python3.7/site-packages/airflow/example_dags/example_python_operator.py
[2022-05-28 01:03:59,167] {processor.py:641} INFO - Processing file /home/airflow/.local/lib/python3.7/site-packages/airflow/example_dags/example_python_operator.py for tasks to queue
[2022-05-28 01:03:59,167] {logging_mixin.py:115} INFO - [2022-05-28 01:03:59,167] {dagbag.py:507} INFO - Filling up the DagBag from /home/airflow/.local/lib/python3.7/site-packages/airflow/example_dags/example_python_operator.py
[2022-05-28 01:03:59,181] {processor.py:651} INFO - DAG(s) dict_keys(['example_python_operator']) retrieved from /home/airflow/.local/lib/python3.7/site-packages/airflow/example_dags/example_python_operator.py
[2022-05-28 01:03:59,204] {logging_mixin.py:115} INFO - [2022-05-28 01:03:59,204] {dag.py:2379} INFO - Sync 1 DAGs
[2022-05-28 01:03:59,226] {logging_mixin.py:115} INFO - [2022-05-28 01:03:59,226] {dag.py:2927} INFO - Setting next_dagrun for example_python_operator to None, run_after=None
[2022-05-28 01:03:59,235] {processor.py:161} INFO - Processing /home/airflow/.local/lib/python3.7/site-packages/airflow/example_dags/example_python_operator.py took 0.071 seconds
[2022-05-28 01:04:30,273] {processor.py:153} INFO - Started process (PID=324) to work on /home/airflow/.local/lib/python3.7/site-packages/airflow/example_dags/example_python_operator.py
[2022-05-28 01:04:30,274] {processor.py:641} INFO - Processing file /home/airflow/.local/lib/python3.7/site-packages/airflow/example_dags/example_python_operator.py for tasks to queue
[2022-05-28 01:04:30,274] {logging_mixin.py:115} INFO - [2022-05-28 01:04:30,274] {dagbag.py:507} INFO - Filling up the DagBag from /home/airflow/.local/lib/python3.7/site-packages/airflow/example_dags/example_python_operator.py
[2022-05-28 01:04:30,288] {processor.py:651} INFO - DAG(s) dict_keys(['example_python_operator']) retrieved from /home/airflow/.local/lib/python3.7/site-packages/airflow/example_dags/example_python_operator.py
[2022-05-28 01:04:30,307] {logging_mixin.py:115} INFO - [2022-05-28 01:04:30,307] {dag.py:2379} INFO - Sync 1 DAGs
[2022-05-28 01:04:30,326] {logging_mixin.py:115} INFO - [2022-05-28 01:04:30,326] {dag.py:2927} INFO - Setting next_dagrun for example_python_operator to None, run_after=None
[2022-05-28 01:04:30,334] {processor.py:161} INFO - Processing /home/airflow/.local/lib/python3.7/site-packages/airflow/example_dags/example_python_operator.py took 0.063 seconds
[2022-05-28 01:05:01,032] {processor.py:153} INFO - Started process (PID=376) to work on /home/airflow/.local/lib/python3.7/site-packages/airflow/example_dags/example_python_operator.py
[2022-05-28 01:05:01,033] {processor.py:641} INFO - Processing file /home/airflow/.local/lib/python3.7/site-packages/airflow/example_dags/example_python_operator.py for tasks to queue
[2022-05-28 01:05:01,033] {logging_mixin.py:115} INFO - [2022-05-28 01:05:01,033] {dagbag.py:507} INFO - Filling up the DagBag from /home/airflow/.local/lib/python3.7/site-packages/airflow/example_dags/example_python_operator.py
[2022-05-28 01:05:01,047] {processor.py:651} INFO - DAG(s) dict_keys(['example_python_operator']) retrieved from /home/airflow/.local/lib/python3.7/site-packages/airflow/example_dags/example_python_operator.py
[2022-05-28 01:05:01,069] {logging_mixin.py:115} INFO - [2022-05-28 01:05:01,069] {dag.py:2379} INFO - Sync 1 DAGs
[2022-05-28 01:05:01,089] {logging_mixin.py:115} INFO - [2022-05-28 01:05:01,089] {dag.py:2927} INFO - Setting next_dagrun for example_python_operator to None, run_after=None
[2022-05-28 01:05:01,099] {processor.py:161} INFO - Processing /home/airflow/.local/lib/python3.7/site-packages/airflow/example_dags/example_python_operator.py took 0.069 seconds
[2022-05-28 01:05:31,972] {processor.py:153} INFO - Started process (PID=437) to work on /home/airflow/.local/lib/python3.7/site-packages/airflow/example_dags/example_python_operator.py
[2022-05-28 01:05:31,973] {processor.py:641} INFO - Processing file /home/airflow/.local/lib/python3.7/site-packages/airflow/example_dags/example_python_operator.py for tasks to queue
[2022-05-28 01:05:31,974] {logging_mixin.py:115} INFO - [2022-05-28 01:05:31,973] {dagbag.py:507} INFO - Filling up the DagBag from /home/airflow/.local/lib/python3.7/site-packages/airflow/example_dags/example_python_operator.py
[2022-05-28 01:05:31,989] {processor.py:651} INFO - DAG(s) dict_keys(['example_python_operator']) retrieved from /home/airflow/.local/lib/python3.7/site-packages/airflow/example_dags/example_python_operator.py
[2022-05-28 01:05:32,013] {logging_mixin.py:115} INFO - [2022-05-28 01:05:32,013] {dag.py:2379} INFO - Sync 1 DAGs
[2022-05-28 01:05:32,031] {logging_mixin.py:115} INFO - [2022-05-28 01:05:32,031] {dag.py:2927} INFO - Setting next_dagrun for example_python_operator to None, run_after=None
[2022-05-28 01:05:32,039] {processor.py:161} INFO - Processing /home/airflow/.local/lib/python3.7/site-packages/airflow/example_dags/example_python_operator.py took 0.070 seconds
[2022-05-28 01:06:02,703] {processor.py:153} INFO - Started process (PID=498) to work on /home/airflow/.local/lib/python3.7/site-packages/airflow/example_dags/example_python_operator.py
[2022-05-28 01:06:02,704] {processor.py:641} INFO - Processing file /home/airflow/.local/lib/python3.7/site-packages/airflow/example_dags/example_python_operator.py for tasks to queue
[2022-05-28 01:06:02,705] {logging_mixin.py:115} INFO - [2022-05-28 01:06:02,704] {dagbag.py:507} INFO - Filling up the DagBag from /home/airflow/.local/lib/python3.7/site-packages/airflow/example_dags/example_python_operator.py
[2022-05-28 01:06:02,720] {processor.py:651} INFO - DAG(s) dict_keys(['example_python_operator']) retrieved from /home/airflow/.local/lib/python3.7/site-packages/airflow/example_dags/example_python_operator.py
[2022-05-28 01:06:02,742] {logging_mixin.py:115} INFO - [2022-05-28 01:06:02,742] {dag.py:2379} INFO - Sync 1 DAGs
[2022-05-28 01:06:02,765] {logging_mixin.py:115} INFO - [2022-05-28 01:06:02,765] {dag.py:2927} INFO - Setting next_dagrun for example_python_operator to None, run_after=None
[2022-05-28 01:06:02,774] {processor.py:161} INFO - Processing /home/airflow/.local/lib/python3.7/site-packages/airflow/example_dags/example_python_operator.py took 0.074 seconds
[2022-05-28 01:06:33,549] {processor.py:153} INFO - Started process (PID=559) to work on /home/airflow/.local/lib/python3.7/site-packages/airflow/example_dags/example_python_operator.py
[2022-05-28 01:06:33,550] {processor.py:641} INFO - Processing file /home/airflow/.local/lib/python3.7/site-packages/airflow/example_dags/example_python_operator.py for tasks to queue
[2022-05-28 01:06:33,550] {logging_mixin.py:115} INFO - [2022-05-28 01:06:33,550] {dagbag.py:507} INFO - Filling up the DagBag from /home/airflow/.local/lib/python3.7/site-packages/airflow/example_dags/example_python_operator.py
[2022-05-28 01:06:33,563] {processor.py:651} INFO - DAG(s) dict_keys(['example_python_operator']) retrieved from /home/airflow/.local/lib/python3.7/site-packages/airflow/example_dags/example_python_operator.py
[2022-05-28 01:06:33,582] {logging_mixin.py:115} INFO - [2022-05-28 01:06:33,582] {dag.py:2379} INFO - Sync 1 DAGs
[2022-05-28 01:06:33,602] {logging_mixin.py:115} INFO - [2022-05-28 01:06:33,602] {dag.py:2927} INFO - Setting next_dagrun for example_python_operator to None, run_after=None
[2022-05-28 01:06:33,611] {processor.py:161} INFO - Processing /home/airflow/.local/lib/python3.7/site-packages/airflow/example_dags/example_python_operator.py took 0.064 seconds
[2022-05-28 01:07:04,303] {processor.py:153} INFO - Started process (PID=611) to work on /home/airflow/.local/lib/python3.7/site-packages/airflow/example_dags/example_python_operator.py
[2022-05-28 01:07:04,304] {processor.py:641} INFO - Processing file /home/airflow/.local/lib/python3.7/site-packages/airflow/example_dags/example_python_operator.py for tasks to queue
[2022-05-28 01:07:04,304] {logging_mixin.py:115} INFO - [2022-05-28 01:07:04,304] {dagbag.py:507} INFO - Filling up the DagBag from /home/airflow/.local/lib/python3.7/site-packages/airflow/example_dags/example_python_operator.py
[2022-05-28 01:07:04,318] {processor.py:651} INFO - DAG(s) dict_keys(['example_python_operator']) retrieved from /home/airflow/.local/lib/python3.7/site-packages/airflow/example_dags/example_python_operator.py
[2022-05-28 01:07:04,340] {logging_mixin.py:115} INFO - [2022-05-28 01:07:04,339] {dag.py:2379} INFO - Sync 1 DAGs
[2022-05-28 01:07:04,363] {logging_mixin.py:115} INFO - [2022-05-28 01:07:04,362] {dag.py:2927} INFO - Setting next_dagrun for example_python_operator to None, run_after=None
[2022-05-28 01:07:04,374] {processor.py:161} INFO - Processing /home/airflow/.local/lib/python3.7/site-packages/airflow/example_dags/example_python_operator.py took 0.074 seconds
[2022-05-28 01:07:35,512] {processor.py:153} INFO - Started process (PID=672) to work on /home/airflow/.local/lib/python3.7/site-packages/airflow/example_dags/example_python_operator.py
[2022-05-28 01:07:35,512] {processor.py:641} INFO - Processing file /home/airflow/.local/lib/python3.7/site-packages/airflow/example_dags/example_python_operator.py for tasks to queue
[2022-05-28 01:07:35,513] {logging_mixin.py:115} INFO - [2022-05-28 01:07:35,513] {dagbag.py:507} INFO - Filling up the DagBag from /home/airflow/.local/lib/python3.7/site-packages/airflow/example_dags/example_python_operator.py
[2022-05-28 01:07:35,528] {processor.py:651} INFO - DAG(s) dict_keys(['example_python_operator']) retrieved from /home/airflow/.local/lib/python3.7/site-packages/airflow/example_dags/example_python_operator.py
[2022-05-28 01:07:35,550] {logging_mixin.py:115} INFO - [2022-05-28 01:07:35,550] {dag.py:2379} INFO - Sync 1 DAGs
[2022-05-28 01:07:35,578] {logging_mixin.py:115} INFO - [2022-05-28 01:07:35,578] {dag.py:2927} INFO - Setting next_dagrun for example_python_operator to None, run_after=None
[2022-05-28 01:07:35,719] {processor.py:161} INFO - Processing /home/airflow/.local/lib/python3.7/site-packages/airflow/example_dags/example_python_operator.py took 0.210 seconds
