[2022-05-28 01:02:26,098] {processor.py:153} INFO - Started process (PID=72) to work on /home/airflow/.local/lib/python3.7/site-packages/airflow/example_dags/example_dag_decorator.py
[2022-05-28 01:02:26,099] {processor.py:641} INFO - Processing file /home/airflow/.local/lib/python3.7/site-packages/airflow/example_dags/example_dag_decorator.py for tasks to queue
[2022-05-28 01:02:26,099] {logging_mixin.py:115} INFO - [2022-05-28 01:02:26,099] {dagbag.py:507} INFO - Filling up the DagBag from /home/airflow/.local/lib/python3.7/site-packages/airflow/example_dags/example_dag_decorator.py
[2022-05-28 01:02:26,121] {processor.py:651} INFO - DAG(s) dict_keys(['example_dag_decorator']) retrieved from /home/airflow/.local/lib/python3.7/site-packages/airflow/example_dags/example_dag_decorator.py
[2022-05-28 01:02:26,293] {logging_mixin.py:115} INFO - [2022-05-28 01:02:26,293] {manager.py:508} INFO - Created Permission View: can read on DAG:example_dag_decorator
[2022-05-28 01:02:26,300] {logging_mixin.py:115} INFO - [2022-05-28 01:02:26,300] {manager.py:508} INFO - Created Permission View: can delete on DAG:example_dag_decorator
[2022-05-28 01:02:26,305] {logging_mixin.py:115} INFO - [2022-05-28 01:02:26,305] {manager.py:508} INFO - Created Permission View: can edit on DAG:example_dag_decorator
[2022-05-28 01:02:26,305] {logging_mixin.py:115} INFO - [2022-05-28 01:02:26,305] {dag.py:2379} INFO - Sync 1 DAGs
[2022-05-28 01:02:26,311] {logging_mixin.py:115} INFO - [2022-05-28 01:02:26,311] {dag.py:2398} INFO - Creating ORM DAG for example_dag_decorator
[2022-05-28 01:02:26,320] {logging_mixin.py:115} INFO - [2022-05-28 01:02:26,320] {dag.py:2927} INFO - Setting next_dagrun for example_dag_decorator to None, run_after=None
[2022-05-28 01:02:26,330] {processor.py:161} INFO - Processing /home/airflow/.local/lib/python3.7/site-packages/airflow/example_dags/example_dag_decorator.py took 0.234 seconds
[2022-05-28 01:02:56,686] {processor.py:153} INFO - Started process (PID=133) to work on /home/airflow/.local/lib/python3.7/site-packages/airflow/example_dags/example_dag_decorator.py
[2022-05-28 01:02:56,686] {processor.py:641} INFO - Processing file /home/airflow/.local/lib/python3.7/site-packages/airflow/example_dags/example_dag_decorator.py for tasks to queue
[2022-05-28 01:02:56,687] {logging_mixin.py:115} INFO - [2022-05-28 01:02:56,687] {dagbag.py:507} INFO - Filling up the DagBag from /home/airflow/.local/lib/python3.7/site-packages/airflow/example_dags/example_dag_decorator.py
[2022-05-28 01:02:56,703] {processor.py:651} INFO - DAG(s) dict_keys(['example_dag_decorator']) retrieved from /home/airflow/.local/lib/python3.7/site-packages/airflow/example_dags/example_dag_decorator.py
[2022-05-28 01:02:56,858] {logging_mixin.py:115} INFO - [2022-05-28 01:02:56,858] {dag.py:2379} INFO - Sync 1 DAGs
[2022-05-28 01:02:56,873] {logging_mixin.py:115} INFO - [2022-05-28 01:02:56,873] {dag.py:2927} INFO - Setting next_dagrun for example_dag_decorator to None, run_after=None
[2022-05-28 01:02:56,883] {processor.py:161} INFO - Processing /home/airflow/.local/lib/python3.7/site-packages/airflow/example_dags/example_dag_decorator.py took 0.199 seconds
[2022-05-28 01:03:27,683] {processor.py:153} INFO - Started process (PID=194) to work on /home/airflow/.local/lib/python3.7/site-packages/airflow/example_dags/example_dag_decorator.py
[2022-05-28 01:03:27,684] {processor.py:641} INFO - Processing file /home/airflow/.local/lib/python3.7/site-packages/airflow/example_dags/example_dag_decorator.py for tasks to queue
[2022-05-28 01:03:27,684] {logging_mixin.py:115} INFO - [2022-05-28 01:03:27,684] {dagbag.py:507} INFO - Filling up the DagBag from /home/airflow/.local/lib/python3.7/site-packages/airflow/example_dags/example_dag_decorator.py
[2022-05-28 01:03:27,702] {processor.py:651} INFO - DAG(s) dict_keys(['example_dag_decorator']) retrieved from /home/airflow/.local/lib/python3.7/site-packages/airflow/example_dags/example_dag_decorator.py
[2022-05-28 01:03:27,855] {logging_mixin.py:115} INFO - [2022-05-28 01:03:27,855] {dag.py:2379} INFO - Sync 1 DAGs
[2022-05-28 01:03:27,870] {logging_mixin.py:115} INFO - [2022-05-28 01:03:27,870] {dag.py:2927} INFO - Setting next_dagrun for example_dag_decorator to None, run_after=None
[2022-05-28 01:03:27,879] {processor.py:161} INFO - Processing /home/airflow/.local/lib/python3.7/site-packages/airflow/example_dags/example_dag_decorator.py took 0.198 seconds
[2022-05-28 01:03:58,755] {processor.py:153} INFO - Started process (PID=255) to work on /home/airflow/.local/lib/python3.7/site-packages/airflow/example_dags/example_dag_decorator.py
[2022-05-28 01:03:58,756] {processor.py:641} INFO - Processing file /home/airflow/.local/lib/python3.7/site-packages/airflow/example_dags/example_dag_decorator.py for tasks to queue
[2022-05-28 01:03:58,756] {logging_mixin.py:115} INFO - [2022-05-28 01:03:58,756] {dagbag.py:507} INFO - Filling up the DagBag from /home/airflow/.local/lib/python3.7/site-packages/airflow/example_dags/example_dag_decorator.py
[2022-05-28 01:03:58,774] {processor.py:651} INFO - DAG(s) dict_keys(['example_dag_decorator']) retrieved from /home/airflow/.local/lib/python3.7/site-packages/airflow/example_dags/example_dag_decorator.py
[2022-05-28 01:03:58,970] {logging_mixin.py:115} INFO - [2022-05-28 01:03:58,970] {dag.py:2379} INFO - Sync 1 DAGs
[2022-05-28 01:03:58,985] {logging_mixin.py:115} INFO - [2022-05-28 01:03:58,985] {dag.py:2927} INFO - Setting next_dagrun for example_dag_decorator to None, run_after=None
[2022-05-28 01:03:58,995] {processor.py:161} INFO - Processing /home/airflow/.local/lib/python3.7/site-packages/airflow/example_dags/example_dag_decorator.py took 0.242 seconds
[2022-05-28 01:04:29,866] {processor.py:153} INFO - Started process (PID=315) to work on /home/airflow/.local/lib/python3.7/site-packages/airflow/example_dags/example_dag_decorator.py
[2022-05-28 01:04:29,867] {processor.py:641} INFO - Processing file /home/airflow/.local/lib/python3.7/site-packages/airflow/example_dags/example_dag_decorator.py for tasks to queue
[2022-05-28 01:04:29,867] {logging_mixin.py:115} INFO - [2022-05-28 01:04:29,867] {dagbag.py:507} INFO - Filling up the DagBag from /home/airflow/.local/lib/python3.7/site-packages/airflow/example_dags/example_dag_decorator.py
[2022-05-28 01:04:29,885] {processor.py:651} INFO - DAG(s) dict_keys(['example_dag_decorator']) retrieved from /home/airflow/.local/lib/python3.7/site-packages/airflow/example_dags/example_dag_decorator.py
[2022-05-28 01:04:30,077] {logging_mixin.py:115} INFO - [2022-05-28 01:04:30,077] {dag.py:2379} INFO - Sync 1 DAGs
[2022-05-28 01:04:30,091] {logging_mixin.py:115} INFO - [2022-05-28 01:04:30,091] {dag.py:2927} INFO - Setting next_dagrun for example_dag_decorator to None, run_after=None
[2022-05-28 01:04:30,103] {processor.py:161} INFO - Processing /home/airflow/.local/lib/python3.7/site-packages/airflow/example_dags/example_dag_decorator.py took 0.239 seconds
[2022-05-28 01:05:00,642] {processor.py:153} INFO - Started process (PID=369) to work on /home/airflow/.local/lib/python3.7/site-packages/airflow/example_dags/example_dag_decorator.py
[2022-05-28 01:05:00,642] {processor.py:641} INFO - Processing file /home/airflow/.local/lib/python3.7/site-packages/airflow/example_dags/example_dag_decorator.py for tasks to queue
[2022-05-28 01:05:00,643] {logging_mixin.py:115} INFO - [2022-05-28 01:05:00,643] {dagbag.py:507} INFO - Filling up the DagBag from /home/airflow/.local/lib/python3.7/site-packages/airflow/example_dags/example_dag_decorator.py
[2022-05-28 01:05:00,662] {processor.py:651} INFO - DAG(s) dict_keys(['example_dag_decorator']) retrieved from /home/airflow/.local/lib/python3.7/site-packages/airflow/example_dags/example_dag_decorator.py
[2022-05-28 01:05:00,853] {logging_mixin.py:115} INFO - [2022-05-28 01:05:00,853] {dag.py:2379} INFO - Sync 1 DAGs
[2022-05-28 01:05:00,869] {logging_mixin.py:115} INFO - [2022-05-28 01:05:00,869] {dag.py:2927} INFO - Setting next_dagrun for example_dag_decorator to None, run_after=None
[2022-05-28 01:05:00,879] {processor.py:161} INFO - Processing /home/airflow/.local/lib/python3.7/site-packages/airflow/example_dags/example_dag_decorator.py took 0.240 seconds
[2022-05-28 01:05:31,587] {processor.py:153} INFO - Started process (PID=430) to work on /home/airflow/.local/lib/python3.7/site-packages/airflow/example_dags/example_dag_decorator.py
[2022-05-28 01:05:31,588] {processor.py:641} INFO - Processing file /home/airflow/.local/lib/python3.7/site-packages/airflow/example_dags/example_dag_decorator.py for tasks to queue
[2022-05-28 01:05:31,588] {logging_mixin.py:115} INFO - [2022-05-28 01:05:31,588] {dagbag.py:507} INFO - Filling up the DagBag from /home/airflow/.local/lib/python3.7/site-packages/airflow/example_dags/example_dag_decorator.py
[2022-05-28 01:05:31,606] {processor.py:651} INFO - DAG(s) dict_keys(['example_dag_decorator']) retrieved from /home/airflow/.local/lib/python3.7/site-packages/airflow/example_dags/example_dag_decorator.py
[2022-05-28 01:05:31,774] {logging_mixin.py:115} INFO - [2022-05-28 01:05:31,774] {dag.py:2379} INFO - Sync 1 DAGs
[2022-05-28 01:05:31,790] {logging_mixin.py:115} INFO - [2022-05-28 01:05:31,790] {dag.py:2927} INFO - Setting next_dagrun for example_dag_decorator to None, run_after=None
[2022-05-28 01:05:31,801] {processor.py:161} INFO - Processing /home/airflow/.local/lib/python3.7/site-packages/airflow/example_dags/example_dag_decorator.py took 0.217 seconds
[2022-05-28 01:06:02,339] {processor.py:153} INFO - Started process (PID=491) to work on /home/airflow/.local/lib/python3.7/site-packages/airflow/example_dags/example_dag_decorator.py
[2022-05-28 01:06:02,340] {processor.py:641} INFO - Processing file /home/airflow/.local/lib/python3.7/site-packages/airflow/example_dags/example_dag_decorator.py for tasks to queue
[2022-05-28 01:06:02,340] {logging_mixin.py:115} INFO - [2022-05-28 01:06:02,340] {dagbag.py:507} INFO - Filling up the DagBag from /home/airflow/.local/lib/python3.7/site-packages/airflow/example_dags/example_dag_decorator.py
[2022-05-28 01:06:02,359] {processor.py:651} INFO - DAG(s) dict_keys(['example_dag_decorator']) retrieved from /home/airflow/.local/lib/python3.7/site-packages/airflow/example_dags/example_dag_decorator.py
[2022-05-28 01:06:02,379] {logging_mixin.py:115} INFO - [2022-05-28 01:06:02,379] {dag.py:2379} INFO - Sync 1 DAGs
[2022-05-28 01:06:02,513] {logging_mixin.py:115} INFO - [2022-05-28 01:06:02,513] {dag.py:2927} INFO - Setting next_dagrun for example_dag_decorator to None, run_after=None
[2022-05-28 01:06:02,522] {processor.py:161} INFO - Processing /home/airflow/.local/lib/python3.7/site-packages/airflow/example_dags/example_dag_decorator.py took 0.185 seconds
[2022-05-28 01:06:33,114] {processor.py:153} INFO - Started process (PID=552) to work on /home/airflow/.local/lib/python3.7/site-packages/airflow/example_dags/example_dag_decorator.py
[2022-05-28 01:06:33,115] {processor.py:641} INFO - Processing file /home/airflow/.local/lib/python3.7/site-packages/airflow/example_dags/example_dag_decorator.py for tasks to queue
[2022-05-28 01:06:33,115] {logging_mixin.py:115} INFO - [2022-05-28 01:06:33,115] {dagbag.py:507} INFO - Filling up the DagBag from /home/airflow/.local/lib/python3.7/site-packages/airflow/example_dags/example_dag_decorator.py
[2022-05-28 01:06:33,133] {processor.py:651} INFO - DAG(s) dict_keys(['example_dag_decorator']) retrieved from /home/airflow/.local/lib/python3.7/site-packages/airflow/example_dags/example_dag_decorator.py
[2022-05-28 01:06:33,343] {logging_mixin.py:115} INFO - [2022-05-28 01:06:33,343] {dag.py:2379} INFO - Sync 1 DAGs
[2022-05-28 01:06:33,359] {logging_mixin.py:115} INFO - [2022-05-28 01:06:33,359] {dag.py:2927} INFO - Setting next_dagrun for example_dag_decorator to None, run_after=None
[2022-05-28 01:06:33,372] {processor.py:161} INFO - Processing /home/airflow/.local/lib/python3.7/site-packages/airflow/example_dags/example_dag_decorator.py took 0.260 seconds
[2022-05-28 01:07:03,880] {processor.py:153} INFO - Started process (PID=604) to work on /home/airflow/.local/lib/python3.7/site-packages/airflow/example_dags/example_dag_decorator.py
[2022-05-28 01:07:03,881] {processor.py:641} INFO - Processing file /home/airflow/.local/lib/python3.7/site-packages/airflow/example_dags/example_dag_decorator.py for tasks to queue
[2022-05-28 01:07:03,881] {logging_mixin.py:115} INFO - [2022-05-28 01:07:03,881] {dagbag.py:507} INFO - Filling up the DagBag from /home/airflow/.local/lib/python3.7/site-packages/airflow/example_dags/example_dag_decorator.py
[2022-05-28 01:07:03,899] {processor.py:651} INFO - DAG(s) dict_keys(['example_dag_decorator']) retrieved from /home/airflow/.local/lib/python3.7/site-packages/airflow/example_dags/example_dag_decorator.py
[2022-05-28 01:07:04,092] {logging_mixin.py:115} INFO - [2022-05-28 01:07:04,092] {dag.py:2379} INFO - Sync 1 DAGs
[2022-05-28 01:07:04,108] {logging_mixin.py:115} INFO - [2022-05-28 01:07:04,108] {dag.py:2927} INFO - Setting next_dagrun for example_dag_decorator to None, run_after=None
[2022-05-28 01:07:04,119] {processor.py:161} INFO - Processing /home/airflow/.local/lib/python3.7/site-packages/airflow/example_dags/example_dag_decorator.py took 0.242 seconds
[2022-05-28 01:07:35,100] {processor.py:153} INFO - Started process (PID=665) to work on /home/airflow/.local/lib/python3.7/site-packages/airflow/example_dags/example_dag_decorator.py
[2022-05-28 01:07:35,101] {processor.py:641} INFO - Processing file /home/airflow/.local/lib/python3.7/site-packages/airflow/example_dags/example_dag_decorator.py for tasks to queue
[2022-05-28 01:07:35,101] {logging_mixin.py:115} INFO - [2022-05-28 01:07:35,101] {dagbag.py:507} INFO - Filling up the DagBag from /home/airflow/.local/lib/python3.7/site-packages/airflow/example_dags/example_dag_decorator.py
[2022-05-28 01:07:35,119] {processor.py:651} INFO - DAG(s) dict_keys(['example_dag_decorator']) retrieved from /home/airflow/.local/lib/python3.7/site-packages/airflow/example_dags/example_dag_decorator.py
[2022-05-28 01:07:35,311] {logging_mixin.py:115} INFO - [2022-05-28 01:07:35,310] {dag.py:2379} INFO - Sync 1 DAGs
[2022-05-28 01:07:35,325] {logging_mixin.py:115} INFO - [2022-05-28 01:07:35,325] {dag.py:2927} INFO - Setting next_dagrun for example_dag_decorator to None, run_after=None
[2022-05-28 01:07:35,334] {processor.py:161} INFO - Processing /home/airflow/.local/lib/python3.7/site-packages/airflow/example_dags/example_dag_decorator.py took 0.237 seconds
