[2022-05-28 01:02:26,346] {processor.py:153} INFO - Started process (PID=74) to work on /home/airflow/.local/lib/python3.7/site-packages/airflow/example_dags/example_kubernetes_executor.py
[2022-05-28 01:02:26,347] {processor.py:641} INFO - Processing file /home/airflow/.local/lib/python3.7/site-packages/airflow/example_dags/example_kubernetes_executor.py for tasks to queue
[2022-05-28 01:02:26,347] {logging_mixin.py:115} INFO - [2022-05-28 01:02:26,347] {dagbag.py:507} INFO - Filling up the DagBag from /home/airflow/.local/lib/python3.7/site-packages/airflow/example_dags/example_kubernetes_executor.py
[2022-05-28 01:02:26,365] {processor.py:651} INFO - DAG(s) dict_keys(['example_kubernetes_executor']) retrieved from /home/airflow/.local/lib/python3.7/site-packages/airflow/example_dags/example_kubernetes_executor.py
[2022-05-28 01:02:26,559] {logging_mixin.py:115} INFO - [2022-05-28 01:02:26,559] {manager.py:508} INFO - Created Permission View: can read on DAG:example_kubernetes_executor
[2022-05-28 01:02:26,569] {logging_mixin.py:115} INFO - [2022-05-28 01:02:26,568] {manager.py:508} INFO - Created Permission View: can delete on DAG:example_kubernetes_executor
[2022-05-28 01:02:26,574] {logging_mixin.py:115} INFO - [2022-05-28 01:02:26,574] {manager.py:508} INFO - Created Permission View: can edit on DAG:example_kubernetes_executor
[2022-05-28 01:02:26,575] {logging_mixin.py:115} INFO - [2022-05-28 01:02:26,575] {dag.py:2379} INFO - Sync 1 DAGs
[2022-05-28 01:02:26,581] {logging_mixin.py:115} INFO - [2022-05-28 01:02:26,581] {dag.py:2398} INFO - Creating ORM DAG for example_kubernetes_executor
[2022-05-28 01:02:26,590] {logging_mixin.py:115} INFO - [2022-05-28 01:02:26,590] {dag.py:2927} INFO - Setting next_dagrun for example_kubernetes_executor to None, run_after=None
[2022-05-28 01:02:26,601] {processor.py:161} INFO - Processing /home/airflow/.local/lib/python3.7/site-packages/airflow/example_dags/example_kubernetes_executor.py took 0.256 seconds
[2022-05-28 01:02:56,904] {processor.py:153} INFO - Started process (PID=135) to work on /home/airflow/.local/lib/python3.7/site-packages/airflow/example_dags/example_kubernetes_executor.py
[2022-05-28 01:02:56,904] {processor.py:641} INFO - Processing file /home/airflow/.local/lib/python3.7/site-packages/airflow/example_dags/example_kubernetes_executor.py for tasks to queue
[2022-05-28 01:02:56,904] {logging_mixin.py:115} INFO - [2022-05-28 01:02:56,904] {dagbag.py:507} INFO - Filling up the DagBag from /home/airflow/.local/lib/python3.7/site-packages/airflow/example_dags/example_kubernetes_executor.py
[2022-05-28 01:02:56,922] {processor.py:651} INFO - DAG(s) dict_keys(['example_kubernetes_executor']) retrieved from /home/airflow/.local/lib/python3.7/site-packages/airflow/example_dags/example_kubernetes_executor.py
[2022-05-28 01:02:56,944] {logging_mixin.py:115} INFO - [2022-05-28 01:02:56,944] {dag.py:2379} INFO - Sync 1 DAGs
[2022-05-28 01:02:56,962] {logging_mixin.py:115} INFO - [2022-05-28 01:02:56,962] {dag.py:2927} INFO - Setting next_dagrun for example_kubernetes_executor to None, run_after=None
[2022-05-28 01:02:57,071] {processor.py:161} INFO - Processing /home/airflow/.local/lib/python3.7/site-packages/airflow/example_dags/example_kubernetes_executor.py took 0.169 seconds
[2022-05-28 01:03:27,756] {processor.py:153} INFO - Started process (PID=196) to work on /home/airflow/.local/lib/python3.7/site-packages/airflow/example_dags/example_kubernetes_executor.py
[2022-05-28 01:03:27,757] {processor.py:641} INFO - Processing file /home/airflow/.local/lib/python3.7/site-packages/airflow/example_dags/example_kubernetes_executor.py for tasks to queue
[2022-05-28 01:03:27,757] {logging_mixin.py:115} INFO - [2022-05-28 01:03:27,757] {dagbag.py:507} INFO - Filling up the DagBag from /home/airflow/.local/lib/python3.7/site-packages/airflow/example_dags/example_kubernetes_executor.py
[2022-05-28 01:03:27,775] {processor.py:651} INFO - DAG(s) dict_keys(['example_kubernetes_executor']) retrieved from /home/airflow/.local/lib/python3.7/site-packages/airflow/example_dags/example_kubernetes_executor.py
[2022-05-28 01:03:27,797] {logging_mixin.py:115} INFO - [2022-05-28 01:03:27,797] {dag.py:2379} INFO - Sync 1 DAGs
[2022-05-28 01:03:27,816] {logging_mixin.py:115} INFO - [2022-05-28 01:03:27,816] {dag.py:2927} INFO - Setting next_dagrun for example_kubernetes_executor to None, run_after=None
[2022-05-28 01:03:27,931] {processor.py:161} INFO - Processing /home/airflow/.local/lib/python3.7/site-packages/airflow/example_dags/example_kubernetes_executor.py took 0.177 seconds
[2022-05-28 01:03:58,844] {processor.py:153} INFO - Started process (PID=257) to work on /home/airflow/.local/lib/python3.7/site-packages/airflow/example_dags/example_kubernetes_executor.py
[2022-05-28 01:03:58,845] {processor.py:641} INFO - Processing file /home/airflow/.local/lib/python3.7/site-packages/airflow/example_dags/example_kubernetes_executor.py for tasks to queue
[2022-05-28 01:03:58,845] {logging_mixin.py:115} INFO - [2022-05-28 01:03:58,845] {dagbag.py:507} INFO - Filling up the DagBag from /home/airflow/.local/lib/python3.7/site-packages/airflow/example_dags/example_kubernetes_executor.py
[2022-05-28 01:03:58,862] {processor.py:651} INFO - DAG(s) dict_keys(['example_kubernetes_executor']) retrieved from /home/airflow/.local/lib/python3.7/site-packages/airflow/example_dags/example_kubernetes_executor.py
[2022-05-28 01:03:58,883] {logging_mixin.py:115} INFO - [2022-05-28 01:03:58,883] {dag.py:2379} INFO - Sync 1 DAGs
[2022-05-28 01:03:58,901] {logging_mixin.py:115} INFO - [2022-05-28 01:03:58,901] {dag.py:2927} INFO - Setting next_dagrun for example_kubernetes_executor to None, run_after=None
[2022-05-28 01:03:59,050] {processor.py:161} INFO - Processing /home/airflow/.local/lib/python3.7/site-packages/airflow/example_dags/example_kubernetes_executor.py took 0.208 seconds
[2022-05-28 01:04:29,871] {processor.py:153} INFO - Started process (PID=316) to work on /home/airflow/.local/lib/python3.7/site-packages/airflow/example_dags/example_kubernetes_executor.py
[2022-05-28 01:04:29,871] {processor.py:641} INFO - Processing file /home/airflow/.local/lib/python3.7/site-packages/airflow/example_dags/example_kubernetes_executor.py for tasks to queue
[2022-05-28 01:04:29,872] {logging_mixin.py:115} INFO - [2022-05-28 01:04:29,871] {dagbag.py:507} INFO - Filling up the DagBag from /home/airflow/.local/lib/python3.7/site-packages/airflow/example_dags/example_kubernetes_executor.py
[2022-05-28 01:04:29,889] {processor.py:651} INFO - DAG(s) dict_keys(['example_kubernetes_executor']) retrieved from /home/airflow/.local/lib/python3.7/site-packages/airflow/example_dags/example_kubernetes_executor.py
[2022-05-28 01:04:29,909] {logging_mixin.py:115} INFO - [2022-05-28 01:04:29,909] {dag.py:2379} INFO - Sync 1 DAGs
[2022-05-28 01:04:29,927] {logging_mixin.py:115} INFO - [2022-05-28 01:04:29,927] {dag.py:2927} INFO - Setting next_dagrun for example_kubernetes_executor to None, run_after=None
[2022-05-28 01:04:30,058] {processor.py:161} INFO - Processing /home/airflow/.local/lib/python3.7/site-packages/airflow/example_dags/example_kubernetes_executor.py took 0.190 seconds
[2022-05-28 01:05:00,646] {processor.py:153} INFO - Started process (PID=370) to work on /home/airflow/.local/lib/python3.7/site-packages/airflow/example_dags/example_kubernetes_executor.py
[2022-05-28 01:05:00,647] {processor.py:641} INFO - Processing file /home/airflow/.local/lib/python3.7/site-packages/airflow/example_dags/example_kubernetes_executor.py for tasks to queue
[2022-05-28 01:05:00,647] {logging_mixin.py:115} INFO - [2022-05-28 01:05:00,647] {dagbag.py:507} INFO - Filling up the DagBag from /home/airflow/.local/lib/python3.7/site-packages/airflow/example_dags/example_kubernetes_executor.py
[2022-05-28 01:05:00,667] {processor.py:651} INFO - DAG(s) dict_keys(['example_kubernetes_executor']) retrieved from /home/airflow/.local/lib/python3.7/site-packages/airflow/example_dags/example_kubernetes_executor.py
[2022-05-28 01:05:00,696] {logging_mixin.py:115} INFO - [2022-05-28 01:05:00,696] {dag.py:2379} INFO - Sync 1 DAGs
[2022-05-28 01:05:00,723] {logging_mixin.py:115} INFO - [2022-05-28 01:05:00,723] {dag.py:2927} INFO - Setting next_dagrun for example_kubernetes_executor to None, run_after=None
[2022-05-28 01:05:00,852] {processor.py:161} INFO - Processing /home/airflow/.local/lib/python3.7/site-packages/airflow/example_dags/example_kubernetes_executor.py took 0.209 seconds
[2022-05-28 01:05:31,591] {processor.py:153} INFO - Started process (PID=431) to work on /home/airflow/.local/lib/python3.7/site-packages/airflow/example_dags/example_kubernetes_executor.py
[2022-05-28 01:05:31,592] {processor.py:641} INFO - Processing file /home/airflow/.local/lib/python3.7/site-packages/airflow/example_dags/example_kubernetes_executor.py for tasks to queue
[2022-05-28 01:05:31,592] {logging_mixin.py:115} INFO - [2022-05-28 01:05:31,592] {dagbag.py:507} INFO - Filling up the DagBag from /home/airflow/.local/lib/python3.7/site-packages/airflow/example_dags/example_kubernetes_executor.py
[2022-05-28 01:05:31,610] {processor.py:651} INFO - DAG(s) dict_keys(['example_kubernetes_executor']) retrieved from /home/airflow/.local/lib/python3.7/site-packages/airflow/example_dags/example_kubernetes_executor.py
[2022-05-28 01:05:31,630] {logging_mixin.py:115} INFO - [2022-05-28 01:05:31,630] {dag.py:2379} INFO - Sync 1 DAGs
[2022-05-28 01:05:31,648] {logging_mixin.py:115} INFO - [2022-05-28 01:05:31,648] {dag.py:2927} INFO - Setting next_dagrun for example_kubernetes_executor to None, run_after=None
[2022-05-28 01:05:31,780] {processor.py:161} INFO - Processing /home/airflow/.local/lib/python3.7/site-packages/airflow/example_dags/example_kubernetes_executor.py took 0.192 seconds
[2022-05-28 01:06:02,343] {processor.py:153} INFO - Started process (PID=492) to work on /home/airflow/.local/lib/python3.7/site-packages/airflow/example_dags/example_kubernetes_executor.py
[2022-05-28 01:06:02,344] {processor.py:641} INFO - Processing file /home/airflow/.local/lib/python3.7/site-packages/airflow/example_dags/example_kubernetes_executor.py for tasks to queue
[2022-05-28 01:06:02,344] {logging_mixin.py:115} INFO - [2022-05-28 01:06:02,344] {dagbag.py:507} INFO - Filling up the DagBag from /home/airflow/.local/lib/python3.7/site-packages/airflow/example_dags/example_kubernetes_executor.py
[2022-05-28 01:06:02,362] {processor.py:651} INFO - DAG(s) dict_keys(['example_kubernetes_executor']) retrieved from /home/airflow/.local/lib/python3.7/site-packages/airflow/example_dags/example_kubernetes_executor.py
[2022-05-28 01:06:02,384] {logging_mixin.py:115} INFO - [2022-05-28 01:06:02,384] {dag.py:2379} INFO - Sync 1 DAGs
[2022-05-28 01:06:02,403] {logging_mixin.py:115} INFO - [2022-05-28 01:06:02,403] {dag.py:2927} INFO - Setting next_dagrun for example_kubernetes_executor to None, run_after=None
[2022-05-28 01:06:02,535] {processor.py:161} INFO - Processing /home/airflow/.local/lib/python3.7/site-packages/airflow/example_dags/example_kubernetes_executor.py took 0.194 seconds
[2022-05-28 01:06:33,119] {processor.py:153} INFO - Started process (PID=553) to work on /home/airflow/.local/lib/python3.7/site-packages/airflow/example_dags/example_kubernetes_executor.py
[2022-05-28 01:06:33,119] {processor.py:641} INFO - Processing file /home/airflow/.local/lib/python3.7/site-packages/airflow/example_dags/example_kubernetes_executor.py for tasks to queue
[2022-05-28 01:06:33,120] {logging_mixin.py:115} INFO - [2022-05-28 01:06:33,119] {dagbag.py:507} INFO - Filling up the DagBag from /home/airflow/.local/lib/python3.7/site-packages/airflow/example_dags/example_kubernetes_executor.py
[2022-05-28 01:06:33,137] {processor.py:651} INFO - DAG(s) dict_keys(['example_kubernetes_executor']) retrieved from /home/airflow/.local/lib/python3.7/site-packages/airflow/example_dags/example_kubernetes_executor.py
[2022-05-28 01:06:33,160] {logging_mixin.py:115} INFO - [2022-05-28 01:06:33,160] {dag.py:2379} INFO - Sync 1 DAGs
[2022-05-28 01:06:33,183] {logging_mixin.py:115} INFO - [2022-05-28 01:06:33,183] {dag.py:2927} INFO - Setting next_dagrun for example_kubernetes_executor to None, run_after=None
[2022-05-28 01:06:33,345] {processor.py:161} INFO - Processing /home/airflow/.local/lib/python3.7/site-packages/airflow/example_dags/example_kubernetes_executor.py took 0.229 seconds
[2022-05-28 01:07:03,884] {processor.py:153} INFO - Started process (PID=605) to work on /home/airflow/.local/lib/python3.7/site-packages/airflow/example_dags/example_kubernetes_executor.py
[2022-05-28 01:07:03,885] {processor.py:641} INFO - Processing file /home/airflow/.local/lib/python3.7/site-packages/airflow/example_dags/example_kubernetes_executor.py for tasks to queue
[2022-05-28 01:07:03,885] {logging_mixin.py:115} INFO - [2022-05-28 01:07:03,885] {dagbag.py:507} INFO - Filling up the DagBag from /home/airflow/.local/lib/python3.7/site-packages/airflow/example_dags/example_kubernetes_executor.py
[2022-05-28 01:07:03,902] {processor.py:651} INFO - DAG(s) dict_keys(['example_kubernetes_executor']) retrieved from /home/airflow/.local/lib/python3.7/site-packages/airflow/example_dags/example_kubernetes_executor.py
[2022-05-28 01:07:03,921] {logging_mixin.py:115} INFO - [2022-05-28 01:07:03,921] {dag.py:2379} INFO - Sync 1 DAGs
[2022-05-28 01:07:03,939] {logging_mixin.py:115} INFO - [2022-05-28 01:07:03,938] {dag.py:2927} INFO - Setting next_dagrun for example_kubernetes_executor to None, run_after=None
[2022-05-28 01:07:04,086] {processor.py:161} INFO - Processing /home/airflow/.local/lib/python3.7/site-packages/airflow/example_dags/example_kubernetes_executor.py took 0.204 seconds
[2022-05-28 01:07:35,143] {processor.py:153} INFO - Started process (PID=666) to work on /home/airflow/.local/lib/python3.7/site-packages/airflow/example_dags/example_kubernetes_executor.py
[2022-05-28 01:07:35,143] {processor.py:641} INFO - Processing file /home/airflow/.local/lib/python3.7/site-packages/airflow/example_dags/example_kubernetes_executor.py for tasks to queue
[2022-05-28 01:07:35,144] {logging_mixin.py:115} INFO - [2022-05-28 01:07:35,144] {dagbag.py:507} INFO - Filling up the DagBag from /home/airflow/.local/lib/python3.7/site-packages/airflow/example_dags/example_kubernetes_executor.py
[2022-05-28 01:07:35,161] {processor.py:651} INFO - DAG(s) dict_keys(['example_kubernetes_executor']) retrieved from /home/airflow/.local/lib/python3.7/site-packages/airflow/example_dags/example_kubernetes_executor.py
[2022-05-28 01:07:35,182] {logging_mixin.py:115} INFO - [2022-05-28 01:07:35,181] {dag.py:2379} INFO - Sync 1 DAGs
[2022-05-28 01:07:35,318] {logging_mixin.py:115} INFO - [2022-05-28 01:07:35,318] {dag.py:2927} INFO - Setting next_dagrun for example_kubernetes_executor to None, run_after=None
[2022-05-28 01:07:35,326] {processor.py:161} INFO - Processing /home/airflow/.local/lib/python3.7/site-packages/airflow/example_dags/example_kubernetes_executor.py took 0.186 seconds
[2022-05-28 01:08:05,408] {processor.py:153} INFO - Started process (PID=727) to work on /home/airflow/.local/lib/python3.7/site-packages/airflow/example_dags/example_kubernetes_executor.py
[2022-05-28 01:08:05,409] {processor.py:641} INFO - Processing file /home/airflow/.local/lib/python3.7/site-packages/airflow/example_dags/example_kubernetes_executor.py for tasks to queue
[2022-05-28 01:08:05,409] {logging_mixin.py:115} INFO - [2022-05-28 01:08:05,409] {dagbag.py:507} INFO - Filling up the DagBag from /home/airflow/.local/lib/python3.7/site-packages/airflow/example_dags/example_kubernetes_executor.py
[2022-05-28 01:08:05,426] {processor.py:651} INFO - DAG(s) dict_keys(['example_kubernetes_executor']) retrieved from /home/airflow/.local/lib/python3.7/site-packages/airflow/example_dags/example_kubernetes_executor.py
[2022-05-28 01:08:05,449] {logging_mixin.py:115} INFO - [2022-05-28 01:08:05,449] {dag.py:2379} INFO - Sync 1 DAGs
[2022-05-28 01:08:05,587] {logging_mixin.py:115} INFO - [2022-05-28 01:08:05,587] {dag.py:2927} INFO - Setting next_dagrun for example_kubernetes_executor to None, run_after=None
[2022-05-28 01:08:05,597] {processor.py:161} INFO - Processing /home/airflow/.local/lib/python3.7/site-packages/airflow/example_dags/example_kubernetes_executor.py took 0.192 seconds
[2022-05-28 01:08:35,634] {processor.py:153} INFO - Started process (PID=787) to work on /home/airflow/.local/lib/python3.7/site-packages/airflow/example_dags/example_kubernetes_executor.py
[2022-05-28 01:08:35,634] {processor.py:641} INFO - Processing file /home/airflow/.local/lib/python3.7/site-packages/airflow/example_dags/example_kubernetes_executor.py for tasks to queue
[2022-05-28 01:08:35,635] {logging_mixin.py:115} INFO - [2022-05-28 01:08:35,635] {dagbag.py:507} INFO - Filling up the DagBag from /home/airflow/.local/lib/python3.7/site-packages/airflow/example_dags/example_kubernetes_executor.py
[2022-05-28 01:08:35,652] {processor.py:651} INFO - DAG(s) dict_keys(['example_kubernetes_executor']) retrieved from /home/airflow/.local/lib/python3.7/site-packages/airflow/example_dags/example_kubernetes_executor.py
[2022-05-28 01:08:35,674] {logging_mixin.py:115} INFO - [2022-05-28 01:08:35,674] {dag.py:2379} INFO - Sync 1 DAGs
[2022-05-28 01:08:35,811] {logging_mixin.py:115} INFO - [2022-05-28 01:08:35,810] {dag.py:2927} INFO - Setting next_dagrun for example_kubernetes_executor to None, run_after=None
[2022-05-28 01:08:35,820] {processor.py:161} INFO - Processing /home/airflow/.local/lib/python3.7/site-packages/airflow/example_dags/example_kubernetes_executor.py took 0.189 seconds
[2022-05-28 01:09:05,907] {processor.py:153} INFO - Started process (PID=839) to work on /home/airflow/.local/lib/python3.7/site-packages/airflow/example_dags/example_kubernetes_executor.py
[2022-05-28 01:09:05,908] {processor.py:641} INFO - Processing file /home/airflow/.local/lib/python3.7/site-packages/airflow/example_dags/example_kubernetes_executor.py for tasks to queue
[2022-05-28 01:09:05,908] {logging_mixin.py:115} INFO - [2022-05-28 01:09:05,908] {dagbag.py:507} INFO - Filling up the DagBag from /home/airflow/.local/lib/python3.7/site-packages/airflow/example_dags/example_kubernetes_executor.py
[2022-05-28 01:09:05,926] {processor.py:651} INFO - DAG(s) dict_keys(['example_kubernetes_executor']) retrieved from /home/airflow/.local/lib/python3.7/site-packages/airflow/example_dags/example_kubernetes_executor.py
[2022-05-28 01:09:05,945] {logging_mixin.py:115} INFO - [2022-05-28 01:09:05,945] {dag.py:2379} INFO - Sync 1 DAGs
[2022-05-28 01:09:06,083] {logging_mixin.py:115} INFO - [2022-05-28 01:09:06,083] {dag.py:2927} INFO - Setting next_dagrun for example_kubernetes_executor to None, run_after=None
[2022-05-28 01:09:06,091] {processor.py:161} INFO - Processing /home/airflow/.local/lib/python3.7/site-packages/airflow/example_dags/example_kubernetes_executor.py took 0.187 seconds
[2022-05-28 01:09:36,123] {processor.py:153} INFO - Started process (PID=901) to work on /home/airflow/.local/lib/python3.7/site-packages/airflow/example_dags/example_kubernetes_executor.py
[2022-05-28 01:09:36,124] {processor.py:641} INFO - Processing file /home/airflow/.local/lib/python3.7/site-packages/airflow/example_dags/example_kubernetes_executor.py for tasks to queue
[2022-05-28 01:09:36,124] {logging_mixin.py:115} INFO - [2022-05-28 01:09:36,124] {dagbag.py:507} INFO - Filling up the DagBag from /home/airflow/.local/lib/python3.7/site-packages/airflow/example_dags/example_kubernetes_executor.py
[2022-05-28 01:09:36,141] {processor.py:651} INFO - DAG(s) dict_keys(['example_kubernetes_executor']) retrieved from /home/airflow/.local/lib/python3.7/site-packages/airflow/example_dags/example_kubernetes_executor.py
[2022-05-28 01:09:36,161] {logging_mixin.py:115} INFO - [2022-05-28 01:09:36,161] {dag.py:2379} INFO - Sync 1 DAGs
[2022-05-28 01:09:36,275] {logging_mixin.py:115} INFO - [2022-05-28 01:09:36,274] {dag.py:2927} INFO - Setting next_dagrun for example_kubernetes_executor to None, run_after=None
[2022-05-28 01:09:36,283] {processor.py:161} INFO - Processing /home/airflow/.local/lib/python3.7/site-packages/airflow/example_dags/example_kubernetes_executor.py took 0.161 seconds
[2022-05-28 01:10:06,398] {processor.py:153} INFO - Started process (PID=962) to work on /home/airflow/.local/lib/python3.7/site-packages/airflow/example_dags/example_kubernetes_executor.py
[2022-05-28 01:10:06,399] {processor.py:641} INFO - Processing file /home/airflow/.local/lib/python3.7/site-packages/airflow/example_dags/example_kubernetes_executor.py for tasks to queue
[2022-05-28 01:10:06,399] {logging_mixin.py:115} INFO - [2022-05-28 01:10:06,399] {dagbag.py:507} INFO - Filling up the DagBag from /home/airflow/.local/lib/python3.7/site-packages/airflow/example_dags/example_kubernetes_executor.py
[2022-05-28 01:10:06,416] {processor.py:651} INFO - DAG(s) dict_keys(['example_kubernetes_executor']) retrieved from /home/airflow/.local/lib/python3.7/site-packages/airflow/example_dags/example_kubernetes_executor.py
[2022-05-28 01:10:06,436] {logging_mixin.py:115} INFO - [2022-05-28 01:10:06,435] {dag.py:2379} INFO - Sync 1 DAGs
[2022-05-28 01:10:06,569] {logging_mixin.py:115} INFO - [2022-05-28 01:10:06,568] {dag.py:2927} INFO - Setting next_dagrun for example_kubernetes_executor to None, run_after=None
[2022-05-28 01:10:06,579] {processor.py:161} INFO - Processing /home/airflow/.local/lib/python3.7/site-packages/airflow/example_dags/example_kubernetes_executor.py took 0.183 seconds
[2022-05-28 01:10:36,600] {processor.py:153} INFO - Started process (PID=1014) to work on /home/airflow/.local/lib/python3.7/site-packages/airflow/example_dags/example_kubernetes_executor.py
[2022-05-28 01:10:36,600] {processor.py:641} INFO - Processing file /home/airflow/.local/lib/python3.7/site-packages/airflow/example_dags/example_kubernetes_executor.py for tasks to queue
[2022-05-28 01:10:36,601] {logging_mixin.py:115} INFO - [2022-05-28 01:10:36,601] {dagbag.py:507} INFO - Filling up the DagBag from /home/airflow/.local/lib/python3.7/site-packages/airflow/example_dags/example_kubernetes_executor.py
[2022-05-28 01:10:36,617] {processor.py:651} INFO - DAG(s) dict_keys(['example_kubernetes_executor']) retrieved from /home/airflow/.local/lib/python3.7/site-packages/airflow/example_dags/example_kubernetes_executor.py
[2022-05-28 01:10:36,639] {logging_mixin.py:115} INFO - [2022-05-28 01:10:36,638] {dag.py:2379} INFO - Sync 1 DAGs
[2022-05-28 01:10:36,788] {logging_mixin.py:115} INFO - [2022-05-28 01:10:36,788] {dag.py:2927} INFO - Setting next_dagrun for example_kubernetes_executor to None, run_after=None
[2022-05-28 01:10:36,796] {processor.py:161} INFO - Processing /home/airflow/.local/lib/python3.7/site-packages/airflow/example_dags/example_kubernetes_executor.py took 0.199 seconds
[2022-05-28 01:11:07,018] {processor.py:153} INFO - Started process (PID=1075) to work on /home/airflow/.local/lib/python3.7/site-packages/airflow/example_dags/example_kubernetes_executor.py
[2022-05-28 01:11:07,019] {processor.py:641} INFO - Processing file /home/airflow/.local/lib/python3.7/site-packages/airflow/example_dags/example_kubernetes_executor.py for tasks to queue
[2022-05-28 01:11:07,020] {logging_mixin.py:115} INFO - [2022-05-28 01:11:07,020] {dagbag.py:507} INFO - Filling up the DagBag from /home/airflow/.local/lib/python3.7/site-packages/airflow/example_dags/example_kubernetes_executor.py
[2022-05-28 01:11:07,037] {processor.py:651} INFO - DAG(s) dict_keys(['example_kubernetes_executor']) retrieved from /home/airflow/.local/lib/python3.7/site-packages/airflow/example_dags/example_kubernetes_executor.py
[2022-05-28 01:11:07,058] {logging_mixin.py:115} INFO - [2022-05-28 01:11:07,058] {dag.py:2379} INFO - Sync 1 DAGs
[2022-05-28 01:11:07,194] {logging_mixin.py:115} INFO - [2022-05-28 01:11:07,194] {dag.py:2927} INFO - Setting next_dagrun for example_kubernetes_executor to None, run_after=None
[2022-05-28 01:11:07,203] {processor.py:161} INFO - Processing /home/airflow/.local/lib/python3.7/site-packages/airflow/example_dags/example_kubernetes_executor.py took 0.187 seconds
[2022-05-28 01:11:37,545] {processor.py:153} INFO - Started process (PID=1137) to work on /home/airflow/.local/lib/python3.7/site-packages/airflow/example_dags/example_kubernetes_executor.py
[2022-05-28 01:11:37,546] {processor.py:641} INFO - Processing file /home/airflow/.local/lib/python3.7/site-packages/airflow/example_dags/example_kubernetes_executor.py for tasks to queue
[2022-05-28 01:11:37,546] {logging_mixin.py:115} INFO - [2022-05-28 01:11:37,546] {dagbag.py:507} INFO - Filling up the DagBag from /home/airflow/.local/lib/python3.7/site-packages/airflow/example_dags/example_kubernetes_executor.py
[2022-05-28 01:11:37,566] {processor.py:651} INFO - DAG(s) dict_keys(['example_kubernetes_executor']) retrieved from /home/airflow/.local/lib/python3.7/site-packages/airflow/example_dags/example_kubernetes_executor.py
[2022-05-28 01:11:37,586] {logging_mixin.py:115} INFO - [2022-05-28 01:11:37,586] {dag.py:2379} INFO - Sync 1 DAGs
[2022-05-28 01:11:37,729] {logging_mixin.py:115} INFO - [2022-05-28 01:11:37,729] {dag.py:2927} INFO - Setting next_dagrun for example_kubernetes_executor to None, run_after=None
[2022-05-28 01:11:37,738] {processor.py:161} INFO - Processing /home/airflow/.local/lib/python3.7/site-packages/airflow/example_dags/example_kubernetes_executor.py took 0.196 seconds
[2022-05-28 01:12:07,966] {processor.py:153} INFO - Started process (PID=1198) to work on /home/airflow/.local/lib/python3.7/site-packages/airflow/example_dags/example_kubernetes_executor.py
[2022-05-28 01:12:07,966] {processor.py:641} INFO - Processing file /home/airflow/.local/lib/python3.7/site-packages/airflow/example_dags/example_kubernetes_executor.py for tasks to queue
[2022-05-28 01:12:07,967] {logging_mixin.py:115} INFO - [2022-05-28 01:12:07,967] {dagbag.py:507} INFO - Filling up the DagBag from /home/airflow/.local/lib/python3.7/site-packages/airflow/example_dags/example_kubernetes_executor.py
[2022-05-28 01:12:07,985] {processor.py:651} INFO - DAG(s) dict_keys(['example_kubernetes_executor']) retrieved from /home/airflow/.local/lib/python3.7/site-packages/airflow/example_dags/example_kubernetes_executor.py
[2022-05-28 01:12:08,017] {logging_mixin.py:115} INFO - [2022-05-28 01:12:08,016] {dag.py:2379} INFO - Sync 1 DAGs
[2022-05-28 01:12:08,172] {logging_mixin.py:115} INFO - [2022-05-28 01:12:08,172] {dag.py:2927} INFO - Setting next_dagrun for example_kubernetes_executor to None, run_after=None
[2022-05-28 01:12:08,181] {processor.py:161} INFO - Processing /home/airflow/.local/lib/python3.7/site-packages/airflow/example_dags/example_kubernetes_executor.py took 0.218 seconds
[2022-05-28 01:12:38,212] {processor.py:153} INFO - Started process (PID=1249) to work on /home/airflow/.local/lib/python3.7/site-packages/airflow/example_dags/example_kubernetes_executor.py
[2022-05-28 01:12:38,213] {processor.py:641} INFO - Processing file /home/airflow/.local/lib/python3.7/site-packages/airflow/example_dags/example_kubernetes_executor.py for tasks to queue
[2022-05-28 01:12:38,214] {logging_mixin.py:115} INFO - [2022-05-28 01:12:38,213] {dagbag.py:507} INFO - Filling up the DagBag from /home/airflow/.local/lib/python3.7/site-packages/airflow/example_dags/example_kubernetes_executor.py
[2022-05-28 01:12:38,231] {processor.py:651} INFO - DAG(s) dict_keys(['example_kubernetes_executor']) retrieved from /home/airflow/.local/lib/python3.7/site-packages/airflow/example_dags/example_kubernetes_executor.py
[2022-05-28 01:12:38,252] {logging_mixin.py:115} INFO - [2022-05-28 01:12:38,252] {dag.py:2379} INFO - Sync 1 DAGs
[2022-05-28 01:12:38,383] {logging_mixin.py:115} INFO - [2022-05-28 01:12:38,383] {dag.py:2927} INFO - Setting next_dagrun for example_kubernetes_executor to None, run_after=None
[2022-05-28 01:12:38,394] {processor.py:161} INFO - Processing /home/airflow/.local/lib/python3.7/site-packages/airflow/example_dags/example_kubernetes_executor.py took 0.184 seconds
[2022-05-28 01:13:08,492] {processor.py:153} INFO - Started process (PID=1310) to work on /home/airflow/.local/lib/python3.7/site-packages/airflow/example_dags/example_kubernetes_executor.py
[2022-05-28 01:13:08,493] {processor.py:641} INFO - Processing file /home/airflow/.local/lib/python3.7/site-packages/airflow/example_dags/example_kubernetes_executor.py for tasks to queue
[2022-05-28 01:13:08,493] {logging_mixin.py:115} INFO - [2022-05-28 01:13:08,493] {dagbag.py:507} INFO - Filling up the DagBag from /home/airflow/.local/lib/python3.7/site-packages/airflow/example_dags/example_kubernetes_executor.py
[2022-05-28 01:13:08,512] {processor.py:651} INFO - DAG(s) dict_keys(['example_kubernetes_executor']) retrieved from /home/airflow/.local/lib/python3.7/site-packages/airflow/example_dags/example_kubernetes_executor.py
[2022-05-28 01:13:08,536] {logging_mixin.py:115} INFO - [2022-05-28 01:13:08,536] {dag.py:2379} INFO - Sync 1 DAGs
[2022-05-28 01:13:08,689] {logging_mixin.py:115} INFO - [2022-05-28 01:13:08,689] {dag.py:2927} INFO - Setting next_dagrun for example_kubernetes_executor to None, run_after=None
[2022-05-28 01:13:08,697] {processor.py:161} INFO - Processing /home/airflow/.local/lib/python3.7/site-packages/airflow/example_dags/example_kubernetes_executor.py took 0.207 seconds
[2022-05-28 01:13:38,831] {processor.py:153} INFO - Started process (PID=1372) to work on /home/airflow/.local/lib/python3.7/site-packages/airflow/example_dags/example_kubernetes_executor.py
[2022-05-28 01:13:38,832] {processor.py:641} INFO - Processing file /home/airflow/.local/lib/python3.7/site-packages/airflow/example_dags/example_kubernetes_executor.py for tasks to queue
[2022-05-28 01:13:38,832] {logging_mixin.py:115} INFO - [2022-05-28 01:13:38,832] {dagbag.py:507} INFO - Filling up the DagBag from /home/airflow/.local/lib/python3.7/site-packages/airflow/example_dags/example_kubernetes_executor.py
[2022-05-28 01:13:38,849] {processor.py:651} INFO - DAG(s) dict_keys(['example_kubernetes_executor']) retrieved from /home/airflow/.local/lib/python3.7/site-packages/airflow/example_dags/example_kubernetes_executor.py
[2022-05-28 01:13:38,871] {logging_mixin.py:115} INFO - [2022-05-28 01:13:38,871] {dag.py:2379} INFO - Sync 1 DAGs
[2022-05-28 01:13:39,007] {logging_mixin.py:115} INFO - [2022-05-28 01:13:39,007] {dag.py:2927} INFO - Setting next_dagrun for example_kubernetes_executor to None, run_after=None
[2022-05-28 01:13:39,016] {processor.py:161} INFO - Processing /home/airflow/.local/lib/python3.7/site-packages/airflow/example_dags/example_kubernetes_executor.py took 0.187 seconds
[2022-05-28 01:14:09,133] {processor.py:153} INFO - Started process (PID=1424) to work on /home/airflow/.local/lib/python3.7/site-packages/airflow/example_dags/example_kubernetes_executor.py
[2022-05-28 01:14:09,134] {processor.py:641} INFO - Processing file /home/airflow/.local/lib/python3.7/site-packages/airflow/example_dags/example_kubernetes_executor.py for tasks to queue
[2022-05-28 01:14:09,134] {logging_mixin.py:115} INFO - [2022-05-28 01:14:09,134] {dagbag.py:507} INFO - Filling up the DagBag from /home/airflow/.local/lib/python3.7/site-packages/airflow/example_dags/example_kubernetes_executor.py
[2022-05-28 01:14:09,151] {processor.py:651} INFO - DAG(s) dict_keys(['example_kubernetes_executor']) retrieved from /home/airflow/.local/lib/python3.7/site-packages/airflow/example_dags/example_kubernetes_executor.py
[2022-05-28 01:14:09,171] {logging_mixin.py:115} INFO - [2022-05-28 01:14:09,171] {dag.py:2379} INFO - Sync 1 DAGs
[2022-05-28 01:14:09,306] {logging_mixin.py:115} INFO - [2022-05-28 01:14:09,306] {dag.py:2927} INFO - Setting next_dagrun for example_kubernetes_executor to None, run_after=None
[2022-05-28 01:14:09,315] {processor.py:161} INFO - Processing /home/airflow/.local/lib/python3.7/site-packages/airflow/example_dags/example_kubernetes_executor.py took 0.183 seconds
[2022-05-28 01:14:40,217] {processor.py:153} INFO - Started process (PID=1485) to work on /home/airflow/.local/lib/python3.7/site-packages/airflow/example_dags/example_kubernetes_executor.py
[2022-05-28 01:14:40,218] {processor.py:641} INFO - Processing file /home/airflow/.local/lib/python3.7/site-packages/airflow/example_dags/example_kubernetes_executor.py for tasks to queue
[2022-05-28 01:14:40,218] {logging_mixin.py:115} INFO - [2022-05-28 01:14:40,218] {dagbag.py:507} INFO - Filling up the DagBag from /home/airflow/.local/lib/python3.7/site-packages/airflow/example_dags/example_kubernetes_executor.py
[2022-05-28 01:14:40,235] {processor.py:651} INFO - DAG(s) dict_keys(['example_kubernetes_executor']) retrieved from /home/airflow/.local/lib/python3.7/site-packages/airflow/example_dags/example_kubernetes_executor.py
[2022-05-28 01:14:40,254] {logging_mixin.py:115} INFO - [2022-05-28 01:14:40,254] {dag.py:2379} INFO - Sync 1 DAGs
[2022-05-28 01:14:40,378] {logging_mixin.py:115} INFO - [2022-05-28 01:14:40,378] {dag.py:2927} INFO - Setting next_dagrun for example_kubernetes_executor to None, run_after=None
[2022-05-28 01:14:40,386] {processor.py:161} INFO - Processing /home/airflow/.local/lib/python3.7/site-packages/airflow/example_dags/example_kubernetes_executor.py took 0.171 seconds
[2022-05-28 01:15:11,184] {processor.py:153} INFO - Started process (PID=1546) to work on /home/airflow/.local/lib/python3.7/site-packages/airflow/example_dags/example_kubernetes_executor.py
[2022-05-28 01:15:11,185] {processor.py:641} INFO - Processing file /home/airflow/.local/lib/python3.7/site-packages/airflow/example_dags/example_kubernetes_executor.py for tasks to queue
[2022-05-28 01:15:11,185] {logging_mixin.py:115} INFO - [2022-05-28 01:15:11,185] {dagbag.py:507} INFO - Filling up the DagBag from /home/airflow/.local/lib/python3.7/site-packages/airflow/example_dags/example_kubernetes_executor.py
[2022-05-28 01:15:11,202] {processor.py:651} INFO - DAG(s) dict_keys(['example_kubernetes_executor']) retrieved from /home/airflow/.local/lib/python3.7/site-packages/airflow/example_dags/example_kubernetes_executor.py
[2022-05-28 01:15:11,220] {logging_mixin.py:115} INFO - [2022-05-28 01:15:11,220] {dag.py:2379} INFO - Sync 1 DAGs
[2022-05-28 01:15:11,350] {logging_mixin.py:115} INFO - [2022-05-28 01:15:11,349] {dag.py:2927} INFO - Setting next_dagrun for example_kubernetes_executor to None, run_after=None
[2022-05-28 01:15:11,357] {processor.py:161} INFO - Processing /home/airflow/.local/lib/python3.7/site-packages/airflow/example_dags/example_kubernetes_executor.py took 0.175 seconds
[2022-05-28 01:15:42,002] {processor.py:153} INFO - Started process (PID=1607) to work on /home/airflow/.local/lib/python3.7/site-packages/airflow/example_dags/example_kubernetes_executor.py
[2022-05-28 01:15:42,003] {processor.py:641} INFO - Processing file /home/airflow/.local/lib/python3.7/site-packages/airflow/example_dags/example_kubernetes_executor.py for tasks to queue
[2022-05-28 01:15:42,003] {logging_mixin.py:115} INFO - [2022-05-28 01:15:42,003] {dagbag.py:507} INFO - Filling up the DagBag from /home/airflow/.local/lib/python3.7/site-packages/airflow/example_dags/example_kubernetes_executor.py
[2022-05-28 01:15:42,019] {processor.py:651} INFO - DAG(s) dict_keys(['example_kubernetes_executor']) retrieved from /home/airflow/.local/lib/python3.7/site-packages/airflow/example_dags/example_kubernetes_executor.py
[2022-05-28 01:15:42,039] {logging_mixin.py:115} INFO - [2022-05-28 01:15:42,038] {dag.py:2379} INFO - Sync 1 DAGs
[2022-05-28 01:15:42,168] {logging_mixin.py:115} INFO - [2022-05-28 01:15:42,168] {dag.py:2927} INFO - Setting next_dagrun for example_kubernetes_executor to None, run_after=None
[2022-05-28 01:15:42,176] {processor.py:161} INFO - Processing /home/airflow/.local/lib/python3.7/site-packages/airflow/example_dags/example_kubernetes_executor.py took 0.176 seconds
[2022-05-28 01:16:13,025] {processor.py:153} INFO - Started process (PID=1667) to work on /home/airflow/.local/lib/python3.7/site-packages/airflow/example_dags/example_kubernetes_executor.py
[2022-05-28 01:16:13,026] {processor.py:641} INFO - Processing file /home/airflow/.local/lib/python3.7/site-packages/airflow/example_dags/example_kubernetes_executor.py for tasks to queue
[2022-05-28 01:16:13,026] {logging_mixin.py:115} INFO - [2022-05-28 01:16:13,026] {dagbag.py:507} INFO - Filling up the DagBag from /home/airflow/.local/lib/python3.7/site-packages/airflow/example_dags/example_kubernetes_executor.py
[2022-05-28 01:16:13,044] {processor.py:651} INFO - DAG(s) dict_keys(['example_kubernetes_executor']) retrieved from /home/airflow/.local/lib/python3.7/site-packages/airflow/example_dags/example_kubernetes_executor.py
[2022-05-28 01:16:13,063] {logging_mixin.py:115} INFO - [2022-05-28 01:16:13,063] {dag.py:2379} INFO - Sync 1 DAGs
[2022-05-28 01:16:13,184] {logging_mixin.py:115} INFO - [2022-05-28 01:16:13,184] {dag.py:2927} INFO - Setting next_dagrun for example_kubernetes_executor to None, run_after=None
[2022-05-28 01:16:13,193] {processor.py:161} INFO - Processing /home/airflow/.local/lib/python3.7/site-packages/airflow/example_dags/example_kubernetes_executor.py took 0.170 seconds
[2022-05-28 01:16:43,971] {processor.py:153} INFO - Started process (PID=1719) to work on /home/airflow/.local/lib/python3.7/site-packages/airflow/example_dags/example_kubernetes_executor.py
[2022-05-28 01:16:43,971] {processor.py:641} INFO - Processing file /home/airflow/.local/lib/python3.7/site-packages/airflow/example_dags/example_kubernetes_executor.py for tasks to queue
[2022-05-28 01:16:43,972] {logging_mixin.py:115} INFO - [2022-05-28 01:16:43,972] {dagbag.py:507} INFO - Filling up the DagBag from /home/airflow/.local/lib/python3.7/site-packages/airflow/example_dags/example_kubernetes_executor.py
[2022-05-28 01:16:43,990] {processor.py:651} INFO - DAG(s) dict_keys(['example_kubernetes_executor']) retrieved from /home/airflow/.local/lib/python3.7/site-packages/airflow/example_dags/example_kubernetes_executor.py
[2022-05-28 01:16:44,010] {logging_mixin.py:115} INFO - [2022-05-28 01:16:44,010] {dag.py:2379} INFO - Sync 1 DAGs
[2022-05-28 01:16:44,142] {logging_mixin.py:115} INFO - [2022-05-28 01:16:44,142] {dag.py:2927} INFO - Setting next_dagrun for example_kubernetes_executor to None, run_after=None
[2022-05-28 01:16:44,152] {processor.py:161} INFO - Processing /home/airflow/.local/lib/python3.7/site-packages/airflow/example_dags/example_kubernetes_executor.py took 0.184 seconds
[2022-05-28 01:17:14,347] {processor.py:153} INFO - Started process (PID=1780) to work on /home/airflow/.local/lib/python3.7/site-packages/airflow/example_dags/example_kubernetes_executor.py
[2022-05-28 01:17:14,348] {processor.py:641} INFO - Processing file /home/airflow/.local/lib/python3.7/site-packages/airflow/example_dags/example_kubernetes_executor.py for tasks to queue
[2022-05-28 01:17:14,348] {logging_mixin.py:115} INFO - [2022-05-28 01:17:14,348] {dagbag.py:507} INFO - Filling up the DagBag from /home/airflow/.local/lib/python3.7/site-packages/airflow/example_dags/example_kubernetes_executor.py
[2022-05-28 01:17:14,367] {processor.py:651} INFO - DAG(s) dict_keys(['example_kubernetes_executor']) retrieved from /home/airflow/.local/lib/python3.7/site-packages/airflow/example_dags/example_kubernetes_executor.py
[2022-05-28 01:17:14,389] {logging_mixin.py:115} INFO - [2022-05-28 01:17:14,389] {dag.py:2379} INFO - Sync 1 DAGs
[2022-05-28 01:17:14,525] {logging_mixin.py:115} INFO - [2022-05-28 01:17:14,525] {dag.py:2927} INFO - Setting next_dagrun for example_kubernetes_executor to None, run_after=None
[2022-05-28 01:17:14,533] {processor.py:161} INFO - Processing /home/airflow/.local/lib/python3.7/site-packages/airflow/example_dags/example_kubernetes_executor.py took 0.188 seconds
[2022-05-28 01:17:44,645] {processor.py:153} INFO - Started process (PID=1841) to work on /home/airflow/.local/lib/python3.7/site-packages/airflow/example_dags/example_kubernetes_executor.py
[2022-05-28 01:17:44,645] {processor.py:641} INFO - Processing file /home/airflow/.local/lib/python3.7/site-packages/airflow/example_dags/example_kubernetes_executor.py for tasks to queue
[2022-05-28 01:17:44,646] {logging_mixin.py:115} INFO - [2022-05-28 01:17:44,646] {dagbag.py:507} INFO - Filling up the DagBag from /home/airflow/.local/lib/python3.7/site-packages/airflow/example_dags/example_kubernetes_executor.py
[2022-05-28 01:17:44,664] {processor.py:651} INFO - DAG(s) dict_keys(['example_kubernetes_executor']) retrieved from /home/airflow/.local/lib/python3.7/site-packages/airflow/example_dags/example_kubernetes_executor.py
[2022-05-28 01:17:44,686] {logging_mixin.py:115} INFO - [2022-05-28 01:17:44,685] {dag.py:2379} INFO - Sync 1 DAGs
[2022-05-28 01:17:44,821] {logging_mixin.py:115} INFO - [2022-05-28 01:17:44,821] {dag.py:2927} INFO - Setting next_dagrun for example_kubernetes_executor to None, run_after=None
[2022-05-28 01:17:44,830] {processor.py:161} INFO - Processing /home/airflow/.local/lib/python3.7/site-packages/airflow/example_dags/example_kubernetes_executor.py took 0.188 seconds
[2022-05-28 01:18:15,037] {processor.py:153} INFO - Started process (PID=1902) to work on /home/airflow/.local/lib/python3.7/site-packages/airflow/example_dags/example_kubernetes_executor.py
[2022-05-28 01:18:15,038] {processor.py:641} INFO - Processing file /home/airflow/.local/lib/python3.7/site-packages/airflow/example_dags/example_kubernetes_executor.py for tasks to queue
[2022-05-28 01:18:15,038] {logging_mixin.py:115} INFO - [2022-05-28 01:18:15,038] {dagbag.py:507} INFO - Filling up the DagBag from /home/airflow/.local/lib/python3.7/site-packages/airflow/example_dags/example_kubernetes_executor.py
[2022-05-28 01:18:15,055] {processor.py:651} INFO - DAG(s) dict_keys(['example_kubernetes_executor']) retrieved from /home/airflow/.local/lib/python3.7/site-packages/airflow/example_dags/example_kubernetes_executor.py
[2022-05-28 01:18:15,082] {logging_mixin.py:115} INFO - [2022-05-28 01:18:15,082] {dag.py:2379} INFO - Sync 1 DAGs
[2022-05-28 01:18:15,218] {logging_mixin.py:115} INFO - [2022-05-28 01:18:15,218] {dag.py:2927} INFO - Setting next_dagrun for example_kubernetes_executor to None, run_after=None
[2022-05-28 01:18:15,228] {processor.py:161} INFO - Processing /home/airflow/.local/lib/python3.7/site-packages/airflow/example_dags/example_kubernetes_executor.py took 0.193 seconds
[2022-05-28 01:18:45,316] {processor.py:153} INFO - Started process (PID=1954) to work on /home/airflow/.local/lib/python3.7/site-packages/airflow/example_dags/example_kubernetes_executor.py
[2022-05-28 01:18:45,317] {processor.py:641} INFO - Processing file /home/airflow/.local/lib/python3.7/site-packages/airflow/example_dags/example_kubernetes_executor.py for tasks to queue
[2022-05-28 01:18:45,318] {logging_mixin.py:115} INFO - [2022-05-28 01:18:45,317] {dagbag.py:507} INFO - Filling up the DagBag from /home/airflow/.local/lib/python3.7/site-packages/airflow/example_dags/example_kubernetes_executor.py
[2022-05-28 01:18:45,336] {processor.py:651} INFO - DAG(s) dict_keys(['example_kubernetes_executor']) retrieved from /home/airflow/.local/lib/python3.7/site-packages/airflow/example_dags/example_kubernetes_executor.py
[2022-05-28 01:18:45,357] {logging_mixin.py:115} INFO - [2022-05-28 01:18:45,357] {dag.py:2379} INFO - Sync 1 DAGs
[2022-05-28 01:18:45,494] {logging_mixin.py:115} INFO - [2022-05-28 01:18:45,494] {dag.py:2927} INFO - Setting next_dagrun for example_kubernetes_executor to None, run_after=None
[2022-05-28 01:18:45,502] {processor.py:161} INFO - Processing /home/airflow/.local/lib/python3.7/site-packages/airflow/example_dags/example_kubernetes_executor.py took 0.188 seconds
[2022-05-28 01:19:15,547] {processor.py:153} INFO - Started process (PID=2014) to work on /home/airflow/.local/lib/python3.7/site-packages/airflow/example_dags/example_kubernetes_executor.py
[2022-05-28 01:19:15,548] {processor.py:641} INFO - Processing file /home/airflow/.local/lib/python3.7/site-packages/airflow/example_dags/example_kubernetes_executor.py for tasks to queue
[2022-05-28 01:19:15,548] {logging_mixin.py:115} INFO - [2022-05-28 01:19:15,548] {dagbag.py:507} INFO - Filling up the DagBag from /home/airflow/.local/lib/python3.7/site-packages/airflow/example_dags/example_kubernetes_executor.py
[2022-05-28 01:19:15,566] {processor.py:651} INFO - DAG(s) dict_keys(['example_kubernetes_executor']) retrieved from /home/airflow/.local/lib/python3.7/site-packages/airflow/example_dags/example_kubernetes_executor.py
[2022-05-28 01:19:15,589] {logging_mixin.py:115} INFO - [2022-05-28 01:19:15,589] {dag.py:2379} INFO - Sync 1 DAGs
[2022-05-28 01:19:15,718] {logging_mixin.py:115} INFO - [2022-05-28 01:19:15,717] {dag.py:2927} INFO - Setting next_dagrun for example_kubernetes_executor to None, run_after=None
[2022-05-28 01:19:15,725] {processor.py:161} INFO - Processing /home/airflow/.local/lib/python3.7/site-packages/airflow/example_dags/example_kubernetes_executor.py took 0.181 seconds
[2022-05-28 01:19:45,950] {processor.py:153} INFO - Started process (PID=2076) to work on /home/airflow/.local/lib/python3.7/site-packages/airflow/example_dags/example_kubernetes_executor.py
[2022-05-28 01:19:45,951] {processor.py:641} INFO - Processing file /home/airflow/.local/lib/python3.7/site-packages/airflow/example_dags/example_kubernetes_executor.py for tasks to queue
[2022-05-28 01:19:45,951] {logging_mixin.py:115} INFO - [2022-05-28 01:19:45,951] {dagbag.py:507} INFO - Filling up the DagBag from /home/airflow/.local/lib/python3.7/site-packages/airflow/example_dags/example_kubernetes_executor.py
[2022-05-28 01:19:45,968] {processor.py:651} INFO - DAG(s) dict_keys(['example_kubernetes_executor']) retrieved from /home/airflow/.local/lib/python3.7/site-packages/airflow/example_dags/example_kubernetes_executor.py
[2022-05-28 01:19:45,988] {logging_mixin.py:115} INFO - [2022-05-28 01:19:45,988] {dag.py:2379} INFO - Sync 1 DAGs
[2022-05-28 01:19:46,144] {logging_mixin.py:115} INFO - [2022-05-28 01:19:46,144] {dag.py:2927} INFO - Setting next_dagrun for example_kubernetes_executor to None, run_after=None
[2022-05-28 01:19:46,157] {processor.py:161} INFO - Processing /home/airflow/.local/lib/python3.7/site-packages/airflow/example_dags/example_kubernetes_executor.py took 0.209 seconds
[2022-05-28 01:20:16,204] {processor.py:153} INFO - Started process (PID=2128) to work on /home/airflow/.local/lib/python3.7/site-packages/airflow/example_dags/example_kubernetes_executor.py
[2022-05-28 01:20:16,205] {processor.py:641} INFO - Processing file /home/airflow/.local/lib/python3.7/site-packages/airflow/example_dags/example_kubernetes_executor.py for tasks to queue
[2022-05-28 01:20:16,206] {logging_mixin.py:115} INFO - [2022-05-28 01:20:16,205] {dagbag.py:507} INFO - Filling up the DagBag from /home/airflow/.local/lib/python3.7/site-packages/airflow/example_dags/example_kubernetes_executor.py
[2022-05-28 01:20:16,224] {processor.py:651} INFO - DAG(s) dict_keys(['example_kubernetes_executor']) retrieved from /home/airflow/.local/lib/python3.7/site-packages/airflow/example_dags/example_kubernetes_executor.py
[2022-05-28 01:20:16,247] {logging_mixin.py:115} INFO - [2022-05-28 01:20:16,247] {dag.py:2379} INFO - Sync 1 DAGs
[2022-05-28 01:20:16,391] {logging_mixin.py:115} INFO - [2022-05-28 01:20:16,391] {dag.py:2927} INFO - Setting next_dagrun for example_kubernetes_executor to None, run_after=None
[2022-05-28 01:20:16,399] {processor.py:161} INFO - Processing /home/airflow/.local/lib/python3.7/site-packages/airflow/example_dags/example_kubernetes_executor.py took 0.197 seconds
[2022-05-28 01:20:51,262] {processor.py:153} INFO - Started process (PID=74) to work on /home/airflow/.local/lib/python3.7/site-packages/airflow/example_dags/example_kubernetes_executor.py
[2022-05-28 01:20:51,263] {processor.py:641} INFO - Processing file /home/airflow/.local/lib/python3.7/site-packages/airflow/example_dags/example_kubernetes_executor.py for tasks to queue
[2022-05-28 01:20:51,263] {logging_mixin.py:115} INFO - [2022-05-28 01:20:51,263] {dagbag.py:507} INFO - Filling up the DagBag from /home/airflow/.local/lib/python3.7/site-packages/airflow/example_dags/example_kubernetes_executor.py
[2022-05-28 01:20:51,284] {processor.py:651} INFO - DAG(s) dict_keys(['example_kubernetes_executor']) retrieved from /home/airflow/.local/lib/python3.7/site-packages/airflow/example_dags/example_kubernetes_executor.py
[2022-05-28 01:20:51,308] {logging_mixin.py:115} INFO - [2022-05-28 01:20:51,307] {dag.py:2379} INFO - Sync 1 DAGs
[2022-05-28 01:20:51,327] {logging_mixin.py:115} INFO - [2022-05-28 01:20:51,327] {dag.py:2927} INFO - Setting next_dagrun for example_kubernetes_executor to None, run_after=None
[2022-05-28 01:20:51,450] {processor.py:161} INFO - Processing /home/airflow/.local/lib/python3.7/site-packages/airflow/example_dags/example_kubernetes_executor.py took 0.191 seconds
[2022-05-28 01:21:21,480] {processor.py:153} INFO - Started process (PID=135) to work on /home/airflow/.local/lib/python3.7/site-packages/airflow/example_dags/example_kubernetes_executor.py
[2022-05-28 01:21:21,481] {processor.py:641} INFO - Processing file /home/airflow/.local/lib/python3.7/site-packages/airflow/example_dags/example_kubernetes_executor.py for tasks to queue
[2022-05-28 01:21:21,481] {logging_mixin.py:115} INFO - [2022-05-28 01:21:21,481] {dagbag.py:507} INFO - Filling up the DagBag from /home/airflow/.local/lib/python3.7/site-packages/airflow/example_dags/example_kubernetes_executor.py
[2022-05-28 01:21:21,501] {processor.py:651} INFO - DAG(s) dict_keys(['example_kubernetes_executor']) retrieved from /home/airflow/.local/lib/python3.7/site-packages/airflow/example_dags/example_kubernetes_executor.py
[2022-05-28 01:21:21,522] {logging_mixin.py:115} INFO - [2022-05-28 01:21:21,522] {dag.py:2379} INFO - Sync 1 DAGs
[2022-05-28 01:21:21,545] {logging_mixin.py:115} INFO - [2022-05-28 01:21:21,545] {dag.py:2927} INFO - Setting next_dagrun for example_kubernetes_executor to None, run_after=None
[2022-05-28 01:21:21,682] {processor.py:161} INFO - Processing /home/airflow/.local/lib/python3.7/site-packages/airflow/example_dags/example_kubernetes_executor.py took 0.205 seconds
[2022-05-28 01:21:52,618] {processor.py:153} INFO - Started process (PID=196) to work on /home/airflow/.local/lib/python3.7/site-packages/airflow/example_dags/example_kubernetes_executor.py
[2022-05-28 01:21:52,619] {processor.py:641} INFO - Processing file /home/airflow/.local/lib/python3.7/site-packages/airflow/example_dags/example_kubernetes_executor.py for tasks to queue
[2022-05-28 01:21:52,619] {logging_mixin.py:115} INFO - [2022-05-28 01:21:52,619] {dagbag.py:507} INFO - Filling up the DagBag from /home/airflow/.local/lib/python3.7/site-packages/airflow/example_dags/example_kubernetes_executor.py
[2022-05-28 01:21:52,636] {processor.py:651} INFO - DAG(s) dict_keys(['example_kubernetes_executor']) retrieved from /home/airflow/.local/lib/python3.7/site-packages/airflow/example_dags/example_kubernetes_executor.py
[2022-05-28 01:21:52,657] {logging_mixin.py:115} INFO - [2022-05-28 01:21:52,657] {dag.py:2379} INFO - Sync 1 DAGs
[2022-05-28 01:21:52,677] {logging_mixin.py:115} INFO - [2022-05-28 01:21:52,677] {dag.py:2927} INFO - Setting next_dagrun for example_kubernetes_executor to None, run_after=None
[2022-05-28 01:21:52,808] {processor.py:161} INFO - Processing /home/airflow/.local/lib/python3.7/site-packages/airflow/example_dags/example_kubernetes_executor.py took 0.192 seconds
[2022-05-28 01:22:23,592] {processor.py:153} INFO - Started process (PID=257) to work on /home/airflow/.local/lib/python3.7/site-packages/airflow/example_dags/example_kubernetes_executor.py
[2022-05-28 01:22:23,592] {processor.py:641} INFO - Processing file /home/airflow/.local/lib/python3.7/site-packages/airflow/example_dags/example_kubernetes_executor.py for tasks to queue
[2022-05-28 01:22:23,593] {logging_mixin.py:115} INFO - [2022-05-28 01:22:23,593] {dagbag.py:507} INFO - Filling up the DagBag from /home/airflow/.local/lib/python3.7/site-packages/airflow/example_dags/example_kubernetes_executor.py
[2022-05-28 01:22:23,610] {processor.py:651} INFO - DAG(s) dict_keys(['example_kubernetes_executor']) retrieved from /home/airflow/.local/lib/python3.7/site-packages/airflow/example_dags/example_kubernetes_executor.py
[2022-05-28 01:22:23,629] {logging_mixin.py:115} INFO - [2022-05-28 01:22:23,628] {dag.py:2379} INFO - Sync 1 DAGs
[2022-05-28 01:22:23,649] {logging_mixin.py:115} INFO - [2022-05-28 01:22:23,649] {dag.py:2927} INFO - Setting next_dagrun for example_kubernetes_executor to None, run_after=None
[2022-05-28 01:22:23,777] {processor.py:161} INFO - Processing /home/airflow/.local/lib/python3.7/site-packages/airflow/example_dags/example_kubernetes_executor.py took 0.187 seconds
[2022-05-28 01:22:54,481] {processor.py:153} INFO - Started process (PID=309) to work on /home/airflow/.local/lib/python3.7/site-packages/airflow/example_dags/example_kubernetes_executor.py
[2022-05-28 01:22:54,482] {processor.py:641} INFO - Processing file /home/airflow/.local/lib/python3.7/site-packages/airflow/example_dags/example_kubernetes_executor.py for tasks to queue
[2022-05-28 01:22:54,482] {logging_mixin.py:115} INFO - [2022-05-28 01:22:54,482] {dagbag.py:507} INFO - Filling up the DagBag from /home/airflow/.local/lib/python3.7/site-packages/airflow/example_dags/example_kubernetes_executor.py
[2022-05-28 01:22:54,500] {processor.py:651} INFO - DAG(s) dict_keys(['example_kubernetes_executor']) retrieved from /home/airflow/.local/lib/python3.7/site-packages/airflow/example_dags/example_kubernetes_executor.py
[2022-05-28 01:22:54,520] {logging_mixin.py:115} INFO - [2022-05-28 01:22:54,520] {dag.py:2379} INFO - Sync 1 DAGs
[2022-05-28 01:22:54,538] {logging_mixin.py:115} INFO - [2022-05-28 01:22:54,538] {dag.py:2927} INFO - Setting next_dagrun for example_kubernetes_executor to None, run_after=None
[2022-05-28 01:22:54,663] {processor.py:161} INFO - Processing /home/airflow/.local/lib/python3.7/site-packages/airflow/example_dags/example_kubernetes_executor.py took 0.184 seconds
[2022-05-28 01:23:25,423] {processor.py:153} INFO - Started process (PID=370) to work on /home/airflow/.local/lib/python3.7/site-packages/airflow/example_dags/example_kubernetes_executor.py
[2022-05-28 01:23:25,423] {processor.py:641} INFO - Processing file /home/airflow/.local/lib/python3.7/site-packages/airflow/example_dags/example_kubernetes_executor.py for tasks to queue
[2022-05-28 01:23:25,424] {logging_mixin.py:115} INFO - [2022-05-28 01:23:25,424] {dagbag.py:507} INFO - Filling up the DagBag from /home/airflow/.local/lib/python3.7/site-packages/airflow/example_dags/example_kubernetes_executor.py
[2022-05-28 01:23:25,444] {processor.py:651} INFO - DAG(s) dict_keys(['example_kubernetes_executor']) retrieved from /home/airflow/.local/lib/python3.7/site-packages/airflow/example_dags/example_kubernetes_executor.py
[2022-05-28 01:23:25,465] {logging_mixin.py:115} INFO - [2022-05-28 01:23:25,465] {dag.py:2379} INFO - Sync 1 DAGs
[2022-05-28 01:23:25,483] {logging_mixin.py:115} INFO - [2022-05-28 01:23:25,483] {dag.py:2927} INFO - Setting next_dagrun for example_kubernetes_executor to None, run_after=None
[2022-05-28 01:23:25,601] {processor.py:161} INFO - Processing /home/airflow/.local/lib/python3.7/site-packages/airflow/example_dags/example_kubernetes_executor.py took 0.180 seconds
[2022-05-28 01:23:56,249] {processor.py:153} INFO - Started process (PID=431) to work on /home/airflow/.local/lib/python3.7/site-packages/airflow/example_dags/example_kubernetes_executor.py
[2022-05-28 01:23:56,249] {processor.py:641} INFO - Processing file /home/airflow/.local/lib/python3.7/site-packages/airflow/example_dags/example_kubernetes_executor.py for tasks to queue
[2022-05-28 01:23:56,250] {logging_mixin.py:115} INFO - [2022-05-28 01:23:56,249] {dagbag.py:507} INFO - Filling up the DagBag from /home/airflow/.local/lib/python3.7/site-packages/airflow/example_dags/example_kubernetes_executor.py
[2022-05-28 01:23:56,266] {processor.py:651} INFO - DAG(s) dict_keys(['example_kubernetes_executor']) retrieved from /home/airflow/.local/lib/python3.7/site-packages/airflow/example_dags/example_kubernetes_executor.py
[2022-05-28 01:23:56,285] {logging_mixin.py:115} INFO - [2022-05-28 01:23:56,284] {dag.py:2379} INFO - Sync 1 DAGs
[2022-05-28 01:23:56,303] {logging_mixin.py:115} INFO - [2022-05-28 01:23:56,303] {dag.py:2927} INFO - Setting next_dagrun for example_kubernetes_executor to None, run_after=None
[2022-05-28 01:23:56,421] {processor.py:161} INFO - Processing /home/airflow/.local/lib/python3.7/site-packages/airflow/example_dags/example_kubernetes_executor.py took 0.174 seconds
[2022-05-28 01:24:27,245] {processor.py:153} INFO - Started process (PID=493) to work on /home/airflow/.local/lib/python3.7/site-packages/airflow/example_dags/example_kubernetes_executor.py
[2022-05-28 01:24:27,246] {processor.py:641} INFO - Processing file /home/airflow/.local/lib/python3.7/site-packages/airflow/example_dags/example_kubernetes_executor.py for tasks to queue
[2022-05-28 01:24:27,246] {logging_mixin.py:115} INFO - [2022-05-28 01:24:27,246] {dagbag.py:507} INFO - Filling up the DagBag from /home/airflow/.local/lib/python3.7/site-packages/airflow/example_dags/example_kubernetes_executor.py
[2022-05-28 01:24:27,262] {processor.py:651} INFO - DAG(s) dict_keys(['example_kubernetes_executor']) retrieved from /home/airflow/.local/lib/python3.7/site-packages/airflow/example_dags/example_kubernetes_executor.py
[2022-05-28 01:24:27,280] {logging_mixin.py:115} INFO - [2022-05-28 01:24:27,280] {dag.py:2379} INFO - Sync 1 DAGs
[2022-05-28 01:24:27,297] {logging_mixin.py:115} INFO - [2022-05-28 01:24:27,297] {dag.py:2927} INFO - Setting next_dagrun for example_kubernetes_executor to None, run_after=None
[2022-05-28 01:24:27,413] {processor.py:161} INFO - Processing /home/airflow/.local/lib/python3.7/site-packages/airflow/example_dags/example_kubernetes_executor.py took 0.170 seconds
[2022-05-28 01:24:58,132] {processor.py:153} INFO - Started process (PID=545) to work on /home/airflow/.local/lib/python3.7/site-packages/airflow/example_dags/example_kubernetes_executor.py
[2022-05-28 01:24:58,132] {processor.py:641} INFO - Processing file /home/airflow/.local/lib/python3.7/site-packages/airflow/example_dags/example_kubernetes_executor.py for tasks to queue
[2022-05-28 01:24:58,133] {logging_mixin.py:115} INFO - [2022-05-28 01:24:58,132] {dagbag.py:507} INFO - Filling up the DagBag from /home/airflow/.local/lib/python3.7/site-packages/airflow/example_dags/example_kubernetes_executor.py
[2022-05-28 01:24:58,152] {processor.py:651} INFO - DAG(s) dict_keys(['example_kubernetes_executor']) retrieved from /home/airflow/.local/lib/python3.7/site-packages/airflow/example_dags/example_kubernetes_executor.py
[2022-05-28 01:24:58,175] {logging_mixin.py:115} INFO - [2022-05-28 01:24:58,175] {dag.py:2379} INFO - Sync 1 DAGs
[2022-05-28 01:24:58,194] {logging_mixin.py:115} INFO - [2022-05-28 01:24:58,194] {dag.py:2927} INFO - Setting next_dagrun for example_kubernetes_executor to None, run_after=None
[2022-05-28 01:24:58,323] {processor.py:161} INFO - Processing /home/airflow/.local/lib/python3.7/site-packages/airflow/example_dags/example_kubernetes_executor.py took 0.193 seconds
[2022-05-28 01:25:29,073] {processor.py:153} INFO - Started process (PID=606) to work on /home/airflow/.local/lib/python3.7/site-packages/airflow/example_dags/example_kubernetes_executor.py
[2022-05-28 01:25:29,074] {processor.py:641} INFO - Processing file /home/airflow/.local/lib/python3.7/site-packages/airflow/example_dags/example_kubernetes_executor.py for tasks to queue
[2022-05-28 01:25:29,074] {logging_mixin.py:115} INFO - [2022-05-28 01:25:29,074] {dagbag.py:507} INFO - Filling up the DagBag from /home/airflow/.local/lib/python3.7/site-packages/airflow/example_dags/example_kubernetes_executor.py
[2022-05-28 01:25:29,091] {processor.py:651} INFO - DAG(s) dict_keys(['example_kubernetes_executor']) retrieved from /home/airflow/.local/lib/python3.7/site-packages/airflow/example_dags/example_kubernetes_executor.py
[2022-05-28 01:25:29,111] {logging_mixin.py:115} INFO - [2022-05-28 01:25:29,110] {dag.py:2379} INFO - Sync 1 DAGs
[2022-05-28 01:25:29,128] {logging_mixin.py:115} INFO - [2022-05-28 01:25:29,127] {dag.py:2927} INFO - Setting next_dagrun for example_kubernetes_executor to None, run_after=None
[2022-05-28 01:25:29,239] {processor.py:161} INFO - Processing /home/airflow/.local/lib/python3.7/site-packages/airflow/example_dags/example_kubernetes_executor.py took 0.168 seconds
[2022-05-28 01:25:59,297] {processor.py:153} INFO - Started process (PID=667) to work on /home/airflow/.local/lib/python3.7/site-packages/airflow/example_dags/example_kubernetes_executor.py
[2022-05-28 01:25:59,298] {processor.py:641} INFO - Processing file /home/airflow/.local/lib/python3.7/site-packages/airflow/example_dags/example_kubernetes_executor.py for tasks to queue
[2022-05-28 01:25:59,298] {logging_mixin.py:115} INFO - [2022-05-28 01:25:59,298] {dagbag.py:507} INFO - Filling up the DagBag from /home/airflow/.local/lib/python3.7/site-packages/airflow/example_dags/example_kubernetes_executor.py
[2022-05-28 01:25:59,315] {processor.py:651} INFO - DAG(s) dict_keys(['example_kubernetes_executor']) retrieved from /home/airflow/.local/lib/python3.7/site-packages/airflow/example_dags/example_kubernetes_executor.py
[2022-05-28 01:25:59,334] {logging_mixin.py:115} INFO - [2022-05-28 01:25:59,334] {dag.py:2379} INFO - Sync 1 DAGs
[2022-05-28 01:25:59,458] {logging_mixin.py:115} INFO - [2022-05-28 01:25:59,458] {dag.py:2927} INFO - Setting next_dagrun for example_kubernetes_executor to None, run_after=None
[2022-05-28 01:25:59,467] {processor.py:161} INFO - Processing /home/airflow/.local/lib/python3.7/site-packages/airflow/example_dags/example_kubernetes_executor.py took 0.172 seconds
[2022-05-28 01:26:29,618] {processor.py:153} INFO - Started process (PID=728) to work on /home/airflow/.local/lib/python3.7/site-packages/airflow/example_dags/example_kubernetes_executor.py
[2022-05-28 01:26:29,619] {processor.py:641} INFO - Processing file /home/airflow/.local/lib/python3.7/site-packages/airflow/example_dags/example_kubernetes_executor.py for tasks to queue
[2022-05-28 01:26:29,619] {logging_mixin.py:115} INFO - [2022-05-28 01:26:29,619] {dagbag.py:507} INFO - Filling up the DagBag from /home/airflow/.local/lib/python3.7/site-packages/airflow/example_dags/example_kubernetes_executor.py
[2022-05-28 01:26:29,636] {processor.py:651} INFO - DAG(s) dict_keys(['example_kubernetes_executor']) retrieved from /home/airflow/.local/lib/python3.7/site-packages/airflow/example_dags/example_kubernetes_executor.py
[2022-05-28 01:26:29,656] {logging_mixin.py:115} INFO - [2022-05-28 01:26:29,656] {dag.py:2379} INFO - Sync 1 DAGs
[2022-05-28 01:26:29,791] {logging_mixin.py:115} INFO - [2022-05-28 01:26:29,791] {dag.py:2927} INFO - Setting next_dagrun for example_kubernetes_executor to None, run_after=None
[2022-05-28 01:26:29,800] {processor.py:161} INFO - Processing /home/airflow/.local/lib/python3.7/site-packages/airflow/example_dags/example_kubernetes_executor.py took 0.184 seconds
[2022-05-28 01:26:59,890] {processor.py:153} INFO - Started process (PID=780) to work on /home/airflow/.local/lib/python3.7/site-packages/airflow/example_dags/example_kubernetes_executor.py
[2022-05-28 01:26:59,891] {processor.py:641} INFO - Processing file /home/airflow/.local/lib/python3.7/site-packages/airflow/example_dags/example_kubernetes_executor.py for tasks to queue
[2022-05-28 01:26:59,891] {logging_mixin.py:115} INFO - [2022-05-28 01:26:59,891] {dagbag.py:507} INFO - Filling up the DagBag from /home/airflow/.local/lib/python3.7/site-packages/airflow/example_dags/example_kubernetes_executor.py
[2022-05-28 01:26:59,908] {processor.py:651} INFO - DAG(s) dict_keys(['example_kubernetes_executor']) retrieved from /home/airflow/.local/lib/python3.7/site-packages/airflow/example_dags/example_kubernetes_executor.py
[2022-05-28 01:26:59,927] {logging_mixin.py:115} INFO - [2022-05-28 01:26:59,927] {dag.py:2379} INFO - Sync 1 DAGs
[2022-05-28 01:27:00,052] {logging_mixin.py:115} INFO - [2022-05-28 01:27:00,052] {dag.py:2927} INFO - Setting next_dagrun for example_kubernetes_executor to None, run_after=None
[2022-05-28 01:27:00,060] {processor.py:161} INFO - Processing /home/airflow/.local/lib/python3.7/site-packages/airflow/example_dags/example_kubernetes_executor.py took 0.171 seconds
[2022-05-28 01:27:30,880] {processor.py:153} INFO - Started process (PID=841) to work on /home/airflow/.local/lib/python3.7/site-packages/airflow/example_dags/example_kubernetes_executor.py
[2022-05-28 01:27:30,881] {processor.py:641} INFO - Processing file /home/airflow/.local/lib/python3.7/site-packages/airflow/example_dags/example_kubernetes_executor.py for tasks to queue
[2022-05-28 01:27:30,881] {logging_mixin.py:115} INFO - [2022-05-28 01:27:30,881] {dagbag.py:507} INFO - Filling up the DagBag from /home/airflow/.local/lib/python3.7/site-packages/airflow/example_dags/example_kubernetes_executor.py
[2022-05-28 01:27:30,901] {processor.py:651} INFO - DAG(s) dict_keys(['example_kubernetes_executor']) retrieved from /home/airflow/.local/lib/python3.7/site-packages/airflow/example_dags/example_kubernetes_executor.py
[2022-05-28 01:27:30,923] {logging_mixin.py:115} INFO - [2022-05-28 01:27:30,923] {dag.py:2379} INFO - Sync 1 DAGs
[2022-05-28 01:27:31,059] {logging_mixin.py:115} INFO - [2022-05-28 01:27:31,058] {dag.py:2927} INFO - Setting next_dagrun for example_kubernetes_executor to None, run_after=None
[2022-05-28 01:27:31,067] {processor.py:161} INFO - Processing /home/airflow/.local/lib/python3.7/site-packages/airflow/example_dags/example_kubernetes_executor.py took 0.190 seconds
[2022-05-28 01:28:01,273] {processor.py:153} INFO - Started process (PID=902) to work on /home/airflow/.local/lib/python3.7/site-packages/airflow/example_dags/example_kubernetes_executor.py
[2022-05-28 01:28:01,274] {processor.py:641} INFO - Processing file /home/airflow/.local/lib/python3.7/site-packages/airflow/example_dags/example_kubernetes_executor.py for tasks to queue
[2022-05-28 01:28:01,274] {logging_mixin.py:115} INFO - [2022-05-28 01:28:01,274] {dagbag.py:507} INFO - Filling up the DagBag from /home/airflow/.local/lib/python3.7/site-packages/airflow/example_dags/example_kubernetes_executor.py
[2022-05-28 01:28:01,292] {processor.py:651} INFO - DAG(s) dict_keys(['example_kubernetes_executor']) retrieved from /home/airflow/.local/lib/python3.7/site-packages/airflow/example_dags/example_kubernetes_executor.py
[2022-05-28 01:28:01,314] {logging_mixin.py:115} INFO - [2022-05-28 01:28:01,314] {dag.py:2379} INFO - Sync 1 DAGs
[2022-05-28 01:28:01,470] {logging_mixin.py:115} INFO - [2022-05-28 01:28:01,470] {dag.py:2927} INFO - Setting next_dagrun for example_kubernetes_executor to None, run_after=None
[2022-05-28 01:28:01,479] {processor.py:161} INFO - Processing /home/airflow/.local/lib/python3.7/site-packages/airflow/example_dags/example_kubernetes_executor.py took 0.208 seconds
[2022-05-28 01:28:31,865] {processor.py:153} INFO - Started process (PID=963) to work on /home/airflow/.local/lib/python3.7/site-packages/airflow/example_dags/example_kubernetes_executor.py
[2022-05-28 01:28:31,866] {processor.py:641} INFO - Processing file /home/airflow/.local/lib/python3.7/site-packages/airflow/example_dags/example_kubernetes_executor.py for tasks to queue
[2022-05-28 01:28:31,866] {logging_mixin.py:115} INFO - [2022-05-28 01:28:31,866] {dagbag.py:507} INFO - Filling up the DagBag from /home/airflow/.local/lib/python3.7/site-packages/airflow/example_dags/example_kubernetes_executor.py
[2022-05-28 01:28:31,882] {processor.py:651} INFO - DAG(s) dict_keys(['example_kubernetes_executor']) retrieved from /home/airflow/.local/lib/python3.7/site-packages/airflow/example_dags/example_kubernetes_executor.py
[2022-05-28 01:28:31,901] {logging_mixin.py:115} INFO - [2022-05-28 01:28:31,901] {dag.py:2379} INFO - Sync 1 DAGs
[2022-05-28 01:28:32,029] {logging_mixin.py:115} INFO - [2022-05-28 01:28:32,029] {dag.py:2927} INFO - Setting next_dagrun for example_kubernetes_executor to None, run_after=None
[2022-05-28 01:28:32,037] {processor.py:161} INFO - Processing /home/airflow/.local/lib/python3.7/site-packages/airflow/example_dags/example_kubernetes_executor.py took 0.173 seconds
[2022-05-28 01:29:02,663] {processor.py:153} INFO - Started process (PID=1015) to work on /home/airflow/.local/lib/python3.7/site-packages/airflow/example_dags/example_kubernetes_executor.py
[2022-05-28 01:29:02,664] {processor.py:641} INFO - Processing file /home/airflow/.local/lib/python3.7/site-packages/airflow/example_dags/example_kubernetes_executor.py for tasks to queue
[2022-05-28 01:29:02,664] {logging_mixin.py:115} INFO - [2022-05-28 01:29:02,664] {dagbag.py:507} INFO - Filling up the DagBag from /home/airflow/.local/lib/python3.7/site-packages/airflow/example_dags/example_kubernetes_executor.py
[2022-05-28 01:29:02,681] {processor.py:651} INFO - DAG(s) dict_keys(['example_kubernetes_executor']) retrieved from /home/airflow/.local/lib/python3.7/site-packages/airflow/example_dags/example_kubernetes_executor.py
[2022-05-28 01:29:02,699] {logging_mixin.py:115} INFO - [2022-05-28 01:29:02,699] {dag.py:2379} INFO - Sync 1 DAGs
[2022-05-28 01:29:02,837] {logging_mixin.py:115} INFO - [2022-05-28 01:29:02,837] {dag.py:2927} INFO - Setting next_dagrun for example_kubernetes_executor to None, run_after=None
[2022-05-28 01:29:02,847] {processor.py:161} INFO - Processing /home/airflow/.local/lib/python3.7/site-packages/airflow/example_dags/example_kubernetes_executor.py took 0.186 seconds
[2022-05-28 01:29:33,650] {processor.py:153} INFO - Started process (PID=1076) to work on /home/airflow/.local/lib/python3.7/site-packages/airflow/example_dags/example_kubernetes_executor.py
[2022-05-28 01:29:33,650] {processor.py:641} INFO - Processing file /home/airflow/.local/lib/python3.7/site-packages/airflow/example_dags/example_kubernetes_executor.py for tasks to queue
[2022-05-28 01:29:33,650] {logging_mixin.py:115} INFO - [2022-05-28 01:29:33,650] {dagbag.py:507} INFO - Filling up the DagBag from /home/airflow/.local/lib/python3.7/site-packages/airflow/example_dags/example_kubernetes_executor.py
[2022-05-28 01:29:33,667] {processor.py:651} INFO - DAG(s) dict_keys(['example_kubernetes_executor']) retrieved from /home/airflow/.local/lib/python3.7/site-packages/airflow/example_dags/example_kubernetes_executor.py
[2022-05-28 01:29:33,686] {logging_mixin.py:115} INFO - [2022-05-28 01:29:33,686] {dag.py:2379} INFO - Sync 1 DAGs
[2022-05-28 01:29:33,810] {logging_mixin.py:115} INFO - [2022-05-28 01:29:33,810] {dag.py:2927} INFO - Setting next_dagrun for example_kubernetes_executor to None, run_after=None
[2022-05-28 01:29:33,819] {processor.py:161} INFO - Processing /home/airflow/.local/lib/python3.7/site-packages/airflow/example_dags/example_kubernetes_executor.py took 0.171 seconds
