[2022-05-28 01:02:25,843] {processor.py:153} INFO - Started process (PID=70) to work on /home/airflow/.local/lib/python3.7/site-packages/airflow/example_dags/example_branch_python_dop_operator_3.py
[2022-05-28 01:02:25,844] {processor.py:641} INFO - Processing file /home/airflow/.local/lib/python3.7/site-packages/airflow/example_dags/example_branch_python_dop_operator_3.py for tasks to queue
[2022-05-28 01:02:25,844] {logging_mixin.py:115} INFO - [2022-05-28 01:02:25,844] {dagbag.py:507} INFO - Filling up the DagBag from /home/airflow/.local/lib/python3.7/site-packages/airflow/example_dags/example_branch_python_dop_operator_3.py
[2022-05-28 01:02:25,852] {processor.py:651} INFO - DAG(s) dict_keys(['example_branch_dop_operator_v3']) retrieved from /home/airflow/.local/lib/python3.7/site-packages/airflow/example_dags/example_branch_python_dop_operator_3.py
[2022-05-28 01:02:26,029] {logging_mixin.py:115} INFO - [2022-05-28 01:02:26,029] {manager.py:508} INFO - Created Permission View: can read on DAG:example_branch_dop_operator_v3
[2022-05-28 01:02:26,036] {logging_mixin.py:115} INFO - [2022-05-28 01:02:26,036] {manager.py:508} INFO - Created Permission View: can delete on DAG:example_branch_dop_operator_v3
[2022-05-28 01:02:26,042] {logging_mixin.py:115} INFO - [2022-05-28 01:02:26,042] {manager.py:508} INFO - Created Permission View: can edit on DAG:example_branch_dop_operator_v3
[2022-05-28 01:02:26,042] {logging_mixin.py:115} INFO - [2022-05-28 01:02:26,042] {dag.py:2379} INFO - Sync 1 DAGs
[2022-05-28 01:02:26,049] {logging_mixin.py:115} INFO - [2022-05-28 01:02:26,049] {dag.py:2398} INFO - Creating ORM DAG for example_branch_dop_operator_v3
[2022-05-28 01:02:26,063] {logging_mixin.py:115} INFO - [2022-05-28 01:02:26,063] {dag.py:2927} INFO - Setting next_dagrun for example_branch_dop_operator_v3 to 2022-05-28T01:01:00+00:00, run_after=2022-05-28T01:02:00+00:00
[2022-05-28 01:02:26,075] {processor.py:161} INFO - Processing /home/airflow/.local/lib/python3.7/site-packages/airflow/example_dags/example_branch_python_dop_operator_3.py took 0.234 seconds
[2022-05-28 01:02:56,544] {processor.py:153} INFO - Started process (PID=131) to work on /home/airflow/.local/lib/python3.7/site-packages/airflow/example_dags/example_branch_python_dop_operator_3.py
[2022-05-28 01:02:56,545] {processor.py:641} INFO - Processing file /home/airflow/.local/lib/python3.7/site-packages/airflow/example_dags/example_branch_python_dop_operator_3.py for tasks to queue
[2022-05-28 01:02:56,545] {logging_mixin.py:115} INFO - [2022-05-28 01:02:56,545] {dagbag.py:507} INFO - Filling up the DagBag from /home/airflow/.local/lib/python3.7/site-packages/airflow/example_dags/example_branch_python_dop_operator_3.py
[2022-05-28 01:02:56,551] {processor.py:651} INFO - DAG(s) dict_keys(['example_branch_dop_operator_v3']) retrieved from /home/airflow/.local/lib/python3.7/site-packages/airflow/example_dags/example_branch_python_dop_operator_3.py
[2022-05-28 01:02:56,570] {logging_mixin.py:115} INFO - [2022-05-28 01:02:56,570] {dag.py:2379} INFO - Sync 1 DAGs
[2022-05-28 01:02:56,591] {logging_mixin.py:115} INFO - [2022-05-28 01:02:56,591] {dag.py:2927} INFO - Setting next_dagrun for example_branch_dop_operator_v3 to 2022-05-28T01:01:00+00:00, run_after=2022-05-28T01:02:00+00:00
[2022-05-28 01:02:56,599] {processor.py:161} INFO - Processing /home/airflow/.local/lib/python3.7/site-packages/airflow/example_dags/example_branch_python_dop_operator_3.py took 0.057 seconds
[2022-05-28 01:03:27,546] {processor.py:153} INFO - Started process (PID=192) to work on /home/airflow/.local/lib/python3.7/site-packages/airflow/example_dags/example_branch_python_dop_operator_3.py
[2022-05-28 01:03:27,547] {processor.py:641} INFO - Processing file /home/airflow/.local/lib/python3.7/site-packages/airflow/example_dags/example_branch_python_dop_operator_3.py for tasks to queue
[2022-05-28 01:03:27,547] {logging_mixin.py:115} INFO - [2022-05-28 01:03:27,547] {dagbag.py:507} INFO - Filling up the DagBag from /home/airflow/.local/lib/python3.7/site-packages/airflow/example_dags/example_branch_python_dop_operator_3.py
[2022-05-28 01:03:27,554] {processor.py:651} INFO - DAG(s) dict_keys(['example_branch_dop_operator_v3']) retrieved from /home/airflow/.local/lib/python3.7/site-packages/airflow/example_dags/example_branch_python_dop_operator_3.py
[2022-05-28 01:03:27,574] {logging_mixin.py:115} INFO - [2022-05-28 01:03:27,574] {dag.py:2379} INFO - Sync 1 DAGs
[2022-05-28 01:03:27,595] {logging_mixin.py:115} INFO - [2022-05-28 01:03:27,594] {dag.py:2927} INFO - Setting next_dagrun for example_branch_dop_operator_v3 to 2022-05-28T01:02:00+00:00, run_after=2022-05-28T01:03:00+00:00
[2022-05-28 01:03:27,603] {processor.py:161} INFO - Processing /home/airflow/.local/lib/python3.7/site-packages/airflow/example_dags/example_branch_python_dop_operator_3.py took 0.059 seconds
[2022-05-28 01:03:58,597] {processor.py:153} INFO - Started process (PID=253) to work on /home/airflow/.local/lib/python3.7/site-packages/airflow/example_dags/example_branch_python_dop_operator_3.py
[2022-05-28 01:03:58,598] {processor.py:641} INFO - Processing file /home/airflow/.local/lib/python3.7/site-packages/airflow/example_dags/example_branch_python_dop_operator_3.py for tasks to queue
[2022-05-28 01:03:58,598] {logging_mixin.py:115} INFO - [2022-05-28 01:03:58,598] {dagbag.py:507} INFO - Filling up the DagBag from /home/airflow/.local/lib/python3.7/site-packages/airflow/example_dags/example_branch_python_dop_operator_3.py
[2022-05-28 01:03:58,606] {processor.py:651} INFO - DAG(s) dict_keys(['example_branch_dop_operator_v3']) retrieved from /home/airflow/.local/lib/python3.7/site-packages/airflow/example_dags/example_branch_python_dop_operator_3.py
[2022-05-28 01:03:58,630] {logging_mixin.py:115} INFO - [2022-05-28 01:03:58,630] {dag.py:2379} INFO - Sync 1 DAGs
[2022-05-28 01:03:58,654] {logging_mixin.py:115} INFO - [2022-05-28 01:03:58,654] {dag.py:2927} INFO - Setting next_dagrun for example_branch_dop_operator_v3 to 2022-05-28T01:02:00+00:00, run_after=2022-05-28T01:03:00+00:00
[2022-05-28 01:03:58,663] {processor.py:161} INFO - Processing /home/airflow/.local/lib/python3.7/site-packages/airflow/example_dags/example_branch_python_dop_operator_3.py took 0.068 seconds
[2022-05-28 01:04:28,779] {processor.py:153} INFO - Started process (PID=305) to work on /home/airflow/.local/lib/python3.7/site-packages/airflow/example_dags/example_branch_python_dop_operator_3.py
[2022-05-28 01:04:28,780] {processor.py:641} INFO - Processing file /home/airflow/.local/lib/python3.7/site-packages/airflow/example_dags/example_branch_python_dop_operator_3.py for tasks to queue
[2022-05-28 01:04:28,780] {logging_mixin.py:115} INFO - [2022-05-28 01:04:28,780] {dagbag.py:507} INFO - Filling up the DagBag from /home/airflow/.local/lib/python3.7/site-packages/airflow/example_dags/example_branch_python_dop_operator_3.py
[2022-05-28 01:04:28,787] {processor.py:651} INFO - DAG(s) dict_keys(['example_branch_dop_operator_v3']) retrieved from /home/airflow/.local/lib/python3.7/site-packages/airflow/example_dags/example_branch_python_dop_operator_3.py
[2022-05-28 01:04:28,807] {logging_mixin.py:115} INFO - [2022-05-28 01:04:28,807] {dag.py:2379} INFO - Sync 1 DAGs
[2022-05-28 01:04:28,828] {logging_mixin.py:115} INFO - [2022-05-28 01:04:28,828] {dag.py:2927} INFO - Setting next_dagrun for example_branch_dop_operator_v3 to 2022-05-28T01:03:00+00:00, run_after=2022-05-28T01:04:00+00:00
[2022-05-28 01:04:28,836] {processor.py:161} INFO - Processing /home/airflow/.local/lib/python3.7/site-packages/airflow/example_dags/example_branch_python_dop_operator_3.py took 0.059 seconds
[2022-05-28 01:04:59,500] {processor.py:153} INFO - Started process (PID=366) to work on /home/airflow/.local/lib/python3.7/site-packages/airflow/example_dags/example_branch_python_dop_operator_3.py
[2022-05-28 01:04:59,501] {processor.py:641} INFO - Processing file /home/airflow/.local/lib/python3.7/site-packages/airflow/example_dags/example_branch_python_dop_operator_3.py for tasks to queue
[2022-05-28 01:04:59,501] {logging_mixin.py:115} INFO - [2022-05-28 01:04:59,501] {dagbag.py:507} INFO - Filling up the DagBag from /home/airflow/.local/lib/python3.7/site-packages/airflow/example_dags/example_branch_python_dop_operator_3.py
[2022-05-28 01:04:59,507] {processor.py:651} INFO - DAG(s) dict_keys(['example_branch_dop_operator_v3']) retrieved from /home/airflow/.local/lib/python3.7/site-packages/airflow/example_dags/example_branch_python_dop_operator_3.py
[2022-05-28 01:04:59,526] {logging_mixin.py:115} INFO - [2022-05-28 01:04:59,526] {dag.py:2379} INFO - Sync 1 DAGs
[2022-05-28 01:04:59,546] {logging_mixin.py:115} INFO - [2022-05-28 01:04:59,546] {dag.py:2927} INFO - Setting next_dagrun for example_branch_dop_operator_v3 to 2022-05-28T01:03:00+00:00, run_after=2022-05-28T01:04:00+00:00
[2022-05-28 01:04:59,554] {processor.py:161} INFO - Processing /home/airflow/.local/lib/python3.7/site-packages/airflow/example_dags/example_branch_python_dop_operator_3.py took 0.056 seconds
[2022-05-28 01:05:30,437] {processor.py:153} INFO - Started process (PID=427) to work on /home/airflow/.local/lib/python3.7/site-packages/airflow/example_dags/example_branch_python_dop_operator_3.py
[2022-05-28 01:05:30,437] {processor.py:641} INFO - Processing file /home/airflow/.local/lib/python3.7/site-packages/airflow/example_dags/example_branch_python_dop_operator_3.py for tasks to queue
[2022-05-28 01:05:30,438] {logging_mixin.py:115} INFO - [2022-05-28 01:05:30,438] {dagbag.py:507} INFO - Filling up the DagBag from /home/airflow/.local/lib/python3.7/site-packages/airflow/example_dags/example_branch_python_dop_operator_3.py
[2022-05-28 01:05:30,445] {processor.py:651} INFO - DAG(s) dict_keys(['example_branch_dop_operator_v3']) retrieved from /home/airflow/.local/lib/python3.7/site-packages/airflow/example_dags/example_branch_python_dop_operator_3.py
[2022-05-28 01:05:30,466] {logging_mixin.py:115} INFO - [2022-05-28 01:05:30,466] {dag.py:2379} INFO - Sync 1 DAGs
[2022-05-28 01:05:30,489] {logging_mixin.py:115} INFO - [2022-05-28 01:05:30,488] {dag.py:2927} INFO - Setting next_dagrun for example_branch_dop_operator_v3 to 2022-05-28T01:04:00+00:00, run_after=2022-05-28T01:05:00+00:00
[2022-05-28 01:05:30,497] {processor.py:161} INFO - Processing /home/airflow/.local/lib/python3.7/site-packages/airflow/example_dags/example_branch_python_dop_operator_3.py took 0.063 seconds
[2022-05-28 01:06:01,192] {processor.py:153} INFO - Started process (PID=488) to work on /home/airflow/.local/lib/python3.7/site-packages/airflow/example_dags/example_branch_python_dop_operator_3.py
[2022-05-28 01:06:01,193] {processor.py:641} INFO - Processing file /home/airflow/.local/lib/python3.7/site-packages/airflow/example_dags/example_branch_python_dop_operator_3.py for tasks to queue
[2022-05-28 01:06:01,193] {logging_mixin.py:115} INFO - [2022-05-28 01:06:01,193] {dagbag.py:507} INFO - Filling up the DagBag from /home/airflow/.local/lib/python3.7/site-packages/airflow/example_dags/example_branch_python_dop_operator_3.py
[2022-05-28 01:06:01,200] {processor.py:651} INFO - DAG(s) dict_keys(['example_branch_dop_operator_v3']) retrieved from /home/airflow/.local/lib/python3.7/site-packages/airflow/example_dags/example_branch_python_dop_operator_3.py
[2022-05-28 01:06:01,225] {logging_mixin.py:115} INFO - [2022-05-28 01:06:01,225] {dag.py:2379} INFO - Sync 1 DAGs
[2022-05-28 01:06:01,250] {logging_mixin.py:115} INFO - [2022-05-28 01:06:01,249] {dag.py:2927} INFO - Setting next_dagrun for example_branch_dop_operator_v3 to 2022-05-28T01:05:00+00:00, run_after=2022-05-28T01:06:00+00:00
[2022-05-28 01:06:01,259] {processor.py:161} INFO - Processing /home/airflow/.local/lib/python3.7/site-packages/airflow/example_dags/example_branch_python_dop_operator_3.py took 0.069 seconds
[2022-05-28 01:06:32,012] {processor.py:153} INFO - Started process (PID=540) to work on /home/airflow/.local/lib/python3.7/site-packages/airflow/example_dags/example_branch_python_dop_operator_3.py
[2022-05-28 01:06:32,012] {processor.py:641} INFO - Processing file /home/airflow/.local/lib/python3.7/site-packages/airflow/example_dags/example_branch_python_dop_operator_3.py for tasks to queue
[2022-05-28 01:06:32,013] {logging_mixin.py:115} INFO - [2022-05-28 01:06:32,013] {dagbag.py:507} INFO - Filling up the DagBag from /home/airflow/.local/lib/python3.7/site-packages/airflow/example_dags/example_branch_python_dop_operator_3.py
[2022-05-28 01:06:32,022] {processor.py:651} INFO - DAG(s) dict_keys(['example_branch_dop_operator_v3']) retrieved from /home/airflow/.local/lib/python3.7/site-packages/airflow/example_dags/example_branch_python_dop_operator_3.py
[2022-05-28 01:06:32,042] {logging_mixin.py:115} INFO - [2022-05-28 01:06:32,042] {dag.py:2379} INFO - Sync 1 DAGs
[2022-05-28 01:06:32,071] {logging_mixin.py:115} INFO - [2022-05-28 01:06:32,071] {dag.py:2927} INFO - Setting next_dagrun for example_branch_dop_operator_v3 to 2022-05-28T01:05:00+00:00, run_after=2022-05-28T01:06:00+00:00
[2022-05-28 01:06:32,083] {processor.py:161} INFO - Processing /home/airflow/.local/lib/python3.7/site-packages/airflow/example_dags/example_branch_python_dop_operator_3.py took 0.074 seconds
[2022-05-28 01:07:02,710] {processor.py:153} INFO - Started process (PID=601) to work on /home/airflow/.local/lib/python3.7/site-packages/airflow/example_dags/example_branch_python_dop_operator_3.py
[2022-05-28 01:07:02,711] {processor.py:641} INFO - Processing file /home/airflow/.local/lib/python3.7/site-packages/airflow/example_dags/example_branch_python_dop_operator_3.py for tasks to queue
[2022-05-28 01:07:02,711] {logging_mixin.py:115} INFO - [2022-05-28 01:07:02,711] {dagbag.py:507} INFO - Filling up the DagBag from /home/airflow/.local/lib/python3.7/site-packages/airflow/example_dags/example_branch_python_dop_operator_3.py
[2022-05-28 01:07:02,720] {processor.py:651} INFO - DAG(s) dict_keys(['example_branch_dop_operator_v3']) retrieved from /home/airflow/.local/lib/python3.7/site-packages/airflow/example_dags/example_branch_python_dop_operator_3.py
[2022-05-28 01:07:02,743] {logging_mixin.py:115} INFO - [2022-05-28 01:07:02,743] {dag.py:2379} INFO - Sync 1 DAGs
[2022-05-28 01:07:02,765] {logging_mixin.py:115} INFO - [2022-05-28 01:07:02,764] {dag.py:2927} INFO - Setting next_dagrun for example_branch_dop_operator_v3 to 2022-05-28T01:06:00+00:00, run_after=2022-05-28T01:07:00+00:00
[2022-05-28 01:07:02,774] {processor.py:161} INFO - Processing /home/airflow/.local/lib/python3.7/site-packages/airflow/example_dags/example_branch_python_dop_operator_3.py took 0.067 seconds
[2022-05-28 01:07:32,884] {processor.py:153} INFO - Started process (PID=662) to work on /home/airflow/.local/lib/python3.7/site-packages/airflow/example_dags/example_branch_python_dop_operator_3.py
[2022-05-28 01:07:32,885] {processor.py:641} INFO - Processing file /home/airflow/.local/lib/python3.7/site-packages/airflow/example_dags/example_branch_python_dop_operator_3.py for tasks to queue
[2022-05-28 01:07:32,885] {logging_mixin.py:115} INFO - [2022-05-28 01:07:32,885] {dagbag.py:507} INFO - Filling up the DagBag from /home/airflow/.local/lib/python3.7/site-packages/airflow/example_dags/example_branch_python_dop_operator_3.py
[2022-05-28 01:07:32,892] {processor.py:651} INFO - DAG(s) dict_keys(['example_branch_dop_operator_v3']) retrieved from /home/airflow/.local/lib/python3.7/site-packages/airflow/example_dags/example_branch_python_dop_operator_3.py
[2022-05-28 01:07:32,913] {logging_mixin.py:115} INFO - [2022-05-28 01:07:32,912] {dag.py:2379} INFO - Sync 1 DAGs
[2022-05-28 01:07:32,934] {logging_mixin.py:115} INFO - [2022-05-28 01:07:32,934] {dag.py:2927} INFO - Setting next_dagrun for example_branch_dop_operator_v3 to 2022-05-28T01:06:00+00:00, run_after=2022-05-28T01:07:00+00:00
[2022-05-28 01:07:32,942] {processor.py:161} INFO - Processing /home/airflow/.local/lib/python3.7/site-packages/airflow/example_dags/example_branch_python_dop_operator_3.py took 0.060 seconds
[2022-05-28 01:08:03,152] {processor.py:153} INFO - Started process (PID=722) to work on /home/airflow/.local/lib/python3.7/site-packages/airflow/example_dags/example_branch_python_dop_operator_3.py
[2022-05-28 01:08:03,153] {processor.py:641} INFO - Processing file /home/airflow/.local/lib/python3.7/site-packages/airflow/example_dags/example_branch_python_dop_operator_3.py for tasks to queue
[2022-05-28 01:08:03,153] {logging_mixin.py:115} INFO - [2022-05-28 01:08:03,153] {dagbag.py:507} INFO - Filling up the DagBag from /home/airflow/.local/lib/python3.7/site-packages/airflow/example_dags/example_branch_python_dop_operator_3.py
[2022-05-28 01:08:03,160] {processor.py:651} INFO - DAG(s) dict_keys(['example_branch_dop_operator_v3']) retrieved from /home/airflow/.local/lib/python3.7/site-packages/airflow/example_dags/example_branch_python_dop_operator_3.py
[2022-05-28 01:08:03,179] {logging_mixin.py:115} INFO - [2022-05-28 01:08:03,179] {dag.py:2379} INFO - Sync 1 DAGs
[2022-05-28 01:08:03,201] {logging_mixin.py:115} INFO - [2022-05-28 01:08:03,201] {dag.py:2927} INFO - Setting next_dagrun for example_branch_dop_operator_v3 to 2022-05-28T01:07:00+00:00, run_after=2022-05-28T01:08:00+00:00
[2022-05-28 01:08:03,213] {processor.py:161} INFO - Processing /home/airflow/.local/lib/python3.7/site-packages/airflow/example_dags/example_branch_python_dop_operator_3.py took 0.063 seconds
[2022-05-28 01:08:33,406] {processor.py:153} INFO - Started process (PID=774) to work on /home/airflow/.local/lib/python3.7/site-packages/airflow/example_dags/example_branch_python_dop_operator_3.py
[2022-05-28 01:08:33,406] {processor.py:641} INFO - Processing file /home/airflow/.local/lib/python3.7/site-packages/airflow/example_dags/example_branch_python_dop_operator_3.py for tasks to queue
[2022-05-28 01:08:33,407] {logging_mixin.py:115} INFO - [2022-05-28 01:08:33,407] {dagbag.py:507} INFO - Filling up the DagBag from /home/airflow/.local/lib/python3.7/site-packages/airflow/example_dags/example_branch_python_dop_operator_3.py
[2022-05-28 01:08:33,413] {processor.py:651} INFO - DAG(s) dict_keys(['example_branch_dop_operator_v3']) retrieved from /home/airflow/.local/lib/python3.7/site-packages/airflow/example_dags/example_branch_python_dop_operator_3.py
[2022-05-28 01:08:33,431] {logging_mixin.py:115} INFO - [2022-05-28 01:08:33,431] {dag.py:2379} INFO - Sync 1 DAGs
[2022-05-28 01:08:33,452] {logging_mixin.py:115} INFO - [2022-05-28 01:08:33,452] {dag.py:2927} INFO - Setting next_dagrun for example_branch_dop_operator_v3 to 2022-05-28T01:07:00+00:00, run_after=2022-05-28T01:08:00+00:00
[2022-05-28 01:08:33,460] {processor.py:161} INFO - Processing /home/airflow/.local/lib/python3.7/site-packages/airflow/example_dags/example_branch_python_dop_operator_3.py took 0.056 seconds
[2022-05-28 01:09:03,598] {processor.py:153} INFO - Started process (PID=835) to work on /home/airflow/.local/lib/python3.7/site-packages/airflow/example_dags/example_branch_python_dop_operator_3.py
[2022-05-28 01:09:03,599] {processor.py:641} INFO - Processing file /home/airflow/.local/lib/python3.7/site-packages/airflow/example_dags/example_branch_python_dop_operator_3.py for tasks to queue
[2022-05-28 01:09:03,600] {logging_mixin.py:115} INFO - [2022-05-28 01:09:03,599] {dagbag.py:507} INFO - Filling up the DagBag from /home/airflow/.local/lib/python3.7/site-packages/airflow/example_dags/example_branch_python_dop_operator_3.py
[2022-05-28 01:09:03,607] {processor.py:651} INFO - DAG(s) dict_keys(['example_branch_dop_operator_v3']) retrieved from /home/airflow/.local/lib/python3.7/site-packages/airflow/example_dags/example_branch_python_dop_operator_3.py
[2022-05-28 01:09:03,627] {logging_mixin.py:115} INFO - [2022-05-28 01:09:03,627] {dag.py:2379} INFO - Sync 1 DAGs
[2022-05-28 01:09:03,648] {logging_mixin.py:115} INFO - [2022-05-28 01:09:03,648] {dag.py:2927} INFO - Setting next_dagrun for example_branch_dop_operator_v3 to 2022-05-28T01:08:00+00:00, run_after=2022-05-28T01:09:00+00:00
[2022-05-28 01:09:03,657] {processor.py:161} INFO - Processing /home/airflow/.local/lib/python3.7/site-packages/airflow/example_dags/example_branch_python_dop_operator_3.py took 0.061 seconds
[2022-05-28 01:09:33,895] {processor.py:153} INFO - Started process (PID=897) to work on /home/airflow/.local/lib/python3.7/site-packages/airflow/example_dags/example_branch_python_dop_operator_3.py
[2022-05-28 01:09:33,896] {processor.py:641} INFO - Processing file /home/airflow/.local/lib/python3.7/site-packages/airflow/example_dags/example_branch_python_dop_operator_3.py for tasks to queue
[2022-05-28 01:09:33,896] {logging_mixin.py:115} INFO - [2022-05-28 01:09:33,896] {dagbag.py:507} INFO - Filling up the DagBag from /home/airflow/.local/lib/python3.7/site-packages/airflow/example_dags/example_branch_python_dop_operator_3.py
[2022-05-28 01:09:33,903] {processor.py:651} INFO - DAG(s) dict_keys(['example_branch_dop_operator_v3']) retrieved from /home/airflow/.local/lib/python3.7/site-packages/airflow/example_dags/example_branch_python_dop_operator_3.py
[2022-05-28 01:09:33,924] {logging_mixin.py:115} INFO - [2022-05-28 01:09:33,924] {dag.py:2379} INFO - Sync 1 DAGs
[2022-05-28 01:09:33,946] {logging_mixin.py:115} INFO - [2022-05-28 01:09:33,946] {dag.py:2927} INFO - Setting next_dagrun for example_branch_dop_operator_v3 to 2022-05-28T01:08:00+00:00, run_after=2022-05-28T01:09:00+00:00
[2022-05-28 01:09:33,955] {processor.py:161} INFO - Processing /home/airflow/.local/lib/python3.7/site-packages/airflow/example_dags/example_branch_python_dop_operator_3.py took 0.063 seconds
[2022-05-28 01:10:04,241] {processor.py:153} INFO - Started process (PID=949) to work on /home/airflow/.local/lib/python3.7/site-packages/airflow/example_dags/example_branch_python_dop_operator_3.py
[2022-05-28 01:10:04,242] {processor.py:641} INFO - Processing file /home/airflow/.local/lib/python3.7/site-packages/airflow/example_dags/example_branch_python_dop_operator_3.py for tasks to queue
[2022-05-28 01:10:04,242] {logging_mixin.py:115} INFO - [2022-05-28 01:10:04,242] {dagbag.py:507} INFO - Filling up the DagBag from /home/airflow/.local/lib/python3.7/site-packages/airflow/example_dags/example_branch_python_dop_operator_3.py
[2022-05-28 01:10:04,249] {processor.py:651} INFO - DAG(s) dict_keys(['example_branch_dop_operator_v3']) retrieved from /home/airflow/.local/lib/python3.7/site-packages/airflow/example_dags/example_branch_python_dop_operator_3.py
[2022-05-28 01:10:04,268] {logging_mixin.py:115} INFO - [2022-05-28 01:10:04,268] {dag.py:2379} INFO - Sync 1 DAGs
[2022-05-28 01:10:04,289] {logging_mixin.py:115} INFO - [2022-05-28 01:10:04,289] {dag.py:2927} INFO - Setting next_dagrun for example_branch_dop_operator_v3 to 2022-05-28T01:09:00+00:00, run_after=2022-05-28T01:10:00+00:00
[2022-05-28 01:10:04,297] {processor.py:161} INFO - Processing /home/airflow/.local/lib/python3.7/site-packages/airflow/example_dags/example_branch_python_dop_operator_3.py took 0.058 seconds
[2022-05-28 01:10:34,447] {processor.py:153} INFO - Started process (PID=1010) to work on /home/airflow/.local/lib/python3.7/site-packages/airflow/example_dags/example_branch_python_dop_operator_3.py
[2022-05-28 01:10:34,447] {processor.py:641} INFO - Processing file /home/airflow/.local/lib/python3.7/site-packages/airflow/example_dags/example_branch_python_dop_operator_3.py for tasks to queue
[2022-05-28 01:10:34,448] {logging_mixin.py:115} INFO - [2022-05-28 01:10:34,448] {dagbag.py:507} INFO - Filling up the DagBag from /home/airflow/.local/lib/python3.7/site-packages/airflow/example_dags/example_branch_python_dop_operator_3.py
[2022-05-28 01:10:34,455] {processor.py:651} INFO - DAG(s) dict_keys(['example_branch_dop_operator_v3']) retrieved from /home/airflow/.local/lib/python3.7/site-packages/airflow/example_dags/example_branch_python_dop_operator_3.py
[2022-05-28 01:10:34,475] {logging_mixin.py:115} INFO - [2022-05-28 01:10:34,474] {dag.py:2379} INFO - Sync 1 DAGs
[2022-05-28 01:10:34,495] {logging_mixin.py:115} INFO - [2022-05-28 01:10:34,495] {dag.py:2927} INFO - Setting next_dagrun for example_branch_dop_operator_v3 to 2022-05-28T01:09:00+00:00, run_after=2022-05-28T01:10:00+00:00
[2022-05-28 01:10:34,504] {processor.py:161} INFO - Processing /home/airflow/.local/lib/python3.7/site-packages/airflow/example_dags/example_branch_python_dop_operator_3.py took 0.059 seconds
[2022-05-28 01:11:04,847] {processor.py:153} INFO - Started process (PID=1071) to work on /home/airflow/.local/lib/python3.7/site-packages/airflow/example_dags/example_branch_python_dop_operator_3.py
[2022-05-28 01:11:04,848] {processor.py:641} INFO - Processing file /home/airflow/.local/lib/python3.7/site-packages/airflow/example_dags/example_branch_python_dop_operator_3.py for tasks to queue
[2022-05-28 01:11:04,848] {logging_mixin.py:115} INFO - [2022-05-28 01:11:04,848] {dagbag.py:507} INFO - Filling up the DagBag from /home/airflow/.local/lib/python3.7/site-packages/airflow/example_dags/example_branch_python_dop_operator_3.py
[2022-05-28 01:11:04,855] {processor.py:651} INFO - DAG(s) dict_keys(['example_branch_dop_operator_v3']) retrieved from /home/airflow/.local/lib/python3.7/site-packages/airflow/example_dags/example_branch_python_dop_operator_3.py
[2022-05-28 01:11:04,876] {logging_mixin.py:115} INFO - [2022-05-28 01:11:04,876] {dag.py:2379} INFO - Sync 1 DAGs
[2022-05-28 01:11:04,898] {logging_mixin.py:115} INFO - [2022-05-28 01:11:04,898] {dag.py:2927} INFO - Setting next_dagrun for example_branch_dop_operator_v3 to 2022-05-28T01:10:00+00:00, run_after=2022-05-28T01:11:00+00:00
[2022-05-28 01:11:04,907] {processor.py:161} INFO - Processing /home/airflow/.local/lib/python3.7/site-packages/airflow/example_dags/example_branch_python_dop_operator_3.py took 0.062 seconds
[2022-05-28 01:11:35,331] {processor.py:153} INFO - Started process (PID=1133) to work on /home/airflow/.local/lib/python3.7/site-packages/airflow/example_dags/example_branch_python_dop_operator_3.py
[2022-05-28 01:11:35,332] {processor.py:641} INFO - Processing file /home/airflow/.local/lib/python3.7/site-packages/airflow/example_dags/example_branch_python_dop_operator_3.py for tasks to queue
[2022-05-28 01:11:35,332] {logging_mixin.py:115} INFO - [2022-05-28 01:11:35,332] {dagbag.py:507} INFO - Filling up the DagBag from /home/airflow/.local/lib/python3.7/site-packages/airflow/example_dags/example_branch_python_dop_operator_3.py
[2022-05-28 01:11:35,339] {processor.py:651} INFO - DAG(s) dict_keys(['example_branch_dop_operator_v3']) retrieved from /home/airflow/.local/lib/python3.7/site-packages/airflow/example_dags/example_branch_python_dop_operator_3.py
[2022-05-28 01:11:35,359] {logging_mixin.py:115} INFO - [2022-05-28 01:11:35,359] {dag.py:2379} INFO - Sync 1 DAGs
[2022-05-28 01:11:35,380] {logging_mixin.py:115} INFO - [2022-05-28 01:11:35,380] {dag.py:2927} INFO - Setting next_dagrun for example_branch_dop_operator_v3 to 2022-05-28T01:10:00+00:00, run_after=2022-05-28T01:11:00+00:00
[2022-05-28 01:11:35,388] {processor.py:161} INFO - Processing /home/airflow/.local/lib/python3.7/site-packages/airflow/example_dags/example_branch_python_dop_operator_3.py took 0.059 seconds
[2022-05-28 01:12:05,562] {processor.py:153} INFO - Started process (PID=1184) to work on /home/airflow/.local/lib/python3.7/site-packages/airflow/example_dags/example_branch_python_dop_operator_3.py
[2022-05-28 01:12:05,562] {processor.py:641} INFO - Processing file /home/airflow/.local/lib/python3.7/site-packages/airflow/example_dags/example_branch_python_dop_operator_3.py for tasks to queue
[2022-05-28 01:12:05,563] {logging_mixin.py:115} INFO - [2022-05-28 01:12:05,563] {dagbag.py:507} INFO - Filling up the DagBag from /home/airflow/.local/lib/python3.7/site-packages/airflow/example_dags/example_branch_python_dop_operator_3.py
[2022-05-28 01:12:05,570] {processor.py:651} INFO - DAG(s) dict_keys(['example_branch_dop_operator_v3']) retrieved from /home/airflow/.local/lib/python3.7/site-packages/airflow/example_dags/example_branch_python_dop_operator_3.py
[2022-05-28 01:12:05,591] {logging_mixin.py:115} INFO - [2022-05-28 01:12:05,591] {dag.py:2379} INFO - Sync 1 DAGs
[2022-05-28 01:12:05,612] {logging_mixin.py:115} INFO - [2022-05-28 01:12:05,612] {dag.py:2927} INFO - Setting next_dagrun for example_branch_dop_operator_v3 to 2022-05-28T01:11:00+00:00, run_after=2022-05-28T01:12:00+00:00
[2022-05-28 01:12:05,623] {processor.py:161} INFO - Processing /home/airflow/.local/lib/python3.7/site-packages/airflow/example_dags/example_branch_python_dop_operator_3.py took 0.064 seconds
[2022-05-28 01:12:35,930] {processor.py:153} INFO - Started process (PID=1245) to work on /home/airflow/.local/lib/python3.7/site-packages/airflow/example_dags/example_branch_python_dop_operator_3.py
[2022-05-28 01:12:35,931] {processor.py:641} INFO - Processing file /home/airflow/.local/lib/python3.7/site-packages/airflow/example_dags/example_branch_python_dop_operator_3.py for tasks to queue
[2022-05-28 01:12:35,931] {logging_mixin.py:115} INFO - [2022-05-28 01:12:35,931] {dagbag.py:507} INFO - Filling up the DagBag from /home/airflow/.local/lib/python3.7/site-packages/airflow/example_dags/example_branch_python_dop_operator_3.py
[2022-05-28 01:12:35,938] {processor.py:651} INFO - DAG(s) dict_keys(['example_branch_dop_operator_v3']) retrieved from /home/airflow/.local/lib/python3.7/site-packages/airflow/example_dags/example_branch_python_dop_operator_3.py
[2022-05-28 01:12:35,957] {logging_mixin.py:115} INFO - [2022-05-28 01:12:35,957] {dag.py:2379} INFO - Sync 1 DAGs
[2022-05-28 01:12:35,977] {logging_mixin.py:115} INFO - [2022-05-28 01:12:35,977] {dag.py:2927} INFO - Setting next_dagrun for example_branch_dop_operator_v3 to 2022-05-28T01:11:00+00:00, run_after=2022-05-28T01:12:00+00:00
[2022-05-28 01:12:35,988] {processor.py:161} INFO - Processing /home/airflow/.local/lib/python3.7/site-packages/airflow/example_dags/example_branch_python_dop_operator_3.py took 0.060 seconds
[2022-05-28 01:13:06,244] {processor.py:153} INFO - Started process (PID=1306) to work on /home/airflow/.local/lib/python3.7/site-packages/airflow/example_dags/example_branch_python_dop_operator_3.py
[2022-05-28 01:13:06,245] {processor.py:641} INFO - Processing file /home/airflow/.local/lib/python3.7/site-packages/airflow/example_dags/example_branch_python_dop_operator_3.py for tasks to queue
[2022-05-28 01:13:06,246] {logging_mixin.py:115} INFO - [2022-05-28 01:13:06,245] {dagbag.py:507} INFO - Filling up the DagBag from /home/airflow/.local/lib/python3.7/site-packages/airflow/example_dags/example_branch_python_dop_operator_3.py
[2022-05-28 01:13:06,253] {processor.py:651} INFO - DAG(s) dict_keys(['example_branch_dop_operator_v3']) retrieved from /home/airflow/.local/lib/python3.7/site-packages/airflow/example_dags/example_branch_python_dop_operator_3.py
[2022-05-28 01:13:06,273] {logging_mixin.py:115} INFO - [2022-05-28 01:13:06,273] {dag.py:2379} INFO - Sync 1 DAGs
[2022-05-28 01:13:06,294] {logging_mixin.py:115} INFO - [2022-05-28 01:13:06,294] {dag.py:2927} INFO - Setting next_dagrun for example_branch_dop_operator_v3 to 2022-05-28T01:12:00+00:00, run_after=2022-05-28T01:13:00+00:00
[2022-05-28 01:13:06,306] {processor.py:161} INFO - Processing /home/airflow/.local/lib/python3.7/site-packages/airflow/example_dags/example_branch_python_dop_operator_3.py took 0.063 seconds
[2022-05-28 01:13:36,660] {processor.py:153} INFO - Started process (PID=1367) to work on /home/airflow/.local/lib/python3.7/site-packages/airflow/example_dags/example_branch_python_dop_operator_3.py
[2022-05-28 01:13:36,660] {processor.py:641} INFO - Processing file /home/airflow/.local/lib/python3.7/site-packages/airflow/example_dags/example_branch_python_dop_operator_3.py for tasks to queue
[2022-05-28 01:13:36,661] {logging_mixin.py:115} INFO - [2022-05-28 01:13:36,661] {dagbag.py:507} INFO - Filling up the DagBag from /home/airflow/.local/lib/python3.7/site-packages/airflow/example_dags/example_branch_python_dop_operator_3.py
[2022-05-28 01:13:36,668] {processor.py:651} INFO - DAG(s) dict_keys(['example_branch_dop_operator_v3']) retrieved from /home/airflow/.local/lib/python3.7/site-packages/airflow/example_dags/example_branch_python_dop_operator_3.py
[2022-05-28 01:13:36,689] {logging_mixin.py:115} INFO - [2022-05-28 01:13:36,689] {dag.py:2379} INFO - Sync 1 DAGs
[2022-05-28 01:13:36,710] {logging_mixin.py:115} INFO - [2022-05-28 01:13:36,710] {dag.py:2927} INFO - Setting next_dagrun for example_branch_dop_operator_v3 to 2022-05-28T01:12:00+00:00, run_after=2022-05-28T01:13:00+00:00
[2022-05-28 01:13:36,722] {processor.py:161} INFO - Processing /home/airflow/.local/lib/python3.7/site-packages/airflow/example_dags/example_branch_python_dop_operator_3.py took 0.064 seconds
[2022-05-28 01:14:06,970] {processor.py:153} INFO - Started process (PID=1419) to work on /home/airflow/.local/lib/python3.7/site-packages/airflow/example_dags/example_branch_python_dop_operator_3.py
[2022-05-28 01:14:06,970] {processor.py:641} INFO - Processing file /home/airflow/.local/lib/python3.7/site-packages/airflow/example_dags/example_branch_python_dop_operator_3.py for tasks to queue
[2022-05-28 01:14:06,971] {logging_mixin.py:115} INFO - [2022-05-28 01:14:06,971] {dagbag.py:507} INFO - Filling up the DagBag from /home/airflow/.local/lib/python3.7/site-packages/airflow/example_dags/example_branch_python_dop_operator_3.py
[2022-05-28 01:14:06,978] {processor.py:651} INFO - DAG(s) dict_keys(['example_branch_dop_operator_v3']) retrieved from /home/airflow/.local/lib/python3.7/site-packages/airflow/example_dags/example_branch_python_dop_operator_3.py
[2022-05-28 01:14:06,998] {logging_mixin.py:115} INFO - [2022-05-28 01:14:06,998] {dag.py:2379} INFO - Sync 1 DAGs
[2022-05-28 01:14:07,019] {logging_mixin.py:115} INFO - [2022-05-28 01:14:07,019] {dag.py:2927} INFO - Setting next_dagrun for example_branch_dop_operator_v3 to 2022-05-28T01:13:00+00:00, run_after=2022-05-28T01:14:00+00:00
[2022-05-28 01:14:07,030] {processor.py:161} INFO - Processing /home/airflow/.local/lib/python3.7/site-packages/airflow/example_dags/example_branch_python_dop_operator_3.py took 0.063 seconds
[2022-05-28 01:14:37,062] {processor.py:153} INFO - Started process (PID=1480) to work on /home/airflow/.local/lib/python3.7/site-packages/airflow/example_dags/example_branch_python_dop_operator_3.py
[2022-05-28 01:14:37,062] {processor.py:641} INFO - Processing file /home/airflow/.local/lib/python3.7/site-packages/airflow/example_dags/example_branch_python_dop_operator_3.py for tasks to queue
[2022-05-28 01:14:37,063] {logging_mixin.py:115} INFO - [2022-05-28 01:14:37,063] {dagbag.py:507} INFO - Filling up the DagBag from /home/airflow/.local/lib/python3.7/site-packages/airflow/example_dags/example_branch_python_dop_operator_3.py
[2022-05-28 01:14:37,070] {processor.py:651} INFO - DAG(s) dict_keys(['example_branch_dop_operator_v3']) retrieved from /home/airflow/.local/lib/python3.7/site-packages/airflow/example_dags/example_branch_python_dop_operator_3.py
[2022-05-28 01:14:37,088] {logging_mixin.py:115} INFO - [2022-05-28 01:14:37,088] {dag.py:2379} INFO - Sync 1 DAGs
[2022-05-28 01:14:37,110] {logging_mixin.py:115} INFO - [2022-05-28 01:14:37,110] {dag.py:2927} INFO - Setting next_dagrun for example_branch_dop_operator_v3 to 2022-05-28T01:13:00+00:00, run_after=2022-05-28T01:14:00+00:00
[2022-05-28 01:14:37,120] {processor.py:161} INFO - Processing /home/airflow/.local/lib/python3.7/site-packages/airflow/example_dags/example_branch_python_dop_operator_3.py took 0.060 seconds
[2022-05-28 01:15:08,030] {processor.py:153} INFO - Started process (PID=1541) to work on /home/airflow/.local/lib/python3.7/site-packages/airflow/example_dags/example_branch_python_dop_operator_3.py
[2022-05-28 01:15:08,030] {processor.py:641} INFO - Processing file /home/airflow/.local/lib/python3.7/site-packages/airflow/example_dags/example_branch_python_dop_operator_3.py for tasks to queue
[2022-05-28 01:15:08,031] {logging_mixin.py:115} INFO - [2022-05-28 01:15:08,031] {dagbag.py:507} INFO - Filling up the DagBag from /home/airflow/.local/lib/python3.7/site-packages/airflow/example_dags/example_branch_python_dop_operator_3.py
[2022-05-28 01:15:08,037] {processor.py:651} INFO - DAG(s) dict_keys(['example_branch_dop_operator_v3']) retrieved from /home/airflow/.local/lib/python3.7/site-packages/airflow/example_dags/example_branch_python_dop_operator_3.py
[2022-05-28 01:15:08,055] {logging_mixin.py:115} INFO - [2022-05-28 01:15:08,055] {dag.py:2379} INFO - Sync 1 DAGs
[2022-05-28 01:15:08,076] {logging_mixin.py:115} INFO - [2022-05-28 01:15:08,076] {dag.py:2927} INFO - Setting next_dagrun for example_branch_dop_operator_v3 to 2022-05-28T01:14:00+00:00, run_after=2022-05-28T01:15:00+00:00
[2022-05-28 01:15:08,086] {processor.py:161} INFO - Processing /home/airflow/.local/lib/python3.7/site-packages/airflow/example_dags/example_branch_python_dop_operator_3.py took 0.059 seconds
[2022-05-28 01:15:38,852] {processor.py:153} INFO - Started process (PID=1602) to work on /home/airflow/.local/lib/python3.7/site-packages/airflow/example_dags/example_branch_python_dop_operator_3.py
[2022-05-28 01:15:38,852] {processor.py:641} INFO - Processing file /home/airflow/.local/lib/python3.7/site-packages/airflow/example_dags/example_branch_python_dop_operator_3.py for tasks to queue
[2022-05-28 01:15:38,853] {logging_mixin.py:115} INFO - [2022-05-28 01:15:38,853] {dagbag.py:507} INFO - Filling up the DagBag from /home/airflow/.local/lib/python3.7/site-packages/airflow/example_dags/example_branch_python_dop_operator_3.py
[2022-05-28 01:15:38,859] {processor.py:651} INFO - DAG(s) dict_keys(['example_branch_dop_operator_v3']) retrieved from /home/airflow/.local/lib/python3.7/site-packages/airflow/example_dags/example_branch_python_dop_operator_3.py
[2022-05-28 01:15:38,877] {logging_mixin.py:115} INFO - [2022-05-28 01:15:38,877] {dag.py:2379} INFO - Sync 1 DAGs
[2022-05-28 01:15:38,897] {logging_mixin.py:115} INFO - [2022-05-28 01:15:38,897] {dag.py:2927} INFO - Setting next_dagrun for example_branch_dop_operator_v3 to 2022-05-28T01:14:00+00:00, run_after=2022-05-28T01:15:00+00:00
[2022-05-28 01:15:38,906] {processor.py:161} INFO - Processing /home/airflow/.local/lib/python3.7/site-packages/airflow/example_dags/example_branch_python_dop_operator_3.py took 0.057 seconds
[2022-05-28 01:16:09,868] {processor.py:153} INFO - Started process (PID=1653) to work on /home/airflow/.local/lib/python3.7/site-packages/airflow/example_dags/example_branch_python_dop_operator_3.py
[2022-05-28 01:16:09,869] {processor.py:641} INFO - Processing file /home/airflow/.local/lib/python3.7/site-packages/airflow/example_dags/example_branch_python_dop_operator_3.py for tasks to queue
[2022-05-28 01:16:09,869] {logging_mixin.py:115} INFO - [2022-05-28 01:16:09,869] {dagbag.py:507} INFO - Filling up the DagBag from /home/airflow/.local/lib/python3.7/site-packages/airflow/example_dags/example_branch_python_dop_operator_3.py
[2022-05-28 01:16:09,876] {processor.py:651} INFO - DAG(s) dict_keys(['example_branch_dop_operator_v3']) retrieved from /home/airflow/.local/lib/python3.7/site-packages/airflow/example_dags/example_branch_python_dop_operator_3.py
[2022-05-28 01:16:09,895] {logging_mixin.py:115} INFO - [2022-05-28 01:16:09,895] {dag.py:2379} INFO - Sync 1 DAGs
[2022-05-28 01:16:09,915] {logging_mixin.py:115} INFO - [2022-05-28 01:16:09,915] {dag.py:2927} INFO - Setting next_dagrun for example_branch_dop_operator_v3 to 2022-05-28T01:15:00+00:00, run_after=2022-05-28T01:16:00+00:00
[2022-05-28 01:16:09,925] {processor.py:161} INFO - Processing /home/airflow/.local/lib/python3.7/site-packages/airflow/example_dags/example_branch_python_dop_operator_3.py took 0.059 seconds
[2022-05-28 01:16:40,798] {processor.py:153} INFO - Started process (PID=1714) to work on /home/airflow/.local/lib/python3.7/site-packages/airflow/example_dags/example_branch_python_dop_operator_3.py
[2022-05-28 01:16:40,799] {processor.py:641} INFO - Processing file /home/airflow/.local/lib/python3.7/site-packages/airflow/example_dags/example_branch_python_dop_operator_3.py for tasks to queue
[2022-05-28 01:16:40,799] {logging_mixin.py:115} INFO - [2022-05-28 01:16:40,799] {dagbag.py:507} INFO - Filling up the DagBag from /home/airflow/.local/lib/python3.7/site-packages/airflow/example_dags/example_branch_python_dop_operator_3.py
[2022-05-28 01:16:40,807] {processor.py:651} INFO - DAG(s) dict_keys(['example_branch_dop_operator_v3']) retrieved from /home/airflow/.local/lib/python3.7/site-packages/airflow/example_dags/example_branch_python_dop_operator_3.py
[2022-05-28 01:16:40,830] {logging_mixin.py:115} INFO - [2022-05-28 01:16:40,830] {dag.py:2379} INFO - Sync 1 DAGs
[2022-05-28 01:16:40,853] {logging_mixin.py:115} INFO - [2022-05-28 01:16:40,853] {dag.py:2927} INFO - Setting next_dagrun for example_branch_dop_operator_v3 to 2022-05-28T01:15:00+00:00, run_after=2022-05-28T01:16:00+00:00
[2022-05-28 01:16:40,864] {processor.py:161} INFO - Processing /home/airflow/.local/lib/python3.7/site-packages/airflow/example_dags/example_branch_python_dop_operator_3.py took 0.068 seconds
[2022-05-28 01:17:11,160] {processor.py:153} INFO - Started process (PID=1775) to work on /home/airflow/.local/lib/python3.7/site-packages/airflow/example_dags/example_branch_python_dop_operator_3.py
[2022-05-28 01:17:11,161] {processor.py:641} INFO - Processing file /home/airflow/.local/lib/python3.7/site-packages/airflow/example_dags/example_branch_python_dop_operator_3.py for tasks to queue
[2022-05-28 01:17:11,161] {logging_mixin.py:115} INFO - [2022-05-28 01:17:11,161] {dagbag.py:507} INFO - Filling up the DagBag from /home/airflow/.local/lib/python3.7/site-packages/airflow/example_dags/example_branch_python_dop_operator_3.py
[2022-05-28 01:17:11,170] {processor.py:651} INFO - DAG(s) dict_keys(['example_branch_dop_operator_v3']) retrieved from /home/airflow/.local/lib/python3.7/site-packages/airflow/example_dags/example_branch_python_dop_operator_3.py
[2022-05-28 01:17:11,193] {logging_mixin.py:115} INFO - [2022-05-28 01:17:11,193] {dag.py:2379} INFO - Sync 1 DAGs
[2022-05-28 01:17:11,218] {logging_mixin.py:115} INFO - [2022-05-28 01:17:11,218] {dag.py:2927} INFO - Setting next_dagrun for example_branch_dop_operator_v3 to 2022-05-28T01:16:00+00:00, run_after=2022-05-28T01:17:00+00:00
[2022-05-28 01:17:11,231] {processor.py:161} INFO - Processing /home/airflow/.local/lib/python3.7/site-packages/airflow/example_dags/example_branch_python_dop_operator_3.py took 0.074 seconds
[2022-05-28 01:17:41,473] {processor.py:153} INFO - Started process (PID=1836) to work on /home/airflow/.local/lib/python3.7/site-packages/airflow/example_dags/example_branch_python_dop_operator_3.py
[2022-05-28 01:17:41,474] {processor.py:641} INFO - Processing file /home/airflow/.local/lib/python3.7/site-packages/airflow/example_dags/example_branch_python_dop_operator_3.py for tasks to queue
[2022-05-28 01:17:41,475] {logging_mixin.py:115} INFO - [2022-05-28 01:17:41,475] {dagbag.py:507} INFO - Filling up the DagBag from /home/airflow/.local/lib/python3.7/site-packages/airflow/example_dags/example_branch_python_dop_operator_3.py
[2022-05-28 01:17:41,483] {processor.py:651} INFO - DAG(s) dict_keys(['example_branch_dop_operator_v3']) retrieved from /home/airflow/.local/lib/python3.7/site-packages/airflow/example_dags/example_branch_python_dop_operator_3.py
[2022-05-28 01:17:41,505] {logging_mixin.py:115} INFO - [2022-05-28 01:17:41,505] {dag.py:2379} INFO - Sync 1 DAGs
[2022-05-28 01:17:41,529] {logging_mixin.py:115} INFO - [2022-05-28 01:17:41,529] {dag.py:2927} INFO - Setting next_dagrun for example_branch_dop_operator_v3 to 2022-05-28T01:16:00+00:00, run_after=2022-05-28T01:17:00+00:00
[2022-05-28 01:17:41,537] {processor.py:161} INFO - Processing /home/airflow/.local/lib/python3.7/site-packages/airflow/example_dags/example_branch_python_dop_operator_3.py took 0.067 seconds
[2022-05-28 01:18:11,603] {processor.py:153} INFO - Started process (PID=1888) to work on /home/airflow/.local/lib/python3.7/site-packages/airflow/example_dags/example_branch_python_dop_operator_3.py
[2022-05-28 01:18:11,604] {processor.py:641} INFO - Processing file /home/airflow/.local/lib/python3.7/site-packages/airflow/example_dags/example_branch_python_dop_operator_3.py for tasks to queue
[2022-05-28 01:18:11,604] {logging_mixin.py:115} INFO - [2022-05-28 01:18:11,604] {dagbag.py:507} INFO - Filling up the DagBag from /home/airflow/.local/lib/python3.7/site-packages/airflow/example_dags/example_branch_python_dop_operator_3.py
[2022-05-28 01:18:11,611] {processor.py:651} INFO - DAG(s) dict_keys(['example_branch_dop_operator_v3']) retrieved from /home/airflow/.local/lib/python3.7/site-packages/airflow/example_dags/example_branch_python_dop_operator_3.py
[2022-05-28 01:18:11,633] {logging_mixin.py:115} INFO - [2022-05-28 01:18:11,633] {dag.py:2379} INFO - Sync 1 DAGs
[2022-05-28 01:18:11,657] {logging_mixin.py:115} INFO - [2022-05-28 01:18:11,657] {dag.py:2927} INFO - Setting next_dagrun for example_branch_dop_operator_v3 to 2022-05-28T01:17:00+00:00, run_after=2022-05-28T01:18:00+00:00
[2022-05-28 01:18:11,666] {processor.py:161} INFO - Processing /home/airflow/.local/lib/python3.7/site-packages/airflow/example_dags/example_branch_python_dop_operator_3.py took 0.066 seconds
[2022-05-28 01:18:42,025] {processor.py:153} INFO - Started process (PID=1949) to work on /home/airflow/.local/lib/python3.7/site-packages/airflow/example_dags/example_branch_python_dop_operator_3.py
[2022-05-28 01:18:42,025] {processor.py:641} INFO - Processing file /home/airflow/.local/lib/python3.7/site-packages/airflow/example_dags/example_branch_python_dop_operator_3.py for tasks to queue
[2022-05-28 01:18:42,026] {logging_mixin.py:115} INFO - [2022-05-28 01:18:42,026] {dagbag.py:507} INFO - Filling up the DagBag from /home/airflow/.local/lib/python3.7/site-packages/airflow/example_dags/example_branch_python_dop_operator_3.py
[2022-05-28 01:18:42,033] {processor.py:651} INFO - DAG(s) dict_keys(['example_branch_dop_operator_v3']) retrieved from /home/airflow/.local/lib/python3.7/site-packages/airflow/example_dags/example_branch_python_dop_operator_3.py
[2022-05-28 01:18:42,054] {logging_mixin.py:115} INFO - [2022-05-28 01:18:42,054] {dag.py:2379} INFO - Sync 1 DAGs
[2022-05-28 01:18:42,077] {logging_mixin.py:115} INFO - [2022-05-28 01:18:42,077] {dag.py:2927} INFO - Setting next_dagrun for example_branch_dop_operator_v3 to 2022-05-28T01:17:00+00:00, run_after=2022-05-28T01:18:00+00:00
[2022-05-28 01:18:42,085] {processor.py:161} INFO - Processing /home/airflow/.local/lib/python3.7/site-packages/airflow/example_dags/example_branch_python_dop_operator_3.py took 0.063 seconds
[2022-05-28 01:19:12,395] {processor.py:153} INFO - Started process (PID=2010) to work on /home/airflow/.local/lib/python3.7/site-packages/airflow/example_dags/example_branch_python_dop_operator_3.py
[2022-05-28 01:19:12,396] {processor.py:641} INFO - Processing file /home/airflow/.local/lib/python3.7/site-packages/airflow/example_dags/example_branch_python_dop_operator_3.py for tasks to queue
[2022-05-28 01:19:12,396] {logging_mixin.py:115} INFO - [2022-05-28 01:19:12,396] {dagbag.py:507} INFO - Filling up the DagBag from /home/airflow/.local/lib/python3.7/site-packages/airflow/example_dags/example_branch_python_dop_operator_3.py
[2022-05-28 01:19:12,403] {processor.py:651} INFO - DAG(s) dict_keys(['example_branch_dop_operator_v3']) retrieved from /home/airflow/.local/lib/python3.7/site-packages/airflow/example_dags/example_branch_python_dop_operator_3.py
[2022-05-28 01:19:12,423] {logging_mixin.py:115} INFO - [2022-05-28 01:19:12,423] {dag.py:2379} INFO - Sync 1 DAGs
[2022-05-28 01:19:12,445] {logging_mixin.py:115} INFO - [2022-05-28 01:19:12,445] {dag.py:2927} INFO - Setting next_dagrun for example_branch_dop_operator_v3 to 2022-05-28T01:18:00+00:00, run_after=2022-05-28T01:19:00+00:00
[2022-05-28 01:19:12,454] {processor.py:161} INFO - Processing /home/airflow/.local/lib/python3.7/site-packages/airflow/example_dags/example_branch_python_dop_operator_3.py took 0.061 seconds
[2022-05-28 01:19:42,788] {processor.py:153} INFO - Started process (PID=2062) to work on /home/airflow/.local/lib/python3.7/site-packages/airflow/example_dags/example_branch_python_dop_operator_3.py
[2022-05-28 01:19:42,789] {processor.py:641} INFO - Processing file /home/airflow/.local/lib/python3.7/site-packages/airflow/example_dags/example_branch_python_dop_operator_3.py for tasks to queue
[2022-05-28 01:19:42,790] {logging_mixin.py:115} INFO - [2022-05-28 01:19:42,790] {dagbag.py:507} INFO - Filling up the DagBag from /home/airflow/.local/lib/python3.7/site-packages/airflow/example_dags/example_branch_python_dop_operator_3.py
[2022-05-28 01:19:42,797] {processor.py:651} INFO - DAG(s) dict_keys(['example_branch_dop_operator_v3']) retrieved from /home/airflow/.local/lib/python3.7/site-packages/airflow/example_dags/example_branch_python_dop_operator_3.py
[2022-05-28 01:19:42,816] {logging_mixin.py:115} INFO - [2022-05-28 01:19:42,815] {dag.py:2379} INFO - Sync 1 DAGs
[2022-05-28 01:19:42,839] {logging_mixin.py:115} INFO - [2022-05-28 01:19:42,839] {dag.py:2927} INFO - Setting next_dagrun for example_branch_dop_operator_v3 to 2022-05-28T01:18:00+00:00, run_after=2022-05-28T01:19:00+00:00
[2022-05-28 01:19:42,849] {processor.py:161} INFO - Processing /home/airflow/.local/lib/python3.7/site-packages/airflow/example_dags/example_branch_python_dop_operator_3.py took 0.063 seconds
[2022-05-28 01:20:13,037] {processor.py:153} INFO - Started process (PID=2123) to work on /home/airflow/.local/lib/python3.7/site-packages/airflow/example_dags/example_branch_python_dop_operator_3.py
[2022-05-28 01:20:13,038] {processor.py:641} INFO - Processing file /home/airflow/.local/lib/python3.7/site-packages/airflow/example_dags/example_branch_python_dop_operator_3.py for tasks to queue
[2022-05-28 01:20:13,038] {logging_mixin.py:115} INFO - [2022-05-28 01:20:13,038] {dagbag.py:507} INFO - Filling up the DagBag from /home/airflow/.local/lib/python3.7/site-packages/airflow/example_dags/example_branch_python_dop_operator_3.py
[2022-05-28 01:20:13,045] {processor.py:651} INFO - DAG(s) dict_keys(['example_branch_dop_operator_v3']) retrieved from /home/airflow/.local/lib/python3.7/site-packages/airflow/example_dags/example_branch_python_dop_operator_3.py
[2022-05-28 01:20:13,065] {logging_mixin.py:115} INFO - [2022-05-28 01:20:13,065] {dag.py:2379} INFO - Sync 1 DAGs
[2022-05-28 01:20:13,087] {logging_mixin.py:115} INFO - [2022-05-28 01:20:13,087] {dag.py:2927} INFO - Setting next_dagrun for example_branch_dop_operator_v3 to 2022-05-28T01:19:00+00:00, run_after=2022-05-28T01:20:00+00:00
[2022-05-28 01:20:13,095] {processor.py:161} INFO - Processing /home/airflow/.local/lib/python3.7/site-packages/airflow/example_dags/example_branch_python_dop_operator_3.py took 0.060 seconds
[2022-05-28 01:20:51,022] {processor.py:153} INFO - Started process (PID=70) to work on /home/airflow/.local/lib/python3.7/site-packages/airflow/example_dags/example_branch_python_dop_operator_3.py
[2022-05-28 01:20:51,023] {processor.py:641} INFO - Processing file /home/airflow/.local/lib/python3.7/site-packages/airflow/example_dags/example_branch_python_dop_operator_3.py for tasks to queue
[2022-05-28 01:20:51,023] {logging_mixin.py:115} INFO - [2022-05-28 01:20:51,023] {dagbag.py:507} INFO - Filling up the DagBag from /home/airflow/.local/lib/python3.7/site-packages/airflow/example_dags/example_branch_python_dop_operator_3.py
[2022-05-28 01:20:51,031] {processor.py:651} INFO - DAG(s) dict_keys(['example_branch_dop_operator_v3']) retrieved from /home/airflow/.local/lib/python3.7/site-packages/airflow/example_dags/example_branch_python_dop_operator_3.py
[2022-05-28 01:20:51,051] {logging_mixin.py:115} INFO - [2022-05-28 01:20:51,051] {dag.py:2379} INFO - Sync 1 DAGs
[2022-05-28 01:20:51,073] {logging_mixin.py:115} INFO - [2022-05-28 01:20:51,073] {dag.py:2927} INFO - Setting next_dagrun for example_branch_dop_operator_v3 to 2022-05-28T01:19:00+00:00, run_after=2022-05-28T01:20:00+00:00
[2022-05-28 01:20:51,082] {processor.py:161} INFO - Processing /home/airflow/.local/lib/python3.7/site-packages/airflow/example_dags/example_branch_python_dop_operator_3.py took 0.063 seconds
[2022-05-28 01:21:21,243] {processor.py:153} INFO - Started process (PID=131) to work on /home/airflow/.local/lib/python3.7/site-packages/airflow/example_dags/example_branch_python_dop_operator_3.py
[2022-05-28 01:21:21,243] {processor.py:641} INFO - Processing file /home/airflow/.local/lib/python3.7/site-packages/airflow/example_dags/example_branch_python_dop_operator_3.py for tasks to queue
[2022-05-28 01:21:21,244] {logging_mixin.py:115} INFO - [2022-05-28 01:21:21,244] {dagbag.py:507} INFO - Filling up the DagBag from /home/airflow/.local/lib/python3.7/site-packages/airflow/example_dags/example_branch_python_dop_operator_3.py
[2022-05-28 01:21:21,250] {processor.py:651} INFO - DAG(s) dict_keys(['example_branch_dop_operator_v3']) retrieved from /home/airflow/.local/lib/python3.7/site-packages/airflow/example_dags/example_branch_python_dop_operator_3.py
[2022-05-28 01:21:21,269] {logging_mixin.py:115} INFO - [2022-05-28 01:21:21,269] {dag.py:2379} INFO - Sync 1 DAGs
[2022-05-28 01:21:21,290] {logging_mixin.py:115} INFO - [2022-05-28 01:21:21,290] {dag.py:2927} INFO - Setting next_dagrun for example_branch_dop_operator_v3 to 2022-05-28T01:20:00+00:00, run_after=2022-05-28T01:21:00+00:00
[2022-05-28 01:21:21,299] {processor.py:161} INFO - Processing /home/airflow/.local/lib/python3.7/site-packages/airflow/example_dags/example_branch_python_dop_operator_3.py took 0.058 seconds
[2022-05-28 01:21:51,469] {processor.py:153} INFO - Started process (PID=192) to work on /home/airflow/.local/lib/python3.7/site-packages/airflow/example_dags/example_branch_python_dop_operator_3.py
[2022-05-28 01:21:51,470] {processor.py:641} INFO - Processing file /home/airflow/.local/lib/python3.7/site-packages/airflow/example_dags/example_branch_python_dop_operator_3.py for tasks to queue
[2022-05-28 01:21:51,470] {logging_mixin.py:115} INFO - [2022-05-28 01:21:51,470] {dagbag.py:507} INFO - Filling up the DagBag from /home/airflow/.local/lib/python3.7/site-packages/airflow/example_dags/example_branch_python_dop_operator_3.py
[2022-05-28 01:21:51,476] {processor.py:651} INFO - DAG(s) dict_keys(['example_branch_dop_operator_v3']) retrieved from /home/airflow/.local/lib/python3.7/site-packages/airflow/example_dags/example_branch_python_dop_operator_3.py
[2022-05-28 01:21:51,495] {logging_mixin.py:115} INFO - [2022-05-28 01:21:51,495] {dag.py:2379} INFO - Sync 1 DAGs
[2022-05-28 01:21:51,515] {logging_mixin.py:115} INFO - [2022-05-28 01:21:51,515] {dag.py:2927} INFO - Setting next_dagrun for example_branch_dop_operator_v3 to 2022-05-28T01:20:00+00:00, run_after=2022-05-28T01:21:00+00:00
[2022-05-28 01:21:51,523] {processor.py:161} INFO - Processing /home/airflow/.local/lib/python3.7/site-packages/airflow/example_dags/example_branch_python_dop_operator_3.py took 0.056 seconds
[2022-05-28 01:22:22,458] {processor.py:153} INFO - Started process (PID=253) to work on /home/airflow/.local/lib/python3.7/site-packages/airflow/example_dags/example_branch_python_dop_operator_3.py
[2022-05-28 01:22:22,459] {processor.py:641} INFO - Processing file /home/airflow/.local/lib/python3.7/site-packages/airflow/example_dags/example_branch_python_dop_operator_3.py for tasks to queue
[2022-05-28 01:22:22,459] {logging_mixin.py:115} INFO - [2022-05-28 01:22:22,459] {dagbag.py:507} INFO - Filling up the DagBag from /home/airflow/.local/lib/python3.7/site-packages/airflow/example_dags/example_branch_python_dop_operator_3.py
[2022-05-28 01:22:22,466] {processor.py:651} INFO - DAG(s) dict_keys(['example_branch_dop_operator_v3']) retrieved from /home/airflow/.local/lib/python3.7/site-packages/airflow/example_dags/example_branch_python_dop_operator_3.py
[2022-05-28 01:22:22,485] {logging_mixin.py:115} INFO - [2022-05-28 01:22:22,485] {dag.py:2379} INFO - Sync 1 DAGs
[2022-05-28 01:22:22,506] {logging_mixin.py:115} INFO - [2022-05-28 01:22:22,506] {dag.py:2927} INFO - Setting next_dagrun for example_branch_dop_operator_v3 to 2022-05-28T01:21:00+00:00, run_after=2022-05-28T01:22:00+00:00
[2022-05-28 01:22:22,516] {processor.py:161} INFO - Processing /home/airflow/.local/lib/python3.7/site-packages/airflow/example_dags/example_branch_python_dop_operator_3.py took 0.060 seconds
[2022-05-28 01:22:53,323] {processor.py:153} INFO - Started process (PID=305) to work on /home/airflow/.local/lib/python3.7/site-packages/airflow/example_dags/example_branch_python_dop_operator_3.py
[2022-05-28 01:22:53,324] {processor.py:641} INFO - Processing file /home/airflow/.local/lib/python3.7/site-packages/airflow/example_dags/example_branch_python_dop_operator_3.py for tasks to queue
[2022-05-28 01:22:53,324] {logging_mixin.py:115} INFO - [2022-05-28 01:22:53,324] {dagbag.py:507} INFO - Filling up the DagBag from /home/airflow/.local/lib/python3.7/site-packages/airflow/example_dags/example_branch_python_dop_operator_3.py
[2022-05-28 01:22:53,331] {processor.py:651} INFO - DAG(s) dict_keys(['example_branch_dop_operator_v3']) retrieved from /home/airflow/.local/lib/python3.7/site-packages/airflow/example_dags/example_branch_python_dop_operator_3.py
[2022-05-28 01:22:53,351] {logging_mixin.py:115} INFO - [2022-05-28 01:22:53,351] {dag.py:2379} INFO - Sync 1 DAGs
[2022-05-28 01:22:53,371] {logging_mixin.py:115} INFO - [2022-05-28 01:22:53,371] {dag.py:2927} INFO - Setting next_dagrun for example_branch_dop_operator_v3 to 2022-05-28T01:21:00+00:00, run_after=2022-05-28T01:22:00+00:00
[2022-05-28 01:22:53,380] {processor.py:161} INFO - Processing /home/airflow/.local/lib/python3.7/site-packages/airflow/example_dags/example_branch_python_dop_operator_3.py took 0.059 seconds
[2022-05-28 01:23:24,271] {processor.py:153} INFO - Started process (PID=366) to work on /home/airflow/.local/lib/python3.7/site-packages/airflow/example_dags/example_branch_python_dop_operator_3.py
[2022-05-28 01:23:24,271] {processor.py:641} INFO - Processing file /home/airflow/.local/lib/python3.7/site-packages/airflow/example_dags/example_branch_python_dop_operator_3.py for tasks to queue
[2022-05-28 01:23:24,272] {logging_mixin.py:115} INFO - [2022-05-28 01:23:24,271] {dagbag.py:507} INFO - Filling up the DagBag from /home/airflow/.local/lib/python3.7/site-packages/airflow/example_dags/example_branch_python_dop_operator_3.py
[2022-05-28 01:23:24,278] {processor.py:651} INFO - DAG(s) dict_keys(['example_branch_dop_operator_v3']) retrieved from /home/airflow/.local/lib/python3.7/site-packages/airflow/example_dags/example_branch_python_dop_operator_3.py
[2022-05-28 01:23:24,297] {logging_mixin.py:115} INFO - [2022-05-28 01:23:24,296] {dag.py:2379} INFO - Sync 1 DAGs
[2022-05-28 01:23:24,317] {logging_mixin.py:115} INFO - [2022-05-28 01:23:24,317] {dag.py:2927} INFO - Setting next_dagrun for example_branch_dop_operator_v3 to 2022-05-28T01:22:00+00:00, run_after=2022-05-28T01:23:00+00:00
[2022-05-28 01:23:24,328] {processor.py:161} INFO - Processing /home/airflow/.local/lib/python3.7/site-packages/airflow/example_dags/example_branch_python_dop_operator_3.py took 0.059 seconds
[2022-05-28 01:23:55,083] {processor.py:153} INFO - Started process (PID=427) to work on /home/airflow/.local/lib/python3.7/site-packages/airflow/example_dags/example_branch_python_dop_operator_3.py
[2022-05-28 01:23:55,084] {processor.py:641} INFO - Processing file /home/airflow/.local/lib/python3.7/site-packages/airflow/example_dags/example_branch_python_dop_operator_3.py for tasks to queue
[2022-05-28 01:23:55,085] {logging_mixin.py:115} INFO - [2022-05-28 01:23:55,085] {dagbag.py:507} INFO - Filling up the DagBag from /home/airflow/.local/lib/python3.7/site-packages/airflow/example_dags/example_branch_python_dop_operator_3.py
[2022-05-28 01:23:55,093] {processor.py:651} INFO - DAG(s) dict_keys(['example_branch_dop_operator_v3']) retrieved from /home/airflow/.local/lib/python3.7/site-packages/airflow/example_dags/example_branch_python_dop_operator_3.py
[2022-05-28 01:23:55,121] {logging_mixin.py:115} INFO - [2022-05-28 01:23:55,121] {dag.py:2379} INFO - Sync 1 DAGs
[2022-05-28 01:23:55,149] {logging_mixin.py:115} INFO - [2022-05-28 01:23:55,149] {dag.py:2927} INFO - Setting next_dagrun for example_branch_dop_operator_v3 to 2022-05-28T01:22:00+00:00, run_after=2022-05-28T01:23:00+00:00
[2022-05-28 01:23:55,161] {processor.py:161} INFO - Processing /home/airflow/.local/lib/python3.7/site-packages/airflow/example_dags/example_branch_python_dop_operator_3.py took 0.079 seconds
[2022-05-28 01:24:26,096] {processor.py:153} INFO - Started process (PID=489) to work on /home/airflow/.local/lib/python3.7/site-packages/airflow/example_dags/example_branch_python_dop_operator_3.py
[2022-05-28 01:24:26,096] {processor.py:641} INFO - Processing file /home/airflow/.local/lib/python3.7/site-packages/airflow/example_dags/example_branch_python_dop_operator_3.py for tasks to queue
[2022-05-28 01:24:26,096] {logging_mixin.py:115} INFO - [2022-05-28 01:24:26,096] {dagbag.py:507} INFO - Filling up the DagBag from /home/airflow/.local/lib/python3.7/site-packages/airflow/example_dags/example_branch_python_dop_operator_3.py
[2022-05-28 01:24:26,103] {processor.py:651} INFO - DAG(s) dict_keys(['example_branch_dop_operator_v3']) retrieved from /home/airflow/.local/lib/python3.7/site-packages/airflow/example_dags/example_branch_python_dop_operator_3.py
[2022-05-28 01:24:26,122] {logging_mixin.py:115} INFO - [2022-05-28 01:24:26,121] {dag.py:2379} INFO - Sync 1 DAGs
[2022-05-28 01:24:26,142] {logging_mixin.py:115} INFO - [2022-05-28 01:24:26,142] {dag.py:2927} INFO - Setting next_dagrun for example_branch_dop_operator_v3 to 2022-05-28T01:23:00+00:00, run_after=2022-05-28T01:24:00+00:00
[2022-05-28 01:24:26,150] {processor.py:161} INFO - Processing /home/airflow/.local/lib/python3.7/site-packages/airflow/example_dags/example_branch_python_dop_operator_3.py took 0.056 seconds
[2022-05-28 01:24:56,991] {processor.py:153} INFO - Started process (PID=541) to work on /home/airflow/.local/lib/python3.7/site-packages/airflow/example_dags/example_branch_python_dop_operator_3.py
[2022-05-28 01:24:56,991] {processor.py:641} INFO - Processing file /home/airflow/.local/lib/python3.7/site-packages/airflow/example_dags/example_branch_python_dop_operator_3.py for tasks to queue
[2022-05-28 01:24:56,992] {logging_mixin.py:115} INFO - [2022-05-28 01:24:56,992] {dagbag.py:507} INFO - Filling up the DagBag from /home/airflow/.local/lib/python3.7/site-packages/airflow/example_dags/example_branch_python_dop_operator_3.py
[2022-05-28 01:24:56,998] {processor.py:651} INFO - DAG(s) dict_keys(['example_branch_dop_operator_v3']) retrieved from /home/airflow/.local/lib/python3.7/site-packages/airflow/example_dags/example_branch_python_dop_operator_3.py
[2022-05-28 01:24:57,017] {logging_mixin.py:115} INFO - [2022-05-28 01:24:57,017] {dag.py:2379} INFO - Sync 1 DAGs
[2022-05-28 01:24:57,037] {logging_mixin.py:115} INFO - [2022-05-28 01:24:57,037] {dag.py:2927} INFO - Setting next_dagrun for example_branch_dop_operator_v3 to 2022-05-28T01:23:00+00:00, run_after=2022-05-28T01:24:00+00:00
[2022-05-28 01:24:57,045] {processor.py:161} INFO - Processing /home/airflow/.local/lib/python3.7/site-packages/airflow/example_dags/example_branch_python_dop_operator_3.py took 0.057 seconds
[2022-05-28 01:25:27,985] {processor.py:153} INFO - Started process (PID=602) to work on /home/airflow/.local/lib/python3.7/site-packages/airflow/example_dags/example_branch_python_dop_operator_3.py
[2022-05-28 01:25:27,985] {processor.py:641} INFO - Processing file /home/airflow/.local/lib/python3.7/site-packages/airflow/example_dags/example_branch_python_dop_operator_3.py for tasks to queue
[2022-05-28 01:25:27,986] {logging_mixin.py:115} INFO - [2022-05-28 01:25:27,986] {dagbag.py:507} INFO - Filling up the DagBag from /home/airflow/.local/lib/python3.7/site-packages/airflow/example_dags/example_branch_python_dop_operator_3.py
[2022-05-28 01:25:27,992] {processor.py:651} INFO - DAG(s) dict_keys(['example_branch_dop_operator_v3']) retrieved from /home/airflow/.local/lib/python3.7/site-packages/airflow/example_dags/example_branch_python_dop_operator_3.py
[2022-05-28 01:25:28,012] {logging_mixin.py:115} INFO - [2022-05-28 01:25:28,012] {dag.py:2379} INFO - Sync 1 DAGs
[2022-05-28 01:25:28,035] {logging_mixin.py:115} INFO - [2022-05-28 01:25:28,034] {dag.py:2927} INFO - Setting next_dagrun for example_branch_dop_operator_v3 to 2022-05-28T01:24:00+00:00, run_after=2022-05-28T01:25:00+00:00
[2022-05-28 01:25:28,044] {processor.py:161} INFO - Processing /home/airflow/.local/lib/python3.7/site-packages/airflow/example_dags/example_branch_python_dop_operator_3.py took 0.061 seconds
[2022-05-28 01:25:58,110] {processor.py:153} INFO - Started process (PID=663) to work on /home/airflow/.local/lib/python3.7/site-packages/airflow/example_dags/example_branch_python_dop_operator_3.py
[2022-05-28 01:25:58,110] {processor.py:641} INFO - Processing file /home/airflow/.local/lib/python3.7/site-packages/airflow/example_dags/example_branch_python_dop_operator_3.py for tasks to queue
[2022-05-28 01:25:58,111] {logging_mixin.py:115} INFO - [2022-05-28 01:25:58,110] {dagbag.py:507} INFO - Filling up the DagBag from /home/airflow/.local/lib/python3.7/site-packages/airflow/example_dags/example_branch_python_dop_operator_3.py
[2022-05-28 01:25:58,117] {processor.py:651} INFO - DAG(s) dict_keys(['example_branch_dop_operator_v3']) retrieved from /home/airflow/.local/lib/python3.7/site-packages/airflow/example_dags/example_branch_python_dop_operator_3.py
[2022-05-28 01:25:58,134] {logging_mixin.py:115} INFO - [2022-05-28 01:25:58,134] {dag.py:2379} INFO - Sync 1 DAGs
[2022-05-28 01:25:58,154] {logging_mixin.py:115} INFO - [2022-05-28 01:25:58,154] {dag.py:2927} INFO - Setting next_dagrun for example_branch_dop_operator_v3 to 2022-05-28T01:24:00+00:00, run_after=2022-05-28T01:25:00+00:00
[2022-05-28 01:25:58,162] {processor.py:161} INFO - Processing /home/airflow/.local/lib/python3.7/site-packages/airflow/example_dags/example_branch_python_dop_operator_3.py took 0.055 seconds
[2022-05-28 01:26:28,532] {processor.py:153} INFO - Started process (PID=724) to work on /home/airflow/.local/lib/python3.7/site-packages/airflow/example_dags/example_branch_python_dop_operator_3.py
[2022-05-28 01:26:28,533] {processor.py:641} INFO - Processing file /home/airflow/.local/lib/python3.7/site-packages/airflow/example_dags/example_branch_python_dop_operator_3.py for tasks to queue
[2022-05-28 01:26:28,534] {logging_mixin.py:115} INFO - [2022-05-28 01:26:28,533] {dagbag.py:507} INFO - Filling up the DagBag from /home/airflow/.local/lib/python3.7/site-packages/airflow/example_dags/example_branch_python_dop_operator_3.py
[2022-05-28 01:26:28,541] {processor.py:651} INFO - DAG(s) dict_keys(['example_branch_dop_operator_v3']) retrieved from /home/airflow/.local/lib/python3.7/site-packages/airflow/example_dags/example_branch_python_dop_operator_3.py
[2022-05-28 01:26:28,559] {logging_mixin.py:115} INFO - [2022-05-28 01:26:28,559] {dag.py:2379} INFO - Sync 1 DAGs
[2022-05-28 01:26:28,579] {logging_mixin.py:115} INFO - [2022-05-28 01:26:28,579] {dag.py:2927} INFO - Setting next_dagrun for example_branch_dop_operator_v3 to 2022-05-28T01:25:00+00:00, run_after=2022-05-28T01:26:00+00:00
[2022-05-28 01:26:28,587] {processor.py:161} INFO - Processing /home/airflow/.local/lib/python3.7/site-packages/airflow/example_dags/example_branch_python_dop_operator_3.py took 0.057 seconds
[2022-05-28 01:26:58,726] {processor.py:153} INFO - Started process (PID=776) to work on /home/airflow/.local/lib/python3.7/site-packages/airflow/example_dags/example_branch_python_dop_operator_3.py
[2022-05-28 01:26:58,726] {processor.py:641} INFO - Processing file /home/airflow/.local/lib/python3.7/site-packages/airflow/example_dags/example_branch_python_dop_operator_3.py for tasks to queue
[2022-05-28 01:26:58,727] {logging_mixin.py:115} INFO - [2022-05-28 01:26:58,726] {dagbag.py:507} INFO - Filling up the DagBag from /home/airflow/.local/lib/python3.7/site-packages/airflow/example_dags/example_branch_python_dop_operator_3.py
[2022-05-28 01:26:58,733] {processor.py:651} INFO - DAG(s) dict_keys(['example_branch_dop_operator_v3']) retrieved from /home/airflow/.local/lib/python3.7/site-packages/airflow/example_dags/example_branch_python_dop_operator_3.py
[2022-05-28 01:26:58,753] {logging_mixin.py:115} INFO - [2022-05-28 01:26:58,753] {dag.py:2379} INFO - Sync 1 DAGs
[2022-05-28 01:26:58,778] {logging_mixin.py:115} INFO - [2022-05-28 01:26:58,778] {dag.py:2927} INFO - Setting next_dagrun for example_branch_dop_operator_v3 to 2022-05-28T01:25:00+00:00, run_after=2022-05-28T01:26:00+00:00
[2022-05-28 01:26:58,789] {processor.py:161} INFO - Processing /home/airflow/.local/lib/python3.7/site-packages/airflow/example_dags/example_branch_python_dop_operator_3.py took 0.066 seconds
[2022-05-28 01:27:29,675] {processor.py:153} INFO - Started process (PID=837) to work on /home/airflow/.local/lib/python3.7/site-packages/airflow/example_dags/example_branch_python_dop_operator_3.py
[2022-05-28 01:27:29,676] {processor.py:641} INFO - Processing file /home/airflow/.local/lib/python3.7/site-packages/airflow/example_dags/example_branch_python_dop_operator_3.py for tasks to queue
[2022-05-28 01:27:29,676] {logging_mixin.py:115} INFO - [2022-05-28 01:27:29,676] {dagbag.py:507} INFO - Filling up the DagBag from /home/airflow/.local/lib/python3.7/site-packages/airflow/example_dags/example_branch_python_dop_operator_3.py
[2022-05-28 01:27:29,684] {processor.py:651} INFO - DAG(s) dict_keys(['example_branch_dop_operator_v3']) retrieved from /home/airflow/.local/lib/python3.7/site-packages/airflow/example_dags/example_branch_python_dop_operator_3.py
[2022-05-28 01:27:29,703] {logging_mixin.py:115} INFO - [2022-05-28 01:27:29,703] {dag.py:2379} INFO - Sync 1 DAGs
[2022-05-28 01:27:29,724] {logging_mixin.py:115} INFO - [2022-05-28 01:27:29,724] {dag.py:2927} INFO - Setting next_dagrun for example_branch_dop_operator_v3 to 2022-05-28T01:26:00+00:00, run_after=2022-05-28T01:27:00+00:00
[2022-05-28 01:27:29,734] {processor.py:161} INFO - Processing /home/airflow/.local/lib/python3.7/site-packages/airflow/example_dags/example_branch_python_dop_operator_3.py took 0.061 seconds
[2022-05-28 01:28:00,055] {processor.py:153} INFO - Started process (PID=898) to work on /home/airflow/.local/lib/python3.7/site-packages/airflow/example_dags/example_branch_python_dop_operator_3.py
[2022-05-28 01:28:00,056] {processor.py:641} INFO - Processing file /home/airflow/.local/lib/python3.7/site-packages/airflow/example_dags/example_branch_python_dop_operator_3.py for tasks to queue
[2022-05-28 01:28:00,056] {logging_mixin.py:115} INFO - [2022-05-28 01:28:00,056] {dagbag.py:507} INFO - Filling up the DagBag from /home/airflow/.local/lib/python3.7/site-packages/airflow/example_dags/example_branch_python_dop_operator_3.py
[2022-05-28 01:28:00,063] {processor.py:651} INFO - DAG(s) dict_keys(['example_branch_dop_operator_v3']) retrieved from /home/airflow/.local/lib/python3.7/site-packages/airflow/example_dags/example_branch_python_dop_operator_3.py
[2022-05-28 01:28:00,087] {logging_mixin.py:115} INFO - [2022-05-28 01:28:00,087] {dag.py:2379} INFO - Sync 1 DAGs
[2022-05-28 01:28:00,109] {logging_mixin.py:115} INFO - [2022-05-28 01:28:00,109] {dag.py:2927} INFO - Setting next_dagrun for example_branch_dop_operator_v3 to 2022-05-28T01:27:00+00:00, run_after=2022-05-28T01:28:00+00:00
[2022-05-28 01:28:00,121] {processor.py:161} INFO - Processing /home/airflow/.local/lib/python3.7/site-packages/airflow/example_dags/example_branch_python_dop_operator_3.py took 0.068 seconds
[2022-05-28 01:28:30,630] {processor.py:153} INFO - Started process (PID=959) to work on /home/airflow/.local/lib/python3.7/site-packages/airflow/example_dags/example_branch_python_dop_operator_3.py
[2022-05-28 01:28:30,631] {processor.py:641} INFO - Processing file /home/airflow/.local/lib/python3.7/site-packages/airflow/example_dags/example_branch_python_dop_operator_3.py for tasks to queue
[2022-05-28 01:28:30,631] {logging_mixin.py:115} INFO - [2022-05-28 01:28:30,631] {dagbag.py:507} INFO - Filling up the DagBag from /home/airflow/.local/lib/python3.7/site-packages/airflow/example_dags/example_branch_python_dop_operator_3.py
[2022-05-28 01:28:30,638] {processor.py:651} INFO - DAG(s) dict_keys(['example_branch_dop_operator_v3']) retrieved from /home/airflow/.local/lib/python3.7/site-packages/airflow/example_dags/example_branch_python_dop_operator_3.py
[2022-05-28 01:28:30,656] {logging_mixin.py:115} INFO - [2022-05-28 01:28:30,656] {dag.py:2379} INFO - Sync 1 DAGs
[2022-05-28 01:28:30,678] {logging_mixin.py:115} INFO - [2022-05-28 01:28:30,678] {dag.py:2927} INFO - Setting next_dagrun for example_branch_dop_operator_v3 to 2022-05-28T01:27:00+00:00, run_after=2022-05-28T01:28:00+00:00
[2022-05-28 01:28:30,688] {processor.py:161} INFO - Processing /home/airflow/.local/lib/python3.7/site-packages/airflow/example_dags/example_branch_python_dop_operator_3.py took 0.060 seconds
[2022-05-28 01:29:01,481] {processor.py:153} INFO - Started process (PID=1011) to work on /home/airflow/.local/lib/python3.7/site-packages/airflow/example_dags/example_branch_python_dop_operator_3.py
[2022-05-28 01:29:01,482] {processor.py:641} INFO - Processing file /home/airflow/.local/lib/python3.7/site-packages/airflow/example_dags/example_branch_python_dop_operator_3.py for tasks to queue
[2022-05-28 01:29:01,482] {logging_mixin.py:115} INFO - [2022-05-28 01:29:01,482] {dagbag.py:507} INFO - Filling up the DagBag from /home/airflow/.local/lib/python3.7/site-packages/airflow/example_dags/example_branch_python_dop_operator_3.py
[2022-05-28 01:29:01,488] {processor.py:651} INFO - DAG(s) dict_keys(['example_branch_dop_operator_v3']) retrieved from /home/airflow/.local/lib/python3.7/site-packages/airflow/example_dags/example_branch_python_dop_operator_3.py
[2022-05-28 01:29:01,507] {logging_mixin.py:115} INFO - [2022-05-28 01:29:01,507] {dag.py:2379} INFO - Sync 1 DAGs
[2022-05-28 01:29:01,527] {logging_mixin.py:115} INFO - [2022-05-28 01:29:01,527] {dag.py:2927} INFO - Setting next_dagrun for example_branch_dop_operator_v3 to 2022-05-28T01:28:00+00:00, run_after=2022-05-28T01:29:00+00:00
[2022-05-28 01:29:01,537] {processor.py:161} INFO - Processing /home/airflow/.local/lib/python3.7/site-packages/airflow/example_dags/example_branch_python_dop_operator_3.py took 0.058 seconds
[2022-05-28 01:29:32,459] {processor.py:153} INFO - Started process (PID=1072) to work on /home/airflow/.local/lib/python3.7/site-packages/airflow/example_dags/example_branch_python_dop_operator_3.py
[2022-05-28 01:29:32,460] {processor.py:641} INFO - Processing file /home/airflow/.local/lib/python3.7/site-packages/airflow/example_dags/example_branch_python_dop_operator_3.py for tasks to queue
[2022-05-28 01:29:32,460] {logging_mixin.py:115} INFO - [2022-05-28 01:29:32,460] {dagbag.py:507} INFO - Filling up the DagBag from /home/airflow/.local/lib/python3.7/site-packages/airflow/example_dags/example_branch_python_dop_operator_3.py
[2022-05-28 01:29:32,467] {processor.py:651} INFO - DAG(s) dict_keys(['example_branch_dop_operator_v3']) retrieved from /home/airflow/.local/lib/python3.7/site-packages/airflow/example_dags/example_branch_python_dop_operator_3.py
[2022-05-28 01:29:32,485] {logging_mixin.py:115} INFO - [2022-05-28 01:29:32,485] {dag.py:2379} INFO - Sync 1 DAGs
[2022-05-28 01:29:32,505] {logging_mixin.py:115} INFO - [2022-05-28 01:29:32,505] {dag.py:2927} INFO - Setting next_dagrun for example_branch_dop_operator_v3 to 2022-05-28T01:28:00+00:00, run_after=2022-05-28T01:29:00+00:00
[2022-05-28 01:29:32,513] {processor.py:161} INFO - Processing /home/airflow/.local/lib/python3.7/site-packages/airflow/example_dags/example_branch_python_dop_operator_3.py took 0.056 seconds
