[2022-05-28 01:02:25,555] {processor.py:153} INFO - Started process (PID=67) to work on /home/airflow/.local/lib/python3.7/site-packages/airflow/example_dags/example_branch_labels.py
[2022-05-28 01:02:25,555] {processor.py:641} INFO - Processing file /home/airflow/.local/lib/python3.7/site-packages/airflow/example_dags/example_branch_labels.py for tasks to queue
[2022-05-28 01:02:25,556] {logging_mixin.py:115} INFO - [2022-05-28 01:02:25,556] {dagbag.py:507} INFO - Filling up the DagBag from /home/airflow/.local/lib/python3.7/site-packages/airflow/example_dags/example_branch_labels.py
[2022-05-28 01:02:25,562] {processor.py:651} INFO - DAG(s) dict_keys(['example_branch_labels']) retrieved from /home/airflow/.local/lib/python3.7/site-packages/airflow/example_dags/example_branch_labels.py
[2022-05-28 01:02:25,745] {logging_mixin.py:115} INFO - [2022-05-28 01:02:25,745] {manager.py:508} INFO - Created Permission View: can read on DAG:example_branch_labels
[2022-05-28 01:02:25,772] {logging_mixin.py:115} INFO - [2022-05-28 01:02:25,772] {manager.py:508} INFO - Created Permission View: can delete on DAG:example_branch_labels
[2022-05-28 01:02:25,779] {logging_mixin.py:115} INFO - [2022-05-28 01:02:25,779] {manager.py:508} INFO - Created Permission View: can edit on DAG:example_branch_labels
[2022-05-28 01:02:25,779] {logging_mixin.py:115} INFO - [2022-05-28 01:02:25,779] {dag.py:2379} INFO - Sync 1 DAGs
[2022-05-28 01:02:25,786] {logging_mixin.py:115} INFO - [2022-05-28 01:02:25,786] {dag.py:2398} INFO - Creating ORM DAG for example_branch_labels
[2022-05-28 01:02:25,796] {logging_mixin.py:115} INFO - [2022-05-28 01:02:25,796] {dag.py:2927} INFO - Setting next_dagrun for example_branch_labels to 2022-05-27T00:00:00+00:00, run_after=2022-05-28T00:00:00+00:00
[2022-05-28 01:02:25,807] {processor.py:161} INFO - Processing /home/airflow/.local/lib/python3.7/site-packages/airflow/example_dags/example_branch_labels.py took 0.254 seconds
[2022-05-28 01:02:56,417] {processor.py:153} INFO - Started process (PID=128) to work on /home/airflow/.local/lib/python3.7/site-packages/airflow/example_dags/example_branch_labels.py
[2022-05-28 01:02:56,418] {processor.py:641} INFO - Processing file /home/airflow/.local/lib/python3.7/site-packages/airflow/example_dags/example_branch_labels.py for tasks to queue
[2022-05-28 01:02:56,418] {logging_mixin.py:115} INFO - [2022-05-28 01:02:56,418] {dagbag.py:507} INFO - Filling up the DagBag from /home/airflow/.local/lib/python3.7/site-packages/airflow/example_dags/example_branch_labels.py
[2022-05-28 01:02:56,423] {processor.py:651} INFO - DAG(s) dict_keys(['example_branch_labels']) retrieved from /home/airflow/.local/lib/python3.7/site-packages/airflow/example_dags/example_branch_labels.py
[2022-05-28 01:02:56,443] {logging_mixin.py:115} INFO - [2022-05-28 01:02:56,442] {dag.py:2379} INFO - Sync 1 DAGs
[2022-05-28 01:02:56,460] {logging_mixin.py:115} INFO - [2022-05-28 01:02:56,460] {dag.py:2927} INFO - Setting next_dagrun for example_branch_labels to 2022-05-27T00:00:00+00:00, run_after=2022-05-28T00:00:00+00:00
[2022-05-28 01:02:56,467] {processor.py:161} INFO - Processing /home/airflow/.local/lib/python3.7/site-packages/airflow/example_dags/example_branch_labels.py took 0.052 seconds
[2022-05-28 01:03:27,419] {processor.py:153} INFO - Started process (PID=189) to work on /home/airflow/.local/lib/python3.7/site-packages/airflow/example_dags/example_branch_labels.py
[2022-05-28 01:03:27,420] {processor.py:641} INFO - Processing file /home/airflow/.local/lib/python3.7/site-packages/airflow/example_dags/example_branch_labels.py for tasks to queue
[2022-05-28 01:03:27,420] {logging_mixin.py:115} INFO - [2022-05-28 01:03:27,420] {dagbag.py:507} INFO - Filling up the DagBag from /home/airflow/.local/lib/python3.7/site-packages/airflow/example_dags/example_branch_labels.py
[2022-05-28 01:03:27,425] {processor.py:651} INFO - DAG(s) dict_keys(['example_branch_labels']) retrieved from /home/airflow/.local/lib/python3.7/site-packages/airflow/example_dags/example_branch_labels.py
[2022-05-28 01:03:27,443] {logging_mixin.py:115} INFO - [2022-05-28 01:03:27,443] {dag.py:2379} INFO - Sync 1 DAGs
[2022-05-28 01:03:27,460] {logging_mixin.py:115} INFO - [2022-05-28 01:03:27,460] {dag.py:2927} INFO - Setting next_dagrun for example_branch_labels to 2022-05-27T00:00:00+00:00, run_after=2022-05-28T00:00:00+00:00
[2022-05-28 01:03:27,467] {processor.py:161} INFO - Processing /home/airflow/.local/lib/python3.7/site-packages/airflow/example_dags/example_branch_labels.py took 0.050 seconds
[2022-05-28 01:03:58,441] {processor.py:153} INFO - Started process (PID=250) to work on /home/airflow/.local/lib/python3.7/site-packages/airflow/example_dags/example_branch_labels.py
[2022-05-28 01:03:58,442] {processor.py:641} INFO - Processing file /home/airflow/.local/lib/python3.7/site-packages/airflow/example_dags/example_branch_labels.py for tasks to queue
[2022-05-28 01:03:58,442] {logging_mixin.py:115} INFO - [2022-05-28 01:03:58,442] {dagbag.py:507} INFO - Filling up the DagBag from /home/airflow/.local/lib/python3.7/site-packages/airflow/example_dags/example_branch_labels.py
[2022-05-28 01:03:58,447] {processor.py:651} INFO - DAG(s) dict_keys(['example_branch_labels']) retrieved from /home/airflow/.local/lib/python3.7/site-packages/airflow/example_dags/example_branch_labels.py
[2022-05-28 01:03:58,471] {logging_mixin.py:115} INFO - [2022-05-28 01:03:58,471] {dag.py:2379} INFO - Sync 1 DAGs
[2022-05-28 01:03:58,492] {logging_mixin.py:115} INFO - [2022-05-28 01:03:58,492] {dag.py:2927} INFO - Setting next_dagrun for example_branch_labels to 2022-05-27T00:00:00+00:00, run_after=2022-05-28T00:00:00+00:00
[2022-05-28 01:03:58,501] {processor.py:161} INFO - Processing /home/airflow/.local/lib/python3.7/site-packages/airflow/example_dags/example_branch_labels.py took 0.062 seconds
[2022-05-28 01:04:28,645] {processor.py:153} INFO - Started process (PID=302) to work on /home/airflow/.local/lib/python3.7/site-packages/airflow/example_dags/example_branch_labels.py
[2022-05-28 01:04:28,645] {processor.py:641} INFO - Processing file /home/airflow/.local/lib/python3.7/site-packages/airflow/example_dags/example_branch_labels.py for tasks to queue
[2022-05-28 01:04:28,646] {logging_mixin.py:115} INFO - [2022-05-28 01:04:28,646] {dagbag.py:507} INFO - Filling up the DagBag from /home/airflow/.local/lib/python3.7/site-packages/airflow/example_dags/example_branch_labels.py
[2022-05-28 01:04:28,652] {processor.py:651} INFO - DAG(s) dict_keys(['example_branch_labels']) retrieved from /home/airflow/.local/lib/python3.7/site-packages/airflow/example_dags/example_branch_labels.py
[2022-05-28 01:04:28,674] {logging_mixin.py:115} INFO - [2022-05-28 01:04:28,674] {dag.py:2379} INFO - Sync 1 DAGs
[2022-05-28 01:04:28,693] {logging_mixin.py:115} INFO - [2022-05-28 01:04:28,693] {dag.py:2927} INFO - Setting next_dagrun for example_branch_labels to 2022-05-27T00:00:00+00:00, run_after=2022-05-28T00:00:00+00:00
[2022-05-28 01:04:28,701] {processor.py:161} INFO - Processing /home/airflow/.local/lib/python3.7/site-packages/airflow/example_dags/example_branch_labels.py took 0.059 seconds
[2022-05-28 01:04:59,370] {processor.py:153} INFO - Started process (PID=363) to work on /home/airflow/.local/lib/python3.7/site-packages/airflow/example_dags/example_branch_labels.py
[2022-05-28 01:04:59,371] {processor.py:641} INFO - Processing file /home/airflow/.local/lib/python3.7/site-packages/airflow/example_dags/example_branch_labels.py for tasks to queue
[2022-05-28 01:04:59,371] {logging_mixin.py:115} INFO - [2022-05-28 01:04:59,371] {dagbag.py:507} INFO - Filling up the DagBag from /home/airflow/.local/lib/python3.7/site-packages/airflow/example_dags/example_branch_labels.py
[2022-05-28 01:04:59,375] {processor.py:651} INFO - DAG(s) dict_keys(['example_branch_labels']) retrieved from /home/airflow/.local/lib/python3.7/site-packages/airflow/example_dags/example_branch_labels.py
[2022-05-28 01:04:59,395] {logging_mixin.py:115} INFO - [2022-05-28 01:04:59,395] {dag.py:2379} INFO - Sync 1 DAGs
[2022-05-28 01:04:59,412] {logging_mixin.py:115} INFO - [2022-05-28 01:04:59,412] {dag.py:2927} INFO - Setting next_dagrun for example_branch_labels to 2022-05-27T00:00:00+00:00, run_after=2022-05-28T00:00:00+00:00
[2022-05-28 01:04:59,420] {processor.py:161} INFO - Processing /home/airflow/.local/lib/python3.7/site-packages/airflow/example_dags/example_branch_labels.py took 0.052 seconds
[2022-05-28 01:05:30,293] {processor.py:153} INFO - Started process (PID=424) to work on /home/airflow/.local/lib/python3.7/site-packages/airflow/example_dags/example_branch_labels.py
[2022-05-28 01:05:30,294] {processor.py:641} INFO - Processing file /home/airflow/.local/lib/python3.7/site-packages/airflow/example_dags/example_branch_labels.py for tasks to queue
[2022-05-28 01:05:30,294] {logging_mixin.py:115} INFO - [2022-05-28 01:05:30,294] {dagbag.py:507} INFO - Filling up the DagBag from /home/airflow/.local/lib/python3.7/site-packages/airflow/example_dags/example_branch_labels.py
[2022-05-28 01:05:30,299] {processor.py:651} INFO - DAG(s) dict_keys(['example_branch_labels']) retrieved from /home/airflow/.local/lib/python3.7/site-packages/airflow/example_dags/example_branch_labels.py
[2022-05-28 01:05:30,319] {logging_mixin.py:115} INFO - [2022-05-28 01:05:30,319] {dag.py:2379} INFO - Sync 1 DAGs
[2022-05-28 01:05:30,337] {logging_mixin.py:115} INFO - [2022-05-28 01:05:30,337] {dag.py:2927} INFO - Setting next_dagrun for example_branch_labels to 2022-05-27T00:00:00+00:00, run_after=2022-05-28T00:00:00+00:00
[2022-05-28 01:05:30,345] {processor.py:161} INFO - Processing /home/airflow/.local/lib/python3.7/site-packages/airflow/example_dags/example_branch_labels.py took 0.054 seconds
[2022-05-28 01:06:01,033] {processor.py:153} INFO - Started process (PID=485) to work on /home/airflow/.local/lib/python3.7/site-packages/airflow/example_dags/example_branch_labels.py
[2022-05-28 01:06:01,034] {processor.py:641} INFO - Processing file /home/airflow/.local/lib/python3.7/site-packages/airflow/example_dags/example_branch_labels.py for tasks to queue
[2022-05-28 01:06:01,034] {logging_mixin.py:115} INFO - [2022-05-28 01:06:01,034] {dagbag.py:507} INFO - Filling up the DagBag from /home/airflow/.local/lib/python3.7/site-packages/airflow/example_dags/example_branch_labels.py
[2022-05-28 01:06:01,039] {processor.py:651} INFO - DAG(s) dict_keys(['example_branch_labels']) retrieved from /home/airflow/.local/lib/python3.7/site-packages/airflow/example_dags/example_branch_labels.py
[2022-05-28 01:06:01,065] {logging_mixin.py:115} INFO - [2022-05-28 01:06:01,065] {dag.py:2379} INFO - Sync 1 DAGs
[2022-05-28 01:06:01,084] {logging_mixin.py:115} INFO - [2022-05-28 01:06:01,084] {dag.py:2927} INFO - Setting next_dagrun for example_branch_labels to 2022-05-27T00:00:00+00:00, run_after=2022-05-28T00:00:00+00:00
[2022-05-28 01:06:01,092] {processor.py:161} INFO - Processing /home/airflow/.local/lib/python3.7/site-packages/airflow/example_dags/example_branch_labels.py took 0.062 seconds
[2022-05-28 01:06:31,849] {processor.py:153} INFO - Started process (PID=537) to work on /home/airflow/.local/lib/python3.7/site-packages/airflow/example_dags/example_branch_labels.py
[2022-05-28 01:06:31,850] {processor.py:641} INFO - Processing file /home/airflow/.local/lib/python3.7/site-packages/airflow/example_dags/example_branch_labels.py for tasks to queue
[2022-05-28 01:06:31,851] {logging_mixin.py:115} INFO - [2022-05-28 01:06:31,851] {dagbag.py:507} INFO - Filling up the DagBag from /home/airflow/.local/lib/python3.7/site-packages/airflow/example_dags/example_branch_labels.py
[2022-05-28 01:06:31,856] {processor.py:651} INFO - DAG(s) dict_keys(['example_branch_labels']) retrieved from /home/airflow/.local/lib/python3.7/site-packages/airflow/example_dags/example_branch_labels.py
[2022-05-28 01:06:31,887] {logging_mixin.py:115} INFO - [2022-05-28 01:06:31,887] {dag.py:2379} INFO - Sync 1 DAGs
[2022-05-28 01:06:31,911] {logging_mixin.py:115} INFO - [2022-05-28 01:06:31,911] {dag.py:2927} INFO - Setting next_dagrun for example_branch_labels to 2022-05-27T00:00:00+00:00, run_after=2022-05-28T00:00:00+00:00
[2022-05-28 01:06:31,923] {processor.py:161} INFO - Processing /home/airflow/.local/lib/python3.7/site-packages/airflow/example_dags/example_branch_labels.py took 0.076 seconds
[2022-05-28 01:07:02,572] {processor.py:153} INFO - Started process (PID=598) to work on /home/airflow/.local/lib/python3.7/site-packages/airflow/example_dags/example_branch_labels.py
[2022-05-28 01:07:02,573] {processor.py:641} INFO - Processing file /home/airflow/.local/lib/python3.7/site-packages/airflow/example_dags/example_branch_labels.py for tasks to queue
[2022-05-28 01:07:02,573] {logging_mixin.py:115} INFO - [2022-05-28 01:07:02,573] {dagbag.py:507} INFO - Filling up the DagBag from /home/airflow/.local/lib/python3.7/site-packages/airflow/example_dags/example_branch_labels.py
[2022-05-28 01:07:02,577] {processor.py:651} INFO - DAG(s) dict_keys(['example_branch_labels']) retrieved from /home/airflow/.local/lib/python3.7/site-packages/airflow/example_dags/example_branch_labels.py
[2022-05-28 01:07:02,596] {logging_mixin.py:115} INFO - [2022-05-28 01:07:02,596] {dag.py:2379} INFO - Sync 1 DAGs
[2022-05-28 01:07:02,614] {logging_mixin.py:115} INFO - [2022-05-28 01:07:02,614] {dag.py:2927} INFO - Setting next_dagrun for example_branch_labels to 2022-05-27T00:00:00+00:00, run_after=2022-05-28T00:00:00+00:00
[2022-05-28 01:07:02,622] {processor.py:161} INFO - Processing /home/airflow/.local/lib/python3.7/site-packages/airflow/example_dags/example_branch_labels.py took 0.052 seconds
[2022-05-28 01:07:32,738] {processor.py:153} INFO - Started process (PID=659) to work on /home/airflow/.local/lib/python3.7/site-packages/airflow/example_dags/example_branch_labels.py
[2022-05-28 01:07:32,739] {processor.py:641} INFO - Processing file /home/airflow/.local/lib/python3.7/site-packages/airflow/example_dags/example_branch_labels.py for tasks to queue
[2022-05-28 01:07:32,739] {logging_mixin.py:115} INFO - [2022-05-28 01:07:32,739] {dagbag.py:507} INFO - Filling up the DagBag from /home/airflow/.local/lib/python3.7/site-packages/airflow/example_dags/example_branch_labels.py
[2022-05-28 01:07:32,744] {processor.py:651} INFO - DAG(s) dict_keys(['example_branch_labels']) retrieved from /home/airflow/.local/lib/python3.7/site-packages/airflow/example_dags/example_branch_labels.py
[2022-05-28 01:07:32,764] {logging_mixin.py:115} INFO - [2022-05-28 01:07:32,764] {dag.py:2379} INFO - Sync 1 DAGs
[2022-05-28 01:07:32,782] {logging_mixin.py:115} INFO - [2022-05-28 01:07:32,782] {dag.py:2927} INFO - Setting next_dagrun for example_branch_labels to 2022-05-27T00:00:00+00:00, run_after=2022-05-28T00:00:00+00:00
[2022-05-28 01:07:32,790] {processor.py:161} INFO - Processing /home/airflow/.local/lib/python3.7/site-packages/airflow/example_dags/example_branch_labels.py took 0.054 seconds
[2022-05-28 01:08:03,012] {processor.py:153} INFO - Started process (PID=720) to work on /home/airflow/.local/lib/python3.7/site-packages/airflow/example_dags/example_branch_labels.py
[2022-05-28 01:08:03,012] {processor.py:641} INFO - Processing file /home/airflow/.local/lib/python3.7/site-packages/airflow/example_dags/example_branch_labels.py for tasks to queue
[2022-05-28 01:08:03,013] {logging_mixin.py:115} INFO - [2022-05-28 01:08:03,013] {dagbag.py:507} INFO - Filling up the DagBag from /home/airflow/.local/lib/python3.7/site-packages/airflow/example_dags/example_branch_labels.py
[2022-05-28 01:08:03,017] {processor.py:651} INFO - DAG(s) dict_keys(['example_branch_labels']) retrieved from /home/airflow/.local/lib/python3.7/site-packages/airflow/example_dags/example_branch_labels.py
[2022-05-28 01:08:03,036] {logging_mixin.py:115} INFO - [2022-05-28 01:08:03,036] {dag.py:2379} INFO - Sync 1 DAGs
[2022-05-28 01:08:03,053] {logging_mixin.py:115} INFO - [2022-05-28 01:08:03,053] {dag.py:2927} INFO - Setting next_dagrun for example_branch_labels to 2022-05-27T00:00:00+00:00, run_after=2022-05-28T00:00:00+00:00
[2022-05-28 01:08:03,061] {processor.py:161} INFO - Processing /home/airflow/.local/lib/python3.7/site-packages/airflow/example_dags/example_branch_labels.py took 0.052 seconds
[2022-05-28 01:08:33,273] {processor.py:153} INFO - Started process (PID=772) to work on /home/airflow/.local/lib/python3.7/site-packages/airflow/example_dags/example_branch_labels.py
[2022-05-28 01:08:33,274] {processor.py:641} INFO - Processing file /home/airflow/.local/lib/python3.7/site-packages/airflow/example_dags/example_branch_labels.py for tasks to queue
[2022-05-28 01:08:33,274] {logging_mixin.py:115} INFO - [2022-05-28 01:08:33,274] {dagbag.py:507} INFO - Filling up the DagBag from /home/airflow/.local/lib/python3.7/site-packages/airflow/example_dags/example_branch_labels.py
[2022-05-28 01:08:33,279] {processor.py:651} INFO - DAG(s) dict_keys(['example_branch_labels']) retrieved from /home/airflow/.local/lib/python3.7/site-packages/airflow/example_dags/example_branch_labels.py
[2022-05-28 01:08:33,301] {logging_mixin.py:115} INFO - [2022-05-28 01:08:33,301] {dag.py:2379} INFO - Sync 1 DAGs
[2022-05-28 01:08:33,319] {logging_mixin.py:115} INFO - [2022-05-28 01:08:33,318] {dag.py:2927} INFO - Setting next_dagrun for example_branch_labels to 2022-05-27T00:00:00+00:00, run_after=2022-05-28T00:00:00+00:00
[2022-05-28 01:08:33,326] {processor.py:161} INFO - Processing /home/airflow/.local/lib/python3.7/site-packages/airflow/example_dags/example_branch_labels.py took 0.055 seconds
[2022-05-28 01:09:03,453] {processor.py:153} INFO - Started process (PID=833) to work on /home/airflow/.local/lib/python3.7/site-packages/airflow/example_dags/example_branch_labels.py
[2022-05-28 01:09:03,454] {processor.py:641} INFO - Processing file /home/airflow/.local/lib/python3.7/site-packages/airflow/example_dags/example_branch_labels.py for tasks to queue
[2022-05-28 01:09:03,454] {logging_mixin.py:115} INFO - [2022-05-28 01:09:03,454] {dagbag.py:507} INFO - Filling up the DagBag from /home/airflow/.local/lib/python3.7/site-packages/airflow/example_dags/example_branch_labels.py
[2022-05-28 01:09:03,459] {processor.py:651} INFO - DAG(s) dict_keys(['example_branch_labels']) retrieved from /home/airflow/.local/lib/python3.7/site-packages/airflow/example_dags/example_branch_labels.py
[2022-05-28 01:09:03,481] {logging_mixin.py:115} INFO - [2022-05-28 01:09:03,481] {dag.py:2379} INFO - Sync 1 DAGs
[2022-05-28 01:09:03,499] {logging_mixin.py:115} INFO - [2022-05-28 01:09:03,499] {dag.py:2927} INFO - Setting next_dagrun for example_branch_labels to 2022-05-27T00:00:00+00:00, run_after=2022-05-28T00:00:00+00:00
[2022-05-28 01:09:03,507] {processor.py:161} INFO - Processing /home/airflow/.local/lib/python3.7/site-packages/airflow/example_dags/example_branch_labels.py took 0.055 seconds
[2022-05-28 01:09:33,823] {processor.py:153} INFO - Started process (PID=895) to work on /home/airflow/.local/lib/python3.7/site-packages/airflow/example_dags/example_branch_labels.py
[2022-05-28 01:09:33,824] {processor.py:641} INFO - Processing file /home/airflow/.local/lib/python3.7/site-packages/airflow/example_dags/example_branch_labels.py for tasks to queue
[2022-05-28 01:09:33,824] {logging_mixin.py:115} INFO - [2022-05-28 01:09:33,824] {dagbag.py:507} INFO - Filling up the DagBag from /home/airflow/.local/lib/python3.7/site-packages/airflow/example_dags/example_branch_labels.py
[2022-05-28 01:09:33,829] {processor.py:651} INFO - DAG(s) dict_keys(['example_branch_labels']) retrieved from /home/airflow/.local/lib/python3.7/site-packages/airflow/example_dags/example_branch_labels.py
[2022-05-28 01:09:33,850] {logging_mixin.py:115} INFO - [2022-05-28 01:09:33,849] {dag.py:2379} INFO - Sync 1 DAGs
[2022-05-28 01:09:33,871] {logging_mixin.py:115} INFO - [2022-05-28 01:09:33,871] {dag.py:2927} INFO - Setting next_dagrun for example_branch_labels to 2022-05-27T00:00:00+00:00, run_after=2022-05-28T00:00:00+00:00
[2022-05-28 01:09:33,880] {processor.py:161} INFO - Processing /home/airflow/.local/lib/python3.7/site-packages/airflow/example_dags/example_branch_labels.py took 0.060 seconds
[2022-05-28 01:10:04,080] {processor.py:153} INFO - Started process (PID=947) to work on /home/airflow/.local/lib/python3.7/site-packages/airflow/example_dags/example_branch_labels.py
[2022-05-28 01:10:04,081] {processor.py:641} INFO - Processing file /home/airflow/.local/lib/python3.7/site-packages/airflow/example_dags/example_branch_labels.py for tasks to queue
[2022-05-28 01:10:04,081] {logging_mixin.py:115} INFO - [2022-05-28 01:10:04,081] {dagbag.py:507} INFO - Filling up the DagBag from /home/airflow/.local/lib/python3.7/site-packages/airflow/example_dags/example_branch_labels.py
[2022-05-28 01:10:04,086] {processor.py:651} INFO - DAG(s) dict_keys(['example_branch_labels']) retrieved from /home/airflow/.local/lib/python3.7/site-packages/airflow/example_dags/example_branch_labels.py
[2022-05-28 01:10:04,106] {logging_mixin.py:115} INFO - [2022-05-28 01:10:04,106] {dag.py:2379} INFO - Sync 1 DAGs
[2022-05-28 01:10:04,126] {logging_mixin.py:115} INFO - [2022-05-28 01:10:04,126] {dag.py:2927} INFO - Setting next_dagrun for example_branch_labels to 2022-05-27T00:00:00+00:00, run_after=2022-05-28T00:00:00+00:00
[2022-05-28 01:10:04,135] {processor.py:161} INFO - Processing /home/airflow/.local/lib/python3.7/site-packages/airflow/example_dags/example_branch_labels.py took 0.057 seconds
[2022-05-28 01:10:34,308] {processor.py:153} INFO - Started process (PID=1008) to work on /home/airflow/.local/lib/python3.7/site-packages/airflow/example_dags/example_branch_labels.py
[2022-05-28 01:10:34,308] {processor.py:641} INFO - Processing file /home/airflow/.local/lib/python3.7/site-packages/airflow/example_dags/example_branch_labels.py for tasks to queue
[2022-05-28 01:10:34,309] {logging_mixin.py:115} INFO - [2022-05-28 01:10:34,309] {dagbag.py:507} INFO - Filling up the DagBag from /home/airflow/.local/lib/python3.7/site-packages/airflow/example_dags/example_branch_labels.py
[2022-05-28 01:10:34,313] {processor.py:651} INFO - DAG(s) dict_keys(['example_branch_labels']) retrieved from /home/airflow/.local/lib/python3.7/site-packages/airflow/example_dags/example_branch_labels.py
[2022-05-28 01:10:34,335] {logging_mixin.py:115} INFO - [2022-05-28 01:10:34,335] {dag.py:2379} INFO - Sync 1 DAGs
[2022-05-28 01:10:34,353] {logging_mixin.py:115} INFO - [2022-05-28 01:10:34,353] {dag.py:2927} INFO - Setting next_dagrun for example_branch_labels to 2022-05-27T00:00:00+00:00, run_after=2022-05-28T00:00:00+00:00
[2022-05-28 01:10:34,360] {processor.py:161} INFO - Processing /home/airflow/.local/lib/python3.7/site-packages/airflow/example_dags/example_branch_labels.py took 0.055 seconds
[2022-05-28 01:11:04,708] {processor.py:153} INFO - Started process (PID=1069) to work on /home/airflow/.local/lib/python3.7/site-packages/airflow/example_dags/example_branch_labels.py
[2022-05-28 01:11:04,709] {processor.py:641} INFO - Processing file /home/airflow/.local/lib/python3.7/site-packages/airflow/example_dags/example_branch_labels.py for tasks to queue
[2022-05-28 01:11:04,709] {logging_mixin.py:115} INFO - [2022-05-28 01:11:04,709] {dagbag.py:507} INFO - Filling up the DagBag from /home/airflow/.local/lib/python3.7/site-packages/airflow/example_dags/example_branch_labels.py
[2022-05-28 01:11:04,713] {processor.py:651} INFO - DAG(s) dict_keys(['example_branch_labels']) retrieved from /home/airflow/.local/lib/python3.7/site-packages/airflow/example_dags/example_branch_labels.py
[2022-05-28 01:11:04,733] {logging_mixin.py:115} INFO - [2022-05-28 01:11:04,733] {dag.py:2379} INFO - Sync 1 DAGs
[2022-05-28 01:11:04,750] {logging_mixin.py:115} INFO - [2022-05-28 01:11:04,750] {dag.py:2927} INFO - Setting next_dagrun for example_branch_labels to 2022-05-27T00:00:00+00:00, run_after=2022-05-28T00:00:00+00:00
[2022-05-28 01:11:04,758] {processor.py:161} INFO - Processing /home/airflow/.local/lib/python3.7/site-packages/airflow/example_dags/example_branch_labels.py took 0.052 seconds
[2022-05-28 01:11:35,194] {processor.py:153} INFO - Started process (PID=1130) to work on /home/airflow/.local/lib/python3.7/site-packages/airflow/example_dags/example_branch_labels.py
[2022-05-28 01:11:35,194] {processor.py:641} INFO - Processing file /home/airflow/.local/lib/python3.7/site-packages/airflow/example_dags/example_branch_labels.py for tasks to queue
[2022-05-28 01:11:35,195] {logging_mixin.py:115} INFO - [2022-05-28 01:11:35,194] {dagbag.py:507} INFO - Filling up the DagBag from /home/airflow/.local/lib/python3.7/site-packages/airflow/example_dags/example_branch_labels.py
[2022-05-28 01:11:35,199] {processor.py:651} INFO - DAG(s) dict_keys(['example_branch_labels']) retrieved from /home/airflow/.local/lib/python3.7/site-packages/airflow/example_dags/example_branch_labels.py
[2022-05-28 01:11:35,219] {logging_mixin.py:115} INFO - [2022-05-28 01:11:35,219] {dag.py:2379} INFO - Sync 1 DAGs
[2022-05-28 01:11:35,236] {logging_mixin.py:115} INFO - [2022-05-28 01:11:35,236] {dag.py:2927} INFO - Setting next_dagrun for example_branch_labels to 2022-05-27T00:00:00+00:00, run_after=2022-05-28T00:00:00+00:00
[2022-05-28 01:11:35,244] {processor.py:161} INFO - Processing /home/airflow/.local/lib/python3.7/site-packages/airflow/example_dags/example_branch_labels.py took 0.053 seconds
[2022-05-28 01:12:05,455] {processor.py:153} INFO - Started process (PID=1182) to work on /home/airflow/.local/lib/python3.7/site-packages/airflow/example_dags/example_branch_labels.py
[2022-05-28 01:12:05,456] {processor.py:641} INFO - Processing file /home/airflow/.local/lib/python3.7/site-packages/airflow/example_dags/example_branch_labels.py for tasks to queue
[2022-05-28 01:12:05,456] {logging_mixin.py:115} INFO - [2022-05-28 01:12:05,456] {dagbag.py:507} INFO - Filling up the DagBag from /home/airflow/.local/lib/python3.7/site-packages/airflow/example_dags/example_branch_labels.py
[2022-05-28 01:12:05,461] {processor.py:651} INFO - DAG(s) dict_keys(['example_branch_labels']) retrieved from /home/airflow/.local/lib/python3.7/site-packages/airflow/example_dags/example_branch_labels.py
[2022-05-28 01:12:05,507] {logging_mixin.py:115} INFO - [2022-05-28 01:12:05,506] {dag.py:2379} INFO - Sync 1 DAGs
[2022-05-28 01:12:05,527] {logging_mixin.py:115} INFO - [2022-05-28 01:12:05,527] {dag.py:2927} INFO - Setting next_dagrun for example_branch_labels to 2022-05-27T00:00:00+00:00, run_after=2022-05-28T00:00:00+00:00
[2022-05-28 01:12:05,539] {processor.py:161} INFO - Processing /home/airflow/.local/lib/python3.7/site-packages/airflow/example_dags/example_branch_labels.py took 0.087 seconds
[2022-05-28 01:12:35,842] {processor.py:153} INFO - Started process (PID=1243) to work on /home/airflow/.local/lib/python3.7/site-packages/airflow/example_dags/example_branch_labels.py
[2022-05-28 01:12:35,842] {processor.py:641} INFO - Processing file /home/airflow/.local/lib/python3.7/site-packages/airflow/example_dags/example_branch_labels.py for tasks to queue
[2022-05-28 01:12:35,843] {logging_mixin.py:115} INFO - [2022-05-28 01:12:35,843] {dagbag.py:507} INFO - Filling up the DagBag from /home/airflow/.local/lib/python3.7/site-packages/airflow/example_dags/example_branch_labels.py
[2022-05-28 01:12:35,848] {processor.py:651} INFO - DAG(s) dict_keys(['example_branch_labels']) retrieved from /home/airflow/.local/lib/python3.7/site-packages/airflow/example_dags/example_branch_labels.py
[2022-05-28 01:12:35,887] {logging_mixin.py:115} INFO - [2022-05-28 01:12:35,887] {dag.py:2379} INFO - Sync 1 DAGs
[2022-05-28 01:12:35,906] {logging_mixin.py:115} INFO - [2022-05-28 01:12:35,905] {dag.py:2927} INFO - Setting next_dagrun for example_branch_labels to 2022-05-27T00:00:00+00:00, run_after=2022-05-28T00:00:00+00:00
[2022-05-28 01:12:35,915] {processor.py:161} INFO - Processing /home/airflow/.local/lib/python3.7/site-packages/airflow/example_dags/example_branch_labels.py took 0.076 seconds
[2022-05-28 01:13:06,175] {processor.py:153} INFO - Started process (PID=1304) to work on /home/airflow/.local/lib/python3.7/site-packages/airflow/example_dags/example_branch_labels.py
[2022-05-28 01:13:06,176] {processor.py:641} INFO - Processing file /home/airflow/.local/lib/python3.7/site-packages/airflow/example_dags/example_branch_labels.py for tasks to queue
[2022-05-28 01:13:06,176] {logging_mixin.py:115} INFO - [2022-05-28 01:13:06,176] {dagbag.py:507} INFO - Filling up the DagBag from /home/airflow/.local/lib/python3.7/site-packages/airflow/example_dags/example_branch_labels.py
[2022-05-28 01:13:06,181] {processor.py:651} INFO - DAG(s) dict_keys(['example_branch_labels']) retrieved from /home/airflow/.local/lib/python3.7/site-packages/airflow/example_dags/example_branch_labels.py
[2022-05-28 01:13:06,202] {logging_mixin.py:115} INFO - [2022-05-28 01:13:06,202] {dag.py:2379} INFO - Sync 1 DAGs
[2022-05-28 01:13:06,220] {logging_mixin.py:115} INFO - [2022-05-28 01:13:06,220] {dag.py:2927} INFO - Setting next_dagrun for example_branch_labels to 2022-05-27T00:00:00+00:00, run_after=2022-05-28T00:00:00+00:00
[2022-05-28 01:13:06,229] {processor.py:161} INFO - Processing /home/airflow/.local/lib/python3.7/site-packages/airflow/example_dags/example_branch_labels.py took 0.056 seconds
[2022-05-28 01:13:36,517] {processor.py:153} INFO - Started process (PID=1365) to work on /home/airflow/.local/lib/python3.7/site-packages/airflow/example_dags/example_branch_labels.py
[2022-05-28 01:13:36,517] {processor.py:641} INFO - Processing file /home/airflow/.local/lib/python3.7/site-packages/airflow/example_dags/example_branch_labels.py for tasks to queue
[2022-05-28 01:13:36,518] {logging_mixin.py:115} INFO - [2022-05-28 01:13:36,517] {dagbag.py:507} INFO - Filling up the DagBag from /home/airflow/.local/lib/python3.7/site-packages/airflow/example_dags/example_branch_labels.py
[2022-05-28 01:13:36,522] {processor.py:651} INFO - DAG(s) dict_keys(['example_branch_labels']) retrieved from /home/airflow/.local/lib/python3.7/site-packages/airflow/example_dags/example_branch_labels.py
[2022-05-28 01:13:36,542] {logging_mixin.py:115} INFO - [2022-05-28 01:13:36,542] {dag.py:2379} INFO - Sync 1 DAGs
[2022-05-28 01:13:36,560] {logging_mixin.py:115} INFO - [2022-05-28 01:13:36,560] {dag.py:2927} INFO - Setting next_dagrun for example_branch_labels to 2022-05-27T00:00:00+00:00, run_after=2022-05-28T00:00:00+00:00
[2022-05-28 01:13:36,569] {processor.py:161} INFO - Processing /home/airflow/.local/lib/python3.7/site-packages/airflow/example_dags/example_branch_labels.py took 0.054 seconds
[2022-05-28 01:14:06,830] {processor.py:153} INFO - Started process (PID=1417) to work on /home/airflow/.local/lib/python3.7/site-packages/airflow/example_dags/example_branch_labels.py
[2022-05-28 01:14:06,830] {processor.py:641} INFO - Processing file /home/airflow/.local/lib/python3.7/site-packages/airflow/example_dags/example_branch_labels.py for tasks to queue
[2022-05-28 01:14:06,831] {logging_mixin.py:115} INFO - [2022-05-28 01:14:06,831] {dagbag.py:507} INFO - Filling up the DagBag from /home/airflow/.local/lib/python3.7/site-packages/airflow/example_dags/example_branch_labels.py
[2022-05-28 01:14:06,835] {processor.py:651} INFO - DAG(s) dict_keys(['example_branch_labels']) retrieved from /home/airflow/.local/lib/python3.7/site-packages/airflow/example_dags/example_branch_labels.py
[2022-05-28 01:14:06,856] {logging_mixin.py:115} INFO - [2022-05-28 01:14:06,856] {dag.py:2379} INFO - Sync 1 DAGs
[2022-05-28 01:14:06,875] {logging_mixin.py:115} INFO - [2022-05-28 01:14:06,875] {dag.py:2927} INFO - Setting next_dagrun for example_branch_labels to 2022-05-27T00:00:00+00:00, run_after=2022-05-28T00:00:00+00:00
[2022-05-28 01:14:06,883] {processor.py:161} INFO - Processing /home/airflow/.local/lib/python3.7/site-packages/airflow/example_dags/example_branch_labels.py took 0.055 seconds
[2022-05-28 01:14:36,931] {processor.py:153} INFO - Started process (PID=1478) to work on /home/airflow/.local/lib/python3.7/site-packages/airflow/example_dags/example_branch_labels.py
[2022-05-28 01:14:36,931] {processor.py:641} INFO - Processing file /home/airflow/.local/lib/python3.7/site-packages/airflow/example_dags/example_branch_labels.py for tasks to queue
[2022-05-28 01:14:36,931] {logging_mixin.py:115} INFO - [2022-05-28 01:14:36,931] {dagbag.py:507} INFO - Filling up the DagBag from /home/airflow/.local/lib/python3.7/site-packages/airflow/example_dags/example_branch_labels.py
[2022-05-28 01:14:36,935] {processor.py:651} INFO - DAG(s) dict_keys(['example_branch_labels']) retrieved from /home/airflow/.local/lib/python3.7/site-packages/airflow/example_dags/example_branch_labels.py
[2022-05-28 01:14:36,955] {logging_mixin.py:115} INFO - [2022-05-28 01:14:36,955] {dag.py:2379} INFO - Sync 1 DAGs
[2022-05-28 01:14:36,972] {logging_mixin.py:115} INFO - [2022-05-28 01:14:36,972] {dag.py:2927} INFO - Setting next_dagrun for example_branch_labels to 2022-05-27T00:00:00+00:00, run_after=2022-05-28T00:00:00+00:00
[2022-05-28 01:14:36,979] {processor.py:161} INFO - Processing /home/airflow/.local/lib/python3.7/site-packages/airflow/example_dags/example_branch_labels.py took 0.051 seconds
[2022-05-28 01:15:07,909] {processor.py:153} INFO - Started process (PID=1539) to work on /home/airflow/.local/lib/python3.7/site-packages/airflow/example_dags/example_branch_labels.py
[2022-05-28 01:15:07,909] {processor.py:641} INFO - Processing file /home/airflow/.local/lib/python3.7/site-packages/airflow/example_dags/example_branch_labels.py for tasks to queue
[2022-05-28 01:15:07,910] {logging_mixin.py:115} INFO - [2022-05-28 01:15:07,910] {dagbag.py:507} INFO - Filling up the DagBag from /home/airflow/.local/lib/python3.7/site-packages/airflow/example_dags/example_branch_labels.py
[2022-05-28 01:15:07,914] {processor.py:651} INFO - DAG(s) dict_keys(['example_branch_labels']) retrieved from /home/airflow/.local/lib/python3.7/site-packages/airflow/example_dags/example_branch_labels.py
[2022-05-28 01:15:07,931] {logging_mixin.py:115} INFO - [2022-05-28 01:15:07,931] {dag.py:2379} INFO - Sync 1 DAGs
[2022-05-28 01:15:07,947] {logging_mixin.py:115} INFO - [2022-05-28 01:15:07,947] {dag.py:2927} INFO - Setting next_dagrun for example_branch_labels to 2022-05-27T00:00:00+00:00, run_after=2022-05-28T00:00:00+00:00
[2022-05-28 01:15:07,954] {processor.py:161} INFO - Processing /home/airflow/.local/lib/python3.7/site-packages/airflow/example_dags/example_branch_labels.py took 0.047 seconds
[2022-05-28 01:15:38,723] {processor.py:153} INFO - Started process (PID=1600) to work on /home/airflow/.local/lib/python3.7/site-packages/airflow/example_dags/example_branch_labels.py
[2022-05-28 01:15:38,724] {processor.py:641} INFO - Processing file /home/airflow/.local/lib/python3.7/site-packages/airflow/example_dags/example_branch_labels.py for tasks to queue
[2022-05-28 01:15:38,724] {logging_mixin.py:115} INFO - [2022-05-28 01:15:38,724] {dagbag.py:507} INFO - Filling up the DagBag from /home/airflow/.local/lib/python3.7/site-packages/airflow/example_dags/example_branch_labels.py
[2022-05-28 01:15:38,729] {processor.py:651} INFO - DAG(s) dict_keys(['example_branch_labels']) retrieved from /home/airflow/.local/lib/python3.7/site-packages/airflow/example_dags/example_branch_labels.py
[2022-05-28 01:15:38,748] {logging_mixin.py:115} INFO - [2022-05-28 01:15:38,748] {dag.py:2379} INFO - Sync 1 DAGs
[2022-05-28 01:15:38,766] {logging_mixin.py:115} INFO - [2022-05-28 01:15:38,766] {dag.py:2927} INFO - Setting next_dagrun for example_branch_labels to 2022-05-27T00:00:00+00:00, run_after=2022-05-28T00:00:00+00:00
[2022-05-28 01:15:38,773] {processor.py:161} INFO - Processing /home/airflow/.local/lib/python3.7/site-packages/airflow/example_dags/example_branch_labels.py took 0.052 seconds
[2022-05-28 01:16:09,741] {processor.py:153} INFO - Started process (PID=1651) to work on /home/airflow/.local/lib/python3.7/site-packages/airflow/example_dags/example_branch_labels.py
[2022-05-28 01:16:09,742] {processor.py:641} INFO - Processing file /home/airflow/.local/lib/python3.7/site-packages/airflow/example_dags/example_branch_labels.py for tasks to queue
[2022-05-28 01:16:09,742] {logging_mixin.py:115} INFO - [2022-05-28 01:16:09,742] {dagbag.py:507} INFO - Filling up the DagBag from /home/airflow/.local/lib/python3.7/site-packages/airflow/example_dags/example_branch_labels.py
[2022-05-28 01:16:09,746] {processor.py:651} INFO - DAG(s) dict_keys(['example_branch_labels']) retrieved from /home/airflow/.local/lib/python3.7/site-packages/airflow/example_dags/example_branch_labels.py
[2022-05-28 01:16:09,766] {logging_mixin.py:115} INFO - [2022-05-28 01:16:09,766] {dag.py:2379} INFO - Sync 1 DAGs
[2022-05-28 01:16:09,782] {logging_mixin.py:115} INFO - [2022-05-28 01:16:09,782] {dag.py:2927} INFO - Setting next_dagrun for example_branch_labels to 2022-05-27T00:00:00+00:00, run_after=2022-05-28T00:00:00+00:00
[2022-05-28 01:16:09,790] {processor.py:161} INFO - Processing /home/airflow/.local/lib/python3.7/site-packages/airflow/example_dags/example_branch_labels.py took 0.051 seconds
[2022-05-28 01:16:40,656] {processor.py:153} INFO - Started process (PID=1712) to work on /home/airflow/.local/lib/python3.7/site-packages/airflow/example_dags/example_branch_labels.py
[2022-05-28 01:16:40,657] {processor.py:641} INFO - Processing file /home/airflow/.local/lib/python3.7/site-packages/airflow/example_dags/example_branch_labels.py for tasks to queue
[2022-05-28 01:16:40,657] {logging_mixin.py:115} INFO - [2022-05-28 01:16:40,657] {dagbag.py:507} INFO - Filling up the DagBag from /home/airflow/.local/lib/python3.7/site-packages/airflow/example_dags/example_branch_labels.py
[2022-05-28 01:16:40,661] {processor.py:651} INFO - DAG(s) dict_keys(['example_branch_labels']) retrieved from /home/airflow/.local/lib/python3.7/site-packages/airflow/example_dags/example_branch_labels.py
[2022-05-28 01:16:40,681] {logging_mixin.py:115} INFO - [2022-05-28 01:16:40,681] {dag.py:2379} INFO - Sync 1 DAGs
[2022-05-28 01:16:40,699] {logging_mixin.py:115} INFO - [2022-05-28 01:16:40,699] {dag.py:2927} INFO - Setting next_dagrun for example_branch_labels to 2022-05-27T00:00:00+00:00, run_after=2022-05-28T00:00:00+00:00
[2022-05-28 01:16:40,707] {processor.py:161} INFO - Processing /home/airflow/.local/lib/python3.7/site-packages/airflow/example_dags/example_branch_labels.py took 0.053 seconds
[2022-05-28 01:17:11,014] {processor.py:153} INFO - Started process (PID=1773) to work on /home/airflow/.local/lib/python3.7/site-packages/airflow/example_dags/example_branch_labels.py
[2022-05-28 01:17:11,014] {processor.py:641} INFO - Processing file /home/airflow/.local/lib/python3.7/site-packages/airflow/example_dags/example_branch_labels.py for tasks to queue
[2022-05-28 01:17:11,015] {logging_mixin.py:115} INFO - [2022-05-28 01:17:11,015] {dagbag.py:507} INFO - Filling up the DagBag from /home/airflow/.local/lib/python3.7/site-packages/airflow/example_dags/example_branch_labels.py
[2022-05-28 01:17:11,020] {processor.py:651} INFO - DAG(s) dict_keys(['example_branch_labels']) retrieved from /home/airflow/.local/lib/python3.7/site-packages/airflow/example_dags/example_branch_labels.py
[2022-05-28 01:17:11,040] {logging_mixin.py:115} INFO - [2022-05-28 01:17:11,040] {dag.py:2379} INFO - Sync 1 DAGs
[2022-05-28 01:17:11,058] {logging_mixin.py:115} INFO - [2022-05-28 01:17:11,058] {dag.py:2927} INFO - Setting next_dagrun for example_branch_labels to 2022-05-27T00:00:00+00:00, run_after=2022-05-28T00:00:00+00:00
[2022-05-28 01:17:11,066] {processor.py:161} INFO - Processing /home/airflow/.local/lib/python3.7/site-packages/airflow/example_dags/example_branch_labels.py took 0.055 seconds
[2022-05-28 01:17:41,393] {processor.py:153} INFO - Started process (PID=1834) to work on /home/airflow/.local/lib/python3.7/site-packages/airflow/example_dags/example_branch_labels.py
[2022-05-28 01:17:41,394] {processor.py:641} INFO - Processing file /home/airflow/.local/lib/python3.7/site-packages/airflow/example_dags/example_branch_labels.py for tasks to queue
[2022-05-28 01:17:41,394] {logging_mixin.py:115} INFO - [2022-05-28 01:17:41,394] {dagbag.py:507} INFO - Filling up the DagBag from /home/airflow/.local/lib/python3.7/site-packages/airflow/example_dags/example_branch_labels.py
[2022-05-28 01:17:41,399] {processor.py:651} INFO - DAG(s) dict_keys(['example_branch_labels']) retrieved from /home/airflow/.local/lib/python3.7/site-packages/airflow/example_dags/example_branch_labels.py
[2022-05-28 01:17:41,422] {logging_mixin.py:115} INFO - [2022-05-28 01:17:41,422] {dag.py:2379} INFO - Sync 1 DAGs
[2022-05-28 01:17:41,444] {logging_mixin.py:115} INFO - [2022-05-28 01:17:41,444] {dag.py:2927} INFO - Setting next_dagrun for example_branch_labels to 2022-05-27T00:00:00+00:00, run_after=2022-05-28T00:00:00+00:00
[2022-05-28 01:17:41,456] {processor.py:161} INFO - Processing /home/airflow/.local/lib/python3.7/site-packages/airflow/example_dags/example_branch_labels.py took 0.065 seconds
[2022-05-28 01:18:11,534] {processor.py:153} INFO - Started process (PID=1886) to work on /home/airflow/.local/lib/python3.7/site-packages/airflow/example_dags/example_branch_labels.py
[2022-05-28 01:18:11,534] {processor.py:641} INFO - Processing file /home/airflow/.local/lib/python3.7/site-packages/airflow/example_dags/example_branch_labels.py for tasks to queue
[2022-05-28 01:18:11,535] {logging_mixin.py:115} INFO - [2022-05-28 01:18:11,535] {dagbag.py:507} INFO - Filling up the DagBag from /home/airflow/.local/lib/python3.7/site-packages/airflow/example_dags/example_branch_labels.py
[2022-05-28 01:18:11,539] {processor.py:651} INFO - DAG(s) dict_keys(['example_branch_labels']) retrieved from /home/airflow/.local/lib/python3.7/site-packages/airflow/example_dags/example_branch_labels.py
[2022-05-28 01:18:11,560] {logging_mixin.py:115} INFO - [2022-05-28 01:18:11,560] {dag.py:2379} INFO - Sync 1 DAGs
[2022-05-28 01:18:11,579] {logging_mixin.py:115} INFO - [2022-05-28 01:18:11,579] {dag.py:2927} INFO - Setting next_dagrun for example_branch_labels to 2022-05-27T00:00:00+00:00, run_after=2022-05-28T00:00:00+00:00
[2022-05-28 01:18:11,590] {processor.py:161} INFO - Processing /home/airflow/.local/lib/python3.7/site-packages/airflow/example_dags/example_branch_labels.py took 0.059 seconds
[2022-05-28 01:18:41,880] {processor.py:153} INFO - Started process (PID=1947) to work on /home/airflow/.local/lib/python3.7/site-packages/airflow/example_dags/example_branch_labels.py
[2022-05-28 01:18:41,880] {processor.py:641} INFO - Processing file /home/airflow/.local/lib/python3.7/site-packages/airflow/example_dags/example_branch_labels.py for tasks to queue
[2022-05-28 01:18:41,881] {logging_mixin.py:115} INFO - [2022-05-28 01:18:41,881] {dagbag.py:507} INFO - Filling up the DagBag from /home/airflow/.local/lib/python3.7/site-packages/airflow/example_dags/example_branch_labels.py
[2022-05-28 01:18:41,886] {processor.py:651} INFO - DAG(s) dict_keys(['example_branch_labels']) retrieved from /home/airflow/.local/lib/python3.7/site-packages/airflow/example_dags/example_branch_labels.py
[2022-05-28 01:18:41,908] {logging_mixin.py:115} INFO - [2022-05-28 01:18:41,908] {dag.py:2379} INFO - Sync 1 DAGs
[2022-05-28 01:18:41,926] {logging_mixin.py:115} INFO - [2022-05-28 01:18:41,926] {dag.py:2927} INFO - Setting next_dagrun for example_branch_labels to 2022-05-27T00:00:00+00:00, run_after=2022-05-28T00:00:00+00:00
[2022-05-28 01:18:41,935] {processor.py:161} INFO - Processing /home/airflow/.local/lib/python3.7/site-packages/airflow/example_dags/example_branch_labels.py took 0.058 seconds
[2022-05-28 01:19:12,263] {processor.py:153} INFO - Started process (PID=2008) to work on /home/airflow/.local/lib/python3.7/site-packages/airflow/example_dags/example_branch_labels.py
[2022-05-28 01:19:12,264] {processor.py:641} INFO - Processing file /home/airflow/.local/lib/python3.7/site-packages/airflow/example_dags/example_branch_labels.py for tasks to queue
[2022-05-28 01:19:12,264] {logging_mixin.py:115} INFO - [2022-05-28 01:19:12,264] {dagbag.py:507} INFO - Filling up the DagBag from /home/airflow/.local/lib/python3.7/site-packages/airflow/example_dags/example_branch_labels.py
[2022-05-28 01:19:12,268] {processor.py:651} INFO - DAG(s) dict_keys(['example_branch_labels']) retrieved from /home/airflow/.local/lib/python3.7/site-packages/airflow/example_dags/example_branch_labels.py
[2022-05-28 01:19:12,286] {logging_mixin.py:115} INFO - [2022-05-28 01:19:12,286] {dag.py:2379} INFO - Sync 1 DAGs
[2022-05-28 01:19:12,303] {logging_mixin.py:115} INFO - [2022-05-28 01:19:12,303] {dag.py:2927} INFO - Setting next_dagrun for example_branch_labels to 2022-05-27T00:00:00+00:00, run_after=2022-05-28T00:00:00+00:00
[2022-05-28 01:19:12,312] {processor.py:161} INFO - Processing /home/airflow/.local/lib/python3.7/site-packages/airflow/example_dags/example_branch_labels.py took 0.051 seconds
[2022-05-28 01:19:42,644] {processor.py:153} INFO - Started process (PID=2060) to work on /home/airflow/.local/lib/python3.7/site-packages/airflow/example_dags/example_branch_labels.py
[2022-05-28 01:19:42,645] {processor.py:641} INFO - Processing file /home/airflow/.local/lib/python3.7/site-packages/airflow/example_dags/example_branch_labels.py for tasks to queue
[2022-05-28 01:19:42,645] {logging_mixin.py:115} INFO - [2022-05-28 01:19:42,645] {dagbag.py:507} INFO - Filling up the DagBag from /home/airflow/.local/lib/python3.7/site-packages/airflow/example_dags/example_branch_labels.py
[2022-05-28 01:19:42,649] {processor.py:651} INFO - DAG(s) dict_keys(['example_branch_labels']) retrieved from /home/airflow/.local/lib/python3.7/site-packages/airflow/example_dags/example_branch_labels.py
[2022-05-28 01:19:42,672] {logging_mixin.py:115} INFO - [2022-05-28 01:19:42,672] {dag.py:2379} INFO - Sync 1 DAGs
[2022-05-28 01:19:42,690] {logging_mixin.py:115} INFO - [2022-05-28 01:19:42,690] {dag.py:2927} INFO - Setting next_dagrun for example_branch_labels to 2022-05-27T00:00:00+00:00, run_after=2022-05-28T00:00:00+00:00
[2022-05-28 01:19:42,699] {processor.py:161} INFO - Processing /home/airflow/.local/lib/python3.7/site-packages/airflow/example_dags/example_branch_labels.py took 0.057 seconds
[2022-05-28 01:20:12,907] {processor.py:153} INFO - Started process (PID=2121) to work on /home/airflow/.local/lib/python3.7/site-packages/airflow/example_dags/example_branch_labels.py
[2022-05-28 01:20:12,907] {processor.py:641} INFO - Processing file /home/airflow/.local/lib/python3.7/site-packages/airflow/example_dags/example_branch_labels.py for tasks to queue
[2022-05-28 01:20:12,908] {logging_mixin.py:115} INFO - [2022-05-28 01:20:12,908] {dagbag.py:507} INFO - Filling up the DagBag from /home/airflow/.local/lib/python3.7/site-packages/airflow/example_dags/example_branch_labels.py
[2022-05-28 01:20:12,912] {processor.py:651} INFO - DAG(s) dict_keys(['example_branch_labels']) retrieved from /home/airflow/.local/lib/python3.7/site-packages/airflow/example_dags/example_branch_labels.py
[2022-05-28 01:20:12,932] {logging_mixin.py:115} INFO - [2022-05-28 01:20:12,931] {dag.py:2379} INFO - Sync 1 DAGs
[2022-05-28 01:20:12,948] {logging_mixin.py:115} INFO - [2022-05-28 01:20:12,948] {dag.py:2927} INFO - Setting next_dagrun for example_branch_labels to 2022-05-27T00:00:00+00:00, run_after=2022-05-28T00:00:00+00:00
[2022-05-28 01:20:12,957] {processor.py:161} INFO - Processing /home/airflow/.local/lib/python3.7/site-packages/airflow/example_dags/example_branch_labels.py took 0.053 seconds
[2022-05-28 01:20:50,830] {processor.py:153} INFO - Started process (PID=67) to work on /home/airflow/.local/lib/python3.7/site-packages/airflow/example_dags/example_branch_labels.py
[2022-05-28 01:20:50,830] {processor.py:641} INFO - Processing file /home/airflow/.local/lib/python3.7/site-packages/airflow/example_dags/example_branch_labels.py for tasks to queue
[2022-05-28 01:20:50,831] {logging_mixin.py:115} INFO - [2022-05-28 01:20:50,831] {dagbag.py:507} INFO - Filling up the DagBag from /home/airflow/.local/lib/python3.7/site-packages/airflow/example_dags/example_branch_labels.py
[2022-05-28 01:20:50,836] {processor.py:651} INFO - DAG(s) dict_keys(['example_branch_labels']) retrieved from /home/airflow/.local/lib/python3.7/site-packages/airflow/example_dags/example_branch_labels.py
[2022-05-28 01:20:50,859] {logging_mixin.py:115} INFO - [2022-05-28 01:20:50,859] {dag.py:2379} INFO - Sync 1 DAGs
[2022-05-28 01:20:50,924] {logging_mixin.py:115} INFO - [2022-05-28 01:20:50,924] {dag.py:2927} INFO - Setting next_dagrun for example_branch_labels to 2022-05-27T00:00:00+00:00, run_after=2022-05-28T00:00:00+00:00
[2022-05-28 01:20:51,001] {processor.py:161} INFO - Processing /home/airflow/.local/lib/python3.7/site-packages/airflow/example_dags/example_branch_labels.py took 0.174 seconds
[2022-05-28 01:21:21,171] {processor.py:153} INFO - Started process (PID=128) to work on /home/airflow/.local/lib/python3.7/site-packages/airflow/example_dags/example_branch_labels.py
[2022-05-28 01:21:21,172] {processor.py:641} INFO - Processing file /home/airflow/.local/lib/python3.7/site-packages/airflow/example_dags/example_branch_labels.py for tasks to queue
[2022-05-28 01:21:21,172] {logging_mixin.py:115} INFO - [2022-05-28 01:21:21,172] {dagbag.py:507} INFO - Filling up the DagBag from /home/airflow/.local/lib/python3.7/site-packages/airflow/example_dags/example_branch_labels.py
[2022-05-28 01:21:21,177] {processor.py:651} INFO - DAG(s) dict_keys(['example_branch_labels']) retrieved from /home/airflow/.local/lib/python3.7/site-packages/airflow/example_dags/example_branch_labels.py
[2022-05-28 01:21:21,198] {logging_mixin.py:115} INFO - [2022-05-28 01:21:21,198] {dag.py:2379} INFO - Sync 1 DAGs
[2022-05-28 01:21:21,215] {logging_mixin.py:115} INFO - [2022-05-28 01:21:21,215] {dag.py:2927} INFO - Setting next_dagrun for example_branch_labels to 2022-05-27T00:00:00+00:00, run_after=2022-05-28T00:00:00+00:00
[2022-05-28 01:21:21,223] {processor.py:161} INFO - Processing /home/airflow/.local/lib/python3.7/site-packages/airflow/example_dags/example_branch_labels.py took 0.053 seconds
[2022-05-28 01:21:51,398] {processor.py:153} INFO - Started process (PID=189) to work on /home/airflow/.local/lib/python3.7/site-packages/airflow/example_dags/example_branch_labels.py
[2022-05-28 01:21:51,399] {processor.py:641} INFO - Processing file /home/airflow/.local/lib/python3.7/site-packages/airflow/example_dags/example_branch_labels.py for tasks to queue
[2022-05-28 01:21:51,399] {logging_mixin.py:115} INFO - [2022-05-28 01:21:51,399] {dagbag.py:507} INFO - Filling up the DagBag from /home/airflow/.local/lib/python3.7/site-packages/airflow/example_dags/example_branch_labels.py
[2022-05-28 01:21:51,404] {processor.py:651} INFO - DAG(s) dict_keys(['example_branch_labels']) retrieved from /home/airflow/.local/lib/python3.7/site-packages/airflow/example_dags/example_branch_labels.py
[2022-05-28 01:21:51,422] {logging_mixin.py:115} INFO - [2022-05-28 01:21:51,422] {dag.py:2379} INFO - Sync 1 DAGs
[2022-05-28 01:21:51,440] {logging_mixin.py:115} INFO - [2022-05-28 01:21:51,440] {dag.py:2927} INFO - Setting next_dagrun for example_branch_labels to 2022-05-27T00:00:00+00:00, run_after=2022-05-28T00:00:00+00:00
[2022-05-28 01:21:51,447] {processor.py:161} INFO - Processing /home/airflow/.local/lib/python3.7/site-packages/airflow/example_dags/example_branch_labels.py took 0.051 seconds
[2022-05-28 01:22:22,315] {processor.py:153} INFO - Started process (PID=248) to work on /home/airflow/.local/lib/python3.7/site-packages/airflow/example_dags/example_branch_labels.py
[2022-05-28 01:22:22,316] {processor.py:641} INFO - Processing file /home/airflow/.local/lib/python3.7/site-packages/airflow/example_dags/example_branch_labels.py for tasks to queue
[2022-05-28 01:22:22,317] {logging_mixin.py:115} INFO - [2022-05-28 01:22:22,316] {dagbag.py:507} INFO - Filling up the DagBag from /home/airflow/.local/lib/python3.7/site-packages/airflow/example_dags/example_branch_labels.py
[2022-05-28 01:22:22,323] {processor.py:651} INFO - DAG(s) dict_keys(['example_branch_labels']) retrieved from /home/airflow/.local/lib/python3.7/site-packages/airflow/example_dags/example_branch_labels.py
[2022-05-28 01:22:22,349] {logging_mixin.py:115} INFO - [2022-05-28 01:22:22,349] {dag.py:2379} INFO - Sync 1 DAGs
[2022-05-28 01:22:22,376] {logging_mixin.py:115} INFO - [2022-05-28 01:22:22,375] {dag.py:2927} INFO - Setting next_dagrun for example_branch_labels to 2022-05-27T00:00:00+00:00, run_after=2022-05-28T00:00:00+00:00
[2022-05-28 01:22:22,404] {processor.py:161} INFO - Processing /home/airflow/.local/lib/python3.7/site-packages/airflow/example_dags/example_branch_labels.py took 0.092 seconds
[2022-05-28 01:22:53,246] {processor.py:153} INFO - Started process (PID=302) to work on /home/airflow/.local/lib/python3.7/site-packages/airflow/example_dags/example_branch_labels.py
[2022-05-28 01:22:53,247] {processor.py:641} INFO - Processing file /home/airflow/.local/lib/python3.7/site-packages/airflow/example_dags/example_branch_labels.py for tasks to queue
[2022-05-28 01:22:53,247] {logging_mixin.py:115} INFO - [2022-05-28 01:22:53,247] {dagbag.py:507} INFO - Filling up the DagBag from /home/airflow/.local/lib/python3.7/site-packages/airflow/example_dags/example_branch_labels.py
[2022-05-28 01:22:53,252] {processor.py:651} INFO - DAG(s) dict_keys(['example_branch_labels']) retrieved from /home/airflow/.local/lib/python3.7/site-packages/airflow/example_dags/example_branch_labels.py
[2022-05-28 01:22:53,273] {logging_mixin.py:115} INFO - [2022-05-28 01:22:53,272] {dag.py:2379} INFO - Sync 1 DAGs
[2022-05-28 01:22:53,293] {logging_mixin.py:115} INFO - [2022-05-28 01:22:53,293] {dag.py:2927} INFO - Setting next_dagrun for example_branch_labels to 2022-05-27T00:00:00+00:00, run_after=2022-05-28T00:00:00+00:00
[2022-05-28 01:22:53,301] {processor.py:161} INFO - Processing /home/airflow/.local/lib/python3.7/site-packages/airflow/example_dags/example_branch_labels.py took 0.058 seconds
[2022-05-28 01:23:24,203] {processor.py:153} INFO - Started process (PID=363) to work on /home/airflow/.local/lib/python3.7/site-packages/airflow/example_dags/example_branch_labels.py
[2022-05-28 01:23:24,204] {processor.py:641} INFO - Processing file /home/airflow/.local/lib/python3.7/site-packages/airflow/example_dags/example_branch_labels.py for tasks to queue
[2022-05-28 01:23:24,204] {logging_mixin.py:115} INFO - [2022-05-28 01:23:24,204] {dagbag.py:507} INFO - Filling up the DagBag from /home/airflow/.local/lib/python3.7/site-packages/airflow/example_dags/example_branch_labels.py
[2022-05-28 01:23:24,209] {processor.py:651} INFO - DAG(s) dict_keys(['example_branch_labels']) retrieved from /home/airflow/.local/lib/python3.7/site-packages/airflow/example_dags/example_branch_labels.py
[2022-05-28 01:23:24,228] {logging_mixin.py:115} INFO - [2022-05-28 01:23:24,228] {dag.py:2379} INFO - Sync 1 DAGs
[2022-05-28 01:23:24,245] {logging_mixin.py:115} INFO - [2022-05-28 01:23:24,245] {dag.py:2927} INFO - Setting next_dagrun for example_branch_labels to 2022-05-27T00:00:00+00:00, run_after=2022-05-28T00:00:00+00:00
[2022-05-28 01:23:24,253] {processor.py:161} INFO - Processing /home/airflow/.local/lib/python3.7/site-packages/airflow/example_dags/example_branch_labels.py took 0.052 seconds
[2022-05-28 01:23:55,010] {processor.py:153} INFO - Started process (PID=424) to work on /home/airflow/.local/lib/python3.7/site-packages/airflow/example_dags/example_branch_labels.py
[2022-05-28 01:23:55,011] {processor.py:641} INFO - Processing file /home/airflow/.local/lib/python3.7/site-packages/airflow/example_dags/example_branch_labels.py for tasks to queue
[2022-05-28 01:23:55,011] {logging_mixin.py:115} INFO - [2022-05-28 01:23:55,011] {dagbag.py:507} INFO - Filling up the DagBag from /home/airflow/.local/lib/python3.7/site-packages/airflow/example_dags/example_branch_labels.py
[2022-05-28 01:23:55,016] {processor.py:651} INFO - DAG(s) dict_keys(['example_branch_labels']) retrieved from /home/airflow/.local/lib/python3.7/site-packages/airflow/example_dags/example_branch_labels.py
[2022-05-28 01:23:55,036] {logging_mixin.py:115} INFO - [2022-05-28 01:23:55,035] {dag.py:2379} INFO - Sync 1 DAGs
[2022-05-28 01:23:55,054] {logging_mixin.py:115} INFO - [2022-05-28 01:23:55,054] {dag.py:2927} INFO - Setting next_dagrun for example_branch_labels to 2022-05-27T00:00:00+00:00, run_after=2022-05-28T00:00:00+00:00
[2022-05-28 01:23:55,061] {processor.py:161} INFO - Processing /home/airflow/.local/lib/python3.7/site-packages/airflow/example_dags/example_branch_labels.py took 0.053 seconds
[2022-05-28 01:24:26,028] {processor.py:153} INFO - Started process (PID=486) to work on /home/airflow/.local/lib/python3.7/site-packages/airflow/example_dags/example_branch_labels.py
[2022-05-28 01:24:26,029] {processor.py:641} INFO - Processing file /home/airflow/.local/lib/python3.7/site-packages/airflow/example_dags/example_branch_labels.py for tasks to queue
[2022-05-28 01:24:26,029] {logging_mixin.py:115} INFO - [2022-05-28 01:24:26,029] {dagbag.py:507} INFO - Filling up the DagBag from /home/airflow/.local/lib/python3.7/site-packages/airflow/example_dags/example_branch_labels.py
[2022-05-28 01:24:26,034] {processor.py:651} INFO - DAG(s) dict_keys(['example_branch_labels']) retrieved from /home/airflow/.local/lib/python3.7/site-packages/airflow/example_dags/example_branch_labels.py
[2022-05-28 01:24:26,054] {logging_mixin.py:115} INFO - [2022-05-28 01:24:26,054] {dag.py:2379} INFO - Sync 1 DAGs
[2022-05-28 01:24:26,072] {logging_mixin.py:115} INFO - [2022-05-28 01:24:26,072] {dag.py:2927} INFO - Setting next_dagrun for example_branch_labels to 2022-05-27T00:00:00+00:00, run_after=2022-05-28T00:00:00+00:00
[2022-05-28 01:24:26,079] {processor.py:161} INFO - Processing /home/airflow/.local/lib/python3.7/site-packages/airflow/example_dags/example_branch_labels.py took 0.053 seconds
[2022-05-28 01:24:56,906] {processor.py:153} INFO - Started process (PID=538) to work on /home/airflow/.local/lib/python3.7/site-packages/airflow/example_dags/example_branch_labels.py
[2022-05-28 01:24:56,907] {processor.py:641} INFO - Processing file /home/airflow/.local/lib/python3.7/site-packages/airflow/example_dags/example_branch_labels.py for tasks to queue
[2022-05-28 01:24:56,907] {logging_mixin.py:115} INFO - [2022-05-28 01:24:56,907] {dagbag.py:507} INFO - Filling up the DagBag from /home/airflow/.local/lib/python3.7/site-packages/airflow/example_dags/example_branch_labels.py
[2022-05-28 01:24:56,911] {processor.py:651} INFO - DAG(s) dict_keys(['example_branch_labels']) retrieved from /home/airflow/.local/lib/python3.7/site-packages/airflow/example_dags/example_branch_labels.py
[2022-05-28 01:24:56,930] {logging_mixin.py:115} INFO - [2022-05-28 01:24:56,930] {dag.py:2379} INFO - Sync 1 DAGs
[2022-05-28 01:24:56,947] {logging_mixin.py:115} INFO - [2022-05-28 01:24:56,947] {dag.py:2927} INFO - Setting next_dagrun for example_branch_labels to 2022-05-27T00:00:00+00:00, run_after=2022-05-28T00:00:00+00:00
[2022-05-28 01:24:56,955] {processor.py:161} INFO - Processing /home/airflow/.local/lib/python3.7/site-packages/airflow/example_dags/example_branch_labels.py took 0.051 seconds
[2022-05-28 01:25:27,845] {processor.py:153} INFO - Started process (PID=599) to work on /home/airflow/.local/lib/python3.7/site-packages/airflow/example_dags/example_branch_labels.py
[2022-05-28 01:25:27,845] {processor.py:641} INFO - Processing file /home/airflow/.local/lib/python3.7/site-packages/airflow/example_dags/example_branch_labels.py for tasks to queue
[2022-05-28 01:25:27,846] {logging_mixin.py:115} INFO - [2022-05-28 01:25:27,846] {dagbag.py:507} INFO - Filling up the DagBag from /home/airflow/.local/lib/python3.7/site-packages/airflow/example_dags/example_branch_labels.py
[2022-05-28 01:25:27,851] {processor.py:651} INFO - DAG(s) dict_keys(['example_branch_labels']) retrieved from /home/airflow/.local/lib/python3.7/site-packages/airflow/example_dags/example_branch_labels.py
[2022-05-28 01:25:27,873] {logging_mixin.py:115} INFO - [2022-05-28 01:25:27,873] {dag.py:2379} INFO - Sync 1 DAGs
[2022-05-28 01:25:27,891] {logging_mixin.py:115} INFO - [2022-05-28 01:25:27,891] {dag.py:2927} INFO - Setting next_dagrun for example_branch_labels to 2022-05-27T00:00:00+00:00, run_after=2022-05-28T00:00:00+00:00
[2022-05-28 01:25:27,899] {processor.py:161} INFO - Processing /home/airflow/.local/lib/python3.7/site-packages/airflow/example_dags/example_branch_labels.py took 0.056 seconds
[2022-05-28 01:25:58,036] {processor.py:153} INFO - Started process (PID=660) to work on /home/airflow/.local/lib/python3.7/site-packages/airflow/example_dags/example_branch_labels.py
[2022-05-28 01:25:58,037] {processor.py:641} INFO - Processing file /home/airflow/.local/lib/python3.7/site-packages/airflow/example_dags/example_branch_labels.py for tasks to queue
[2022-05-28 01:25:58,037] {logging_mixin.py:115} INFO - [2022-05-28 01:25:58,037] {dagbag.py:507} INFO - Filling up the DagBag from /home/airflow/.local/lib/python3.7/site-packages/airflow/example_dags/example_branch_labels.py
[2022-05-28 01:25:58,042] {processor.py:651} INFO - DAG(s) dict_keys(['example_branch_labels']) retrieved from /home/airflow/.local/lib/python3.7/site-packages/airflow/example_dags/example_branch_labels.py
[2022-05-28 01:25:58,061] {logging_mixin.py:115} INFO - [2022-05-28 01:25:58,061] {dag.py:2379} INFO - Sync 1 DAGs
[2022-05-28 01:25:58,078] {logging_mixin.py:115} INFO - [2022-05-28 01:25:58,078] {dag.py:2927} INFO - Setting next_dagrun for example_branch_labels to 2022-05-27T00:00:00+00:00, run_after=2022-05-28T00:00:00+00:00
[2022-05-28 01:25:58,085] {processor.py:161} INFO - Processing /home/airflow/.local/lib/python3.7/site-packages/airflow/example_dags/example_branch_labels.py took 0.051 seconds
[2022-05-28 01:26:28,283] {processor.py:153} INFO - Started process (PID=721) to work on /home/airflow/.local/lib/python3.7/site-packages/airflow/example_dags/example_branch_labels.py
[2022-05-28 01:26:28,283] {processor.py:641} INFO - Processing file /home/airflow/.local/lib/python3.7/site-packages/airflow/example_dags/example_branch_labels.py for tasks to queue
[2022-05-28 01:26:28,284] {logging_mixin.py:115} INFO - [2022-05-28 01:26:28,284] {dagbag.py:507} INFO - Filling up the DagBag from /home/airflow/.local/lib/python3.7/site-packages/airflow/example_dags/example_branch_labels.py
[2022-05-28 01:26:28,288] {processor.py:651} INFO - DAG(s) dict_keys(['example_branch_labels']) retrieved from /home/airflow/.local/lib/python3.7/site-packages/airflow/example_dags/example_branch_labels.py
[2022-05-28 01:26:28,308] {logging_mixin.py:115} INFO - [2022-05-28 01:26:28,308] {dag.py:2379} INFO - Sync 1 DAGs
[2022-05-28 01:26:28,326] {logging_mixin.py:115} INFO - [2022-05-28 01:26:28,326] {dag.py:2927} INFO - Setting next_dagrun for example_branch_labels to 2022-05-27T00:00:00+00:00, run_after=2022-05-28T00:00:00+00:00
[2022-05-28 01:26:28,334] {processor.py:161} INFO - Processing /home/airflow/.local/lib/python3.7/site-packages/airflow/example_dags/example_branch_labels.py took 0.053 seconds
[2022-05-28 01:26:58,478] {processor.py:153} INFO - Started process (PID=773) to work on /home/airflow/.local/lib/python3.7/site-packages/airflow/example_dags/example_branch_labels.py
[2022-05-28 01:26:58,478] {processor.py:641} INFO - Processing file /home/airflow/.local/lib/python3.7/site-packages/airflow/example_dags/example_branch_labels.py for tasks to queue
[2022-05-28 01:26:58,479] {logging_mixin.py:115} INFO - [2022-05-28 01:26:58,479] {dagbag.py:507} INFO - Filling up the DagBag from /home/airflow/.local/lib/python3.7/site-packages/airflow/example_dags/example_branch_labels.py
[2022-05-28 01:26:58,483] {processor.py:651} INFO - DAG(s) dict_keys(['example_branch_labels']) retrieved from /home/airflow/.local/lib/python3.7/site-packages/airflow/example_dags/example_branch_labels.py
[2022-05-28 01:26:58,503] {logging_mixin.py:115} INFO - [2022-05-28 01:26:58,503] {dag.py:2379} INFO - Sync 1 DAGs
[2022-05-28 01:26:58,520] {logging_mixin.py:115} INFO - [2022-05-28 01:26:58,520] {dag.py:2927} INFO - Setting next_dagrun for example_branch_labels to 2022-05-27T00:00:00+00:00, run_after=2022-05-28T00:00:00+00:00
[2022-05-28 01:26:58,528] {processor.py:161} INFO - Processing /home/airflow/.local/lib/python3.7/site-packages/airflow/example_dags/example_branch_labels.py took 0.052 seconds
[2022-05-28 01:27:28,603] {processor.py:153} INFO - Started process (PID=834) to work on /home/airflow/.local/lib/python3.7/site-packages/airflow/example_dags/example_branch_labels.py
[2022-05-28 01:27:28,604] {processor.py:641} INFO - Processing file /home/airflow/.local/lib/python3.7/site-packages/airflow/example_dags/example_branch_labels.py for tasks to queue
[2022-05-28 01:27:28,604] {logging_mixin.py:115} INFO - [2022-05-28 01:27:28,604] {dagbag.py:507} INFO - Filling up the DagBag from /home/airflow/.local/lib/python3.7/site-packages/airflow/example_dags/example_branch_labels.py
[2022-05-28 01:27:28,609] {processor.py:651} INFO - DAG(s) dict_keys(['example_branch_labels']) retrieved from /home/airflow/.local/lib/python3.7/site-packages/airflow/example_dags/example_branch_labels.py
[2022-05-28 01:27:28,628] {logging_mixin.py:115} INFO - [2022-05-28 01:27:28,628] {dag.py:2379} INFO - Sync 1 DAGs
[2022-05-28 01:27:28,646] {logging_mixin.py:115} INFO - [2022-05-28 01:27:28,646] {dag.py:2927} INFO - Setting next_dagrun for example_branch_labels to 2022-05-27T00:00:00+00:00, run_after=2022-05-28T00:00:00+00:00
[2022-05-28 01:27:28,654] {processor.py:161} INFO - Processing /home/airflow/.local/lib/python3.7/site-packages/airflow/example_dags/example_branch_labels.py took 0.053 seconds
[2022-05-28 01:27:58,966] {processor.py:153} INFO - Started process (PID=895) to work on /home/airflow/.local/lib/python3.7/site-packages/airflow/example_dags/example_branch_labels.py
[2022-05-28 01:27:58,966] {processor.py:641} INFO - Processing file /home/airflow/.local/lib/python3.7/site-packages/airflow/example_dags/example_branch_labels.py for tasks to queue
[2022-05-28 01:27:58,967] {logging_mixin.py:115} INFO - [2022-05-28 01:27:58,967] {dagbag.py:507} INFO - Filling up the DagBag from /home/airflow/.local/lib/python3.7/site-packages/airflow/example_dags/example_branch_labels.py
[2022-05-28 01:27:58,971] {processor.py:651} INFO - DAG(s) dict_keys(['example_branch_labels']) retrieved from /home/airflow/.local/lib/python3.7/site-packages/airflow/example_dags/example_branch_labels.py
[2022-05-28 01:27:58,992] {logging_mixin.py:115} INFO - [2022-05-28 01:27:58,991] {dag.py:2379} INFO - Sync 1 DAGs
[2022-05-28 01:27:59,016] {logging_mixin.py:115} INFO - [2022-05-28 01:27:59,016] {dag.py:2927} INFO - Setting next_dagrun for example_branch_labels to 2022-05-27T00:00:00+00:00, run_after=2022-05-28T00:00:00+00:00
[2022-05-28 01:27:59,026] {processor.py:161} INFO - Processing /home/airflow/.local/lib/python3.7/site-packages/airflow/example_dags/example_branch_labels.py took 0.063 seconds
[2022-05-28 01:28:29,543] {processor.py:153} INFO - Started process (PID=947) to work on /home/airflow/.local/lib/python3.7/site-packages/airflow/example_dags/example_branch_labels.py
[2022-05-28 01:28:29,544] {processor.py:641} INFO - Processing file /home/airflow/.local/lib/python3.7/site-packages/airflow/example_dags/example_branch_labels.py for tasks to queue
[2022-05-28 01:28:29,544] {logging_mixin.py:115} INFO - [2022-05-28 01:28:29,544] {dagbag.py:507} INFO - Filling up the DagBag from /home/airflow/.local/lib/python3.7/site-packages/airflow/example_dags/example_branch_labels.py
[2022-05-28 01:28:29,548] {processor.py:651} INFO - DAG(s) dict_keys(['example_branch_labels']) retrieved from /home/airflow/.local/lib/python3.7/site-packages/airflow/example_dags/example_branch_labels.py
[2022-05-28 01:28:29,573] {logging_mixin.py:115} INFO - [2022-05-28 01:28:29,573] {dag.py:2379} INFO - Sync 1 DAGs
[2022-05-28 01:28:29,594] {logging_mixin.py:115} INFO - [2022-05-28 01:28:29,594] {dag.py:2927} INFO - Setting next_dagrun for example_branch_labels to 2022-05-27T00:00:00+00:00, run_after=2022-05-28T00:00:00+00:00
[2022-05-28 01:28:29,604] {processor.py:161} INFO - Processing /home/airflow/.local/lib/python3.7/site-packages/airflow/example_dags/example_branch_labels.py took 0.063 seconds
[2022-05-28 01:29:00,407] {processor.py:153} INFO - Started process (PID=1008) to work on /home/airflow/.local/lib/python3.7/site-packages/airflow/example_dags/example_branch_labels.py
[2022-05-28 01:29:00,407] {processor.py:641} INFO - Processing file /home/airflow/.local/lib/python3.7/site-packages/airflow/example_dags/example_branch_labels.py for tasks to queue
[2022-05-28 01:29:00,407] {logging_mixin.py:115} INFO - [2022-05-28 01:29:00,407] {dagbag.py:507} INFO - Filling up the DagBag from /home/airflow/.local/lib/python3.7/site-packages/airflow/example_dags/example_branch_labels.py
[2022-05-28 01:29:00,411] {processor.py:651} INFO - DAG(s) dict_keys(['example_branch_labels']) retrieved from /home/airflow/.local/lib/python3.7/site-packages/airflow/example_dags/example_branch_labels.py
[2022-05-28 01:29:00,432] {logging_mixin.py:115} INFO - [2022-05-28 01:29:00,432] {dag.py:2379} INFO - Sync 1 DAGs
[2022-05-28 01:29:00,450] {logging_mixin.py:115} INFO - [2022-05-28 01:29:00,450] {dag.py:2927} INFO - Setting next_dagrun for example_branch_labels to 2022-05-27T00:00:00+00:00, run_after=2022-05-28T00:00:00+00:00
[2022-05-28 01:29:00,458] {processor.py:161} INFO - Processing /home/airflow/.local/lib/python3.7/site-packages/airflow/example_dags/example_branch_labels.py took 0.054 seconds
[2022-05-28 01:29:31,390] {processor.py:153} INFO - Started process (PID=1069) to work on /home/airflow/.local/lib/python3.7/site-packages/airflow/example_dags/example_branch_labels.py
[2022-05-28 01:29:31,391] {processor.py:641} INFO - Processing file /home/airflow/.local/lib/python3.7/site-packages/airflow/example_dags/example_branch_labels.py for tasks to queue
[2022-05-28 01:29:31,391] {logging_mixin.py:115} INFO - [2022-05-28 01:29:31,391] {dagbag.py:507} INFO - Filling up the DagBag from /home/airflow/.local/lib/python3.7/site-packages/airflow/example_dags/example_branch_labels.py
[2022-05-28 01:29:31,395] {processor.py:651} INFO - DAG(s) dict_keys(['example_branch_labels']) retrieved from /home/airflow/.local/lib/python3.7/site-packages/airflow/example_dags/example_branch_labels.py
[2022-05-28 01:29:31,414] {logging_mixin.py:115} INFO - [2022-05-28 01:29:31,414] {dag.py:2379} INFO - Sync 1 DAGs
[2022-05-28 01:29:31,431] {logging_mixin.py:115} INFO - [2022-05-28 01:29:31,430] {dag.py:2927} INFO - Setting next_dagrun for example_branch_labels to 2022-05-27T00:00:00+00:00, run_after=2022-05-28T00:00:00+00:00
[2022-05-28 01:29:31,438] {processor.py:161} INFO - Processing /home/airflow/.local/lib/python3.7/site-packages/airflow/example_dags/example_branch_labels.py took 0.050 seconds
