[2022-05-28 01:02:28,744] {processor.py:153} INFO - Started process (PID=95) to work on /home/airflow/.local/lib/python3.7/site-packages/airflow/example_dags/example_task_group_decorator.py
[2022-05-28 01:02:28,745] {processor.py:641} INFO - Processing file /home/airflow/.local/lib/python3.7/site-packages/airflow/example_dags/example_task_group_decorator.py for tasks to queue
[2022-05-28 01:02:28,745] {logging_mixin.py:115} INFO - [2022-05-28 01:02:28,745] {dagbag.py:507} INFO - Filling up the DagBag from /home/airflow/.local/lib/python3.7/site-packages/airflow/example_dags/example_task_group_decorator.py
[2022-05-28 01:02:28,766] {processor.py:651} INFO - DAG(s) dict_keys(['example_task_group_decorator']) retrieved from /home/airflow/.local/lib/python3.7/site-packages/airflow/example_dags/example_task_group_decorator.py
[2022-05-28 01:02:28,962] {logging_mixin.py:115} INFO - [2022-05-28 01:02:28,961] {manager.py:508} INFO - Created Permission View: can read on DAG:example_task_group_decorator
[2022-05-28 01:02:28,968] {logging_mixin.py:115} INFO - [2022-05-28 01:02:28,968] {manager.py:508} INFO - Created Permission View: can delete on DAG:example_task_group_decorator
[2022-05-28 01:02:28,973] {logging_mixin.py:115} INFO - [2022-05-28 01:02:28,973] {manager.py:508} INFO - Created Permission View: can edit on DAG:example_task_group_decorator
[2022-05-28 01:02:28,973] {logging_mixin.py:115} INFO - [2022-05-28 01:02:28,973] {dag.py:2379} INFO - Sync 1 DAGs
[2022-05-28 01:02:28,979] {logging_mixin.py:115} INFO - [2022-05-28 01:02:28,979] {dag.py:2398} INFO - Creating ORM DAG for example_task_group_decorator
[2022-05-28 01:02:28,988] {logging_mixin.py:115} INFO - [2022-05-28 01:02:28,988] {dag.py:2927} INFO - Setting next_dagrun for example_task_group_decorator to 2022-05-27T01:02:28.988097+00:00, run_after=2022-05-28T01:02:28.988097+00:00
[2022-05-28 01:02:29,017] {processor.py:161} INFO - Processing /home/airflow/.local/lib/python3.7/site-packages/airflow/example_dags/example_task_group_decorator.py took 0.275 seconds
[2022-05-28 01:02:59,450] {processor.py:153} INFO - Started process (PID=147) to work on /home/airflow/.local/lib/python3.7/site-packages/airflow/example_dags/example_task_group_decorator.py
[2022-05-28 01:02:59,450] {processor.py:641} INFO - Processing file /home/airflow/.local/lib/python3.7/site-packages/airflow/example_dags/example_task_group_decorator.py for tasks to queue
[2022-05-28 01:02:59,451] {logging_mixin.py:115} INFO - [2022-05-28 01:02:59,451] {dagbag.py:507} INFO - Filling up the DagBag from /home/airflow/.local/lib/python3.7/site-packages/airflow/example_dags/example_task_group_decorator.py
[2022-05-28 01:02:59,470] {processor.py:651} INFO - DAG(s) dict_keys(['example_task_group_decorator']) retrieved from /home/airflow/.local/lib/python3.7/site-packages/airflow/example_dags/example_task_group_decorator.py
[2022-05-28 01:02:59,641] {logging_mixin.py:115} INFO - [2022-05-28 01:02:59,641] {dag.py:2379} INFO - Sync 1 DAGs
[2022-05-28 01:02:59,655] {logging_mixin.py:115} INFO - [2022-05-28 01:02:59,655] {dag.py:2927} INFO - Setting next_dagrun for example_task_group_decorator to 2022-05-27T01:02:59.655685+00:00, run_after=2022-05-28T01:02:59.655685+00:00
[2022-05-28 01:02:59,666] {processor.py:161} INFO - Processing /home/airflow/.local/lib/python3.7/site-packages/airflow/example_dags/example_task_group_decorator.py took 0.218 seconds
[2022-05-28 01:03:30,372] {processor.py:153} INFO - Started process (PID=208) to work on /home/airflow/.local/lib/python3.7/site-packages/airflow/example_dags/example_task_group_decorator.py
[2022-05-28 01:03:30,372] {processor.py:641} INFO - Processing file /home/airflow/.local/lib/python3.7/site-packages/airflow/example_dags/example_task_group_decorator.py for tasks to queue
[2022-05-28 01:03:30,373] {logging_mixin.py:115} INFO - [2022-05-28 01:03:30,372] {dagbag.py:507} INFO - Filling up the DagBag from /home/airflow/.local/lib/python3.7/site-packages/airflow/example_dags/example_task_group_decorator.py
[2022-05-28 01:03:30,392] {processor.py:651} INFO - DAG(s) dict_keys(['example_task_group_decorator']) retrieved from /home/airflow/.local/lib/python3.7/site-packages/airflow/example_dags/example_task_group_decorator.py
[2022-05-28 01:03:30,564] {logging_mixin.py:115} INFO - [2022-05-28 01:03:30,564] {dag.py:2379} INFO - Sync 1 DAGs
[2022-05-28 01:03:30,579] {logging_mixin.py:115} INFO - [2022-05-28 01:03:30,579] {dag.py:2927} INFO - Setting next_dagrun for example_task_group_decorator to 2022-05-27T01:03:30.579236+00:00, run_after=2022-05-28T01:03:30.579236+00:00
[2022-05-28 01:03:30,590] {processor.py:161} INFO - Processing /home/airflow/.local/lib/python3.7/site-packages/airflow/example_dags/example_task_group_decorator.py took 0.221 seconds
[2022-05-28 01:04:01,477] {processor.py:153} INFO - Started process (PID=269) to work on /home/airflow/.local/lib/python3.7/site-packages/airflow/example_dags/example_task_group_decorator.py
[2022-05-28 01:04:01,478] {processor.py:641} INFO - Processing file /home/airflow/.local/lib/python3.7/site-packages/airflow/example_dags/example_task_group_decorator.py for tasks to queue
[2022-05-28 01:04:01,479] {logging_mixin.py:115} INFO - [2022-05-28 01:04:01,478] {dagbag.py:507} INFO - Filling up the DagBag from /home/airflow/.local/lib/python3.7/site-packages/airflow/example_dags/example_task_group_decorator.py
[2022-05-28 01:04:01,499] {processor.py:651} INFO - DAG(s) dict_keys(['example_task_group_decorator']) retrieved from /home/airflow/.local/lib/python3.7/site-packages/airflow/example_dags/example_task_group_decorator.py
[2022-05-28 01:04:01,675] {logging_mixin.py:115} INFO - [2022-05-28 01:04:01,675] {dag.py:2379} INFO - Sync 1 DAGs
[2022-05-28 01:04:01,693] {logging_mixin.py:115} INFO - [2022-05-28 01:04:01,693] {dag.py:2927} INFO - Setting next_dagrun for example_task_group_decorator to 2022-05-27T01:04:01.693170+00:00, run_after=2022-05-28T01:04:01.693170+00:00
[2022-05-28 01:04:01,704] {processor.py:161} INFO - Processing /home/airflow/.local/lib/python3.7/site-packages/airflow/example_dags/example_task_group_decorator.py took 0.229 seconds
[2022-05-28 01:04:32,640] {processor.py:153} INFO - Started process (PID=332) to work on /home/airflow/.local/lib/python3.7/site-packages/airflow/example_dags/example_task_group_decorator.py
[2022-05-28 01:04:32,640] {processor.py:641} INFO - Processing file /home/airflow/.local/lib/python3.7/site-packages/airflow/example_dags/example_task_group_decorator.py for tasks to queue
[2022-05-28 01:04:32,641] {logging_mixin.py:115} INFO - [2022-05-28 01:04:32,641] {dagbag.py:507} INFO - Filling up the DagBag from /home/airflow/.local/lib/python3.7/site-packages/airflow/example_dags/example_task_group_decorator.py
[2022-05-28 01:04:32,660] {processor.py:651} INFO - DAG(s) dict_keys(['example_task_group_decorator']) retrieved from /home/airflow/.local/lib/python3.7/site-packages/airflow/example_dags/example_task_group_decorator.py
[2022-05-28 01:04:32,830] {logging_mixin.py:115} INFO - [2022-05-28 01:04:32,830] {dag.py:2379} INFO - Sync 1 DAGs
[2022-05-28 01:04:32,846] {logging_mixin.py:115} INFO - [2022-05-28 01:04:32,846] {dag.py:2927} INFO - Setting next_dagrun for example_task_group_decorator to 2022-05-27T01:04:32.846351+00:00, run_after=2022-05-28T01:04:32.846351+00:00
[2022-05-28 01:04:32,857] {processor.py:161} INFO - Processing /home/airflow/.local/lib/python3.7/site-packages/airflow/example_dags/example_task_group_decorator.py took 0.219 seconds
[2022-05-28 01:05:03,428] {processor.py:153} INFO - Started process (PID=393) to work on /home/airflow/.local/lib/python3.7/site-packages/airflow/example_dags/example_task_group_decorator.py
[2022-05-28 01:05:03,429] {processor.py:641} INFO - Processing file /home/airflow/.local/lib/python3.7/site-packages/airflow/example_dags/example_task_group_decorator.py for tasks to queue
[2022-05-28 01:05:03,429] {logging_mixin.py:115} INFO - [2022-05-28 01:05:03,429] {dagbag.py:507} INFO - Filling up the DagBag from /home/airflow/.local/lib/python3.7/site-packages/airflow/example_dags/example_task_group_decorator.py
[2022-05-28 01:05:03,451] {processor.py:651} INFO - DAG(s) dict_keys(['example_task_group_decorator']) retrieved from /home/airflow/.local/lib/python3.7/site-packages/airflow/example_dags/example_task_group_decorator.py
[2022-05-28 01:05:03,633] {logging_mixin.py:115} INFO - [2022-05-28 01:05:03,633] {dag.py:2379} INFO - Sync 1 DAGs
[2022-05-28 01:05:03,648] {logging_mixin.py:115} INFO - [2022-05-28 01:05:03,647] {dag.py:2927} INFO - Setting next_dagrun for example_task_group_decorator to 2022-05-27T01:05:03.647807+00:00, run_after=2022-05-28T01:05:03.647807+00:00
[2022-05-28 01:05:03,658] {processor.py:161} INFO - Processing /home/airflow/.local/lib/python3.7/site-packages/airflow/example_dags/example_task_group_decorator.py took 0.232 seconds
[2022-05-28 01:05:34,365] {processor.py:153} INFO - Started process (PID=445) to work on /home/airflow/.local/lib/python3.7/site-packages/airflow/example_dags/example_task_group_decorator.py
[2022-05-28 01:05:34,366] {processor.py:641} INFO - Processing file /home/airflow/.local/lib/python3.7/site-packages/airflow/example_dags/example_task_group_decorator.py for tasks to queue
[2022-05-28 01:05:34,366] {logging_mixin.py:115} INFO - [2022-05-28 01:05:34,366] {dagbag.py:507} INFO - Filling up the DagBag from /home/airflow/.local/lib/python3.7/site-packages/airflow/example_dags/example_task_group_decorator.py
[2022-05-28 01:05:34,387] {processor.py:651} INFO - DAG(s) dict_keys(['example_task_group_decorator']) retrieved from /home/airflow/.local/lib/python3.7/site-packages/airflow/example_dags/example_task_group_decorator.py
[2022-05-28 01:05:34,557] {logging_mixin.py:115} INFO - [2022-05-28 01:05:34,557] {dag.py:2379} INFO - Sync 1 DAGs
[2022-05-28 01:05:34,572] {logging_mixin.py:115} INFO - [2022-05-28 01:05:34,572] {dag.py:2927} INFO - Setting next_dagrun for example_task_group_decorator to 2022-05-27T01:05:34.572019+00:00, run_after=2022-05-28T01:05:34.572019+00:00
[2022-05-28 01:05:34,582] {processor.py:161} INFO - Processing /home/airflow/.local/lib/python3.7/site-packages/airflow/example_dags/example_task_group_decorator.py took 0.219 seconds
[2022-05-28 01:06:05,139] {processor.py:153} INFO - Started process (PID=506) to work on /home/airflow/.local/lib/python3.7/site-packages/airflow/example_dags/example_task_group_decorator.py
[2022-05-28 01:06:05,140] {processor.py:641} INFO - Processing file /home/airflow/.local/lib/python3.7/site-packages/airflow/example_dags/example_task_group_decorator.py for tasks to queue
[2022-05-28 01:06:05,140] {logging_mixin.py:115} INFO - [2022-05-28 01:06:05,140] {dagbag.py:507} INFO - Filling up the DagBag from /home/airflow/.local/lib/python3.7/site-packages/airflow/example_dags/example_task_group_decorator.py
[2022-05-28 01:06:05,163] {processor.py:651} INFO - DAG(s) dict_keys(['example_task_group_decorator']) retrieved from /home/airflow/.local/lib/python3.7/site-packages/airflow/example_dags/example_task_group_decorator.py
[2022-05-28 01:06:05,186] {logging_mixin.py:115} INFO - [2022-05-28 01:06:05,186] {dag.py:2379} INFO - Sync 1 DAGs
[2022-05-28 01:06:05,206] {logging_mixin.py:115} INFO - [2022-05-28 01:06:05,205] {dag.py:2927} INFO - Setting next_dagrun for example_task_group_decorator to 2022-05-27T01:06:05.205658+00:00, run_after=2022-05-28T01:06:05.205658+00:00
[2022-05-28 01:06:05,341] {processor.py:161} INFO - Processing /home/airflow/.local/lib/python3.7/site-packages/airflow/example_dags/example_task_group_decorator.py took 0.204 seconds
[2022-05-28 01:06:35,931] {processor.py:153} INFO - Started process (PID=567) to work on /home/airflow/.local/lib/python3.7/site-packages/airflow/example_dags/example_task_group_decorator.py
[2022-05-28 01:06:35,931] {processor.py:641} INFO - Processing file /home/airflow/.local/lib/python3.7/site-packages/airflow/example_dags/example_task_group_decorator.py for tasks to queue
[2022-05-28 01:06:35,932] {logging_mixin.py:115} INFO - [2022-05-28 01:06:35,932] {dagbag.py:507} INFO - Filling up the DagBag from /home/airflow/.local/lib/python3.7/site-packages/airflow/example_dags/example_task_group_decorator.py
[2022-05-28 01:06:35,953] {processor.py:651} INFO - DAG(s) dict_keys(['example_task_group_decorator']) retrieved from /home/airflow/.local/lib/python3.7/site-packages/airflow/example_dags/example_task_group_decorator.py
[2022-05-28 01:06:35,979] {logging_mixin.py:115} INFO - [2022-05-28 01:06:35,979] {dag.py:2379} INFO - Sync 1 DAGs
[2022-05-28 01:06:36,000] {logging_mixin.py:115} INFO - [2022-05-28 01:06:36,000] {dag.py:2927} INFO - Setting next_dagrun for example_task_group_decorator to 2022-05-27T01:06:36.000479+00:00, run_after=2022-05-28T01:06:36.000479+00:00
[2022-05-28 01:06:36,144] {processor.py:161} INFO - Processing /home/airflow/.local/lib/python3.7/site-packages/airflow/example_dags/example_task_group_decorator.py took 0.216 seconds
[2022-05-28 01:07:06,731] {processor.py:153} INFO - Started process (PID=628) to work on /home/airflow/.local/lib/python3.7/site-packages/airflow/example_dags/example_task_group_decorator.py
[2022-05-28 01:07:06,731] {processor.py:641} INFO - Processing file /home/airflow/.local/lib/python3.7/site-packages/airflow/example_dags/example_task_group_decorator.py for tasks to queue
[2022-05-28 01:07:06,732] {logging_mixin.py:115} INFO - [2022-05-28 01:07:06,732] {dagbag.py:507} INFO - Filling up the DagBag from /home/airflow/.local/lib/python3.7/site-packages/airflow/example_dags/example_task_group_decorator.py
[2022-05-28 01:07:06,753] {processor.py:651} INFO - DAG(s) dict_keys(['example_task_group_decorator']) retrieved from /home/airflow/.local/lib/python3.7/site-packages/airflow/example_dags/example_task_group_decorator.py
[2022-05-28 01:07:06,936] {logging_mixin.py:115} INFO - [2022-05-28 01:07:06,936] {dag.py:2379} INFO - Sync 1 DAGs
[2022-05-28 01:07:06,950] {logging_mixin.py:115} INFO - [2022-05-28 01:07:06,950] {dag.py:2927} INFO - Setting next_dagrun for example_task_group_decorator to 2022-05-27T01:07:06.950396+00:00, run_after=2022-05-28T01:07:06.950396+00:00
[2022-05-28 01:07:06,960] {processor.py:161} INFO - Processing /home/airflow/.local/lib/python3.7/site-packages/airflow/example_dags/example_task_group_decorator.py took 0.232 seconds
[2022-05-28 01:07:37,117] {processor.py:153} INFO - Started process (PID=680) to work on /home/airflow/.local/lib/python3.7/site-packages/airflow/example_dags/example_task_group_decorator.py
[2022-05-28 01:07:37,118] {processor.py:641} INFO - Processing file /home/airflow/.local/lib/python3.7/site-packages/airflow/example_dags/example_task_group_decorator.py for tasks to queue
[2022-05-28 01:07:37,119] {logging_mixin.py:115} INFO - [2022-05-28 01:07:37,119] {dagbag.py:507} INFO - Filling up the DagBag from /home/airflow/.local/lib/python3.7/site-packages/airflow/example_dags/example_task_group_decorator.py
[2022-05-28 01:07:37,139] {processor.py:651} INFO - DAG(s) dict_keys(['example_task_group_decorator']) retrieved from /home/airflow/.local/lib/python3.7/site-packages/airflow/example_dags/example_task_group_decorator.py
[2022-05-28 01:07:37,306] {logging_mixin.py:115} INFO - [2022-05-28 01:07:37,306] {dag.py:2379} INFO - Sync 1 DAGs
[2022-05-28 01:07:37,320] {logging_mixin.py:115} INFO - [2022-05-28 01:07:37,320] {dag.py:2927} INFO - Setting next_dagrun for example_task_group_decorator to 2022-05-27T01:07:37.320231+00:00, run_after=2022-05-28T01:07:37.320231+00:00
[2022-05-28 01:07:37,330] {processor.py:161} INFO - Processing /home/airflow/.local/lib/python3.7/site-packages/airflow/example_dags/example_task_group_decorator.py took 0.214 seconds
[2022-05-28 01:08:07,411] {processor.py:153} INFO - Started process (PID=741) to work on /home/airflow/.local/lib/python3.7/site-packages/airflow/example_dags/example_task_group_decorator.py
[2022-05-28 01:08:07,412] {processor.py:641} INFO - Processing file /home/airflow/.local/lib/python3.7/site-packages/airflow/example_dags/example_task_group_decorator.py for tasks to queue
[2022-05-28 01:08:07,412] {logging_mixin.py:115} INFO - [2022-05-28 01:08:07,412] {dagbag.py:507} INFO - Filling up the DagBag from /home/airflow/.local/lib/python3.7/site-packages/airflow/example_dags/example_task_group_decorator.py
[2022-05-28 01:08:07,432] {processor.py:651} INFO - DAG(s) dict_keys(['example_task_group_decorator']) retrieved from /home/airflow/.local/lib/python3.7/site-packages/airflow/example_dags/example_task_group_decorator.py
[2022-05-28 01:08:07,627] {logging_mixin.py:115} INFO - [2022-05-28 01:08:07,627] {dag.py:2379} INFO - Sync 1 DAGs
[2022-05-28 01:08:07,642] {logging_mixin.py:115} INFO - [2022-05-28 01:08:07,642] {dag.py:2927} INFO - Setting next_dagrun for example_task_group_decorator to 2022-05-27T01:08:07.641854+00:00, run_after=2022-05-28T01:08:07.641854+00:00
[2022-05-28 01:08:07,651] {processor.py:161} INFO - Processing /home/airflow/.local/lib/python3.7/site-packages/airflow/example_dags/example_task_group_decorator.py took 0.242 seconds
[2022-05-28 01:08:38,578] {processor.py:153} INFO - Started process (PID=802) to work on /home/airflow/.local/lib/python3.7/site-packages/airflow/example_dags/example_task_group_decorator.py
[2022-05-28 01:08:38,579] {processor.py:641} INFO - Processing file /home/airflow/.local/lib/python3.7/site-packages/airflow/example_dags/example_task_group_decorator.py for tasks to queue
[2022-05-28 01:08:38,579] {logging_mixin.py:115} INFO - [2022-05-28 01:08:38,579] {dagbag.py:507} INFO - Filling up the DagBag from /home/airflow/.local/lib/python3.7/site-packages/airflow/example_dags/example_task_group_decorator.py
[2022-05-28 01:08:38,599] {processor.py:651} INFO - DAG(s) dict_keys(['example_task_group_decorator']) retrieved from /home/airflow/.local/lib/python3.7/site-packages/airflow/example_dags/example_task_group_decorator.py
[2022-05-28 01:08:38,765] {logging_mixin.py:115} INFO - [2022-05-28 01:08:38,765] {dag.py:2379} INFO - Sync 1 DAGs
[2022-05-28 01:08:38,780] {logging_mixin.py:115} INFO - [2022-05-28 01:08:38,779] {dag.py:2927} INFO - Setting next_dagrun for example_task_group_decorator to 2022-05-27T01:08:38.779810+00:00, run_after=2022-05-28T01:08:38.779810+00:00
[2022-05-28 01:08:38,789] {processor.py:161} INFO - Processing /home/airflow/.local/lib/python3.7/site-packages/airflow/example_dags/example_task_group_decorator.py took 0.214 seconds
[2022-05-28 01:09:08,900] {processor.py:153} INFO - Started process (PID=864) to work on /home/airflow/.local/lib/python3.7/site-packages/airflow/example_dags/example_task_group_decorator.py
[2022-05-28 01:09:08,901] {processor.py:641} INFO - Processing file /home/airflow/.local/lib/python3.7/site-packages/airflow/example_dags/example_task_group_decorator.py for tasks to queue
[2022-05-28 01:09:08,901] {logging_mixin.py:115} INFO - [2022-05-28 01:09:08,901] {dagbag.py:507} INFO - Filling up the DagBag from /home/airflow/.local/lib/python3.7/site-packages/airflow/example_dags/example_task_group_decorator.py
[2022-05-28 01:09:08,921] {processor.py:651} INFO - DAG(s) dict_keys(['example_task_group_decorator']) retrieved from /home/airflow/.local/lib/python3.7/site-packages/airflow/example_dags/example_task_group_decorator.py
[2022-05-28 01:09:08,942] {logging_mixin.py:115} INFO - [2022-05-28 01:09:08,942] {dag.py:2379} INFO - Sync 1 DAGs
[2022-05-28 01:09:08,959] {logging_mixin.py:115} INFO - [2022-05-28 01:09:08,959] {dag.py:2927} INFO - Setting next_dagrun for example_task_group_decorator to 2022-05-27T01:09:08.959496+00:00, run_after=2022-05-28T01:09:08.959496+00:00
[2022-05-28 01:09:09,089] {processor.py:161} INFO - Processing /home/airflow/.local/lib/python3.7/site-packages/airflow/example_dags/example_task_group_decorator.py took 0.191 seconds
[2022-05-28 01:09:39,176] {processor.py:153} INFO - Started process (PID=916) to work on /home/airflow/.local/lib/python3.7/site-packages/airflow/example_dags/example_task_group_decorator.py
[2022-05-28 01:09:39,177] {processor.py:641} INFO - Processing file /home/airflow/.local/lib/python3.7/site-packages/airflow/example_dags/example_task_group_decorator.py for tasks to queue
[2022-05-28 01:09:39,178] {logging_mixin.py:115} INFO - [2022-05-28 01:09:39,178] {dagbag.py:507} INFO - Filling up the DagBag from /home/airflow/.local/lib/python3.7/site-packages/airflow/example_dags/example_task_group_decorator.py
[2022-05-28 01:09:39,198] {processor.py:651} INFO - DAG(s) dict_keys(['example_task_group_decorator']) retrieved from /home/airflow/.local/lib/python3.7/site-packages/airflow/example_dags/example_task_group_decorator.py
[2022-05-28 01:09:39,383] {logging_mixin.py:115} INFO - [2022-05-28 01:09:39,383] {dag.py:2379} INFO - Sync 1 DAGs
[2022-05-28 01:09:39,397] {logging_mixin.py:115} INFO - [2022-05-28 01:09:39,397] {dag.py:2927} INFO - Setting next_dagrun for example_task_group_decorator to 2022-05-27T01:09:39.397234+00:00, run_after=2022-05-28T01:09:39.397234+00:00
[2022-05-28 01:09:39,407] {processor.py:161} INFO - Processing /home/airflow/.local/lib/python3.7/site-packages/airflow/example_dags/example_task_group_decorator.py took 0.233 seconds
[2022-05-28 01:10:09,451] {processor.py:153} INFO - Started process (PID=978) to work on /home/airflow/.local/lib/python3.7/site-packages/airflow/example_dags/example_task_group_decorator.py
[2022-05-28 01:10:09,451] {processor.py:641} INFO - Processing file /home/airflow/.local/lib/python3.7/site-packages/airflow/example_dags/example_task_group_decorator.py for tasks to queue
[2022-05-28 01:10:09,452] {logging_mixin.py:115} INFO - [2022-05-28 01:10:09,452] {dagbag.py:507} INFO - Filling up the DagBag from /home/airflow/.local/lib/python3.7/site-packages/airflow/example_dags/example_task_group_decorator.py
[2022-05-28 01:10:09,473] {processor.py:651} INFO - DAG(s) dict_keys(['example_task_group_decorator']) retrieved from /home/airflow/.local/lib/python3.7/site-packages/airflow/example_dags/example_task_group_decorator.py
[2022-05-28 01:10:09,644] {logging_mixin.py:115} INFO - [2022-05-28 01:10:09,644] {dag.py:2379} INFO - Sync 1 DAGs
[2022-05-28 01:10:09,658] {logging_mixin.py:115} INFO - [2022-05-28 01:10:09,658] {dag.py:2927} INFO - Setting next_dagrun for example_task_group_decorator to 2022-05-27T01:10:09.658197+00:00, run_after=2022-05-28T01:10:09.658197+00:00
[2022-05-28 01:10:09,668] {processor.py:161} INFO - Processing /home/airflow/.local/lib/python3.7/site-packages/airflow/example_dags/example_task_group_decorator.py took 0.219 seconds
[2022-05-28 01:10:39,811] {processor.py:153} INFO - Started process (PID=1039) to work on /home/airflow/.local/lib/python3.7/site-packages/airflow/example_dags/example_task_group_decorator.py
[2022-05-28 01:10:39,812] {processor.py:641} INFO - Processing file /home/airflow/.local/lib/python3.7/site-packages/airflow/example_dags/example_task_group_decorator.py for tasks to queue
[2022-05-28 01:10:39,812] {logging_mixin.py:115} INFO - [2022-05-28 01:10:39,812] {dagbag.py:507} INFO - Filling up the DagBag from /home/airflow/.local/lib/python3.7/site-packages/airflow/example_dags/example_task_group_decorator.py
[2022-05-28 01:10:39,833] {processor.py:651} INFO - DAG(s) dict_keys(['example_task_group_decorator']) retrieved from /home/airflow/.local/lib/python3.7/site-packages/airflow/example_dags/example_task_group_decorator.py
[2022-05-28 01:10:40,013] {logging_mixin.py:115} INFO - [2022-05-28 01:10:40,013] {dag.py:2379} INFO - Sync 1 DAGs
[2022-05-28 01:10:40,028] {logging_mixin.py:115} INFO - [2022-05-28 01:10:40,028] {dag.py:2927} INFO - Setting next_dagrun for example_task_group_decorator to 2022-05-27T01:10:40.027893+00:00, run_after=2022-05-28T01:10:40.027893+00:00
[2022-05-28 01:10:40,039] {processor.py:161} INFO - Processing /home/airflow/.local/lib/python3.7/site-packages/airflow/example_dags/example_task_group_decorator.py took 0.231 seconds
[2022-05-28 01:11:10,248] {processor.py:153} INFO - Started process (PID=1091) to work on /home/airflow/.local/lib/python3.7/site-packages/airflow/example_dags/example_task_group_decorator.py
[2022-05-28 01:11:10,249] {processor.py:641} INFO - Processing file /home/airflow/.local/lib/python3.7/site-packages/airflow/example_dags/example_task_group_decorator.py for tasks to queue
[2022-05-28 01:11:10,249] {logging_mixin.py:115} INFO - [2022-05-28 01:11:10,249] {dagbag.py:507} INFO - Filling up the DagBag from /home/airflow/.local/lib/python3.7/site-packages/airflow/example_dags/example_task_group_decorator.py
[2022-05-28 01:11:10,273] {processor.py:651} INFO - DAG(s) dict_keys(['example_task_group_decorator']) retrieved from /home/airflow/.local/lib/python3.7/site-packages/airflow/example_dags/example_task_group_decorator.py
[2022-05-28 01:11:10,468] {logging_mixin.py:115} INFO - [2022-05-28 01:11:10,468] {dag.py:2379} INFO - Sync 1 DAGs
[2022-05-28 01:11:10,483] {logging_mixin.py:115} INFO - [2022-05-28 01:11:10,483] {dag.py:2927} INFO - Setting next_dagrun for example_task_group_decorator to 2022-05-27T01:11:10.482899+00:00, run_after=2022-05-28T01:11:10.482899+00:00
[2022-05-28 01:11:10,493] {processor.py:161} INFO - Processing /home/airflow/.local/lib/python3.7/site-packages/airflow/example_dags/example_task_group_decorator.py took 0.247 seconds
[2022-05-28 01:11:40,639] {processor.py:153} INFO - Started process (PID=1152) to work on /home/airflow/.local/lib/python3.7/site-packages/airflow/example_dags/example_task_group_decorator.py
[2022-05-28 01:11:40,640] {processor.py:641} INFO - Processing file /home/airflow/.local/lib/python3.7/site-packages/airflow/example_dags/example_task_group_decorator.py for tasks to queue
[2022-05-28 01:11:40,640] {logging_mixin.py:115} INFO - [2022-05-28 01:11:40,640] {dagbag.py:507} INFO - Filling up the DagBag from /home/airflow/.local/lib/python3.7/site-packages/airflow/example_dags/example_task_group_decorator.py
[2022-05-28 01:11:40,660] {processor.py:651} INFO - DAG(s) dict_keys(['example_task_group_decorator']) retrieved from /home/airflow/.local/lib/python3.7/site-packages/airflow/example_dags/example_task_group_decorator.py
[2022-05-28 01:11:40,821] {logging_mixin.py:115} INFO - [2022-05-28 01:11:40,821] {dag.py:2379} INFO - Sync 1 DAGs
[2022-05-28 01:11:40,836] {logging_mixin.py:115} INFO - [2022-05-28 01:11:40,835] {dag.py:2927} INFO - Setting next_dagrun for example_task_group_decorator to 2022-05-27T01:11:40.835760+00:00, run_after=2022-05-28T01:11:40.835760+00:00
[2022-05-28 01:11:40,846] {processor.py:161} INFO - Processing /home/airflow/.local/lib/python3.7/site-packages/airflow/example_dags/example_task_group_decorator.py took 0.209 seconds
[2022-05-28 01:12:10,949] {processor.py:153} INFO - Started process (PID=1212) to work on /home/airflow/.local/lib/python3.7/site-packages/airflow/example_dags/example_task_group_decorator.py
[2022-05-28 01:12:10,949] {processor.py:641} INFO - Processing file /home/airflow/.local/lib/python3.7/site-packages/airflow/example_dags/example_task_group_decorator.py for tasks to queue
[2022-05-28 01:12:10,950] {logging_mixin.py:115} INFO - [2022-05-28 01:12:10,950] {dagbag.py:507} INFO - Filling up the DagBag from /home/airflow/.local/lib/python3.7/site-packages/airflow/example_dags/example_task_group_decorator.py
[2022-05-28 01:12:10,970] {processor.py:651} INFO - DAG(s) dict_keys(['example_task_group_decorator']) retrieved from /home/airflow/.local/lib/python3.7/site-packages/airflow/example_dags/example_task_group_decorator.py
[2022-05-28 01:12:11,149] {logging_mixin.py:115} INFO - [2022-05-28 01:12:11,149] {dag.py:2379} INFO - Sync 1 DAGs
[2022-05-28 01:12:11,167] {logging_mixin.py:115} INFO - [2022-05-28 01:12:11,167] {dag.py:2927} INFO - Setting next_dagrun for example_task_group_decorator to 2022-05-27T01:12:11.166915+00:00, run_after=2022-05-28T01:12:11.166915+00:00
[2022-05-28 01:12:11,179] {processor.py:161} INFO - Processing /home/airflow/.local/lib/python3.7/site-packages/airflow/example_dags/example_task_group_decorator.py took 0.233 seconds
[2022-05-28 01:12:41,232] {processor.py:153} INFO - Started process (PID=1273) to work on /home/airflow/.local/lib/python3.7/site-packages/airflow/example_dags/example_task_group_decorator.py
[2022-05-28 01:12:41,233] {processor.py:641} INFO - Processing file /home/airflow/.local/lib/python3.7/site-packages/airflow/example_dags/example_task_group_decorator.py for tasks to queue
[2022-05-28 01:12:41,234] {logging_mixin.py:115} INFO - [2022-05-28 01:12:41,234] {dagbag.py:507} INFO - Filling up the DagBag from /home/airflow/.local/lib/python3.7/site-packages/airflow/example_dags/example_task_group_decorator.py
[2022-05-28 01:12:41,255] {processor.py:651} INFO - DAG(s) dict_keys(['example_task_group_decorator']) retrieved from /home/airflow/.local/lib/python3.7/site-packages/airflow/example_dags/example_task_group_decorator.py
[2022-05-28 01:12:41,437] {logging_mixin.py:115} INFO - [2022-05-28 01:12:41,437] {dag.py:2379} INFO - Sync 1 DAGs
[2022-05-28 01:12:41,453] {logging_mixin.py:115} INFO - [2022-05-28 01:12:41,453] {dag.py:2927} INFO - Setting next_dagrun for example_task_group_decorator to 2022-05-27T01:12:41.453456+00:00, run_after=2022-05-28T01:12:41.453456+00:00
[2022-05-28 01:12:41,464] {processor.py:161} INFO - Processing /home/airflow/.local/lib/python3.7/site-packages/airflow/example_dags/example_task_group_decorator.py took 0.234 seconds
[2022-05-28 01:13:11,565] {processor.py:153} INFO - Started process (PID=1325) to work on /home/airflow/.local/lib/python3.7/site-packages/airflow/example_dags/example_task_group_decorator.py
[2022-05-28 01:13:11,566] {processor.py:641} INFO - Processing file /home/airflow/.local/lib/python3.7/site-packages/airflow/example_dags/example_task_group_decorator.py for tasks to queue
[2022-05-28 01:13:11,566] {logging_mixin.py:115} INFO - [2022-05-28 01:13:11,566] {dagbag.py:507} INFO - Filling up the DagBag from /home/airflow/.local/lib/python3.7/site-packages/airflow/example_dags/example_task_group_decorator.py
[2022-05-28 01:13:11,588] {processor.py:651} INFO - DAG(s) dict_keys(['example_task_group_decorator']) retrieved from /home/airflow/.local/lib/python3.7/site-packages/airflow/example_dags/example_task_group_decorator.py
[2022-05-28 01:13:11,771] {logging_mixin.py:115} INFO - [2022-05-28 01:13:11,771] {dag.py:2379} INFO - Sync 1 DAGs
[2022-05-28 01:13:11,786] {logging_mixin.py:115} INFO - [2022-05-28 01:13:11,786] {dag.py:2927} INFO - Setting next_dagrun for example_task_group_decorator to 2022-05-27T01:13:11.786233+00:00, run_after=2022-05-28T01:13:11.786233+00:00
[2022-05-28 01:13:11,796] {processor.py:161} INFO - Processing /home/airflow/.local/lib/python3.7/site-packages/airflow/example_dags/example_task_group_decorator.py took 0.234 seconds
[2022-05-28 01:13:41,830] {processor.py:153} INFO - Started process (PID=1387) to work on /home/airflow/.local/lib/python3.7/site-packages/airflow/example_dags/example_task_group_decorator.py
[2022-05-28 01:13:41,830] {processor.py:641} INFO - Processing file /home/airflow/.local/lib/python3.7/site-packages/airflow/example_dags/example_task_group_decorator.py for tasks to queue
[2022-05-28 01:13:41,830] {logging_mixin.py:115} INFO - [2022-05-28 01:13:41,830] {dagbag.py:507} INFO - Filling up the DagBag from /home/airflow/.local/lib/python3.7/site-packages/airflow/example_dags/example_task_group_decorator.py
[2022-05-28 01:13:41,851] {processor.py:651} INFO - DAG(s) dict_keys(['example_task_group_decorator']) retrieved from /home/airflow/.local/lib/python3.7/site-packages/airflow/example_dags/example_task_group_decorator.py
[2022-05-28 01:13:42,014] {logging_mixin.py:115} INFO - [2022-05-28 01:13:42,014] {dag.py:2379} INFO - Sync 1 DAGs
[2022-05-28 01:13:42,028] {logging_mixin.py:115} INFO - [2022-05-28 01:13:42,028] {dag.py:2927} INFO - Setting next_dagrun for example_task_group_decorator to 2022-05-27T01:13:42.028097+00:00, run_after=2022-05-28T01:13:42.028097+00:00
[2022-05-28 01:13:42,038] {processor.py:161} INFO - Processing /home/airflow/.local/lib/python3.7/site-packages/airflow/example_dags/example_task_group_decorator.py took 0.211 seconds
[2022-05-28 01:14:12,102] {processor.py:153} INFO - Started process (PID=1447) to work on /home/airflow/.local/lib/python3.7/site-packages/airflow/example_dags/example_task_group_decorator.py
[2022-05-28 01:14:12,103] {processor.py:641} INFO - Processing file /home/airflow/.local/lib/python3.7/site-packages/airflow/example_dags/example_task_group_decorator.py for tasks to queue
[2022-05-28 01:14:12,103] {logging_mixin.py:115} INFO - [2022-05-28 01:14:12,103] {dagbag.py:507} INFO - Filling up the DagBag from /home/airflow/.local/lib/python3.7/site-packages/airflow/example_dags/example_task_group_decorator.py
[2022-05-28 01:14:12,125] {processor.py:651} INFO - DAG(s) dict_keys(['example_task_group_decorator']) retrieved from /home/airflow/.local/lib/python3.7/site-packages/airflow/example_dags/example_task_group_decorator.py
[2022-05-28 01:14:12,310] {logging_mixin.py:115} INFO - [2022-05-28 01:14:12,310] {dag.py:2379} INFO - Sync 1 DAGs
[2022-05-28 01:14:12,325] {logging_mixin.py:115} INFO - [2022-05-28 01:14:12,325] {dag.py:2927} INFO - Setting next_dagrun for example_task_group_decorator to 2022-05-27T01:14:12.325031+00:00, run_after=2022-05-28T01:14:12.325031+00:00
[2022-05-28 01:14:12,335] {processor.py:161} INFO - Processing /home/airflow/.local/lib/python3.7/site-packages/airflow/example_dags/example_task_group_decorator.py took 0.235 seconds
[2022-05-28 01:14:43,155] {processor.py:153} INFO - Started process (PID=1508) to work on /home/airflow/.local/lib/python3.7/site-packages/airflow/example_dags/example_task_group_decorator.py
[2022-05-28 01:14:43,156] {processor.py:641} INFO - Processing file /home/airflow/.local/lib/python3.7/site-packages/airflow/example_dags/example_task_group_decorator.py for tasks to queue
[2022-05-28 01:14:43,156] {logging_mixin.py:115} INFO - [2022-05-28 01:14:43,156] {dagbag.py:507} INFO - Filling up the DagBag from /home/airflow/.local/lib/python3.7/site-packages/airflow/example_dags/example_task_group_decorator.py
[2022-05-28 01:14:43,176] {processor.py:651} INFO - DAG(s) dict_keys(['example_task_group_decorator']) retrieved from /home/airflow/.local/lib/python3.7/site-packages/airflow/example_dags/example_task_group_decorator.py
[2022-05-28 01:14:43,197] {logging_mixin.py:115} INFO - [2022-05-28 01:14:43,197] {dag.py:2379} INFO - Sync 1 DAGs
[2022-05-28 01:14:43,327] {logging_mixin.py:115} INFO - [2022-05-28 01:14:43,215] {dag.py:2927} INFO - Setting next_dagrun for example_task_group_decorator to 2022-05-27T01:14:43.214854+00:00, run_after=2022-05-28T01:14:43.214854+00:00
[2022-05-28 01:14:43,337] {processor.py:161} INFO - Processing /home/airflow/.local/lib/python3.7/site-packages/airflow/example_dags/example_task_group_decorator.py took 0.184 seconds
[2022-05-28 01:15:14,096] {processor.py:153} INFO - Started process (PID=1560) to work on /home/airflow/.local/lib/python3.7/site-packages/airflow/example_dags/example_task_group_decorator.py
[2022-05-28 01:15:14,096] {processor.py:641} INFO - Processing file /home/airflow/.local/lib/python3.7/site-packages/airflow/example_dags/example_task_group_decorator.py for tasks to queue
[2022-05-28 01:15:14,097] {logging_mixin.py:115} INFO - [2022-05-28 01:15:14,097] {dagbag.py:507} INFO - Filling up the DagBag from /home/airflow/.local/lib/python3.7/site-packages/airflow/example_dags/example_task_group_decorator.py
[2022-05-28 01:15:14,117] {processor.py:651} INFO - DAG(s) dict_keys(['example_task_group_decorator']) retrieved from /home/airflow/.local/lib/python3.7/site-packages/airflow/example_dags/example_task_group_decorator.py
[2022-05-28 01:15:14,141] {logging_mixin.py:115} INFO - [2022-05-28 01:15:14,141] {dag.py:2379} INFO - Sync 1 DAGs
[2022-05-28 01:15:14,268] {logging_mixin.py:115} INFO - [2022-05-28 01:15:14,159] {dag.py:2927} INFO - Setting next_dagrun for example_task_group_decorator to 2022-05-27T01:15:14.159665+00:00, run_after=2022-05-28T01:15:14.159665+00:00
[2022-05-28 01:15:14,278] {processor.py:161} INFO - Processing /home/airflow/.local/lib/python3.7/site-packages/airflow/example_dags/example_task_group_decorator.py took 0.185 seconds
[2022-05-28 01:15:44,890] {processor.py:153} INFO - Started process (PID=1621) to work on /home/airflow/.local/lib/python3.7/site-packages/airflow/example_dags/example_task_group_decorator.py
[2022-05-28 01:15:44,890] {processor.py:641} INFO - Processing file /home/airflow/.local/lib/python3.7/site-packages/airflow/example_dags/example_task_group_decorator.py for tasks to queue
[2022-05-28 01:15:44,891] {logging_mixin.py:115} INFO - [2022-05-28 01:15:44,891] {dagbag.py:507} INFO - Filling up the DagBag from /home/airflow/.local/lib/python3.7/site-packages/airflow/example_dags/example_task_group_decorator.py
[2022-05-28 01:15:44,911] {processor.py:651} INFO - DAG(s) dict_keys(['example_task_group_decorator']) retrieved from /home/airflow/.local/lib/python3.7/site-packages/airflow/example_dags/example_task_group_decorator.py
[2022-05-28 01:15:45,071] {logging_mixin.py:115} INFO - [2022-05-28 01:15:45,071] {dag.py:2379} INFO - Sync 1 DAGs
[2022-05-28 01:15:45,084] {logging_mixin.py:115} INFO - [2022-05-28 01:15:45,084] {dag.py:2927} INFO - Setting next_dagrun for example_task_group_decorator to 2022-05-27T01:15:45.084667+00:00, run_after=2022-05-28T01:15:45.084667+00:00
[2022-05-28 01:15:45,095] {processor.py:161} INFO - Processing /home/airflow/.local/lib/python3.7/site-packages/airflow/example_dags/example_task_group_decorator.py took 0.207 seconds
[2022-05-28 01:16:15,819] {processor.py:153} INFO - Started process (PID=1681) to work on /home/airflow/.local/lib/python3.7/site-packages/airflow/example_dags/example_task_group_decorator.py
[2022-05-28 01:16:15,820] {processor.py:641} INFO - Processing file /home/airflow/.local/lib/python3.7/site-packages/airflow/example_dags/example_task_group_decorator.py for tasks to queue
[2022-05-28 01:16:15,820] {logging_mixin.py:115} INFO - [2022-05-28 01:16:15,820] {dagbag.py:507} INFO - Filling up the DagBag from /home/airflow/.local/lib/python3.7/site-packages/airflow/example_dags/example_task_group_decorator.py
[2022-05-28 01:16:15,840] {processor.py:651} INFO - DAG(s) dict_keys(['example_task_group_decorator']) retrieved from /home/airflow/.local/lib/python3.7/site-packages/airflow/example_dags/example_task_group_decorator.py
[2022-05-28 01:16:16,007] {logging_mixin.py:115} INFO - [2022-05-28 01:16:16,007] {dag.py:2379} INFO - Sync 1 DAGs
[2022-05-28 01:16:16,023] {logging_mixin.py:115} INFO - [2022-05-28 01:16:16,023] {dag.py:2927} INFO - Setting next_dagrun for example_task_group_decorator to 2022-05-27T01:16:16.023452+00:00, run_after=2022-05-28T01:16:16.023452+00:00
[2022-05-28 01:16:16,036] {processor.py:161} INFO - Processing /home/airflow/.local/lib/python3.7/site-packages/airflow/example_dags/example_task_group_decorator.py took 0.218 seconds
[2022-05-28 01:16:46,964] {processor.py:153} INFO - Started process (PID=1742) to work on /home/airflow/.local/lib/python3.7/site-packages/airflow/example_dags/example_task_group_decorator.py
[2022-05-28 01:16:46,965] {processor.py:641} INFO - Processing file /home/airflow/.local/lib/python3.7/site-packages/airflow/example_dags/example_task_group_decorator.py for tasks to queue
[2022-05-28 01:16:46,966] {logging_mixin.py:115} INFO - [2022-05-28 01:16:46,966] {dagbag.py:507} INFO - Filling up the DagBag from /home/airflow/.local/lib/python3.7/site-packages/airflow/example_dags/example_task_group_decorator.py
[2022-05-28 01:16:46,993] {processor.py:651} INFO - DAG(s) dict_keys(['example_task_group_decorator']) retrieved from /home/airflow/.local/lib/python3.7/site-packages/airflow/example_dags/example_task_group_decorator.py
[2022-05-28 01:16:47,167] {logging_mixin.py:115} INFO - [2022-05-28 01:16:47,167] {dag.py:2379} INFO - Sync 1 DAGs
[2022-05-28 01:16:47,181] {logging_mixin.py:115} INFO - [2022-05-28 01:16:47,181] {dag.py:2927} INFO - Setting next_dagrun for example_task_group_decorator to 2022-05-27T01:16:47.181559+00:00, run_after=2022-05-28T01:16:47.181559+00:00
[2022-05-28 01:16:47,191] {processor.py:161} INFO - Processing /home/airflow/.local/lib/python3.7/site-packages/airflow/example_dags/example_task_group_decorator.py took 0.232 seconds
[2022-05-28 01:17:17,402] {processor.py:153} INFO - Started process (PID=1794) to work on /home/airflow/.local/lib/python3.7/site-packages/airflow/example_dags/example_task_group_decorator.py
[2022-05-28 01:17:17,403] {processor.py:641} INFO - Processing file /home/airflow/.local/lib/python3.7/site-packages/airflow/example_dags/example_task_group_decorator.py for tasks to queue
[2022-05-28 01:17:17,403] {logging_mixin.py:115} INFO - [2022-05-28 01:17:17,403] {dagbag.py:507} INFO - Filling up the DagBag from /home/airflow/.local/lib/python3.7/site-packages/airflow/example_dags/example_task_group_decorator.py
[2022-05-28 01:17:17,426] {processor.py:651} INFO - DAG(s) dict_keys(['example_task_group_decorator']) retrieved from /home/airflow/.local/lib/python3.7/site-packages/airflow/example_dags/example_task_group_decorator.py
[2022-05-28 01:17:17,608] {logging_mixin.py:115} INFO - [2022-05-28 01:17:17,608] {dag.py:2379} INFO - Sync 1 DAGs
[2022-05-28 01:17:17,625] {logging_mixin.py:115} INFO - [2022-05-28 01:17:17,625] {dag.py:2927} INFO - Setting next_dagrun for example_task_group_decorator to 2022-05-27T01:17:17.625057+00:00, run_after=2022-05-28T01:17:17.625057+00:00
[2022-05-28 01:17:17,638] {processor.py:161} INFO - Processing /home/airflow/.local/lib/python3.7/site-packages/airflow/example_dags/example_task_group_decorator.py took 0.238 seconds
[2022-05-28 01:17:47,662] {processor.py:153} INFO - Started process (PID=1855) to work on /home/airflow/.local/lib/python3.7/site-packages/airflow/example_dags/example_task_group_decorator.py
[2022-05-28 01:17:47,663] {processor.py:641} INFO - Processing file /home/airflow/.local/lib/python3.7/site-packages/airflow/example_dags/example_task_group_decorator.py for tasks to queue
[2022-05-28 01:17:47,663] {logging_mixin.py:115} INFO - [2022-05-28 01:17:47,663] {dagbag.py:507} INFO - Filling up the DagBag from /home/airflow/.local/lib/python3.7/site-packages/airflow/example_dags/example_task_group_decorator.py
[2022-05-28 01:17:47,683] {processor.py:651} INFO - DAG(s) dict_keys(['example_task_group_decorator']) retrieved from /home/airflow/.local/lib/python3.7/site-packages/airflow/example_dags/example_task_group_decorator.py
[2022-05-28 01:17:47,859] {logging_mixin.py:115} INFO - [2022-05-28 01:17:47,859] {dag.py:2379} INFO - Sync 1 DAGs
[2022-05-28 01:17:47,879] {logging_mixin.py:115} INFO - [2022-05-28 01:17:47,879] {dag.py:2927} INFO - Setting next_dagrun for example_task_group_decorator to 2022-05-27T01:17:47.878801+00:00, run_after=2022-05-28T01:17:47.878801+00:00
[2022-05-28 01:17:47,895] {processor.py:161} INFO - Processing /home/airflow/.local/lib/python3.7/site-packages/airflow/example_dags/example_task_group_decorator.py took 0.235 seconds
[2022-05-28 01:18:18,049] {processor.py:153} INFO - Started process (PID=1916) to work on /home/airflow/.local/lib/python3.7/site-packages/airflow/example_dags/example_task_group_decorator.py
[2022-05-28 01:18:18,050] {processor.py:641} INFO - Processing file /home/airflow/.local/lib/python3.7/site-packages/airflow/example_dags/example_task_group_decorator.py for tasks to queue
[2022-05-28 01:18:18,050] {logging_mixin.py:115} INFO - [2022-05-28 01:18:18,050] {dagbag.py:507} INFO - Filling up the DagBag from /home/airflow/.local/lib/python3.7/site-packages/airflow/example_dags/example_task_group_decorator.py
[2022-05-28 01:18:18,071] {processor.py:651} INFO - DAG(s) dict_keys(['example_task_group_decorator']) retrieved from /home/airflow/.local/lib/python3.7/site-packages/airflow/example_dags/example_task_group_decorator.py
[2022-05-28 01:18:18,237] {logging_mixin.py:115} INFO - [2022-05-28 01:18:18,237] {dag.py:2379} INFO - Sync 1 DAGs
[2022-05-28 01:18:18,251] {logging_mixin.py:115} INFO - [2022-05-28 01:18:18,251] {dag.py:2927} INFO - Setting next_dagrun for example_task_group_decorator to 2022-05-27T01:18:18.251557+00:00, run_after=2022-05-28T01:18:18.251557+00:00
[2022-05-28 01:18:18,262] {processor.py:161} INFO - Processing /home/airflow/.local/lib/python3.7/site-packages/airflow/example_dags/example_task_group_decorator.py took 0.215 seconds
[2022-05-28 01:18:48,418] {processor.py:153} INFO - Started process (PID=1977) to work on /home/airflow/.local/lib/python3.7/site-packages/airflow/example_dags/example_task_group_decorator.py
[2022-05-28 01:18:48,419] {processor.py:641} INFO - Processing file /home/airflow/.local/lib/python3.7/site-packages/airflow/example_dags/example_task_group_decorator.py for tasks to queue
[2022-05-28 01:18:48,419] {logging_mixin.py:115} INFO - [2022-05-28 01:18:48,419] {dagbag.py:507} INFO - Filling up the DagBag from /home/airflow/.local/lib/python3.7/site-packages/airflow/example_dags/example_task_group_decorator.py
[2022-05-28 01:18:48,439] {processor.py:651} INFO - DAG(s) dict_keys(['example_task_group_decorator']) retrieved from /home/airflow/.local/lib/python3.7/site-packages/airflow/example_dags/example_task_group_decorator.py
[2022-05-28 01:18:48,614] {logging_mixin.py:115} INFO - [2022-05-28 01:18:48,614] {dag.py:2379} INFO - Sync 1 DAGs
[2022-05-28 01:18:48,630] {logging_mixin.py:115} INFO - [2022-05-28 01:18:48,630] {dag.py:2927} INFO - Setting next_dagrun for example_task_group_decorator to 2022-05-27T01:18:48.630037+00:00, run_after=2022-05-28T01:18:48.630037+00:00
[2022-05-28 01:18:48,642] {processor.py:161} INFO - Processing /home/airflow/.local/lib/python3.7/site-packages/airflow/example_dags/example_task_group_decorator.py took 0.226 seconds
[2022-05-28 01:19:18,721] {processor.py:153} INFO - Started process (PID=2029) to work on /home/airflow/.local/lib/python3.7/site-packages/airflow/example_dags/example_task_group_decorator.py
[2022-05-28 01:19:18,722] {processor.py:641} INFO - Processing file /home/airflow/.local/lib/python3.7/site-packages/airflow/example_dags/example_task_group_decorator.py for tasks to queue
[2022-05-28 01:19:18,722] {logging_mixin.py:115} INFO - [2022-05-28 01:19:18,722] {dagbag.py:507} INFO - Filling up the DagBag from /home/airflow/.local/lib/python3.7/site-packages/airflow/example_dags/example_task_group_decorator.py
[2022-05-28 01:19:18,742] {processor.py:651} INFO - DAG(s) dict_keys(['example_task_group_decorator']) retrieved from /home/airflow/.local/lib/python3.7/site-packages/airflow/example_dags/example_task_group_decorator.py
[2022-05-28 01:19:18,901] {logging_mixin.py:115} INFO - [2022-05-28 01:19:18,901] {dag.py:2379} INFO - Sync 1 DAGs
[2022-05-28 01:19:18,915] {logging_mixin.py:115} INFO - [2022-05-28 01:19:18,915] {dag.py:2927} INFO - Setting next_dagrun for example_task_group_decorator to 2022-05-27T01:19:18.915110+00:00, run_after=2022-05-28T01:19:18.915110+00:00
[2022-05-28 01:19:18,925] {processor.py:161} INFO - Processing /home/airflow/.local/lib/python3.7/site-packages/airflow/example_dags/example_task_group_decorator.py took 0.206 seconds
[2022-05-28 01:19:49,108] {processor.py:153} INFO - Started process (PID=2090) to work on /home/airflow/.local/lib/python3.7/site-packages/airflow/example_dags/example_task_group_decorator.py
[2022-05-28 01:19:49,109] {processor.py:641} INFO - Processing file /home/airflow/.local/lib/python3.7/site-packages/airflow/example_dags/example_task_group_decorator.py for tasks to queue
[2022-05-28 01:19:49,109] {logging_mixin.py:115} INFO - [2022-05-28 01:19:49,109] {dagbag.py:507} INFO - Filling up the DagBag from /home/airflow/.local/lib/python3.7/site-packages/airflow/example_dags/example_task_group_decorator.py
[2022-05-28 01:19:49,129] {processor.py:651} INFO - DAG(s) dict_keys(['example_task_group_decorator']) retrieved from /home/airflow/.local/lib/python3.7/site-packages/airflow/example_dags/example_task_group_decorator.py
[2022-05-28 01:19:49,296] {logging_mixin.py:115} INFO - [2022-05-28 01:19:49,296] {dag.py:2379} INFO - Sync 1 DAGs
[2022-05-28 01:19:49,310] {logging_mixin.py:115} INFO - [2022-05-28 01:19:49,310] {dag.py:2927} INFO - Setting next_dagrun for example_task_group_decorator to 2022-05-27T01:19:49.310508+00:00, run_after=2022-05-28T01:19:49.310508+00:00
[2022-05-28 01:19:49,320] {processor.py:161} INFO - Processing /home/airflow/.local/lib/python3.7/site-packages/airflow/example_dags/example_task_group_decorator.py took 0.214 seconds
[2022-05-28 01:20:19,356] {processor.py:153} INFO - Started process (PID=2151) to work on /home/airflow/.local/lib/python3.7/site-packages/airflow/example_dags/example_task_group_decorator.py
[2022-05-28 01:20:19,356] {processor.py:641} INFO - Processing file /home/airflow/.local/lib/python3.7/site-packages/airflow/example_dags/example_task_group_decorator.py for tasks to queue
[2022-05-28 01:20:19,357] {logging_mixin.py:115} INFO - [2022-05-28 01:20:19,357] {dagbag.py:507} INFO - Filling up the DagBag from /home/airflow/.local/lib/python3.7/site-packages/airflow/example_dags/example_task_group_decorator.py
[2022-05-28 01:20:19,378] {processor.py:651} INFO - DAG(s) dict_keys(['example_task_group_decorator']) retrieved from /home/airflow/.local/lib/python3.7/site-packages/airflow/example_dags/example_task_group_decorator.py
[2022-05-28 01:20:19,406] {logging_mixin.py:115} INFO - [2022-05-28 01:20:19,406] {dag.py:2379} INFO - Sync 1 DAGs
[2022-05-28 01:20:19,529] {logging_mixin.py:115} INFO - [2022-05-28 01:20:19,529] {dag.py:2927} INFO - Setting next_dagrun for example_task_group_decorator to 2022-05-27T01:20:19.529057+00:00, run_after=2022-05-28T01:20:19.529057+00:00
[2022-05-28 01:20:19,538] {processor.py:161} INFO - Processing /home/airflow/.local/lib/python3.7/site-packages/airflow/example_dags/example_task_group_decorator.py took 0.185 seconds
[2022-05-28 01:20:51,923] {processor.py:153} INFO - Started process (PID=86) to work on /home/airflow/.local/lib/python3.7/site-packages/airflow/example_dags/example_task_group_decorator.py
[2022-05-28 01:20:51,923] {processor.py:641} INFO - Processing file /home/airflow/.local/lib/python3.7/site-packages/airflow/example_dags/example_task_group_decorator.py for tasks to queue
[2022-05-28 01:20:51,924] {logging_mixin.py:115} INFO - [2022-05-28 01:20:51,924] {dagbag.py:507} INFO - Filling up the DagBag from /home/airflow/.local/lib/python3.7/site-packages/airflow/example_dags/example_task_group_decorator.py
[2022-05-28 01:20:51,944] {processor.py:651} INFO - DAG(s) dict_keys(['example_task_group_decorator']) retrieved from /home/airflow/.local/lib/python3.7/site-packages/airflow/example_dags/example_task_group_decorator.py
[2022-05-28 01:20:52,110] {logging_mixin.py:115} INFO - [2022-05-28 01:20:52,110] {dag.py:2379} INFO - Sync 1 DAGs
[2022-05-28 01:20:52,126] {logging_mixin.py:115} INFO - [2022-05-28 01:20:52,126] {dag.py:2927} INFO - Setting next_dagrun for example_task_group_decorator to 2022-05-27T01:20:52.126317+00:00, run_after=2022-05-28T01:20:52.126317+00:00
[2022-05-28 01:20:52,138] {processor.py:161} INFO - Processing /home/airflow/.local/lib/python3.7/site-packages/airflow/example_dags/example_task_group_decorator.py took 0.218 seconds
[2022-05-28 01:21:22,276] {processor.py:153} INFO - Started process (PID=149) to work on /home/airflow/.local/lib/python3.7/site-packages/airflow/example_dags/example_task_group_decorator.py
[2022-05-28 01:21:22,277] {processor.py:641} INFO - Processing file /home/airflow/.local/lib/python3.7/site-packages/airflow/example_dags/example_task_group_decorator.py for tasks to queue
[2022-05-28 01:21:22,277] {logging_mixin.py:115} INFO - [2022-05-28 01:21:22,277] {dagbag.py:507} INFO - Filling up the DagBag from /home/airflow/.local/lib/python3.7/site-packages/airflow/example_dags/example_task_group_decorator.py
[2022-05-28 01:21:22,300] {processor.py:651} INFO - DAG(s) dict_keys(['example_task_group_decorator']) retrieved from /home/airflow/.local/lib/python3.7/site-packages/airflow/example_dags/example_task_group_decorator.py
[2022-05-28 01:21:22,470] {logging_mixin.py:115} INFO - [2022-05-28 01:21:22,470] {dag.py:2379} INFO - Sync 1 DAGs
[2022-05-28 01:21:22,485] {logging_mixin.py:115} INFO - [2022-05-28 01:21:22,485] {dag.py:2927} INFO - Setting next_dagrun for example_task_group_decorator to 2022-05-27T01:21:22.485027+00:00, run_after=2022-05-28T01:21:22.485027+00:00
[2022-05-28 01:21:22,495] {processor.py:161} INFO - Processing /home/airflow/.local/lib/python3.7/site-packages/airflow/example_dags/example_task_group_decorator.py took 0.222 seconds
[2022-05-28 01:21:53,361] {processor.py:153} INFO - Started process (PID=208) to work on /home/airflow/.local/lib/python3.7/site-packages/airflow/example_dags/example_task_group_decorator.py
[2022-05-28 01:21:53,362] {processor.py:641} INFO - Processing file /home/airflow/.local/lib/python3.7/site-packages/airflow/example_dags/example_task_group_decorator.py for tasks to queue
[2022-05-28 01:21:53,362] {logging_mixin.py:115} INFO - [2022-05-28 01:21:53,362] {dagbag.py:507} INFO - Filling up the DagBag from /home/airflow/.local/lib/python3.7/site-packages/airflow/example_dags/example_task_group_decorator.py
[2022-05-28 01:21:53,384] {processor.py:651} INFO - DAG(s) dict_keys(['example_task_group_decorator']) retrieved from /home/airflow/.local/lib/python3.7/site-packages/airflow/example_dags/example_task_group_decorator.py
[2022-05-28 01:21:53,554] {logging_mixin.py:115} INFO - [2022-05-28 01:21:53,554] {dag.py:2379} INFO - Sync 1 DAGs
[2022-05-28 01:21:53,569] {logging_mixin.py:115} INFO - [2022-05-28 01:21:53,569] {dag.py:2927} INFO - Setting next_dagrun for example_task_group_decorator to 2022-05-27T01:21:53.569036+00:00, run_after=2022-05-28T01:21:53.569036+00:00
[2022-05-28 01:21:53,579] {processor.py:161} INFO - Processing /home/airflow/.local/lib/python3.7/site-packages/airflow/example_dags/example_task_group_decorator.py took 0.220 seconds
[2022-05-28 01:22:24,333] {processor.py:153} INFO - Started process (PID=271) to work on /home/airflow/.local/lib/python3.7/site-packages/airflow/example_dags/example_task_group_decorator.py
[2022-05-28 01:22:24,334] {processor.py:641} INFO - Processing file /home/airflow/.local/lib/python3.7/site-packages/airflow/example_dags/example_task_group_decorator.py for tasks to queue
[2022-05-28 01:22:24,334] {logging_mixin.py:115} INFO - [2022-05-28 01:22:24,334] {dagbag.py:507} INFO - Filling up the DagBag from /home/airflow/.local/lib/python3.7/site-packages/airflow/example_dags/example_task_group_decorator.py
[2022-05-28 01:22:24,355] {processor.py:651} INFO - DAG(s) dict_keys(['example_task_group_decorator']) retrieved from /home/airflow/.local/lib/python3.7/site-packages/airflow/example_dags/example_task_group_decorator.py
[2022-05-28 01:22:24,523] {logging_mixin.py:115} INFO - [2022-05-28 01:22:24,522] {dag.py:2379} INFO - Sync 1 DAGs
[2022-05-28 01:22:24,541] {logging_mixin.py:115} INFO - [2022-05-28 01:22:24,540] {dag.py:2927} INFO - Setting next_dagrun for example_task_group_decorator to 2022-05-27T01:22:24.540734+00:00, run_after=2022-05-28T01:22:24.540734+00:00
[2022-05-28 01:22:24,554] {processor.py:161} INFO - Processing /home/airflow/.local/lib/python3.7/site-packages/airflow/example_dags/example_task_group_decorator.py took 0.222 seconds
[2022-05-28 01:22:55,307] {processor.py:153} INFO - Started process (PID=324) to work on /home/airflow/.local/lib/python3.7/site-packages/airflow/example_dags/example_task_group_decorator.py
[2022-05-28 01:22:55,308] {processor.py:641} INFO - Processing file /home/airflow/.local/lib/python3.7/site-packages/airflow/example_dags/example_task_group_decorator.py for tasks to queue
[2022-05-28 01:22:55,308] {logging_mixin.py:115} INFO - [2022-05-28 01:22:55,308] {dagbag.py:507} INFO - Filling up the DagBag from /home/airflow/.local/lib/python3.7/site-packages/airflow/example_dags/example_task_group_decorator.py
[2022-05-28 01:22:55,327] {processor.py:651} INFO - DAG(s) dict_keys(['example_task_group_decorator']) retrieved from /home/airflow/.local/lib/python3.7/site-packages/airflow/example_dags/example_task_group_decorator.py
[2022-05-28 01:22:55,497] {logging_mixin.py:115} INFO - [2022-05-28 01:22:55,496] {dag.py:2379} INFO - Sync 1 DAGs
[2022-05-28 01:22:55,512] {logging_mixin.py:115} INFO - [2022-05-28 01:22:55,512] {dag.py:2927} INFO - Setting next_dagrun for example_task_group_decorator to 2022-05-27T01:22:55.511949+00:00, run_after=2022-05-28T01:22:55.511949+00:00
[2022-05-28 01:22:55,525] {processor.py:161} INFO - Processing /home/airflow/.local/lib/python3.7/site-packages/airflow/example_dags/example_task_group_decorator.py took 0.220 seconds
[2022-05-28 01:23:26,218] {processor.py:153} INFO - Started process (PID=385) to work on /home/airflow/.local/lib/python3.7/site-packages/airflow/example_dags/example_task_group_decorator.py
[2022-05-28 01:23:26,218] {processor.py:641} INFO - Processing file /home/airflow/.local/lib/python3.7/site-packages/airflow/example_dags/example_task_group_decorator.py for tasks to queue
[2022-05-28 01:23:26,218] {logging_mixin.py:115} INFO - [2022-05-28 01:23:26,218] {dagbag.py:507} INFO - Filling up the DagBag from /home/airflow/.local/lib/python3.7/site-packages/airflow/example_dags/example_task_group_decorator.py
[2022-05-28 01:23:26,238] {processor.py:651} INFO - DAG(s) dict_keys(['example_task_group_decorator']) retrieved from /home/airflow/.local/lib/python3.7/site-packages/airflow/example_dags/example_task_group_decorator.py
[2022-05-28 01:23:26,398] {logging_mixin.py:115} INFO - [2022-05-28 01:23:26,398] {dag.py:2379} INFO - Sync 1 DAGs
[2022-05-28 01:23:26,412] {logging_mixin.py:115} INFO - [2022-05-28 01:23:26,412] {dag.py:2927} INFO - Setting next_dagrun for example_task_group_decorator to 2022-05-27T01:23:26.412036+00:00, run_after=2022-05-28T01:23:26.412036+00:00
[2022-05-28 01:23:26,421] {processor.py:161} INFO - Processing /home/airflow/.local/lib/python3.7/site-packages/airflow/example_dags/example_task_group_decorator.py took 0.205 seconds
[2022-05-28 01:23:57,063] {processor.py:153} INFO - Started process (PID=446) to work on /home/airflow/.local/lib/python3.7/site-packages/airflow/example_dags/example_task_group_decorator.py
[2022-05-28 01:23:57,063] {processor.py:641} INFO - Processing file /home/airflow/.local/lib/python3.7/site-packages/airflow/example_dags/example_task_group_decorator.py for tasks to queue
[2022-05-28 01:23:57,064] {logging_mixin.py:115} INFO - [2022-05-28 01:23:57,064] {dagbag.py:507} INFO - Filling up the DagBag from /home/airflow/.local/lib/python3.7/site-packages/airflow/example_dags/example_task_group_decorator.py
[2022-05-28 01:23:57,083] {processor.py:651} INFO - DAG(s) dict_keys(['example_task_group_decorator']) retrieved from /home/airflow/.local/lib/python3.7/site-packages/airflow/example_dags/example_task_group_decorator.py
[2022-05-28 01:23:57,240] {logging_mixin.py:115} INFO - [2022-05-28 01:23:57,240] {dag.py:2379} INFO - Sync 1 DAGs
[2022-05-28 01:23:57,254] {logging_mixin.py:115} INFO - [2022-05-28 01:23:57,253] {dag.py:2927} INFO - Setting next_dagrun for example_task_group_decorator to 2022-05-27T01:23:57.253810+00:00, run_after=2022-05-28T01:23:57.253810+00:00
[2022-05-28 01:23:57,267] {processor.py:161} INFO - Processing /home/airflow/.local/lib/python3.7/site-packages/airflow/example_dags/example_task_group_decorator.py took 0.206 seconds
[2022-05-28 01:24:28,045] {processor.py:153} INFO - Started process (PID=508) to work on /home/airflow/.local/lib/python3.7/site-packages/airflow/example_dags/example_task_group_decorator.py
[2022-05-28 01:24:28,045] {processor.py:641} INFO - Processing file /home/airflow/.local/lib/python3.7/site-packages/airflow/example_dags/example_task_group_decorator.py for tasks to queue
[2022-05-28 01:24:28,046] {logging_mixin.py:115} INFO - [2022-05-28 01:24:28,046] {dagbag.py:507} INFO - Filling up the DagBag from /home/airflow/.local/lib/python3.7/site-packages/airflow/example_dags/example_task_group_decorator.py
[2022-05-28 01:24:28,068] {processor.py:651} INFO - DAG(s) dict_keys(['example_task_group_decorator']) retrieved from /home/airflow/.local/lib/python3.7/site-packages/airflow/example_dags/example_task_group_decorator.py
[2022-05-28 01:24:28,233] {logging_mixin.py:115} INFO - [2022-05-28 01:24:28,233] {dag.py:2379} INFO - Sync 1 DAGs
[2022-05-28 01:24:28,247] {logging_mixin.py:115} INFO - [2022-05-28 01:24:28,247] {dag.py:2927} INFO - Setting next_dagrun for example_task_group_decorator to 2022-05-27T01:24:28.246937+00:00, run_after=2022-05-28T01:24:28.246937+00:00
[2022-05-28 01:24:28,256] {processor.py:161} INFO - Processing /home/airflow/.local/lib/python3.7/site-packages/airflow/example_dags/example_task_group_decorator.py took 0.214 seconds
[2022-05-28 01:24:58,995] {processor.py:153} INFO - Started process (PID=569) to work on /home/airflow/.local/lib/python3.7/site-packages/airflow/example_dags/example_task_group_decorator.py
[2022-05-28 01:24:58,995] {processor.py:641} INFO - Processing file /home/airflow/.local/lib/python3.7/site-packages/airflow/example_dags/example_task_group_decorator.py for tasks to queue
[2022-05-28 01:24:58,996] {logging_mixin.py:115} INFO - [2022-05-28 01:24:58,995] {dagbag.py:507} INFO - Filling up the DagBag from /home/airflow/.local/lib/python3.7/site-packages/airflow/example_dags/example_task_group_decorator.py
[2022-05-28 01:24:59,016] {processor.py:651} INFO - DAG(s) dict_keys(['example_task_group_decorator']) retrieved from /home/airflow/.local/lib/python3.7/site-packages/airflow/example_dags/example_task_group_decorator.py
[2022-05-28 01:24:59,178] {logging_mixin.py:115} INFO - [2022-05-28 01:24:59,178] {dag.py:2379} INFO - Sync 1 DAGs
[2022-05-28 01:24:59,192] {logging_mixin.py:115} INFO - [2022-05-28 01:24:59,192] {dag.py:2927} INFO - Setting next_dagrun for example_task_group_decorator to 2022-05-27T01:24:59.192337+00:00, run_after=2022-05-28T01:24:59.192337+00:00
[2022-05-28 01:24:59,202] {processor.py:161} INFO - Processing /home/airflow/.local/lib/python3.7/site-packages/airflow/example_dags/example_task_group_decorator.py took 0.210 seconds
[2022-05-28 01:25:29,885] {processor.py:153} INFO - Started process (PID=621) to work on /home/airflow/.local/lib/python3.7/site-packages/airflow/example_dags/example_task_group_decorator.py
[2022-05-28 01:25:29,886] {processor.py:641} INFO - Processing file /home/airflow/.local/lib/python3.7/site-packages/airflow/example_dags/example_task_group_decorator.py for tasks to queue
[2022-05-28 01:25:29,886] {logging_mixin.py:115} INFO - [2022-05-28 01:25:29,886] {dagbag.py:507} INFO - Filling up the DagBag from /home/airflow/.local/lib/python3.7/site-packages/airflow/example_dags/example_task_group_decorator.py
[2022-05-28 01:25:29,906] {processor.py:651} INFO - DAG(s) dict_keys(['example_task_group_decorator']) retrieved from /home/airflow/.local/lib/python3.7/site-packages/airflow/example_dags/example_task_group_decorator.py
[2022-05-28 01:25:30,076] {logging_mixin.py:115} INFO - [2022-05-28 01:25:30,076] {dag.py:2379} INFO - Sync 1 DAGs
[2022-05-28 01:25:30,090] {logging_mixin.py:115} INFO - [2022-05-28 01:25:30,090] {dag.py:2927} INFO - Setting next_dagrun for example_task_group_decorator to 2022-05-27T01:25:30.090668+00:00, run_after=2022-05-28T01:25:30.090668+00:00
[2022-05-28 01:25:30,102] {processor.py:161} INFO - Processing /home/airflow/.local/lib/python3.7/site-packages/airflow/example_dags/example_task_group_decorator.py took 0.219 seconds
[2022-05-28 01:26:00,178] {processor.py:153} INFO - Started process (PID=682) to work on /home/airflow/.local/lib/python3.7/site-packages/airflow/example_dags/example_task_group_decorator.py
[2022-05-28 01:26:00,179] {processor.py:641} INFO - Processing file /home/airflow/.local/lib/python3.7/site-packages/airflow/example_dags/example_task_group_decorator.py for tasks to queue
[2022-05-28 01:26:00,179] {logging_mixin.py:115} INFO - [2022-05-28 01:26:00,179] {dagbag.py:507} INFO - Filling up the DagBag from /home/airflow/.local/lib/python3.7/site-packages/airflow/example_dags/example_task_group_decorator.py
[2022-05-28 01:26:00,199] {processor.py:651} INFO - DAG(s) dict_keys(['example_task_group_decorator']) retrieved from /home/airflow/.local/lib/python3.7/site-packages/airflow/example_dags/example_task_group_decorator.py
[2022-05-28 01:26:00,364] {logging_mixin.py:115} INFO - [2022-05-28 01:26:00,364] {dag.py:2379} INFO - Sync 1 DAGs
[2022-05-28 01:26:00,378] {logging_mixin.py:115} INFO - [2022-05-28 01:26:00,378] {dag.py:2927} INFO - Setting next_dagrun for example_task_group_decorator to 2022-05-27T01:26:00.377979+00:00, run_after=2022-05-28T01:26:00.377979+00:00
[2022-05-28 01:26:00,388] {processor.py:161} INFO - Processing /home/airflow/.local/lib/python3.7/site-packages/airflow/example_dags/example_task_group_decorator.py took 0.212 seconds
[2022-05-28 01:26:30,455] {processor.py:153} INFO - Started process (PID=740) to work on /home/airflow/.local/lib/python3.7/site-packages/airflow/example_dags/example_task_group_decorator.py
[2022-05-28 01:26:30,456] {processor.py:641} INFO - Processing file /home/airflow/.local/lib/python3.7/site-packages/airflow/example_dags/example_task_group_decorator.py for tasks to queue
[2022-05-28 01:26:30,456] {logging_mixin.py:115} INFO - [2022-05-28 01:26:30,456] {dagbag.py:507} INFO - Filling up the DagBag from /home/airflow/.local/lib/python3.7/site-packages/airflow/example_dags/example_task_group_decorator.py
[2022-05-28 01:26:30,476] {processor.py:651} INFO - DAG(s) dict_keys(['example_task_group_decorator']) retrieved from /home/airflow/.local/lib/python3.7/site-packages/airflow/example_dags/example_task_group_decorator.py
[2022-05-28 01:26:30,659] {logging_mixin.py:115} INFO - [2022-05-28 01:26:30,659] {dag.py:2379} INFO - Sync 1 DAGs
[2022-05-28 01:26:30,673] {logging_mixin.py:115} INFO - [2022-05-28 01:26:30,673] {dag.py:2927} INFO - Setting next_dagrun for example_task_group_decorator to 2022-05-27T01:26:30.673336+00:00, run_after=2022-05-28T01:26:30.673336+00:00
[2022-05-28 01:26:30,683] {processor.py:161} INFO - Processing /home/airflow/.local/lib/python3.7/site-packages/airflow/example_dags/example_task_group_decorator.py took 0.230 seconds
[2022-05-28 01:27:00,762] {processor.py:153} INFO - Started process (PID=803) to work on /home/airflow/.local/lib/python3.7/site-packages/airflow/example_dags/example_task_group_decorator.py
[2022-05-28 01:27:00,762] {processor.py:641} INFO - Processing file /home/airflow/.local/lib/python3.7/site-packages/airflow/example_dags/example_task_group_decorator.py for tasks to queue
[2022-05-28 01:27:00,763] {logging_mixin.py:115} INFO - [2022-05-28 01:27:00,763] {dagbag.py:507} INFO - Filling up the DagBag from /home/airflow/.local/lib/python3.7/site-packages/airflow/example_dags/example_task_group_decorator.py
[2022-05-28 01:27:00,784] {processor.py:651} INFO - DAG(s) dict_keys(['example_task_group_decorator']) retrieved from /home/airflow/.local/lib/python3.7/site-packages/airflow/example_dags/example_task_group_decorator.py
[2022-05-28 01:27:00,813] {logging_mixin.py:115} INFO - [2022-05-28 01:27:00,813] {dag.py:2379} INFO - Sync 1 DAGs
[2022-05-28 01:27:00,835] {logging_mixin.py:115} INFO - [2022-05-28 01:27:00,835] {dag.py:2927} INFO - Setting next_dagrun for example_task_group_decorator to 2022-05-27T01:27:00.835410+00:00, run_after=2022-05-28T01:27:00.835410+00:00
[2022-05-28 01:27:00,958] {processor.py:161} INFO - Processing /home/airflow/.local/lib/python3.7/site-packages/airflow/example_dags/example_task_group_decorator.py took 0.199 seconds
[2022-05-28 01:27:31,756] {processor.py:153} INFO - Started process (PID=855) to work on /home/airflow/.local/lib/python3.7/site-packages/airflow/example_dags/example_task_group_decorator.py
[2022-05-28 01:27:31,757] {processor.py:641} INFO - Processing file /home/airflow/.local/lib/python3.7/site-packages/airflow/example_dags/example_task_group_decorator.py for tasks to queue
[2022-05-28 01:27:31,757] {logging_mixin.py:115} INFO - [2022-05-28 01:27:31,757] {dagbag.py:507} INFO - Filling up the DagBag from /home/airflow/.local/lib/python3.7/site-packages/airflow/example_dags/example_task_group_decorator.py
[2022-05-28 01:27:31,776] {processor.py:651} INFO - DAG(s) dict_keys(['example_task_group_decorator']) retrieved from /home/airflow/.local/lib/python3.7/site-packages/airflow/example_dags/example_task_group_decorator.py
[2022-05-28 01:27:31,939] {logging_mixin.py:115} INFO - [2022-05-28 01:27:31,939] {dag.py:2379} INFO - Sync 1 DAGs
[2022-05-28 01:27:31,953] {logging_mixin.py:115} INFO - [2022-05-28 01:27:31,953] {dag.py:2927} INFO - Setting next_dagrun for example_task_group_decorator to 2022-05-27T01:27:31.953377+00:00, run_after=2022-05-28T01:27:31.953377+00:00
[2022-05-28 01:27:31,964] {processor.py:161} INFO - Processing /home/airflow/.local/lib/python3.7/site-packages/airflow/example_dags/example_task_group_decorator.py took 0.211 seconds
[2022-05-28 01:28:02,336] {processor.py:153} INFO - Started process (PID=916) to work on /home/airflow/.local/lib/python3.7/site-packages/airflow/example_dags/example_task_group_decorator.py
[2022-05-28 01:28:02,337] {processor.py:641} INFO - Processing file /home/airflow/.local/lib/python3.7/site-packages/airflow/example_dags/example_task_group_decorator.py for tasks to queue
[2022-05-28 01:28:02,337] {logging_mixin.py:115} INFO - [2022-05-28 01:28:02,337] {dagbag.py:507} INFO - Filling up the DagBag from /home/airflow/.local/lib/python3.7/site-packages/airflow/example_dags/example_task_group_decorator.py
[2022-05-28 01:28:02,363] {processor.py:651} INFO - DAG(s) dict_keys(['example_task_group_decorator']) retrieved from /home/airflow/.local/lib/python3.7/site-packages/airflow/example_dags/example_task_group_decorator.py
[2022-05-28 01:28:02,561] {logging_mixin.py:115} INFO - [2022-05-28 01:28:02,560] {dag.py:2379} INFO - Sync 1 DAGs
[2022-05-28 01:28:02,575] {logging_mixin.py:115} INFO - [2022-05-28 01:28:02,575] {dag.py:2927} INFO - Setting next_dagrun for example_task_group_decorator to 2022-05-27T01:28:02.575240+00:00, run_after=2022-05-28T01:28:02.575240+00:00
[2022-05-28 01:28:02,585] {processor.py:161} INFO - Processing /home/airflow/.local/lib/python3.7/site-packages/airflow/example_dags/example_task_group_decorator.py took 0.251 seconds
[2022-05-28 01:28:32,653] {processor.py:153} INFO - Started process (PID=975) to work on /home/airflow/.local/lib/python3.7/site-packages/airflow/example_dags/example_task_group_decorator.py
[2022-05-28 01:28:32,653] {processor.py:641} INFO - Processing file /home/airflow/.local/lib/python3.7/site-packages/airflow/example_dags/example_task_group_decorator.py for tasks to queue
[2022-05-28 01:28:32,654] {logging_mixin.py:115} INFO - [2022-05-28 01:28:32,654] {dagbag.py:507} INFO - Filling up the DagBag from /home/airflow/.local/lib/python3.7/site-packages/airflow/example_dags/example_task_group_decorator.py
[2022-05-28 01:28:32,675] {processor.py:651} INFO - DAG(s) dict_keys(['example_task_group_decorator']) retrieved from /home/airflow/.local/lib/python3.7/site-packages/airflow/example_dags/example_task_group_decorator.py
[2022-05-28 01:28:32,839] {logging_mixin.py:115} INFO - [2022-05-28 01:28:32,839] {dag.py:2379} INFO - Sync 1 DAGs
[2022-05-28 01:28:32,855] {logging_mixin.py:115} INFO - [2022-05-28 01:28:32,855] {dag.py:2927} INFO - Setting next_dagrun for example_task_group_decorator to 2022-05-27T01:28:32.854977+00:00, run_after=2022-05-28T01:28:32.854977+00:00
[2022-05-28 01:28:32,866] {processor.py:161} INFO - Processing /home/airflow/.local/lib/python3.7/site-packages/airflow/example_dags/example_task_group_decorator.py took 0.215 seconds
[2022-05-28 01:29:03,467] {processor.py:153} INFO - Started process (PID=1027) to work on /home/airflow/.local/lib/python3.7/site-packages/airflow/example_dags/example_task_group_decorator.py
[2022-05-28 01:29:03,468] {processor.py:641} INFO - Processing file /home/airflow/.local/lib/python3.7/site-packages/airflow/example_dags/example_task_group_decorator.py for tasks to queue
[2022-05-28 01:29:03,468] {logging_mixin.py:115} INFO - [2022-05-28 01:29:03,468] {dagbag.py:507} INFO - Filling up the DagBag from /home/airflow/.local/lib/python3.7/site-packages/airflow/example_dags/example_task_group_decorator.py
[2022-05-28 01:29:03,488] {processor.py:651} INFO - DAG(s) dict_keys(['example_task_group_decorator']) retrieved from /home/airflow/.local/lib/python3.7/site-packages/airflow/example_dags/example_task_group_decorator.py
[2022-05-28 01:29:03,673] {logging_mixin.py:115} INFO - [2022-05-28 01:29:03,673] {dag.py:2379} INFO - Sync 1 DAGs
[2022-05-28 01:29:03,690] {logging_mixin.py:115} INFO - [2022-05-28 01:29:03,690] {dag.py:2927} INFO - Setting next_dagrun for example_task_group_decorator to 2022-05-27T01:29:03.689947+00:00, run_after=2022-05-28T01:29:03.689947+00:00
[2022-05-28 01:29:03,703] {processor.py:161} INFO - Processing /home/airflow/.local/lib/python3.7/site-packages/airflow/example_dags/example_task_group_decorator.py took 0.237 seconds
[2022-05-28 01:29:34,510] {processor.py:153} INFO - Started process (PID=1090) to work on /home/airflow/.local/lib/python3.7/site-packages/airflow/example_dags/example_task_group_decorator.py
[2022-05-28 01:29:34,510] {processor.py:641} INFO - Processing file /home/airflow/.local/lib/python3.7/site-packages/airflow/example_dags/example_task_group_decorator.py for tasks to queue
[2022-05-28 01:29:34,511] {logging_mixin.py:115} INFO - [2022-05-28 01:29:34,511] {dagbag.py:507} INFO - Filling up the DagBag from /home/airflow/.local/lib/python3.7/site-packages/airflow/example_dags/example_task_group_decorator.py
[2022-05-28 01:29:34,530] {processor.py:651} INFO - DAG(s) dict_keys(['example_task_group_decorator']) retrieved from /home/airflow/.local/lib/python3.7/site-packages/airflow/example_dags/example_task_group_decorator.py
[2022-05-28 01:29:34,550] {logging_mixin.py:115} INFO - [2022-05-28 01:29:34,550] {dag.py:2379} INFO - Sync 1 DAGs
[2022-05-28 01:29:34,567] {logging_mixin.py:115} INFO - [2022-05-28 01:29:34,567] {dag.py:2927} INFO - Setting next_dagrun for example_task_group_decorator to 2022-05-27T01:29:34.567235+00:00, run_after=2022-05-28T01:29:34.567235+00:00
[2022-05-28 01:29:34,683] {processor.py:161} INFO - Processing /home/airflow/.local/lib/python3.7/site-packages/airflow/example_dags/example_task_group_decorator.py took 0.175 seconds
