[2022-05-28 01:02:28,772] {processor.py:153} INFO - Started process (PID=96) to work on /home/airflow/.local/lib/python3.7/site-packages/airflow/example_dags/example_time_delta_sensor_async.py
[2022-05-28 01:02:28,772] {processor.py:641} INFO - Processing file /home/airflow/.local/lib/python3.7/site-packages/airflow/example_dags/example_time_delta_sensor_async.py for tasks to queue
[2022-05-28 01:02:28,772] {logging_mixin.py:115} INFO - [2022-05-28 01:02:28,772] {dagbag.py:507} INFO - Filling up the DagBag from /home/airflow/.local/lib/python3.7/site-packages/airflow/example_dags/example_time_delta_sensor_async.py
[2022-05-28 01:02:28,778] {processor.py:651} INFO - DAG(s) dict_keys(['example_time_delta_sensor_async']) retrieved from /home/airflow/.local/lib/python3.7/site-packages/airflow/example_dags/example_time_delta_sensor_async.py
[2022-05-28 01:02:28,986] {logging_mixin.py:115} INFO - [2022-05-28 01:02:28,986] {manager.py:508} INFO - Created Permission View: can read on DAG:example_time_delta_sensor_async
[2022-05-28 01:02:28,994] {logging_mixin.py:115} INFO - [2022-05-28 01:02:28,994] {manager.py:508} INFO - Created Permission View: can delete on DAG:example_time_delta_sensor_async
[2022-05-28 01:02:29,014] {logging_mixin.py:115} INFO - [2022-05-28 01:02:29,014] {manager.py:508} INFO - Created Permission View: can edit on DAG:example_time_delta_sensor_async
[2022-05-28 01:02:29,015] {logging_mixin.py:115} INFO - [2022-05-28 01:02:29,015] {dag.py:2379} INFO - Sync 1 DAGs
[2022-05-28 01:02:29,022] {logging_mixin.py:115} INFO - [2022-05-28 01:02:29,022] {dag.py:2398} INFO - Creating ORM DAG for example_time_delta_sensor_async
[2022-05-28 01:02:29,033] {logging_mixin.py:115} INFO - [2022-05-28 01:02:29,033] {dag.py:2927} INFO - Setting next_dagrun for example_time_delta_sensor_async to None, run_after=None
[2022-05-28 01:02:29,044] {processor.py:161} INFO - Processing /home/airflow/.local/lib/python3.7/site-packages/airflow/example_dags/example_time_delta_sensor_async.py took 0.275 seconds
[2022-05-28 01:02:59,456] {processor.py:153} INFO - Started process (PID=148) to work on /home/airflow/.local/lib/python3.7/site-packages/airflow/example_dags/example_time_delta_sensor_async.py
[2022-05-28 01:02:59,457] {processor.py:641} INFO - Processing file /home/airflow/.local/lib/python3.7/site-packages/airflow/example_dags/example_time_delta_sensor_async.py for tasks to queue
[2022-05-28 01:02:59,457] {logging_mixin.py:115} INFO - [2022-05-28 01:02:59,457] {dagbag.py:507} INFO - Filling up the DagBag from /home/airflow/.local/lib/python3.7/site-packages/airflow/example_dags/example_time_delta_sensor_async.py
[2022-05-28 01:02:59,461] {processor.py:651} INFO - DAG(s) dict_keys(['example_time_delta_sensor_async']) retrieved from /home/airflow/.local/lib/python3.7/site-packages/airflow/example_dags/example_time_delta_sensor_async.py
[2022-05-28 01:02:59,490] {logging_mixin.py:115} INFO - [2022-05-28 01:02:59,490] {dag.py:2379} INFO - Sync 1 DAGs
[2022-05-28 01:02:59,507] {logging_mixin.py:115} INFO - [2022-05-28 01:02:59,507] {dag.py:2927} INFO - Setting next_dagrun for example_time_delta_sensor_async to None, run_after=None
[2022-05-28 01:02:59,518] {processor.py:161} INFO - Processing /home/airflow/.local/lib/python3.7/site-packages/airflow/example_dags/example_time_delta_sensor_async.py took 0.064 seconds
[2022-05-28 01:03:30,615] {processor.py:153} INFO - Started process (PID=209) to work on /home/airflow/.local/lib/python3.7/site-packages/airflow/example_dags/example_time_delta_sensor_async.py
[2022-05-28 01:03:30,616] {processor.py:641} INFO - Processing file /home/airflow/.local/lib/python3.7/site-packages/airflow/example_dags/example_time_delta_sensor_async.py for tasks to queue
[2022-05-28 01:03:30,617] {logging_mixin.py:115} INFO - [2022-05-28 01:03:30,616] {dagbag.py:507} INFO - Filling up the DagBag from /home/airflow/.local/lib/python3.7/site-packages/airflow/example_dags/example_time_delta_sensor_async.py
[2022-05-28 01:03:30,621] {processor.py:651} INFO - DAG(s) dict_keys(['example_time_delta_sensor_async']) retrieved from /home/airflow/.local/lib/python3.7/site-packages/airflow/example_dags/example_time_delta_sensor_async.py
[2022-05-28 01:03:30,653] {logging_mixin.py:115} INFO - [2022-05-28 01:03:30,653] {dag.py:2379} INFO - Sync 1 DAGs
[2022-05-28 01:03:30,672] {logging_mixin.py:115} INFO - [2022-05-28 01:03:30,672] {dag.py:2927} INFO - Setting next_dagrun for example_time_delta_sensor_async to None, run_after=None
[2022-05-28 01:03:30,683] {processor.py:161} INFO - Processing /home/airflow/.local/lib/python3.7/site-packages/airflow/example_dags/example_time_delta_sensor_async.py took 0.071 seconds
[2022-05-28 01:04:01,481] {processor.py:153} INFO - Started process (PID=270) to work on /home/airflow/.local/lib/python3.7/site-packages/airflow/example_dags/example_time_delta_sensor_async.py
[2022-05-28 01:04:01,482] {processor.py:641} INFO - Processing file /home/airflow/.local/lib/python3.7/site-packages/airflow/example_dags/example_time_delta_sensor_async.py for tasks to queue
[2022-05-28 01:04:01,482] {logging_mixin.py:115} INFO - [2022-05-28 01:04:01,482] {dagbag.py:507} INFO - Filling up the DagBag from /home/airflow/.local/lib/python3.7/site-packages/airflow/example_dags/example_time_delta_sensor_async.py
[2022-05-28 01:04:01,486] {processor.py:651} INFO - DAG(s) dict_keys(['example_time_delta_sensor_async']) retrieved from /home/airflow/.local/lib/python3.7/site-packages/airflow/example_dags/example_time_delta_sensor_async.py
[2022-05-28 01:04:01,515] {logging_mixin.py:115} INFO - [2022-05-28 01:04:01,514] {dag.py:2379} INFO - Sync 1 DAGs
[2022-05-28 01:04:01,531] {logging_mixin.py:115} INFO - [2022-05-28 01:04:01,531] {dag.py:2927} INFO - Setting next_dagrun for example_time_delta_sensor_async to None, run_after=None
[2022-05-28 01:04:01,540] {processor.py:161} INFO - Processing /home/airflow/.local/lib/python3.7/site-packages/airflow/example_dags/example_time_delta_sensor_async.py took 0.061 seconds
[2022-05-28 01:04:31,558] {processor.py:153} INFO - Started process (PID=330) to work on /home/airflow/.local/lib/python3.7/site-packages/airflow/example_dags/example_time_delta_sensor_async.py
[2022-05-28 01:04:31,559] {processor.py:641} INFO - Processing file /home/airflow/.local/lib/python3.7/site-packages/airflow/example_dags/example_time_delta_sensor_async.py for tasks to queue
[2022-05-28 01:04:31,559] {logging_mixin.py:115} INFO - [2022-05-28 01:04:31,559] {dagbag.py:507} INFO - Filling up the DagBag from /home/airflow/.local/lib/python3.7/site-packages/airflow/example_dags/example_time_delta_sensor_async.py
[2022-05-28 01:04:31,563] {processor.py:651} INFO - DAG(s) dict_keys(['example_time_delta_sensor_async']) retrieved from /home/airflow/.local/lib/python3.7/site-packages/airflow/example_dags/example_time_delta_sensor_async.py
[2022-05-28 01:04:31,592] {logging_mixin.py:115} INFO - [2022-05-28 01:04:31,591] {dag.py:2379} INFO - Sync 1 DAGs
[2022-05-28 01:04:31,609] {logging_mixin.py:115} INFO - [2022-05-28 01:04:31,609] {dag.py:2927} INFO - Setting next_dagrun for example_time_delta_sensor_async to None, run_after=None
[2022-05-28 01:04:31,617] {processor.py:161} INFO - Processing /home/airflow/.local/lib/python3.7/site-packages/airflow/example_dags/example_time_delta_sensor_async.py took 0.062 seconds
[2022-05-28 01:05:02,353] {processor.py:153} INFO - Started process (PID=382) to work on /home/airflow/.local/lib/python3.7/site-packages/airflow/example_dags/example_time_delta_sensor_async.py
[2022-05-28 01:05:02,353] {processor.py:641} INFO - Processing file /home/airflow/.local/lib/python3.7/site-packages/airflow/example_dags/example_time_delta_sensor_async.py for tasks to queue
[2022-05-28 01:05:02,354] {logging_mixin.py:115} INFO - [2022-05-28 01:05:02,354] {dagbag.py:507} INFO - Filling up the DagBag from /home/airflow/.local/lib/python3.7/site-packages/airflow/example_dags/example_time_delta_sensor_async.py
[2022-05-28 01:05:02,358] {processor.py:651} INFO - DAG(s) dict_keys(['example_time_delta_sensor_async']) retrieved from /home/airflow/.local/lib/python3.7/site-packages/airflow/example_dags/example_time_delta_sensor_async.py
[2022-05-28 01:05:02,388] {logging_mixin.py:115} INFO - [2022-05-28 01:05:02,388] {dag.py:2379} INFO - Sync 1 DAGs
[2022-05-28 01:05:02,405] {logging_mixin.py:115} INFO - [2022-05-28 01:05:02,405] {dag.py:2927} INFO - Setting next_dagrun for example_time_delta_sensor_async to None, run_after=None
[2022-05-28 01:05:02,414] {processor.py:161} INFO - Processing /home/airflow/.local/lib/python3.7/site-packages/airflow/example_dags/example_time_delta_sensor_async.py took 0.064 seconds
[2022-05-28 01:05:33,296] {processor.py:153} INFO - Started process (PID=443) to work on /home/airflow/.local/lib/python3.7/site-packages/airflow/example_dags/example_time_delta_sensor_async.py
[2022-05-28 01:05:33,297] {processor.py:641} INFO - Processing file /home/airflow/.local/lib/python3.7/site-packages/airflow/example_dags/example_time_delta_sensor_async.py for tasks to queue
[2022-05-28 01:05:33,297] {logging_mixin.py:115} INFO - [2022-05-28 01:05:33,297] {dagbag.py:507} INFO - Filling up the DagBag from /home/airflow/.local/lib/python3.7/site-packages/airflow/example_dags/example_time_delta_sensor_async.py
[2022-05-28 01:05:33,302] {processor.py:651} INFO - DAG(s) dict_keys(['example_time_delta_sensor_async']) retrieved from /home/airflow/.local/lib/python3.7/site-packages/airflow/example_dags/example_time_delta_sensor_async.py
[2022-05-28 01:05:33,330] {logging_mixin.py:115} INFO - [2022-05-28 01:05:33,330] {dag.py:2379} INFO - Sync 1 DAGs
[2022-05-28 01:05:33,346] {logging_mixin.py:115} INFO - [2022-05-28 01:05:33,346] {dag.py:2927} INFO - Setting next_dagrun for example_time_delta_sensor_async to None, run_after=None
[2022-05-28 01:05:33,355] {processor.py:161} INFO - Processing /home/airflow/.local/lib/python3.7/site-packages/airflow/example_dags/example_time_delta_sensor_async.py took 0.062 seconds
[2022-05-28 01:06:04,027] {processor.py:153} INFO - Started process (PID=504) to work on /home/airflow/.local/lib/python3.7/site-packages/airflow/example_dags/example_time_delta_sensor_async.py
[2022-05-28 01:06:04,027] {processor.py:641} INFO - Processing file /home/airflow/.local/lib/python3.7/site-packages/airflow/example_dags/example_time_delta_sensor_async.py for tasks to queue
[2022-05-28 01:06:04,028] {logging_mixin.py:115} INFO - [2022-05-28 01:06:04,028] {dagbag.py:507} INFO - Filling up the DagBag from /home/airflow/.local/lib/python3.7/site-packages/airflow/example_dags/example_time_delta_sensor_async.py
[2022-05-28 01:06:04,032] {processor.py:651} INFO - DAG(s) dict_keys(['example_time_delta_sensor_async']) retrieved from /home/airflow/.local/lib/python3.7/site-packages/airflow/example_dags/example_time_delta_sensor_async.py
[2022-05-28 01:06:04,078] {logging_mixin.py:115} INFO - [2022-05-28 01:06:04,078] {dag.py:2379} INFO - Sync 1 DAGs
[2022-05-28 01:06:04,096] {logging_mixin.py:115} INFO - [2022-05-28 01:06:04,096] {dag.py:2927} INFO - Setting next_dagrun for example_time_delta_sensor_async to None, run_after=None
[2022-05-28 01:06:04,104] {processor.py:161} INFO - Processing /home/airflow/.local/lib/python3.7/site-packages/airflow/example_dags/example_time_delta_sensor_async.py took 0.080 seconds
[2022-05-28 01:06:34,855] {processor.py:153} INFO - Started process (PID=565) to work on /home/airflow/.local/lib/python3.7/site-packages/airflow/example_dags/example_time_delta_sensor_async.py
[2022-05-28 01:06:34,856] {processor.py:641} INFO - Processing file /home/airflow/.local/lib/python3.7/site-packages/airflow/example_dags/example_time_delta_sensor_async.py for tasks to queue
[2022-05-28 01:06:34,857] {logging_mixin.py:115} INFO - [2022-05-28 01:06:34,857] {dagbag.py:507} INFO - Filling up the DagBag from /home/airflow/.local/lib/python3.7/site-packages/airflow/example_dags/example_time_delta_sensor_async.py
[2022-05-28 01:06:34,861] {processor.py:651} INFO - DAG(s) dict_keys(['example_time_delta_sensor_async']) retrieved from /home/airflow/.local/lib/python3.7/site-packages/airflow/example_dags/example_time_delta_sensor_async.py
[2022-05-28 01:06:34,893] {logging_mixin.py:115} INFO - [2022-05-28 01:06:34,893] {dag.py:2379} INFO - Sync 1 DAGs
[2022-05-28 01:06:34,911] {logging_mixin.py:115} INFO - [2022-05-28 01:06:34,910] {dag.py:2927} INFO - Setting next_dagrun for example_time_delta_sensor_async to None, run_after=None
[2022-05-28 01:06:34,920] {processor.py:161} INFO - Processing /home/airflow/.local/lib/python3.7/site-packages/airflow/example_dags/example_time_delta_sensor_async.py took 0.067 seconds
[2022-05-28 01:07:05,647] {processor.py:153} INFO - Started process (PID=617) to work on /home/airflow/.local/lib/python3.7/site-packages/airflow/example_dags/example_time_delta_sensor_async.py
[2022-05-28 01:07:05,648] {processor.py:641} INFO - Processing file /home/airflow/.local/lib/python3.7/site-packages/airflow/example_dags/example_time_delta_sensor_async.py for tasks to queue
[2022-05-28 01:07:05,648] {logging_mixin.py:115} INFO - [2022-05-28 01:07:05,648] {dagbag.py:507} INFO - Filling up the DagBag from /home/airflow/.local/lib/python3.7/site-packages/airflow/example_dags/example_time_delta_sensor_async.py
[2022-05-28 01:07:05,653] {processor.py:651} INFO - DAG(s) dict_keys(['example_time_delta_sensor_async']) retrieved from /home/airflow/.local/lib/python3.7/site-packages/airflow/example_dags/example_time_delta_sensor_async.py
[2022-05-28 01:07:05,686] {logging_mixin.py:115} INFO - [2022-05-28 01:07:05,686] {dag.py:2379} INFO - Sync 1 DAGs
[2022-05-28 01:07:05,704] {logging_mixin.py:115} INFO - [2022-05-28 01:07:05,704] {dag.py:2927} INFO - Setting next_dagrun for example_time_delta_sensor_async to None, run_after=None
[2022-05-28 01:07:05,715] {processor.py:161} INFO - Processing /home/airflow/.local/lib/python3.7/site-packages/airflow/example_dags/example_time_delta_sensor_async.py took 0.071 seconds
[2022-05-28 01:07:36,035] {processor.py:153} INFO - Started process (PID=678) to work on /home/airflow/.local/lib/python3.7/site-packages/airflow/example_dags/example_time_delta_sensor_async.py
[2022-05-28 01:07:36,035] {processor.py:641} INFO - Processing file /home/airflow/.local/lib/python3.7/site-packages/airflow/example_dags/example_time_delta_sensor_async.py for tasks to queue
[2022-05-28 01:07:36,036] {logging_mixin.py:115} INFO - [2022-05-28 01:07:36,036] {dagbag.py:507} INFO - Filling up the DagBag from /home/airflow/.local/lib/python3.7/site-packages/airflow/example_dags/example_time_delta_sensor_async.py
[2022-05-28 01:07:36,039] {processor.py:651} INFO - DAG(s) dict_keys(['example_time_delta_sensor_async']) retrieved from /home/airflow/.local/lib/python3.7/site-packages/airflow/example_dags/example_time_delta_sensor_async.py
[2022-05-28 01:07:36,069] {logging_mixin.py:115} INFO - [2022-05-28 01:07:36,069] {dag.py:2379} INFO - Sync 1 DAGs
[2022-05-28 01:07:36,089] {logging_mixin.py:115} INFO - [2022-05-28 01:07:36,089] {dag.py:2927} INFO - Setting next_dagrun for example_time_delta_sensor_async to None, run_after=None
[2022-05-28 01:07:36,098] {processor.py:161} INFO - Processing /home/airflow/.local/lib/python3.7/site-packages/airflow/example_dags/example_time_delta_sensor_async.py took 0.065 seconds
