[2022-05-28 01:02:25,210] {processor.py:153} INFO - Started process (PID=66) to work on /home/airflow/.local/lib/python3.7/site-packages/airflow/example_dags/example_branch_day_of_week_operator.py
[2022-05-28 01:02:25,210] {processor.py:641} INFO - Processing file /home/airflow/.local/lib/python3.7/site-packages/airflow/example_dags/example_branch_day_of_week_operator.py for tasks to queue
[2022-05-28 01:02:25,210] {logging_mixin.py:115} INFO - [2022-05-28 01:02:25,210] {dagbag.py:507} INFO - Filling up the DagBag from /home/airflow/.local/lib/python3.7/site-packages/airflow/example_dags/example_branch_day_of_week_operator.py
[2022-05-28 01:02:25,217] {processor.py:651} INFO - DAG(s) dict_keys(['example_weekday_branch_operator']) retrieved from /home/airflow/.local/lib/python3.7/site-packages/airflow/example_dags/example_branch_day_of_week_operator.py
[2022-05-28 01:02:25,496] {logging_mixin.py:115} INFO - [2022-05-28 01:02:25,496] {manager.py:508} INFO - Created Permission View: can read on DAG:example_weekday_branch_operator
[2022-05-28 01:02:25,503] {logging_mixin.py:115} INFO - [2022-05-28 01:02:25,503] {manager.py:508} INFO - Created Permission View: can delete on DAG:example_weekday_branch_operator
[2022-05-28 01:02:25,508] {logging_mixin.py:115} INFO - [2022-05-28 01:02:25,508] {manager.py:508} INFO - Created Permission View: can edit on DAG:example_weekday_branch_operator
[2022-05-28 01:02:25,508] {logging_mixin.py:115} INFO - [2022-05-28 01:02:25,508] {dag.py:2379} INFO - Sync 1 DAGs
[2022-05-28 01:02:25,515] {logging_mixin.py:115} INFO - [2022-05-28 01:02:25,515] {dag.py:2398} INFO - Creating ORM DAG for example_weekday_branch_operator
[2022-05-28 01:02:25,525] {logging_mixin.py:115} INFO - [2022-05-28 01:02:25,525] {dag.py:2927} INFO - Setting next_dagrun for example_weekday_branch_operator to 2022-05-27T00:00:00+00:00, run_after=2022-05-28T00:00:00+00:00
[2022-05-28 01:02:25,535] {processor.py:161} INFO - Processing /home/airflow/.local/lib/python3.7/site-packages/airflow/example_dags/example_branch_day_of_week_operator.py took 0.328 seconds
[2022-05-28 01:02:56,413] {processor.py:153} INFO - Started process (PID=127) to work on /home/airflow/.local/lib/python3.7/site-packages/airflow/example_dags/example_branch_day_of_week_operator.py
[2022-05-28 01:02:56,414] {processor.py:641} INFO - Processing file /home/airflow/.local/lib/python3.7/site-packages/airflow/example_dags/example_branch_day_of_week_operator.py for tasks to queue
[2022-05-28 01:02:56,414] {logging_mixin.py:115} INFO - [2022-05-28 01:02:56,414] {dagbag.py:507} INFO - Filling up the DagBag from /home/airflow/.local/lib/python3.7/site-packages/airflow/example_dags/example_branch_day_of_week_operator.py
[2022-05-28 01:02:56,420] {processor.py:651} INFO - DAG(s) dict_keys(['example_weekday_branch_operator']) retrieved from /home/airflow/.local/lib/python3.7/site-packages/airflow/example_dags/example_branch_day_of_week_operator.py
[2022-05-28 01:02:56,439] {logging_mixin.py:115} INFO - [2022-05-28 01:02:56,439] {dag.py:2379} INFO - Sync 1 DAGs
[2022-05-28 01:02:56,456] {logging_mixin.py:115} INFO - [2022-05-28 01:02:56,456] {dag.py:2927} INFO - Setting next_dagrun for example_weekday_branch_operator to 2022-05-27T00:00:00+00:00, run_after=2022-05-28T00:00:00+00:00
[2022-05-28 01:02:56,464] {processor.py:161} INFO - Processing /home/airflow/.local/lib/python3.7/site-packages/airflow/example_dags/example_branch_day_of_week_operator.py took 0.053 seconds
[2022-05-28 01:03:27,415] {processor.py:153} INFO - Started process (PID=188) to work on /home/airflow/.local/lib/python3.7/site-packages/airflow/example_dags/example_branch_day_of_week_operator.py
[2022-05-28 01:03:27,415] {processor.py:641} INFO - Processing file /home/airflow/.local/lib/python3.7/site-packages/airflow/example_dags/example_branch_day_of_week_operator.py for tasks to queue
[2022-05-28 01:03:27,416] {logging_mixin.py:115} INFO - [2022-05-28 01:03:27,416] {dagbag.py:507} INFO - Filling up the DagBag from /home/airflow/.local/lib/python3.7/site-packages/airflow/example_dags/example_branch_day_of_week_operator.py
[2022-05-28 01:03:27,422] {processor.py:651} INFO - DAG(s) dict_keys(['example_weekday_branch_operator']) retrieved from /home/airflow/.local/lib/python3.7/site-packages/airflow/example_dags/example_branch_day_of_week_operator.py
[2022-05-28 01:03:27,442] {logging_mixin.py:115} INFO - [2022-05-28 01:03:27,442] {dag.py:2379} INFO - Sync 1 DAGs
[2022-05-28 01:03:27,459] {logging_mixin.py:115} INFO - [2022-05-28 01:03:27,459] {dag.py:2927} INFO - Setting next_dagrun for example_weekday_branch_operator to 2022-05-27T00:00:00+00:00, run_after=2022-05-28T00:00:00+00:00
[2022-05-28 01:03:27,469] {processor.py:161} INFO - Processing /home/airflow/.local/lib/python3.7/site-packages/airflow/example_dags/example_branch_day_of_week_operator.py took 0.057 seconds
[2022-05-28 01:03:58,435] {processor.py:153} INFO - Started process (PID=249) to work on /home/airflow/.local/lib/python3.7/site-packages/airflow/example_dags/example_branch_day_of_week_operator.py
[2022-05-28 01:03:58,436] {processor.py:641} INFO - Processing file /home/airflow/.local/lib/python3.7/site-packages/airflow/example_dags/example_branch_day_of_week_operator.py for tasks to queue
[2022-05-28 01:03:58,437] {logging_mixin.py:115} INFO - [2022-05-28 01:03:58,437] {dagbag.py:507} INFO - Filling up the DagBag from /home/airflow/.local/lib/python3.7/site-packages/airflow/example_dags/example_branch_day_of_week_operator.py
[2022-05-28 01:03:58,443] {processor.py:651} INFO - DAG(s) dict_keys(['example_weekday_branch_operator']) retrieved from /home/airflow/.local/lib/python3.7/site-packages/airflow/example_dags/example_branch_day_of_week_operator.py
[2022-05-28 01:03:58,468] {logging_mixin.py:115} INFO - [2022-05-28 01:03:58,467] {dag.py:2379} INFO - Sync 1 DAGs
[2022-05-28 01:03:58,490] {logging_mixin.py:115} INFO - [2022-05-28 01:03:58,490] {dag.py:2927} INFO - Setting next_dagrun for example_weekday_branch_operator to 2022-05-27T00:00:00+00:00, run_after=2022-05-28T00:00:00+00:00
[2022-05-28 01:03:58,500] {processor.py:161} INFO - Processing /home/airflow/.local/lib/python3.7/site-packages/airflow/example_dags/example_branch_day_of_week_operator.py took 0.068 seconds
[2022-05-28 01:04:28,641] {processor.py:153} INFO - Started process (PID=301) to work on /home/airflow/.local/lib/python3.7/site-packages/airflow/example_dags/example_branch_day_of_week_operator.py
[2022-05-28 01:04:28,641] {processor.py:641} INFO - Processing file /home/airflow/.local/lib/python3.7/site-packages/airflow/example_dags/example_branch_day_of_week_operator.py for tasks to queue
[2022-05-28 01:04:28,642] {logging_mixin.py:115} INFO - [2022-05-28 01:04:28,642] {dagbag.py:507} INFO - Filling up the DagBag from /home/airflow/.local/lib/python3.7/site-packages/airflow/example_dags/example_branch_day_of_week_operator.py
[2022-05-28 01:04:28,648] {processor.py:651} INFO - DAG(s) dict_keys(['example_weekday_branch_operator']) retrieved from /home/airflow/.local/lib/python3.7/site-packages/airflow/example_dags/example_branch_day_of_week_operator.py
[2022-05-28 01:04:28,670] {logging_mixin.py:115} INFO - [2022-05-28 01:04:28,669] {dag.py:2379} INFO - Sync 1 DAGs
[2022-05-28 01:04:28,688] {logging_mixin.py:115} INFO - [2022-05-28 01:04:28,688] {dag.py:2927} INFO - Setting next_dagrun for example_weekday_branch_operator to 2022-05-27T00:00:00+00:00, run_after=2022-05-28T00:00:00+00:00
[2022-05-28 01:04:28,697] {processor.py:161} INFO - Processing /home/airflow/.local/lib/python3.7/site-packages/airflow/example_dags/example_branch_day_of_week_operator.py took 0.059 seconds
[2022-05-28 01:04:59,366] {processor.py:153} INFO - Started process (PID=362) to work on /home/airflow/.local/lib/python3.7/site-packages/airflow/example_dags/example_branch_day_of_week_operator.py
[2022-05-28 01:04:59,367] {processor.py:641} INFO - Processing file /home/airflow/.local/lib/python3.7/site-packages/airflow/example_dags/example_branch_day_of_week_operator.py for tasks to queue
[2022-05-28 01:04:59,367] {logging_mixin.py:115} INFO - [2022-05-28 01:04:59,367] {dagbag.py:507} INFO - Filling up the DagBag from /home/airflow/.local/lib/python3.7/site-packages/airflow/example_dags/example_branch_day_of_week_operator.py
[2022-05-28 01:04:59,373] {processor.py:651} INFO - DAG(s) dict_keys(['example_weekday_branch_operator']) retrieved from /home/airflow/.local/lib/python3.7/site-packages/airflow/example_dags/example_branch_day_of_week_operator.py
[2022-05-28 01:04:59,394] {logging_mixin.py:115} INFO - [2022-05-28 01:04:59,393] {dag.py:2379} INFO - Sync 1 DAGs
[2022-05-28 01:04:59,412] {logging_mixin.py:115} INFO - [2022-05-28 01:04:59,412] {dag.py:2927} INFO - Setting next_dagrun for example_weekday_branch_operator to 2022-05-27T00:00:00+00:00, run_after=2022-05-28T00:00:00+00:00
[2022-05-28 01:04:59,420] {processor.py:161} INFO - Processing /home/airflow/.local/lib/python3.7/site-packages/airflow/example_dags/example_branch_day_of_week_operator.py took 0.056 seconds
[2022-05-28 01:05:30,289] {processor.py:153} INFO - Started process (PID=423) to work on /home/airflow/.local/lib/python3.7/site-packages/airflow/example_dags/example_branch_day_of_week_operator.py
[2022-05-28 01:05:30,289] {processor.py:641} INFO - Processing file /home/airflow/.local/lib/python3.7/site-packages/airflow/example_dags/example_branch_day_of_week_operator.py for tasks to queue
[2022-05-28 01:05:30,290] {logging_mixin.py:115} INFO - [2022-05-28 01:05:30,290] {dagbag.py:507} INFO - Filling up the DagBag from /home/airflow/.local/lib/python3.7/site-packages/airflow/example_dags/example_branch_day_of_week_operator.py
[2022-05-28 01:05:30,296] {processor.py:651} INFO - DAG(s) dict_keys(['example_weekday_branch_operator']) retrieved from /home/airflow/.local/lib/python3.7/site-packages/airflow/example_dags/example_branch_day_of_week_operator.py
[2022-05-28 01:05:30,317] {logging_mixin.py:115} INFO - [2022-05-28 01:05:30,317] {dag.py:2379} INFO - Sync 1 DAGs
[2022-05-28 01:05:30,338] {logging_mixin.py:115} INFO - [2022-05-28 01:05:30,338] {dag.py:2927} INFO - Setting next_dagrun for example_weekday_branch_operator to 2022-05-27T00:00:00+00:00, run_after=2022-05-28T00:00:00+00:00
[2022-05-28 01:05:30,347] {processor.py:161} INFO - Processing /home/airflow/.local/lib/python3.7/site-packages/airflow/example_dags/example_branch_day_of_week_operator.py took 0.061 seconds
[2022-05-28 01:06:01,027] {processor.py:153} INFO - Started process (PID=484) to work on /home/airflow/.local/lib/python3.7/site-packages/airflow/example_dags/example_branch_day_of_week_operator.py
[2022-05-28 01:06:01,028] {processor.py:641} INFO - Processing file /home/airflow/.local/lib/python3.7/site-packages/airflow/example_dags/example_branch_day_of_week_operator.py for tasks to queue
[2022-05-28 01:06:01,028] {logging_mixin.py:115} INFO - [2022-05-28 01:06:01,028] {dagbag.py:507} INFO - Filling up the DagBag from /home/airflow/.local/lib/python3.7/site-packages/airflow/example_dags/example_branch_day_of_week_operator.py
[2022-05-28 01:06:01,034] {processor.py:651} INFO - DAG(s) dict_keys(['example_weekday_branch_operator']) retrieved from /home/airflow/.local/lib/python3.7/site-packages/airflow/example_dags/example_branch_day_of_week_operator.py
[2022-05-28 01:06:01,059] {logging_mixin.py:115} INFO - [2022-05-28 01:06:01,059] {dag.py:2379} INFO - Sync 1 DAGs
[2022-05-28 01:06:01,079] {logging_mixin.py:115} INFO - [2022-05-28 01:06:01,079] {dag.py:2927} INFO - Setting next_dagrun for example_weekday_branch_operator to 2022-05-27T00:00:00+00:00, run_after=2022-05-28T00:00:00+00:00
[2022-05-28 01:06:01,088] {processor.py:161} INFO - Processing /home/airflow/.local/lib/python3.7/site-packages/airflow/example_dags/example_branch_day_of_week_operator.py took 0.063 seconds
[2022-05-28 01:06:31,845] {processor.py:153} INFO - Started process (PID=536) to work on /home/airflow/.local/lib/python3.7/site-packages/airflow/example_dags/example_branch_day_of_week_operator.py
[2022-05-28 01:06:31,845] {processor.py:641} INFO - Processing file /home/airflow/.local/lib/python3.7/site-packages/airflow/example_dags/example_branch_day_of_week_operator.py for tasks to queue
[2022-05-28 01:06:31,846] {logging_mixin.py:115} INFO - [2022-05-28 01:06:31,846] {dagbag.py:507} INFO - Filling up the DagBag from /home/airflow/.local/lib/python3.7/site-packages/airflow/example_dags/example_branch_day_of_week_operator.py
[2022-05-28 01:06:31,853] {processor.py:651} INFO - DAG(s) dict_keys(['example_weekday_branch_operator']) retrieved from /home/airflow/.local/lib/python3.7/site-packages/airflow/example_dags/example_branch_day_of_week_operator.py
[2022-05-28 01:06:31,879] {logging_mixin.py:115} INFO - [2022-05-28 01:06:31,878] {dag.py:2379} INFO - Sync 1 DAGs
[2022-05-28 01:06:31,901] {logging_mixin.py:115} INFO - [2022-05-28 01:06:31,901] {dag.py:2927} INFO - Setting next_dagrun for example_weekday_branch_operator to 2022-05-27T00:00:00+00:00, run_after=2022-05-28T00:00:00+00:00
[2022-05-28 01:06:31,914] {processor.py:161} INFO - Processing /home/airflow/.local/lib/python3.7/site-packages/airflow/example_dags/example_branch_day_of_week_operator.py took 0.072 seconds
[2022-05-28 01:07:02,568] {processor.py:153} INFO - Started process (PID=597) to work on /home/airflow/.local/lib/python3.7/site-packages/airflow/example_dags/example_branch_day_of_week_operator.py
[2022-05-28 01:07:02,569] {processor.py:641} INFO - Processing file /home/airflow/.local/lib/python3.7/site-packages/airflow/example_dags/example_branch_day_of_week_operator.py for tasks to queue
[2022-05-28 01:07:02,569] {logging_mixin.py:115} INFO - [2022-05-28 01:07:02,569] {dagbag.py:507} INFO - Filling up the DagBag from /home/airflow/.local/lib/python3.7/site-packages/airflow/example_dags/example_branch_day_of_week_operator.py
[2022-05-28 01:07:02,575] {processor.py:651} INFO - DAG(s) dict_keys(['example_weekday_branch_operator']) retrieved from /home/airflow/.local/lib/python3.7/site-packages/airflow/example_dags/example_branch_day_of_week_operator.py
[2022-05-28 01:07:02,595] {logging_mixin.py:115} INFO - [2022-05-28 01:07:02,595] {dag.py:2379} INFO - Sync 1 DAGs
[2022-05-28 01:07:02,614] {logging_mixin.py:115} INFO - [2022-05-28 01:07:02,614] {dag.py:2927} INFO - Setting next_dagrun for example_weekday_branch_operator to 2022-05-27T00:00:00+00:00, run_after=2022-05-28T00:00:00+00:00
[2022-05-28 01:07:02,622] {processor.py:161} INFO - Processing /home/airflow/.local/lib/python3.7/site-packages/airflow/example_dags/example_branch_day_of_week_operator.py took 0.057 seconds
[2022-05-28 01:07:32,734] {processor.py:153} INFO - Started process (PID=658) to work on /home/airflow/.local/lib/python3.7/site-packages/airflow/example_dags/example_branch_day_of_week_operator.py
[2022-05-28 01:07:32,735] {processor.py:641} INFO - Processing file /home/airflow/.local/lib/python3.7/site-packages/airflow/example_dags/example_branch_day_of_week_operator.py for tasks to queue
[2022-05-28 01:07:32,735] {logging_mixin.py:115} INFO - [2022-05-28 01:07:32,735] {dagbag.py:507} INFO - Filling up the DagBag from /home/airflow/.local/lib/python3.7/site-packages/airflow/example_dags/example_branch_day_of_week_operator.py
[2022-05-28 01:07:32,741] {processor.py:651} INFO - DAG(s) dict_keys(['example_weekday_branch_operator']) retrieved from /home/airflow/.local/lib/python3.7/site-packages/airflow/example_dags/example_branch_day_of_week_operator.py
[2022-05-28 01:07:32,763] {logging_mixin.py:115} INFO - [2022-05-28 01:07:32,762] {dag.py:2379} INFO - Sync 1 DAGs
[2022-05-28 01:07:32,781] {logging_mixin.py:115} INFO - [2022-05-28 01:07:32,781] {dag.py:2927} INFO - Setting next_dagrun for example_weekday_branch_operator to 2022-05-27T00:00:00+00:00, run_after=2022-05-28T00:00:00+00:00
[2022-05-28 01:07:32,790] {processor.py:161} INFO - Processing /home/airflow/.local/lib/python3.7/site-packages/airflow/example_dags/example_branch_day_of_week_operator.py took 0.058 seconds
[2022-05-28 01:08:03,008] {processor.py:153} INFO - Started process (PID=719) to work on /home/airflow/.local/lib/python3.7/site-packages/airflow/example_dags/example_branch_day_of_week_operator.py
[2022-05-28 01:08:03,008] {processor.py:641} INFO - Processing file /home/airflow/.local/lib/python3.7/site-packages/airflow/example_dags/example_branch_day_of_week_operator.py for tasks to queue
[2022-05-28 01:08:03,009] {logging_mixin.py:115} INFO - [2022-05-28 01:08:03,009] {dagbag.py:507} INFO - Filling up the DagBag from /home/airflow/.local/lib/python3.7/site-packages/airflow/example_dags/example_branch_day_of_week_operator.py
[2022-05-28 01:08:03,015] {processor.py:651} INFO - DAG(s) dict_keys(['example_weekday_branch_operator']) retrieved from /home/airflow/.local/lib/python3.7/site-packages/airflow/example_dags/example_branch_day_of_week_operator.py
[2022-05-28 01:08:03,035] {logging_mixin.py:115} INFO - [2022-05-28 01:08:03,035] {dag.py:2379} INFO - Sync 1 DAGs
[2022-05-28 01:08:03,053] {logging_mixin.py:115} INFO - [2022-05-28 01:08:03,053] {dag.py:2927} INFO - Setting next_dagrun for example_weekday_branch_operator to 2022-05-27T00:00:00+00:00, run_after=2022-05-28T00:00:00+00:00
[2022-05-28 01:08:03,061] {processor.py:161} INFO - Processing /home/airflow/.local/lib/python3.7/site-packages/airflow/example_dags/example_branch_day_of_week_operator.py took 0.056 seconds
[2022-05-28 01:08:33,270] {processor.py:153} INFO - Started process (PID=771) to work on /home/airflow/.local/lib/python3.7/site-packages/airflow/example_dags/example_branch_day_of_week_operator.py
[2022-05-28 01:08:33,271] {processor.py:641} INFO - Processing file /home/airflow/.local/lib/python3.7/site-packages/airflow/example_dags/example_branch_day_of_week_operator.py for tasks to queue
[2022-05-28 01:08:33,271] {logging_mixin.py:115} INFO - [2022-05-28 01:08:33,271] {dagbag.py:507} INFO - Filling up the DagBag from /home/airflow/.local/lib/python3.7/site-packages/airflow/example_dags/example_branch_day_of_week_operator.py
[2022-05-28 01:08:33,277] {processor.py:651} INFO - DAG(s) dict_keys(['example_weekday_branch_operator']) retrieved from /home/airflow/.local/lib/python3.7/site-packages/airflow/example_dags/example_branch_day_of_week_operator.py
[2022-05-28 01:08:33,299] {logging_mixin.py:115} INFO - [2022-05-28 01:08:33,298] {dag.py:2379} INFO - Sync 1 DAGs
[2022-05-28 01:08:33,317] {logging_mixin.py:115} INFO - [2022-05-28 01:08:33,317] {dag.py:2927} INFO - Setting next_dagrun for example_weekday_branch_operator to 2022-05-27T00:00:00+00:00, run_after=2022-05-28T00:00:00+00:00
[2022-05-28 01:08:33,326] {processor.py:161} INFO - Processing /home/airflow/.local/lib/python3.7/site-packages/airflow/example_dags/example_branch_day_of_week_operator.py took 0.060 seconds
[2022-05-28 01:09:03,449] {processor.py:153} INFO - Started process (PID=832) to work on /home/airflow/.local/lib/python3.7/site-packages/airflow/example_dags/example_branch_day_of_week_operator.py
[2022-05-28 01:09:03,450] {processor.py:641} INFO - Processing file /home/airflow/.local/lib/python3.7/site-packages/airflow/example_dags/example_branch_day_of_week_operator.py for tasks to queue
[2022-05-28 01:09:03,451] {logging_mixin.py:115} INFO - [2022-05-28 01:09:03,451] {dagbag.py:507} INFO - Filling up the DagBag from /home/airflow/.local/lib/python3.7/site-packages/airflow/example_dags/example_branch_day_of_week_operator.py
[2022-05-28 01:09:03,457] {processor.py:651} INFO - DAG(s) dict_keys(['example_weekday_branch_operator']) retrieved from /home/airflow/.local/lib/python3.7/site-packages/airflow/example_dags/example_branch_day_of_week_operator.py
[2022-05-28 01:09:03,480] {logging_mixin.py:115} INFO - [2022-05-28 01:09:03,480] {dag.py:2379} INFO - Sync 1 DAGs
[2022-05-28 01:09:03,499] {logging_mixin.py:115} INFO - [2022-05-28 01:09:03,499] {dag.py:2927} INFO - Setting next_dagrun for example_weekday_branch_operator to 2022-05-27T00:00:00+00:00, run_after=2022-05-28T00:00:00+00:00
[2022-05-28 01:09:03,507] {processor.py:161} INFO - Processing /home/airflow/.local/lib/python3.7/site-packages/airflow/example_dags/example_branch_day_of_week_operator.py took 0.060 seconds
[2022-05-28 01:09:33,818] {processor.py:153} INFO - Started process (PID=894) to work on /home/airflow/.local/lib/python3.7/site-packages/airflow/example_dags/example_branch_day_of_week_operator.py
[2022-05-28 01:09:33,819] {processor.py:641} INFO - Processing file /home/airflow/.local/lib/python3.7/site-packages/airflow/example_dags/example_branch_day_of_week_operator.py for tasks to queue
[2022-05-28 01:09:33,819] {logging_mixin.py:115} INFO - [2022-05-28 01:09:33,819] {dagbag.py:507} INFO - Filling up the DagBag from /home/airflow/.local/lib/python3.7/site-packages/airflow/example_dags/example_branch_day_of_week_operator.py
[2022-05-28 01:09:33,825] {processor.py:651} INFO - DAG(s) dict_keys(['example_weekday_branch_operator']) retrieved from /home/airflow/.local/lib/python3.7/site-packages/airflow/example_dags/example_branch_day_of_week_operator.py
[2022-05-28 01:09:33,847] {logging_mixin.py:115} INFO - [2022-05-28 01:09:33,847] {dag.py:2379} INFO - Sync 1 DAGs
[2022-05-28 01:09:33,866] {logging_mixin.py:115} INFO - [2022-05-28 01:09:33,865] {dag.py:2927} INFO - Setting next_dagrun for example_weekday_branch_operator to 2022-05-27T00:00:00+00:00, run_after=2022-05-28T00:00:00+00:00
[2022-05-28 01:09:33,874] {processor.py:161} INFO - Processing /home/airflow/.local/lib/python3.7/site-packages/airflow/example_dags/example_branch_day_of_week_operator.py took 0.058 seconds
[2022-05-28 01:10:04,076] {processor.py:153} INFO - Started process (PID=946) to work on /home/airflow/.local/lib/python3.7/site-packages/airflow/example_dags/example_branch_day_of_week_operator.py
[2022-05-28 01:10:04,077] {processor.py:641} INFO - Processing file /home/airflow/.local/lib/python3.7/site-packages/airflow/example_dags/example_branch_day_of_week_operator.py for tasks to queue
[2022-05-28 01:10:04,077] {logging_mixin.py:115} INFO - [2022-05-28 01:10:04,077] {dagbag.py:507} INFO - Filling up the DagBag from /home/airflow/.local/lib/python3.7/site-packages/airflow/example_dags/example_branch_day_of_week_operator.py
[2022-05-28 01:10:04,083] {processor.py:651} INFO - DAG(s) dict_keys(['example_weekday_branch_operator']) retrieved from /home/airflow/.local/lib/python3.7/site-packages/airflow/example_dags/example_branch_day_of_week_operator.py
[2022-05-28 01:10:04,104] {logging_mixin.py:115} INFO - [2022-05-28 01:10:04,104] {dag.py:2379} INFO - Sync 1 DAGs
[2022-05-28 01:10:04,125] {logging_mixin.py:115} INFO - [2022-05-28 01:10:04,125] {dag.py:2927} INFO - Setting next_dagrun for example_weekday_branch_operator to 2022-05-27T00:00:00+00:00, run_after=2022-05-28T00:00:00+00:00
[2022-05-28 01:10:04,136] {processor.py:161} INFO - Processing /home/airflow/.local/lib/python3.7/site-packages/airflow/example_dags/example_branch_day_of_week_operator.py took 0.062 seconds
[2022-05-28 01:10:34,302] {processor.py:153} INFO - Started process (PID=1007) to work on /home/airflow/.local/lib/python3.7/site-packages/airflow/example_dags/example_branch_day_of_week_operator.py
[2022-05-28 01:10:34,303] {processor.py:641} INFO - Processing file /home/airflow/.local/lib/python3.7/site-packages/airflow/example_dags/example_branch_day_of_week_operator.py for tasks to queue
[2022-05-28 01:10:34,303] {logging_mixin.py:115} INFO - [2022-05-28 01:10:34,303] {dagbag.py:507} INFO - Filling up the DagBag from /home/airflow/.local/lib/python3.7/site-packages/airflow/example_dags/example_branch_day_of_week_operator.py
[2022-05-28 01:10:34,309] {processor.py:651} INFO - DAG(s) dict_keys(['example_weekday_branch_operator']) retrieved from /home/airflow/.local/lib/python3.7/site-packages/airflow/example_dags/example_branch_day_of_week_operator.py
[2022-05-28 01:10:34,329] {logging_mixin.py:115} INFO - [2022-05-28 01:10:34,329] {dag.py:2379} INFO - Sync 1 DAGs
[2022-05-28 01:10:34,348] {logging_mixin.py:115} INFO - [2022-05-28 01:10:34,347] {dag.py:2927} INFO - Setting next_dagrun for example_weekday_branch_operator to 2022-05-27T00:00:00+00:00, run_after=2022-05-28T00:00:00+00:00
[2022-05-28 01:10:34,356] {processor.py:161} INFO - Processing /home/airflow/.local/lib/python3.7/site-packages/airflow/example_dags/example_branch_day_of_week_operator.py took 0.056 seconds
[2022-05-28 01:11:04,704] {processor.py:153} INFO - Started process (PID=1068) to work on /home/airflow/.local/lib/python3.7/site-packages/airflow/example_dags/example_branch_day_of_week_operator.py
[2022-05-28 01:11:04,705] {processor.py:641} INFO - Processing file /home/airflow/.local/lib/python3.7/site-packages/airflow/example_dags/example_branch_day_of_week_operator.py for tasks to queue
[2022-05-28 01:11:04,705] {logging_mixin.py:115} INFO - [2022-05-28 01:11:04,705] {dagbag.py:507} INFO - Filling up the DagBag from /home/airflow/.local/lib/python3.7/site-packages/airflow/example_dags/example_branch_day_of_week_operator.py
[2022-05-28 01:11:04,711] {processor.py:651} INFO - DAG(s) dict_keys(['example_weekday_branch_operator']) retrieved from /home/airflow/.local/lib/python3.7/site-packages/airflow/example_dags/example_branch_day_of_week_operator.py
[2022-05-28 01:11:04,732] {logging_mixin.py:115} INFO - [2022-05-28 01:11:04,732] {dag.py:2379} INFO - Sync 1 DAGs
[2022-05-28 01:11:04,750] {logging_mixin.py:115} INFO - [2022-05-28 01:11:04,750] {dag.py:2927} INFO - Setting next_dagrun for example_weekday_branch_operator to 2022-05-27T00:00:00+00:00, run_after=2022-05-28T00:00:00+00:00
[2022-05-28 01:11:04,759] {processor.py:161} INFO - Processing /home/airflow/.local/lib/python3.7/site-packages/airflow/example_dags/example_branch_day_of_week_operator.py took 0.057 seconds
[2022-05-28 01:11:35,190] {processor.py:153} INFO - Started process (PID=1129) to work on /home/airflow/.local/lib/python3.7/site-packages/airflow/example_dags/example_branch_day_of_week_operator.py
[2022-05-28 01:11:35,191] {processor.py:641} INFO - Processing file /home/airflow/.local/lib/python3.7/site-packages/airflow/example_dags/example_branch_day_of_week_operator.py for tasks to queue
[2022-05-28 01:11:35,191] {logging_mixin.py:115} INFO - [2022-05-28 01:11:35,191] {dagbag.py:507} INFO - Filling up the DagBag from /home/airflow/.local/lib/python3.7/site-packages/airflow/example_dags/example_branch_day_of_week_operator.py
[2022-05-28 01:11:35,197] {processor.py:651} INFO - DAG(s) dict_keys(['example_weekday_branch_operator']) retrieved from /home/airflow/.local/lib/python3.7/site-packages/airflow/example_dags/example_branch_day_of_week_operator.py
[2022-05-28 01:11:35,218] {logging_mixin.py:115} INFO - [2022-05-28 01:11:35,218] {dag.py:2379} INFO - Sync 1 DAGs
[2022-05-28 01:11:35,236] {logging_mixin.py:115} INFO - [2022-05-28 01:11:35,236] {dag.py:2927} INFO - Setting next_dagrun for example_weekday_branch_operator to 2022-05-27T00:00:00+00:00, run_after=2022-05-28T00:00:00+00:00
[2022-05-28 01:11:35,247] {processor.py:161} INFO - Processing /home/airflow/.local/lib/python3.7/site-packages/airflow/example_dags/example_branch_day_of_week_operator.py took 0.059 seconds
[2022-05-28 01:12:05,451] {processor.py:153} INFO - Started process (PID=1181) to work on /home/airflow/.local/lib/python3.7/site-packages/airflow/example_dags/example_branch_day_of_week_operator.py
[2022-05-28 01:12:05,451] {processor.py:641} INFO - Processing file /home/airflow/.local/lib/python3.7/site-packages/airflow/example_dags/example_branch_day_of_week_operator.py for tasks to queue
[2022-05-28 01:12:05,452] {logging_mixin.py:115} INFO - [2022-05-28 01:12:05,452] {dagbag.py:507} INFO - Filling up the DagBag from /home/airflow/.local/lib/python3.7/site-packages/airflow/example_dags/example_branch_day_of_week_operator.py
[2022-05-28 01:12:05,458] {processor.py:651} INFO - DAG(s) dict_keys(['example_weekday_branch_operator']) retrieved from /home/airflow/.local/lib/python3.7/site-packages/airflow/example_dags/example_branch_day_of_week_operator.py
[2022-05-28 01:12:05,507] {logging_mixin.py:115} INFO - [2022-05-28 01:12:05,506] {dag.py:2379} INFO - Sync 1 DAGs
[2022-05-28 01:12:05,529] {logging_mixin.py:115} INFO - [2022-05-28 01:12:05,529] {dag.py:2927} INFO - Setting next_dagrun for example_weekday_branch_operator to 2022-05-27T00:00:00+00:00, run_after=2022-05-28T00:00:00+00:00
[2022-05-28 01:12:05,540] {processor.py:161} INFO - Processing /home/airflow/.local/lib/python3.7/site-packages/airflow/example_dags/example_branch_day_of_week_operator.py took 0.092 seconds
[2022-05-28 01:12:35,837] {processor.py:153} INFO - Started process (PID=1242) to work on /home/airflow/.local/lib/python3.7/site-packages/airflow/example_dags/example_branch_day_of_week_operator.py
[2022-05-28 01:12:35,838] {processor.py:641} INFO - Processing file /home/airflow/.local/lib/python3.7/site-packages/airflow/example_dags/example_branch_day_of_week_operator.py for tasks to queue
[2022-05-28 01:12:35,838] {logging_mixin.py:115} INFO - [2022-05-28 01:12:35,838] {dagbag.py:507} INFO - Filling up the DagBag from /home/airflow/.local/lib/python3.7/site-packages/airflow/example_dags/example_branch_day_of_week_operator.py
[2022-05-28 01:12:35,845] {processor.py:651} INFO - DAG(s) dict_keys(['example_weekday_branch_operator']) retrieved from /home/airflow/.local/lib/python3.7/site-packages/airflow/example_dags/example_branch_day_of_week_operator.py
[2022-05-28 01:12:35,881] {logging_mixin.py:115} INFO - [2022-05-28 01:12:35,881] {dag.py:2379} INFO - Sync 1 DAGs
[2022-05-28 01:12:35,900] {logging_mixin.py:115} INFO - [2022-05-28 01:12:35,900] {dag.py:2927} INFO - Setting next_dagrun for example_weekday_branch_operator to 2022-05-27T00:00:00+00:00, run_after=2022-05-28T00:00:00+00:00
[2022-05-28 01:12:35,910] {processor.py:161} INFO - Processing /home/airflow/.local/lib/python3.7/site-packages/airflow/example_dags/example_branch_day_of_week_operator.py took 0.075 seconds
[2022-05-28 01:13:06,170] {processor.py:153} INFO - Started process (PID=1303) to work on /home/airflow/.local/lib/python3.7/site-packages/airflow/example_dags/example_branch_day_of_week_operator.py
[2022-05-28 01:13:06,170] {processor.py:641} INFO - Processing file /home/airflow/.local/lib/python3.7/site-packages/airflow/example_dags/example_branch_day_of_week_operator.py for tasks to queue
[2022-05-28 01:13:06,171] {logging_mixin.py:115} INFO - [2022-05-28 01:13:06,171] {dagbag.py:507} INFO - Filling up the DagBag from /home/airflow/.local/lib/python3.7/site-packages/airflow/example_dags/example_branch_day_of_week_operator.py
[2022-05-28 01:13:06,177] {processor.py:651} INFO - DAG(s) dict_keys(['example_weekday_branch_operator']) retrieved from /home/airflow/.local/lib/python3.7/site-packages/airflow/example_dags/example_branch_day_of_week_operator.py
[2022-05-28 01:13:06,196] {logging_mixin.py:115} INFO - [2022-05-28 01:13:06,196] {dag.py:2379} INFO - Sync 1 DAGs
[2022-05-28 01:13:06,214] {logging_mixin.py:115} INFO - [2022-05-28 01:13:06,214] {dag.py:2927} INFO - Setting next_dagrun for example_weekday_branch_operator to 2022-05-27T00:00:00+00:00, run_after=2022-05-28T00:00:00+00:00
[2022-05-28 01:13:06,223] {processor.py:161} INFO - Processing /home/airflow/.local/lib/python3.7/site-packages/airflow/example_dags/example_branch_day_of_week_operator.py took 0.056 seconds
[2022-05-28 01:13:36,513] {processor.py:153} INFO - Started process (PID=1364) to work on /home/airflow/.local/lib/python3.7/site-packages/airflow/example_dags/example_branch_day_of_week_operator.py
[2022-05-28 01:13:36,513] {processor.py:641} INFO - Processing file /home/airflow/.local/lib/python3.7/site-packages/airflow/example_dags/example_branch_day_of_week_operator.py for tasks to queue
[2022-05-28 01:13:36,514] {logging_mixin.py:115} INFO - [2022-05-28 01:13:36,514] {dagbag.py:507} INFO - Filling up the DagBag from /home/airflow/.local/lib/python3.7/site-packages/airflow/example_dags/example_branch_day_of_week_operator.py
[2022-05-28 01:13:36,520] {processor.py:651} INFO - DAG(s) dict_keys(['example_weekday_branch_operator']) retrieved from /home/airflow/.local/lib/python3.7/site-packages/airflow/example_dags/example_branch_day_of_week_operator.py
[2022-05-28 01:13:36,541] {logging_mixin.py:115} INFO - [2022-05-28 01:13:36,541] {dag.py:2379} INFO - Sync 1 DAGs
[2022-05-28 01:13:36,560] {logging_mixin.py:115} INFO - [2022-05-28 01:13:36,560] {dag.py:2927} INFO - Setting next_dagrun for example_weekday_branch_operator to 2022-05-27T00:00:00+00:00, run_after=2022-05-28T00:00:00+00:00
[2022-05-28 01:13:36,569] {processor.py:161} INFO - Processing /home/airflow/.local/lib/python3.7/site-packages/airflow/example_dags/example_branch_day_of_week_operator.py took 0.059 seconds
[2022-05-28 01:14:06,826] {processor.py:153} INFO - Started process (PID=1416) to work on /home/airflow/.local/lib/python3.7/site-packages/airflow/example_dags/example_branch_day_of_week_operator.py
[2022-05-28 01:14:06,827] {processor.py:641} INFO - Processing file /home/airflow/.local/lib/python3.7/site-packages/airflow/example_dags/example_branch_day_of_week_operator.py for tasks to queue
[2022-05-28 01:14:06,827] {logging_mixin.py:115} INFO - [2022-05-28 01:14:06,827] {dagbag.py:507} INFO - Filling up the DagBag from /home/airflow/.local/lib/python3.7/site-packages/airflow/example_dags/example_branch_day_of_week_operator.py
[2022-05-28 01:14:06,833] {processor.py:651} INFO - DAG(s) dict_keys(['example_weekday_branch_operator']) retrieved from /home/airflow/.local/lib/python3.7/site-packages/airflow/example_dags/example_branch_day_of_week_operator.py
[2022-05-28 01:14:06,855] {logging_mixin.py:115} INFO - [2022-05-28 01:14:06,855] {dag.py:2379} INFO - Sync 1 DAGs
[2022-05-28 01:14:06,874] {logging_mixin.py:115} INFO - [2022-05-28 01:14:06,874] {dag.py:2927} INFO - Setting next_dagrun for example_weekday_branch_operator to 2022-05-27T00:00:00+00:00, run_after=2022-05-28T00:00:00+00:00
[2022-05-28 01:14:06,883] {processor.py:161} INFO - Processing /home/airflow/.local/lib/python3.7/site-packages/airflow/example_dags/example_branch_day_of_week_operator.py took 0.059 seconds
[2022-05-28 01:14:36,927] {processor.py:153} INFO - Started process (PID=1477) to work on /home/airflow/.local/lib/python3.7/site-packages/airflow/example_dags/example_branch_day_of_week_operator.py
[2022-05-28 01:14:36,927] {processor.py:641} INFO - Processing file /home/airflow/.local/lib/python3.7/site-packages/airflow/example_dags/example_branch_day_of_week_operator.py for tasks to queue
[2022-05-28 01:14:36,927] {logging_mixin.py:115} INFO - [2022-05-28 01:14:36,927] {dagbag.py:507} INFO - Filling up the DagBag from /home/airflow/.local/lib/python3.7/site-packages/airflow/example_dags/example_branch_day_of_week_operator.py
[2022-05-28 01:14:36,933] {processor.py:651} INFO - DAG(s) dict_keys(['example_weekday_branch_operator']) retrieved from /home/airflow/.local/lib/python3.7/site-packages/airflow/example_dags/example_branch_day_of_week_operator.py
[2022-05-28 01:14:36,954] {logging_mixin.py:115} INFO - [2022-05-28 01:14:36,953] {dag.py:2379} INFO - Sync 1 DAGs
[2022-05-28 01:14:36,971] {logging_mixin.py:115} INFO - [2022-05-28 01:14:36,971] {dag.py:2927} INFO - Setting next_dagrun for example_weekday_branch_operator to 2022-05-27T00:00:00+00:00, run_after=2022-05-28T00:00:00+00:00
[2022-05-28 01:14:36,979] {processor.py:161} INFO - Processing /home/airflow/.local/lib/python3.7/site-packages/airflow/example_dags/example_branch_day_of_week_operator.py took 0.054 seconds
[2022-05-28 01:15:07,905] {processor.py:153} INFO - Started process (PID=1538) to work on /home/airflow/.local/lib/python3.7/site-packages/airflow/example_dags/example_branch_day_of_week_operator.py
[2022-05-28 01:15:07,906] {processor.py:641} INFO - Processing file /home/airflow/.local/lib/python3.7/site-packages/airflow/example_dags/example_branch_day_of_week_operator.py for tasks to queue
[2022-05-28 01:15:07,906] {logging_mixin.py:115} INFO - [2022-05-28 01:15:07,906] {dagbag.py:507} INFO - Filling up the DagBag from /home/airflow/.local/lib/python3.7/site-packages/airflow/example_dags/example_branch_day_of_week_operator.py
[2022-05-28 01:15:07,912] {processor.py:651} INFO - DAG(s) dict_keys(['example_weekday_branch_operator']) retrieved from /home/airflow/.local/lib/python3.7/site-packages/airflow/example_dags/example_branch_day_of_week_operator.py
[2022-05-28 01:15:07,930] {logging_mixin.py:115} INFO - [2022-05-28 01:15:07,930] {dag.py:2379} INFO - Sync 1 DAGs
[2022-05-28 01:15:07,947] {logging_mixin.py:115} INFO - [2022-05-28 01:15:07,947] {dag.py:2927} INFO - Setting next_dagrun for example_weekday_branch_operator to 2022-05-27T00:00:00+00:00, run_after=2022-05-28T00:00:00+00:00
[2022-05-28 01:15:07,955] {processor.py:161} INFO - Processing /home/airflow/.local/lib/python3.7/site-packages/airflow/example_dags/example_branch_day_of_week_operator.py took 0.052 seconds
[2022-05-28 01:15:38,719] {processor.py:153} INFO - Started process (PID=1599) to work on /home/airflow/.local/lib/python3.7/site-packages/airflow/example_dags/example_branch_day_of_week_operator.py
[2022-05-28 01:15:38,720] {processor.py:641} INFO - Processing file /home/airflow/.local/lib/python3.7/site-packages/airflow/example_dags/example_branch_day_of_week_operator.py for tasks to queue
[2022-05-28 01:15:38,720] {logging_mixin.py:115} INFO - [2022-05-28 01:15:38,720] {dagbag.py:507} INFO - Filling up the DagBag from /home/airflow/.local/lib/python3.7/site-packages/airflow/example_dags/example_branch_day_of_week_operator.py
[2022-05-28 01:15:38,726] {processor.py:651} INFO - DAG(s) dict_keys(['example_weekday_branch_operator']) retrieved from /home/airflow/.local/lib/python3.7/site-packages/airflow/example_dags/example_branch_day_of_week_operator.py
[2022-05-28 01:15:38,745] {logging_mixin.py:115} INFO - [2022-05-28 01:15:38,745] {dag.py:2379} INFO - Sync 1 DAGs
[2022-05-28 01:15:38,763] {logging_mixin.py:115} INFO - [2022-05-28 01:15:38,763] {dag.py:2927} INFO - Setting next_dagrun for example_weekday_branch_operator to 2022-05-27T00:00:00+00:00, run_after=2022-05-28T00:00:00+00:00
[2022-05-28 01:15:38,771] {processor.py:161} INFO - Processing /home/airflow/.local/lib/python3.7/site-packages/airflow/example_dags/example_branch_day_of_week_operator.py took 0.054 seconds
[2022-05-28 01:16:09,737] {processor.py:153} INFO - Started process (PID=1650) to work on /home/airflow/.local/lib/python3.7/site-packages/airflow/example_dags/example_branch_day_of_week_operator.py
[2022-05-28 01:16:09,738] {processor.py:641} INFO - Processing file /home/airflow/.local/lib/python3.7/site-packages/airflow/example_dags/example_branch_day_of_week_operator.py for tasks to queue
[2022-05-28 01:16:09,738] {logging_mixin.py:115} INFO - [2022-05-28 01:16:09,738] {dagbag.py:507} INFO - Filling up the DagBag from /home/airflow/.local/lib/python3.7/site-packages/airflow/example_dags/example_branch_day_of_week_operator.py
[2022-05-28 01:16:09,744] {processor.py:651} INFO - DAG(s) dict_keys(['example_weekday_branch_operator']) retrieved from /home/airflow/.local/lib/python3.7/site-packages/airflow/example_dags/example_branch_day_of_week_operator.py
[2022-05-28 01:16:09,764] {logging_mixin.py:115} INFO - [2022-05-28 01:16:09,763] {dag.py:2379} INFO - Sync 1 DAGs
[2022-05-28 01:16:09,781] {logging_mixin.py:115} INFO - [2022-05-28 01:16:09,781] {dag.py:2927} INFO - Setting next_dagrun for example_weekday_branch_operator to 2022-05-27T00:00:00+00:00, run_after=2022-05-28T00:00:00+00:00
[2022-05-28 01:16:09,788] {processor.py:161} INFO - Processing /home/airflow/.local/lib/python3.7/site-packages/airflow/example_dags/example_branch_day_of_week_operator.py took 0.053 seconds
[2022-05-28 01:16:40,652] {processor.py:153} INFO - Started process (PID=1711) to work on /home/airflow/.local/lib/python3.7/site-packages/airflow/example_dags/example_branch_day_of_week_operator.py
[2022-05-28 01:16:40,653] {processor.py:641} INFO - Processing file /home/airflow/.local/lib/python3.7/site-packages/airflow/example_dags/example_branch_day_of_week_operator.py for tasks to queue
[2022-05-28 01:16:40,653] {logging_mixin.py:115} INFO - [2022-05-28 01:16:40,653] {dagbag.py:507} INFO - Filling up the DagBag from /home/airflow/.local/lib/python3.7/site-packages/airflow/example_dags/example_branch_day_of_week_operator.py
[2022-05-28 01:16:40,659] {processor.py:651} INFO - DAG(s) dict_keys(['example_weekday_branch_operator']) retrieved from /home/airflow/.local/lib/python3.7/site-packages/airflow/example_dags/example_branch_day_of_week_operator.py
[2022-05-28 01:16:40,678] {logging_mixin.py:115} INFO - [2022-05-28 01:16:40,678] {dag.py:2379} INFO - Sync 1 DAGs
[2022-05-28 01:16:40,697] {logging_mixin.py:115} INFO - [2022-05-28 01:16:40,697] {dag.py:2927} INFO - Setting next_dagrun for example_weekday_branch_operator to 2022-05-27T00:00:00+00:00, run_after=2022-05-28T00:00:00+00:00
[2022-05-28 01:16:40,705] {processor.py:161} INFO - Processing /home/airflow/.local/lib/python3.7/site-packages/airflow/example_dags/example_branch_day_of_week_operator.py took 0.055 seconds
[2022-05-28 01:17:11,010] {processor.py:153} INFO - Started process (PID=1772) to work on /home/airflow/.local/lib/python3.7/site-packages/airflow/example_dags/example_branch_day_of_week_operator.py
[2022-05-28 01:17:11,011] {processor.py:641} INFO - Processing file /home/airflow/.local/lib/python3.7/site-packages/airflow/example_dags/example_branch_day_of_week_operator.py for tasks to queue
[2022-05-28 01:17:11,011] {logging_mixin.py:115} INFO - [2022-05-28 01:17:11,011] {dagbag.py:507} INFO - Filling up the DagBag from /home/airflow/.local/lib/python3.7/site-packages/airflow/example_dags/example_branch_day_of_week_operator.py
[2022-05-28 01:17:11,018] {processor.py:651} INFO - DAG(s) dict_keys(['example_weekday_branch_operator']) retrieved from /home/airflow/.local/lib/python3.7/site-packages/airflow/example_dags/example_branch_day_of_week_operator.py
[2022-05-28 01:17:11,040] {logging_mixin.py:115} INFO - [2022-05-28 01:17:11,040] {dag.py:2379} INFO - Sync 1 DAGs
[2022-05-28 01:17:11,059] {logging_mixin.py:115} INFO - [2022-05-28 01:17:11,059] {dag.py:2927} INFO - Setting next_dagrun for example_weekday_branch_operator to 2022-05-27T00:00:00+00:00, run_after=2022-05-28T00:00:00+00:00
[2022-05-28 01:17:11,068] {processor.py:161} INFO - Processing /home/airflow/.local/lib/python3.7/site-packages/airflow/example_dags/example_branch_day_of_week_operator.py took 0.060 seconds
[2022-05-28 01:17:41,389] {processor.py:153} INFO - Started process (PID=1833) to work on /home/airflow/.local/lib/python3.7/site-packages/airflow/example_dags/example_branch_day_of_week_operator.py
[2022-05-28 01:17:41,390] {processor.py:641} INFO - Processing file /home/airflow/.local/lib/python3.7/site-packages/airflow/example_dags/example_branch_day_of_week_operator.py for tasks to queue
[2022-05-28 01:17:41,390] {logging_mixin.py:115} INFO - [2022-05-28 01:17:41,390] {dagbag.py:507} INFO - Filling up the DagBag from /home/airflow/.local/lib/python3.7/site-packages/airflow/example_dags/example_branch_day_of_week_operator.py
[2022-05-28 01:17:41,396] {processor.py:651} INFO - DAG(s) dict_keys(['example_weekday_branch_operator']) retrieved from /home/airflow/.local/lib/python3.7/site-packages/airflow/example_dags/example_branch_day_of_week_operator.py
[2022-05-28 01:17:41,417] {logging_mixin.py:115} INFO - [2022-05-28 01:17:41,417] {dag.py:2379} INFO - Sync 1 DAGs
[2022-05-28 01:17:41,436] {logging_mixin.py:115} INFO - [2022-05-28 01:17:41,436] {dag.py:2927} INFO - Setting next_dagrun for example_weekday_branch_operator to 2022-05-27T00:00:00+00:00, run_after=2022-05-28T00:00:00+00:00
[2022-05-28 01:17:41,447] {processor.py:161} INFO - Processing /home/airflow/.local/lib/python3.7/site-packages/airflow/example_dags/example_branch_day_of_week_operator.py took 0.061 seconds
[2022-05-28 01:18:11,529] {processor.py:153} INFO - Started process (PID=1885) to work on /home/airflow/.local/lib/python3.7/site-packages/airflow/example_dags/example_branch_day_of_week_operator.py
[2022-05-28 01:18:11,529] {processor.py:641} INFO - Processing file /home/airflow/.local/lib/python3.7/site-packages/airflow/example_dags/example_branch_day_of_week_operator.py for tasks to queue
[2022-05-28 01:18:11,530] {logging_mixin.py:115} INFO - [2022-05-28 01:18:11,530] {dagbag.py:507} INFO - Filling up the DagBag from /home/airflow/.local/lib/python3.7/site-packages/airflow/example_dags/example_branch_day_of_week_operator.py
[2022-05-28 01:18:11,535] {processor.py:651} INFO - DAG(s) dict_keys(['example_weekday_branch_operator']) retrieved from /home/airflow/.local/lib/python3.7/site-packages/airflow/example_dags/example_branch_day_of_week_operator.py
[2022-05-28 01:18:11,556] {logging_mixin.py:115} INFO - [2022-05-28 01:18:11,556] {dag.py:2379} INFO - Sync 1 DAGs
[2022-05-28 01:18:11,574] {logging_mixin.py:115} INFO - [2022-05-28 01:18:11,574] {dag.py:2927} INFO - Setting next_dagrun for example_weekday_branch_operator to 2022-05-27T00:00:00+00:00, run_after=2022-05-28T00:00:00+00:00
[2022-05-28 01:18:11,584] {processor.py:161} INFO - Processing /home/airflow/.local/lib/python3.7/site-packages/airflow/example_dags/example_branch_day_of_week_operator.py took 0.058 seconds
[2022-05-28 01:18:41,874] {processor.py:153} INFO - Started process (PID=1946) to work on /home/airflow/.local/lib/python3.7/site-packages/airflow/example_dags/example_branch_day_of_week_operator.py
[2022-05-28 01:18:41,875] {processor.py:641} INFO - Processing file /home/airflow/.local/lib/python3.7/site-packages/airflow/example_dags/example_branch_day_of_week_operator.py for tasks to queue
[2022-05-28 01:18:41,876] {logging_mixin.py:115} INFO - [2022-05-28 01:18:41,875] {dagbag.py:507} INFO - Filling up the DagBag from /home/airflow/.local/lib/python3.7/site-packages/airflow/example_dags/example_branch_day_of_week_operator.py
[2022-05-28 01:18:41,881] {processor.py:651} INFO - DAG(s) dict_keys(['example_weekday_branch_operator']) retrieved from /home/airflow/.local/lib/python3.7/site-packages/airflow/example_dags/example_branch_day_of_week_operator.py
[2022-05-28 01:18:41,903] {logging_mixin.py:115} INFO - [2022-05-28 01:18:41,903] {dag.py:2379} INFO - Sync 1 DAGs
[2022-05-28 01:18:41,922] {logging_mixin.py:115} INFO - [2022-05-28 01:18:41,922] {dag.py:2927} INFO - Setting next_dagrun for example_weekday_branch_operator to 2022-05-27T00:00:00+00:00, run_after=2022-05-28T00:00:00+00:00
[2022-05-28 01:18:41,933] {processor.py:161} INFO - Processing /home/airflow/.local/lib/python3.7/site-packages/airflow/example_dags/example_branch_day_of_week_operator.py took 0.060 seconds
[2022-05-28 01:19:12,259] {processor.py:153} INFO - Started process (PID=2007) to work on /home/airflow/.local/lib/python3.7/site-packages/airflow/example_dags/example_branch_day_of_week_operator.py
[2022-05-28 01:19:12,260] {processor.py:641} INFO - Processing file /home/airflow/.local/lib/python3.7/site-packages/airflow/example_dags/example_branch_day_of_week_operator.py for tasks to queue
[2022-05-28 01:19:12,260] {logging_mixin.py:115} INFO - [2022-05-28 01:19:12,260] {dagbag.py:507} INFO - Filling up the DagBag from /home/airflow/.local/lib/python3.7/site-packages/airflow/example_dags/example_branch_day_of_week_operator.py
[2022-05-28 01:19:12,266] {processor.py:651} INFO - DAG(s) dict_keys(['example_weekday_branch_operator']) retrieved from /home/airflow/.local/lib/python3.7/site-packages/airflow/example_dags/example_branch_day_of_week_operator.py
[2022-05-28 01:19:12,285] {logging_mixin.py:115} INFO - [2022-05-28 01:19:12,285] {dag.py:2379} INFO - Sync 1 DAGs
[2022-05-28 01:19:12,302] {logging_mixin.py:115} INFO - [2022-05-28 01:19:12,302] {dag.py:2927} INFO - Setting next_dagrun for example_weekday_branch_operator to 2022-05-27T00:00:00+00:00, run_after=2022-05-28T00:00:00+00:00
[2022-05-28 01:19:12,313] {processor.py:161} INFO - Processing /home/airflow/.local/lib/python3.7/site-packages/airflow/example_dags/example_branch_day_of_week_operator.py took 0.056 seconds
[2022-05-28 01:19:42,640] {processor.py:153} INFO - Started process (PID=2059) to work on /home/airflow/.local/lib/python3.7/site-packages/airflow/example_dags/example_branch_day_of_week_operator.py
[2022-05-28 01:19:42,641] {processor.py:641} INFO - Processing file /home/airflow/.local/lib/python3.7/site-packages/airflow/example_dags/example_branch_day_of_week_operator.py for tasks to queue
[2022-05-28 01:19:42,641] {logging_mixin.py:115} INFO - [2022-05-28 01:19:42,641] {dagbag.py:507} INFO - Filling up the DagBag from /home/airflow/.local/lib/python3.7/site-packages/airflow/example_dags/example_branch_day_of_week_operator.py
[2022-05-28 01:19:42,647] {processor.py:651} INFO - DAG(s) dict_keys(['example_weekday_branch_operator']) retrieved from /home/airflow/.local/lib/python3.7/site-packages/airflow/example_dags/example_branch_day_of_week_operator.py
[2022-05-28 01:19:42,667] {logging_mixin.py:115} INFO - [2022-05-28 01:19:42,667] {dag.py:2379} INFO - Sync 1 DAGs
[2022-05-28 01:19:42,687] {logging_mixin.py:115} INFO - [2022-05-28 01:19:42,687] {dag.py:2927} INFO - Setting next_dagrun for example_weekday_branch_operator to 2022-05-27T00:00:00+00:00, run_after=2022-05-28T00:00:00+00:00
[2022-05-28 01:19:42,698] {processor.py:161} INFO - Processing /home/airflow/.local/lib/python3.7/site-packages/airflow/example_dags/example_branch_day_of_week_operator.py took 0.060 seconds
[2022-05-28 01:20:12,902] {processor.py:153} INFO - Started process (PID=2120) to work on /home/airflow/.local/lib/python3.7/site-packages/airflow/example_dags/example_branch_day_of_week_operator.py
[2022-05-28 01:20:12,902] {processor.py:641} INFO - Processing file /home/airflow/.local/lib/python3.7/site-packages/airflow/example_dags/example_branch_day_of_week_operator.py for tasks to queue
[2022-05-28 01:20:12,903] {logging_mixin.py:115} INFO - [2022-05-28 01:20:12,903] {dagbag.py:507} INFO - Filling up the DagBag from /home/airflow/.local/lib/python3.7/site-packages/airflow/example_dags/example_branch_day_of_week_operator.py
[2022-05-28 01:20:12,908] {processor.py:651} INFO - DAG(s) dict_keys(['example_weekday_branch_operator']) retrieved from /home/airflow/.local/lib/python3.7/site-packages/airflow/example_dags/example_branch_day_of_week_operator.py
[2022-05-28 01:20:12,927] {logging_mixin.py:115} INFO - [2022-05-28 01:20:12,927] {dag.py:2379} INFO - Sync 1 DAGs
[2022-05-28 01:20:12,944] {logging_mixin.py:115} INFO - [2022-05-28 01:20:12,944] {dag.py:2927} INFO - Setting next_dagrun for example_weekday_branch_operator to 2022-05-27T00:00:00+00:00, run_after=2022-05-28T00:00:00+00:00
[2022-05-28 01:20:12,953] {processor.py:161} INFO - Processing /home/airflow/.local/lib/python3.7/site-packages/airflow/example_dags/example_branch_day_of_week_operator.py took 0.053 seconds
[2022-05-28 01:20:50,761] {processor.py:153} INFO - Started process (PID=66) to work on /home/airflow/.local/lib/python3.7/site-packages/airflow/example_dags/example_branch_day_of_week_operator.py
[2022-05-28 01:20:50,762] {processor.py:641} INFO - Processing file /home/airflow/.local/lib/python3.7/site-packages/airflow/example_dags/example_branch_day_of_week_operator.py for tasks to queue
[2022-05-28 01:20:50,762] {logging_mixin.py:115} INFO - [2022-05-28 01:20:50,762] {dagbag.py:507} INFO - Filling up the DagBag from /home/airflow/.local/lib/python3.7/site-packages/airflow/example_dags/example_branch_day_of_week_operator.py
[2022-05-28 01:20:50,769] {processor.py:651} INFO - DAG(s) dict_keys(['example_weekday_branch_operator']) retrieved from /home/airflow/.local/lib/python3.7/site-packages/airflow/example_dags/example_branch_day_of_week_operator.py
[2022-05-28 01:20:50,789] {logging_mixin.py:115} INFO - [2022-05-28 01:20:50,789] {dag.py:2379} INFO - Sync 1 DAGs
[2022-05-28 01:20:50,807] {logging_mixin.py:115} INFO - [2022-05-28 01:20:50,807] {dag.py:2927} INFO - Setting next_dagrun for example_weekday_branch_operator to 2022-05-27T00:00:00+00:00, run_after=2022-05-28T00:00:00+00:00
[2022-05-28 01:20:50,815] {processor.py:161} INFO - Processing /home/airflow/.local/lib/python3.7/site-packages/airflow/example_dags/example_branch_day_of_week_operator.py took 0.057 seconds
[2022-05-28 01:21:21,101] {processor.py:153} INFO - Started process (PID=127) to work on /home/airflow/.local/lib/python3.7/site-packages/airflow/example_dags/example_branch_day_of_week_operator.py
[2022-05-28 01:21:21,102] {processor.py:641} INFO - Processing file /home/airflow/.local/lib/python3.7/site-packages/airflow/example_dags/example_branch_day_of_week_operator.py for tasks to queue
[2022-05-28 01:21:21,102] {logging_mixin.py:115} INFO - [2022-05-28 01:21:21,102] {dagbag.py:507} INFO - Filling up the DagBag from /home/airflow/.local/lib/python3.7/site-packages/airflow/example_dags/example_branch_day_of_week_operator.py
[2022-05-28 01:21:21,108] {processor.py:651} INFO - DAG(s) dict_keys(['example_weekday_branch_operator']) retrieved from /home/airflow/.local/lib/python3.7/site-packages/airflow/example_dags/example_branch_day_of_week_operator.py
[2022-05-28 01:21:21,129] {logging_mixin.py:115} INFO - [2022-05-28 01:21:21,129] {dag.py:2379} INFO - Sync 1 DAGs
[2022-05-28 01:21:21,149] {logging_mixin.py:115} INFO - [2022-05-28 01:21:21,149] {dag.py:2927} INFO - Setting next_dagrun for example_weekday_branch_operator to 2022-05-27T00:00:00+00:00, run_after=2022-05-28T00:00:00+00:00
[2022-05-28 01:21:21,157] {processor.py:161} INFO - Processing /home/airflow/.local/lib/python3.7/site-packages/airflow/example_dags/example_branch_day_of_week_operator.py took 0.059 seconds
[2022-05-28 01:21:51,331] {processor.py:153} INFO - Started process (PID=188) to work on /home/airflow/.local/lib/python3.7/site-packages/airflow/example_dags/example_branch_day_of_week_operator.py
[2022-05-28 01:21:51,332] {processor.py:641} INFO - Processing file /home/airflow/.local/lib/python3.7/site-packages/airflow/example_dags/example_branch_day_of_week_operator.py for tasks to queue
[2022-05-28 01:21:51,332] {logging_mixin.py:115} INFO - [2022-05-28 01:21:51,332] {dagbag.py:507} INFO - Filling up the DagBag from /home/airflow/.local/lib/python3.7/site-packages/airflow/example_dags/example_branch_day_of_week_operator.py
[2022-05-28 01:21:51,339] {processor.py:651} INFO - DAG(s) dict_keys(['example_weekday_branch_operator']) retrieved from /home/airflow/.local/lib/python3.7/site-packages/airflow/example_dags/example_branch_day_of_week_operator.py
[2022-05-28 01:21:51,360] {logging_mixin.py:115} INFO - [2022-05-28 01:21:51,360] {dag.py:2379} INFO - Sync 1 DAGs
[2022-05-28 01:21:51,378] {logging_mixin.py:115} INFO - [2022-05-28 01:21:51,378] {dag.py:2927} INFO - Setting next_dagrun for example_weekday_branch_operator to 2022-05-27T00:00:00+00:00, run_after=2022-05-28T00:00:00+00:00
[2022-05-28 01:21:51,386] {processor.py:161} INFO - Processing /home/airflow/.local/lib/python3.7/site-packages/airflow/example_dags/example_branch_day_of_week_operator.py took 0.057 seconds
[2022-05-28 01:22:22,275] {processor.py:153} INFO - Started process (PID=247) to work on /home/airflow/.local/lib/python3.7/site-packages/airflow/example_dags/example_branch_day_of_week_operator.py
[2022-05-28 01:22:22,276] {processor.py:641} INFO - Processing file /home/airflow/.local/lib/python3.7/site-packages/airflow/example_dags/example_branch_day_of_week_operator.py for tasks to queue
[2022-05-28 01:22:22,277] {logging_mixin.py:115} INFO - [2022-05-28 01:22:22,277] {dagbag.py:507} INFO - Filling up the DagBag from /home/airflow/.local/lib/python3.7/site-packages/airflow/example_dags/example_branch_day_of_week_operator.py
[2022-05-28 01:22:22,282] {processor.py:651} INFO - DAG(s) dict_keys(['example_weekday_branch_operator']) retrieved from /home/airflow/.local/lib/python3.7/site-packages/airflow/example_dags/example_branch_day_of_week_operator.py
[2022-05-28 01:22:22,302] {logging_mixin.py:115} INFO - [2022-05-28 01:22:22,302] {dag.py:2379} INFO - Sync 1 DAGs
[2022-05-28 01:22:22,324] {logging_mixin.py:115} INFO - [2022-05-28 01:22:22,323] {dag.py:2927} INFO - Setting next_dagrun for example_weekday_branch_operator to 2022-05-27T00:00:00+00:00, run_after=2022-05-28T00:00:00+00:00
[2022-05-28 01:22:22,341] {processor.py:161} INFO - Processing /home/airflow/.local/lib/python3.7/site-packages/airflow/example_dags/example_branch_day_of_week_operator.py took 0.068 seconds
[2022-05-28 01:22:53,179] {processor.py:153} INFO - Started process (PID=301) to work on /home/airflow/.local/lib/python3.7/site-packages/airflow/example_dags/example_branch_day_of_week_operator.py
[2022-05-28 01:22:53,180] {processor.py:641} INFO - Processing file /home/airflow/.local/lib/python3.7/site-packages/airflow/example_dags/example_branch_day_of_week_operator.py for tasks to queue
[2022-05-28 01:22:53,181] {logging_mixin.py:115} INFO - [2022-05-28 01:22:53,181] {dagbag.py:507} INFO - Filling up the DagBag from /home/airflow/.local/lib/python3.7/site-packages/airflow/example_dags/example_branch_day_of_week_operator.py
[2022-05-28 01:22:53,187] {processor.py:651} INFO - DAG(s) dict_keys(['example_weekday_branch_operator']) retrieved from /home/airflow/.local/lib/python3.7/site-packages/airflow/example_dags/example_branch_day_of_week_operator.py
[2022-05-28 01:22:53,207] {logging_mixin.py:115} INFO - [2022-05-28 01:22:53,207] {dag.py:2379} INFO - Sync 1 DAGs
[2022-05-28 01:22:53,224] {logging_mixin.py:115} INFO - [2022-05-28 01:22:53,224] {dag.py:2927} INFO - Setting next_dagrun for example_weekday_branch_operator to 2022-05-27T00:00:00+00:00, run_after=2022-05-28T00:00:00+00:00
[2022-05-28 01:22:53,232] {processor.py:161} INFO - Processing /home/airflow/.local/lib/python3.7/site-packages/airflow/example_dags/example_branch_day_of_week_operator.py took 0.055 seconds
[2022-05-28 01:23:24,136] {processor.py:153} INFO - Started process (PID=362) to work on /home/airflow/.local/lib/python3.7/site-packages/airflow/example_dags/example_branch_day_of_week_operator.py
[2022-05-28 01:23:24,136] {processor.py:641} INFO - Processing file /home/airflow/.local/lib/python3.7/site-packages/airflow/example_dags/example_branch_day_of_week_operator.py for tasks to queue
[2022-05-28 01:23:24,137] {logging_mixin.py:115} INFO - [2022-05-28 01:23:24,137] {dagbag.py:507} INFO - Filling up the DagBag from /home/airflow/.local/lib/python3.7/site-packages/airflow/example_dags/example_branch_day_of_week_operator.py
[2022-05-28 01:23:24,143] {processor.py:651} INFO - DAG(s) dict_keys(['example_weekday_branch_operator']) retrieved from /home/airflow/.local/lib/python3.7/site-packages/airflow/example_dags/example_branch_day_of_week_operator.py
[2022-05-28 01:23:24,163] {logging_mixin.py:115} INFO - [2022-05-28 01:23:24,163] {dag.py:2379} INFO - Sync 1 DAGs
[2022-05-28 01:23:24,181] {logging_mixin.py:115} INFO - [2022-05-28 01:23:24,181] {dag.py:2927} INFO - Setting next_dagrun for example_weekday_branch_operator to 2022-05-27T00:00:00+00:00, run_after=2022-05-28T00:00:00+00:00
[2022-05-28 01:23:24,189] {processor.py:161} INFO - Processing /home/airflow/.local/lib/python3.7/site-packages/airflow/example_dags/example_branch_day_of_week_operator.py took 0.056 seconds
[2022-05-28 01:23:54,947] {processor.py:153} INFO - Started process (PID=423) to work on /home/airflow/.local/lib/python3.7/site-packages/airflow/example_dags/example_branch_day_of_week_operator.py
[2022-05-28 01:23:54,947] {processor.py:641} INFO - Processing file /home/airflow/.local/lib/python3.7/site-packages/airflow/example_dags/example_branch_day_of_week_operator.py for tasks to queue
[2022-05-28 01:23:54,948] {logging_mixin.py:115} INFO - [2022-05-28 01:23:54,948] {dagbag.py:507} INFO - Filling up the DagBag from /home/airflow/.local/lib/python3.7/site-packages/airflow/example_dags/example_branch_day_of_week_operator.py
[2022-05-28 01:23:54,953] {processor.py:651} INFO - DAG(s) dict_keys(['example_weekday_branch_operator']) retrieved from /home/airflow/.local/lib/python3.7/site-packages/airflow/example_dags/example_branch_day_of_week_operator.py
[2022-05-28 01:23:54,971] {logging_mixin.py:115} INFO - [2022-05-28 01:23:54,971] {dag.py:2379} INFO - Sync 1 DAGs
[2022-05-28 01:23:54,988] {logging_mixin.py:115} INFO - [2022-05-28 01:23:54,988] {dag.py:2927} INFO - Setting next_dagrun for example_weekday_branch_operator to 2022-05-27T00:00:00+00:00, run_after=2022-05-28T00:00:00+00:00
[2022-05-28 01:23:54,998] {processor.py:161} INFO - Processing /home/airflow/.local/lib/python3.7/site-packages/airflow/example_dags/example_branch_day_of_week_operator.py took 0.053 seconds
[2022-05-28 01:24:25,964] {processor.py:153} INFO - Started process (PID=485) to work on /home/airflow/.local/lib/python3.7/site-packages/airflow/example_dags/example_branch_day_of_week_operator.py
[2022-05-28 01:24:25,965] {processor.py:641} INFO - Processing file /home/airflow/.local/lib/python3.7/site-packages/airflow/example_dags/example_branch_day_of_week_operator.py for tasks to queue
[2022-05-28 01:24:25,965] {logging_mixin.py:115} INFO - [2022-05-28 01:24:25,965] {dagbag.py:507} INFO - Filling up the DagBag from /home/airflow/.local/lib/python3.7/site-packages/airflow/example_dags/example_branch_day_of_week_operator.py
[2022-05-28 01:24:25,971] {processor.py:651} INFO - DAG(s) dict_keys(['example_weekday_branch_operator']) retrieved from /home/airflow/.local/lib/python3.7/site-packages/airflow/example_dags/example_branch_day_of_week_operator.py
[2022-05-28 01:24:25,990] {logging_mixin.py:115} INFO - [2022-05-28 01:24:25,990] {dag.py:2379} INFO - Sync 1 DAGs
[2022-05-28 01:24:26,008] {logging_mixin.py:115} INFO - [2022-05-28 01:24:26,008] {dag.py:2927} INFO - Setting next_dagrun for example_weekday_branch_operator to 2022-05-27T00:00:00+00:00, run_after=2022-05-28T00:00:00+00:00
[2022-05-28 01:24:26,016] {processor.py:161} INFO - Processing /home/airflow/.local/lib/python3.7/site-packages/airflow/example_dags/example_branch_day_of_week_operator.py took 0.053 seconds
[2022-05-28 01:24:56,844] {processor.py:153} INFO - Started process (PID=537) to work on /home/airflow/.local/lib/python3.7/site-packages/airflow/example_dags/example_branch_day_of_week_operator.py
[2022-05-28 01:24:56,845] {processor.py:641} INFO - Processing file /home/airflow/.local/lib/python3.7/site-packages/airflow/example_dags/example_branch_day_of_week_operator.py for tasks to queue
[2022-05-28 01:24:56,845] {logging_mixin.py:115} INFO - [2022-05-28 01:24:56,845] {dagbag.py:507} INFO - Filling up the DagBag from /home/airflow/.local/lib/python3.7/site-packages/airflow/example_dags/example_branch_day_of_week_operator.py
[2022-05-28 01:24:56,850] {processor.py:651} INFO - DAG(s) dict_keys(['example_weekday_branch_operator']) retrieved from /home/airflow/.local/lib/python3.7/site-packages/airflow/example_dags/example_branch_day_of_week_operator.py
[2022-05-28 01:24:56,869] {logging_mixin.py:115} INFO - [2022-05-28 01:24:56,869] {dag.py:2379} INFO - Sync 1 DAGs
[2022-05-28 01:24:56,887] {logging_mixin.py:115} INFO - [2022-05-28 01:24:56,887] {dag.py:2927} INFO - Setting next_dagrun for example_weekday_branch_operator to 2022-05-27T00:00:00+00:00, run_after=2022-05-28T00:00:00+00:00
[2022-05-28 01:24:56,895] {processor.py:161} INFO - Processing /home/airflow/.local/lib/python3.7/site-packages/airflow/example_dags/example_branch_day_of_week_operator.py took 0.052 seconds
[2022-05-28 01:25:27,775] {processor.py:153} INFO - Started process (PID=598) to work on /home/airflow/.local/lib/python3.7/site-packages/airflow/example_dags/example_branch_day_of_week_operator.py
[2022-05-28 01:25:27,776] {processor.py:641} INFO - Processing file /home/airflow/.local/lib/python3.7/site-packages/airflow/example_dags/example_branch_day_of_week_operator.py for tasks to queue
[2022-05-28 01:25:27,777] {logging_mixin.py:115} INFO - [2022-05-28 01:25:27,777] {dagbag.py:507} INFO - Filling up the DagBag from /home/airflow/.local/lib/python3.7/site-packages/airflow/example_dags/example_branch_day_of_week_operator.py
[2022-05-28 01:25:27,783] {processor.py:651} INFO - DAG(s) dict_keys(['example_weekday_branch_operator']) retrieved from /home/airflow/.local/lib/python3.7/site-packages/airflow/example_dags/example_branch_day_of_week_operator.py
[2022-05-28 01:25:27,805] {logging_mixin.py:115} INFO - [2022-05-28 01:25:27,805] {dag.py:2379} INFO - Sync 1 DAGs
[2022-05-28 01:25:27,824] {logging_mixin.py:115} INFO - [2022-05-28 01:25:27,824] {dag.py:2927} INFO - Setting next_dagrun for example_weekday_branch_operator to 2022-05-27T00:00:00+00:00, run_after=2022-05-28T00:00:00+00:00
[2022-05-28 01:25:27,833] {processor.py:161} INFO - Processing /home/airflow/.local/lib/python3.7/site-packages/airflow/example_dags/example_branch_day_of_week_operator.py took 0.060 seconds
[2022-05-28 01:25:57,969] {processor.py:153} INFO - Started process (PID=659) to work on /home/airflow/.local/lib/python3.7/site-packages/airflow/example_dags/example_branch_day_of_week_operator.py
[2022-05-28 01:25:57,970] {processor.py:641} INFO - Processing file /home/airflow/.local/lib/python3.7/site-packages/airflow/example_dags/example_branch_day_of_week_operator.py for tasks to queue
[2022-05-28 01:25:57,970] {logging_mixin.py:115} INFO - [2022-05-28 01:25:57,970] {dagbag.py:507} INFO - Filling up the DagBag from /home/airflow/.local/lib/python3.7/site-packages/airflow/example_dags/example_branch_day_of_week_operator.py
[2022-05-28 01:25:57,975] {processor.py:651} INFO - DAG(s) dict_keys(['example_weekday_branch_operator']) retrieved from /home/airflow/.local/lib/python3.7/site-packages/airflow/example_dags/example_branch_day_of_week_operator.py
[2022-05-28 01:25:57,994] {logging_mixin.py:115} INFO - [2022-05-28 01:25:57,994] {dag.py:2379} INFO - Sync 1 DAGs
[2022-05-28 01:25:58,012] {logging_mixin.py:115} INFO - [2022-05-28 01:25:58,012] {dag.py:2927} INFO - Setting next_dagrun for example_weekday_branch_operator to 2022-05-27T00:00:00+00:00, run_after=2022-05-28T00:00:00+00:00
[2022-05-28 01:25:58,021] {processor.py:161} INFO - Processing /home/airflow/.local/lib/python3.7/site-packages/airflow/example_dags/example_branch_day_of_week_operator.py took 0.053 seconds
[2022-05-28 01:26:28,217] {processor.py:153} INFO - Started process (PID=720) to work on /home/airflow/.local/lib/python3.7/site-packages/airflow/example_dags/example_branch_day_of_week_operator.py
[2022-05-28 01:26:28,218] {processor.py:641} INFO - Processing file /home/airflow/.local/lib/python3.7/site-packages/airflow/example_dags/example_branch_day_of_week_operator.py for tasks to queue
[2022-05-28 01:26:28,218] {logging_mixin.py:115} INFO - [2022-05-28 01:26:28,218] {dagbag.py:507} INFO - Filling up the DagBag from /home/airflow/.local/lib/python3.7/site-packages/airflow/example_dags/example_branch_day_of_week_operator.py
[2022-05-28 01:26:28,224] {processor.py:651} INFO - DAG(s) dict_keys(['example_weekday_branch_operator']) retrieved from /home/airflow/.local/lib/python3.7/site-packages/airflow/example_dags/example_branch_day_of_week_operator.py
[2022-05-28 01:26:28,246] {logging_mixin.py:115} INFO - [2022-05-28 01:26:28,246] {dag.py:2379} INFO - Sync 1 DAGs
[2022-05-28 01:26:28,263] {logging_mixin.py:115} INFO - [2022-05-28 01:26:28,263] {dag.py:2927} INFO - Setting next_dagrun for example_weekday_branch_operator to 2022-05-27T00:00:00+00:00, run_after=2022-05-28T00:00:00+00:00
[2022-05-28 01:26:28,271] {processor.py:161} INFO - Processing /home/airflow/.local/lib/python3.7/site-packages/airflow/example_dags/example_branch_day_of_week_operator.py took 0.056 seconds
[2022-05-28 01:26:58,378] {processor.py:153} INFO - Started process (PID=772) to work on /home/airflow/.local/lib/python3.7/site-packages/airflow/example_dags/example_branch_day_of_week_operator.py
[2022-05-28 01:26:58,379] {processor.py:641} INFO - Processing file /home/airflow/.local/lib/python3.7/site-packages/airflow/example_dags/example_branch_day_of_week_operator.py for tasks to queue
[2022-05-28 01:26:58,379] {logging_mixin.py:115} INFO - [2022-05-28 01:26:58,379] {dagbag.py:507} INFO - Filling up the DagBag from /home/airflow/.local/lib/python3.7/site-packages/airflow/example_dags/example_branch_day_of_week_operator.py
[2022-05-28 01:26:58,384] {processor.py:651} INFO - DAG(s) dict_keys(['example_weekday_branch_operator']) retrieved from /home/airflow/.local/lib/python3.7/site-packages/airflow/example_dags/example_branch_day_of_week_operator.py
[2022-05-28 01:26:58,433] {logging_mixin.py:115} INFO - [2022-05-28 01:26:58,433] {dag.py:2379} INFO - Sync 1 DAGs
[2022-05-28 01:26:58,452] {logging_mixin.py:115} INFO - [2022-05-28 01:26:58,452] {dag.py:2927} INFO - Setting next_dagrun for example_weekday_branch_operator to 2022-05-27T00:00:00+00:00, run_after=2022-05-28T00:00:00+00:00
[2022-05-28 01:26:58,463] {processor.py:161} INFO - Processing /home/airflow/.local/lib/python3.7/site-packages/airflow/example_dags/example_branch_day_of_week_operator.py took 0.087 seconds
[2022-05-28 01:27:28,538] {processor.py:153} INFO - Started process (PID=833) to work on /home/airflow/.local/lib/python3.7/site-packages/airflow/example_dags/example_branch_day_of_week_operator.py
[2022-05-28 01:27:28,538] {processor.py:641} INFO - Processing file /home/airflow/.local/lib/python3.7/site-packages/airflow/example_dags/example_branch_day_of_week_operator.py for tasks to queue
[2022-05-28 01:27:28,538] {logging_mixin.py:115} INFO - [2022-05-28 01:27:28,538] {dagbag.py:507} INFO - Filling up the DagBag from /home/airflow/.local/lib/python3.7/site-packages/airflow/example_dags/example_branch_day_of_week_operator.py
[2022-05-28 01:27:28,544] {processor.py:651} INFO - DAG(s) dict_keys(['example_weekday_branch_operator']) retrieved from /home/airflow/.local/lib/python3.7/site-packages/airflow/example_dags/example_branch_day_of_week_operator.py
[2022-05-28 01:27:28,563] {logging_mixin.py:115} INFO - [2022-05-28 01:27:28,563] {dag.py:2379} INFO - Sync 1 DAGs
[2022-05-28 01:27:28,580] {logging_mixin.py:115} INFO - [2022-05-28 01:27:28,580] {dag.py:2927} INFO - Setting next_dagrun for example_weekday_branch_operator to 2022-05-27T00:00:00+00:00, run_after=2022-05-28T00:00:00+00:00
[2022-05-28 01:27:28,588] {processor.py:161} INFO - Processing /home/airflow/.local/lib/python3.7/site-packages/airflow/example_dags/example_branch_day_of_week_operator.py took 0.053 seconds
[2022-05-28 01:27:58,886] {processor.py:153} INFO - Started process (PID=894) to work on /home/airflow/.local/lib/python3.7/site-packages/airflow/example_dags/example_branch_day_of_week_operator.py
[2022-05-28 01:27:58,887] {processor.py:641} INFO - Processing file /home/airflow/.local/lib/python3.7/site-packages/airflow/example_dags/example_branch_day_of_week_operator.py for tasks to queue
[2022-05-28 01:27:58,887] {logging_mixin.py:115} INFO - [2022-05-28 01:27:58,887] {dagbag.py:507} INFO - Filling up the DagBag from /home/airflow/.local/lib/python3.7/site-packages/airflow/example_dags/example_branch_day_of_week_operator.py
[2022-05-28 01:27:58,893] {processor.py:651} INFO - DAG(s) dict_keys(['example_weekday_branch_operator']) retrieved from /home/airflow/.local/lib/python3.7/site-packages/airflow/example_dags/example_branch_day_of_week_operator.py
[2022-05-28 01:27:58,916] {logging_mixin.py:115} INFO - [2022-05-28 01:27:58,915] {dag.py:2379} INFO - Sync 1 DAGs
[2022-05-28 01:27:58,935] {logging_mixin.py:115} INFO - [2022-05-28 01:27:58,935] {dag.py:2927} INFO - Setting next_dagrun for example_weekday_branch_operator to 2022-05-27T00:00:00+00:00, run_after=2022-05-28T00:00:00+00:00
[2022-05-28 01:27:58,947] {processor.py:161} INFO - Processing /home/airflow/.local/lib/python3.7/site-packages/airflow/example_dags/example_branch_day_of_week_operator.py took 0.064 seconds
[2022-05-28 01:28:29,473] {processor.py:153} INFO - Started process (PID=946) to work on /home/airflow/.local/lib/python3.7/site-packages/airflow/example_dags/example_branch_day_of_week_operator.py
[2022-05-28 01:28:29,474] {processor.py:641} INFO - Processing file /home/airflow/.local/lib/python3.7/site-packages/airflow/example_dags/example_branch_day_of_week_operator.py for tasks to queue
[2022-05-28 01:28:29,474] {logging_mixin.py:115} INFO - [2022-05-28 01:28:29,474] {dagbag.py:507} INFO - Filling up the DagBag from /home/airflow/.local/lib/python3.7/site-packages/airflow/example_dags/example_branch_day_of_week_operator.py
[2022-05-28 01:28:29,479] {processor.py:651} INFO - DAG(s) dict_keys(['example_weekday_branch_operator']) retrieved from /home/airflow/.local/lib/python3.7/site-packages/airflow/example_dags/example_branch_day_of_week_operator.py
[2022-05-28 01:28:29,500] {logging_mixin.py:115} INFO - [2022-05-28 01:28:29,500] {dag.py:2379} INFO - Sync 1 DAGs
[2022-05-28 01:28:29,518] {logging_mixin.py:115} INFO - [2022-05-28 01:28:29,518] {dag.py:2927} INFO - Setting next_dagrun for example_weekday_branch_operator to 2022-05-27T00:00:00+00:00, run_after=2022-05-28T00:00:00+00:00
[2022-05-28 01:28:29,528] {processor.py:161} INFO - Processing /home/airflow/.local/lib/python3.7/site-packages/airflow/example_dags/example_branch_day_of_week_operator.py took 0.057 seconds
[2022-05-28 01:29:00,405] {processor.py:153} INFO - Started process (PID=1007) to work on /home/airflow/.local/lib/python3.7/site-packages/airflow/example_dags/example_branch_day_of_week_operator.py
[2022-05-28 01:29:00,405] {processor.py:641} INFO - Processing file /home/airflow/.local/lib/python3.7/site-packages/airflow/example_dags/example_branch_day_of_week_operator.py for tasks to queue
[2022-05-28 01:29:00,406] {logging_mixin.py:115} INFO - [2022-05-28 01:29:00,406] {dagbag.py:507} INFO - Filling up the DagBag from /home/airflow/.local/lib/python3.7/site-packages/airflow/example_dags/example_branch_day_of_week_operator.py
[2022-05-28 01:29:00,411] {processor.py:651} INFO - DAG(s) dict_keys(['example_weekday_branch_operator']) retrieved from /home/airflow/.local/lib/python3.7/site-packages/airflow/example_dags/example_branch_day_of_week_operator.py
[2022-05-28 01:29:00,432] {logging_mixin.py:115} INFO - [2022-05-28 01:29:00,432] {dag.py:2379} INFO - Sync 1 DAGs
[2022-05-28 01:29:00,450] {logging_mixin.py:115} INFO - [2022-05-28 01:29:00,450] {dag.py:2927} INFO - Setting next_dagrun for example_weekday_branch_operator to 2022-05-27T00:00:00+00:00, run_after=2022-05-28T00:00:00+00:00
[2022-05-28 01:29:00,459] {processor.py:161} INFO - Processing /home/airflow/.local/lib/python3.7/site-packages/airflow/example_dags/example_branch_day_of_week_operator.py took 0.056 seconds
[2022-05-28 01:29:31,327] {processor.py:153} INFO - Started process (PID=1068) to work on /home/airflow/.local/lib/python3.7/site-packages/airflow/example_dags/example_branch_day_of_week_operator.py
[2022-05-28 01:29:31,328] {processor.py:641} INFO - Processing file /home/airflow/.local/lib/python3.7/site-packages/airflow/example_dags/example_branch_day_of_week_operator.py for tasks to queue
[2022-05-28 01:29:31,328] {logging_mixin.py:115} INFO - [2022-05-28 01:29:31,328] {dagbag.py:507} INFO - Filling up the DagBag from /home/airflow/.local/lib/python3.7/site-packages/airflow/example_dags/example_branch_day_of_week_operator.py
[2022-05-28 01:29:31,333] {processor.py:651} INFO - DAG(s) dict_keys(['example_weekday_branch_operator']) retrieved from /home/airflow/.local/lib/python3.7/site-packages/airflow/example_dags/example_branch_day_of_week_operator.py
[2022-05-28 01:29:31,352] {logging_mixin.py:115} INFO - [2022-05-28 01:29:31,352] {dag.py:2379} INFO - Sync 1 DAGs
[2022-05-28 01:29:31,369] {logging_mixin.py:115} INFO - [2022-05-28 01:29:31,369] {dag.py:2927} INFO - Setting next_dagrun for example_weekday_branch_operator to 2022-05-27T00:00:00+00:00, run_after=2022-05-28T00:00:00+00:00
[2022-05-28 01:29:31,377] {processor.py:161} INFO - Processing /home/airflow/.local/lib/python3.7/site-packages/airflow/example_dags/example_branch_day_of_week_operator.py took 0.052 seconds
