[2022-05-28 01:02:29,774] {processor.py:153} INFO - Started process (PID=102) to work on /home/airflow/.local/lib/python3.7/site-packages/airflow/example_dags/tutorial_etl_dag.py
[2022-05-28 01:02:29,774] {processor.py:641} INFO - Processing file /home/airflow/.local/lib/python3.7/site-packages/airflow/example_dags/tutorial_etl_dag.py for tasks to queue
[2022-05-28 01:02:29,775] {logging_mixin.py:115} INFO - [2022-05-28 01:02:29,775] {dagbag.py:507} INFO - Filling up the DagBag from /home/airflow/.local/lib/python3.7/site-packages/airflow/example_dags/tutorial_etl_dag.py
[2022-05-28 01:02:29,780] {processor.py:651} INFO - DAG(s) dict_keys(['tutorial_etl_dag']) retrieved from /home/airflow/.local/lib/python3.7/site-packages/airflow/example_dags/tutorial_etl_dag.py
[2022-05-28 01:02:29,969] {logging_mixin.py:115} INFO - [2022-05-28 01:02:29,969] {manager.py:508} INFO - Created Permission View: can read on DAG:tutorial_etl_dag
[2022-05-28 01:02:29,977] {logging_mixin.py:115} INFO - [2022-05-28 01:02:29,977] {manager.py:508} INFO - Created Permission View: can delete on DAG:tutorial_etl_dag
[2022-05-28 01:02:29,984] {logging_mixin.py:115} INFO - [2022-05-28 01:02:29,983] {manager.py:508} INFO - Created Permission View: can edit on DAG:tutorial_etl_dag
[2022-05-28 01:02:29,984] {logging_mixin.py:115} INFO - [2022-05-28 01:02:29,984] {dag.py:2379} INFO - Sync 1 DAGs
[2022-05-28 01:02:29,997] {logging_mixin.py:115} INFO - [2022-05-28 01:02:29,997] {dag.py:2398} INFO - Creating ORM DAG for tutorial_etl_dag
[2022-05-28 01:02:30,007] {logging_mixin.py:115} INFO - [2022-05-28 01:02:30,007] {dag.py:2927} INFO - Setting next_dagrun for tutorial_etl_dag to None, run_after=None
[2022-05-28 01:02:30,018] {processor.py:161} INFO - Processing /home/airflow/.local/lib/python3.7/site-packages/airflow/example_dags/tutorial_etl_dag.py took 0.246 seconds
[2022-05-28 01:03:00,978] {processor.py:153} INFO - Started process (PID=163) to work on /home/airflow/.local/lib/python3.7/site-packages/airflow/example_dags/tutorial_etl_dag.py
[2022-05-28 01:03:00,978] {processor.py:641} INFO - Processing file /home/airflow/.local/lib/python3.7/site-packages/airflow/example_dags/tutorial_etl_dag.py for tasks to queue
[2022-05-28 01:03:00,979] {logging_mixin.py:115} INFO - [2022-05-28 01:03:00,979] {dagbag.py:507} INFO - Filling up the DagBag from /home/airflow/.local/lib/python3.7/site-packages/airflow/example_dags/tutorial_etl_dag.py
[2022-05-28 01:03:00,984] {processor.py:651} INFO - DAG(s) dict_keys(['tutorial_etl_dag']) retrieved from /home/airflow/.local/lib/python3.7/site-packages/airflow/example_dags/tutorial_etl_dag.py
[2022-05-28 01:03:01,004] {logging_mixin.py:115} INFO - [2022-05-28 01:03:01,004] {dag.py:2379} INFO - Sync 1 DAGs
[2022-05-28 01:03:01,022] {logging_mixin.py:115} INFO - [2022-05-28 01:03:01,022] {dag.py:2927} INFO - Setting next_dagrun for tutorial_etl_dag to None, run_after=None
[2022-05-28 01:03:01,033] {processor.py:161} INFO - Processing /home/airflow/.local/lib/python3.7/site-packages/airflow/example_dags/tutorial_etl_dag.py took 0.057 seconds
[2022-05-28 01:03:31,923] {processor.py:153} INFO - Started process (PID=215) to work on /home/airflow/.local/lib/python3.7/site-packages/airflow/example_dags/tutorial_etl_dag.py
[2022-05-28 01:03:31,924] {processor.py:641} INFO - Processing file /home/airflow/.local/lib/python3.7/site-packages/airflow/example_dags/tutorial_etl_dag.py for tasks to queue
[2022-05-28 01:03:31,924] {logging_mixin.py:115} INFO - [2022-05-28 01:03:31,924] {dagbag.py:507} INFO - Filling up the DagBag from /home/airflow/.local/lib/python3.7/site-packages/airflow/example_dags/tutorial_etl_dag.py
[2022-05-28 01:03:31,929] {processor.py:651} INFO - DAG(s) dict_keys(['tutorial_etl_dag']) retrieved from /home/airflow/.local/lib/python3.7/site-packages/airflow/example_dags/tutorial_etl_dag.py
[2022-05-28 01:03:31,951] {logging_mixin.py:115} INFO - [2022-05-28 01:03:31,951] {dag.py:2379} INFO - Sync 1 DAGs
[2022-05-28 01:03:31,973] {logging_mixin.py:115} INFO - [2022-05-28 01:03:31,973] {dag.py:2927} INFO - Setting next_dagrun for tutorial_etl_dag to None, run_after=None
[2022-05-28 01:03:31,984] {processor.py:161} INFO - Processing /home/airflow/.local/lib/python3.7/site-packages/airflow/example_dags/tutorial_etl_dag.py took 0.063 seconds
[2022-05-28 01:04:03,066] {processor.py:153} INFO - Started process (PID=276) to work on /home/airflow/.local/lib/python3.7/site-packages/airflow/example_dags/tutorial_etl_dag.py
[2022-05-28 01:04:03,067] {processor.py:641} INFO - Processing file /home/airflow/.local/lib/python3.7/site-packages/airflow/example_dags/tutorial_etl_dag.py for tasks to queue
[2022-05-28 01:04:03,067] {logging_mixin.py:115} INFO - [2022-05-28 01:04:03,067] {dagbag.py:507} INFO - Filling up the DagBag from /home/airflow/.local/lib/python3.7/site-packages/airflow/example_dags/tutorial_etl_dag.py
[2022-05-28 01:04:03,073] {processor.py:651} INFO - DAG(s) dict_keys(['tutorial_etl_dag']) retrieved from /home/airflow/.local/lib/python3.7/site-packages/airflow/example_dags/tutorial_etl_dag.py
[2022-05-28 01:04:03,101] {logging_mixin.py:115} INFO - [2022-05-28 01:04:03,101] {dag.py:2379} INFO - Sync 1 DAGs
[2022-05-28 01:04:03,122] {logging_mixin.py:115} INFO - [2022-05-28 01:04:03,122] {dag.py:2927} INFO - Setting next_dagrun for tutorial_etl_dag to None, run_after=None
[2022-05-28 01:04:03,133] {processor.py:161} INFO - Processing /home/airflow/.local/lib/python3.7/site-packages/airflow/example_dags/tutorial_etl_dag.py took 0.070 seconds
[2022-05-28 01:04:33,955] {processor.py:153} INFO - Started process (PID=337) to work on /home/airflow/.local/lib/python3.7/site-packages/airflow/example_dags/tutorial_etl_dag.py
[2022-05-28 01:04:33,956] {processor.py:641} INFO - Processing file /home/airflow/.local/lib/python3.7/site-packages/airflow/example_dags/tutorial_etl_dag.py for tasks to queue
[2022-05-28 01:04:33,956] {logging_mixin.py:115} INFO - [2022-05-28 01:04:33,956] {dagbag.py:507} INFO - Filling up the DagBag from /home/airflow/.local/lib/python3.7/site-packages/airflow/example_dags/tutorial_etl_dag.py
[2022-05-28 01:04:33,961] {processor.py:651} INFO - DAG(s) dict_keys(['tutorial_etl_dag']) retrieved from /home/airflow/.local/lib/python3.7/site-packages/airflow/example_dags/tutorial_etl_dag.py
[2022-05-28 01:04:33,980] {logging_mixin.py:115} INFO - [2022-05-28 01:04:33,980] {dag.py:2379} INFO - Sync 1 DAGs
[2022-05-28 01:04:33,996] {logging_mixin.py:115} INFO - [2022-05-28 01:04:33,996] {dag.py:2927} INFO - Setting next_dagrun for tutorial_etl_dag to None, run_after=None
[2022-05-28 01:04:34,005] {processor.py:161} INFO - Processing /home/airflow/.local/lib/python3.7/site-packages/airflow/example_dags/tutorial_etl_dag.py took 0.052 seconds
[2022-05-28 01:05:04,766] {processor.py:153} INFO - Started process (PID=398) to work on /home/airflow/.local/lib/python3.7/site-packages/airflow/example_dags/tutorial_etl_dag.py
[2022-05-28 01:05:04,767] {processor.py:641} INFO - Processing file /home/airflow/.local/lib/python3.7/site-packages/airflow/example_dags/tutorial_etl_dag.py for tasks to queue
[2022-05-28 01:05:04,767] {logging_mixin.py:115} INFO - [2022-05-28 01:05:04,767] {dagbag.py:507} INFO - Filling up the DagBag from /home/airflow/.local/lib/python3.7/site-packages/airflow/example_dags/tutorial_etl_dag.py
[2022-05-28 01:05:04,773] {processor.py:651} INFO - DAG(s) dict_keys(['tutorial_etl_dag']) retrieved from /home/airflow/.local/lib/python3.7/site-packages/airflow/example_dags/tutorial_etl_dag.py
[2022-05-28 01:05:04,794] {logging_mixin.py:115} INFO - [2022-05-28 01:05:04,794] {dag.py:2379} INFO - Sync 1 DAGs
[2022-05-28 01:05:04,812] {logging_mixin.py:115} INFO - [2022-05-28 01:05:04,812] {dag.py:2927} INFO - Setting next_dagrun for tutorial_etl_dag to None, run_after=None
[2022-05-28 01:05:04,824] {processor.py:161} INFO - Processing /home/airflow/.local/lib/python3.7/site-packages/airflow/example_dags/tutorial_etl_dag.py took 0.060 seconds
[2022-05-28 01:05:35,756] {processor.py:153} INFO - Started process (PID=450) to work on /home/airflow/.local/lib/python3.7/site-packages/airflow/example_dags/tutorial_etl_dag.py
[2022-05-28 01:05:35,757] {processor.py:641} INFO - Processing file /home/airflow/.local/lib/python3.7/site-packages/airflow/example_dags/tutorial_etl_dag.py for tasks to queue
[2022-05-28 01:05:35,757] {logging_mixin.py:115} INFO - [2022-05-28 01:05:35,757] {dagbag.py:507} INFO - Filling up the DagBag from /home/airflow/.local/lib/python3.7/site-packages/airflow/example_dags/tutorial_etl_dag.py
[2022-05-28 01:05:35,763] {processor.py:651} INFO - DAG(s) dict_keys(['tutorial_etl_dag']) retrieved from /home/airflow/.local/lib/python3.7/site-packages/airflow/example_dags/tutorial_etl_dag.py
[2022-05-28 01:05:35,783] {logging_mixin.py:115} INFO - [2022-05-28 01:05:35,783] {dag.py:2379} INFO - Sync 1 DAGs
[2022-05-28 01:05:35,799] {logging_mixin.py:115} INFO - [2022-05-28 01:05:35,799] {dag.py:2927} INFO - Setting next_dagrun for tutorial_etl_dag to None, run_after=None
[2022-05-28 01:05:35,807] {processor.py:161} INFO - Processing /home/airflow/.local/lib/python3.7/site-packages/airflow/example_dags/tutorial_etl_dag.py took 0.053 seconds
[2022-05-28 01:06:06,460] {processor.py:153} INFO - Started process (PID=511) to work on /home/airflow/.local/lib/python3.7/site-packages/airflow/example_dags/tutorial_etl_dag.py
[2022-05-28 01:06:06,460] {processor.py:641} INFO - Processing file /home/airflow/.local/lib/python3.7/site-packages/airflow/example_dags/tutorial_etl_dag.py for tasks to queue
[2022-05-28 01:06:06,461] {logging_mixin.py:115} INFO - [2022-05-28 01:06:06,461] {dagbag.py:507} INFO - Filling up the DagBag from /home/airflow/.local/lib/python3.7/site-packages/airflow/example_dags/tutorial_etl_dag.py
[2022-05-28 01:06:06,465] {processor.py:651} INFO - DAG(s) dict_keys(['tutorial_etl_dag']) retrieved from /home/airflow/.local/lib/python3.7/site-packages/airflow/example_dags/tutorial_etl_dag.py
[2022-05-28 01:06:06,485] {logging_mixin.py:115} INFO - [2022-05-28 01:06:06,485] {dag.py:2379} INFO - Sync 1 DAGs
[2022-05-28 01:06:06,502] {logging_mixin.py:115} INFO - [2022-05-28 01:06:06,502] {dag.py:2927} INFO - Setting next_dagrun for tutorial_etl_dag to None, run_after=None
[2022-05-28 01:06:06,511] {processor.py:161} INFO - Processing /home/airflow/.local/lib/python3.7/site-packages/airflow/example_dags/tutorial_etl_dag.py took 0.053 seconds
[2022-05-28 01:06:37,157] {processor.py:153} INFO - Started process (PID=572) to work on /home/airflow/.local/lib/python3.7/site-packages/airflow/example_dags/tutorial_etl_dag.py
[2022-05-28 01:06:37,157] {processor.py:641} INFO - Processing file /home/airflow/.local/lib/python3.7/site-packages/airflow/example_dags/tutorial_etl_dag.py for tasks to queue
[2022-05-28 01:06:37,158] {logging_mixin.py:115} INFO - [2022-05-28 01:06:37,158] {dagbag.py:507} INFO - Filling up the DagBag from /home/airflow/.local/lib/python3.7/site-packages/airflow/example_dags/tutorial_etl_dag.py
[2022-05-28 01:06:37,163] {processor.py:651} INFO - DAG(s) dict_keys(['tutorial_etl_dag']) retrieved from /home/airflow/.local/lib/python3.7/site-packages/airflow/example_dags/tutorial_etl_dag.py
[2022-05-28 01:06:37,180] {logging_mixin.py:115} INFO - [2022-05-28 01:06:37,180] {dag.py:2379} INFO - Sync 1 DAGs
[2022-05-28 01:06:37,197] {logging_mixin.py:115} INFO - [2022-05-28 01:06:37,196] {dag.py:2927} INFO - Setting next_dagrun for tutorial_etl_dag to None, run_after=None
[2022-05-28 01:06:37,205] {processor.py:161} INFO - Processing /home/airflow/.local/lib/python3.7/site-packages/airflow/example_dags/tutorial_etl_dag.py took 0.050 seconds
[2022-05-28 01:07:08,092] {processor.py:153} INFO - Started process (PID=633) to work on /home/airflow/.local/lib/python3.7/site-packages/airflow/example_dags/tutorial_etl_dag.py
[2022-05-28 01:07:08,093] {processor.py:641} INFO - Processing file /home/airflow/.local/lib/python3.7/site-packages/airflow/example_dags/tutorial_etl_dag.py for tasks to queue
[2022-05-28 01:07:08,093] {logging_mixin.py:115} INFO - [2022-05-28 01:07:08,093] {dagbag.py:507} INFO - Filling up the DagBag from /home/airflow/.local/lib/python3.7/site-packages/airflow/example_dags/tutorial_etl_dag.py
[2022-05-28 01:07:08,098] {processor.py:651} INFO - DAG(s) dict_keys(['tutorial_etl_dag']) retrieved from /home/airflow/.local/lib/python3.7/site-packages/airflow/example_dags/tutorial_etl_dag.py
[2022-05-28 01:07:08,118] {logging_mixin.py:115} INFO - [2022-05-28 01:07:08,118] {dag.py:2379} INFO - Sync 1 DAGs
[2022-05-28 01:07:08,137] {logging_mixin.py:115} INFO - [2022-05-28 01:07:08,137] {dag.py:2927} INFO - Setting next_dagrun for tutorial_etl_dag to None, run_after=None
[2022-05-28 01:07:08,147] {processor.py:161} INFO - Processing /home/airflow/.local/lib/python3.7/site-packages/airflow/example_dags/tutorial_etl_dag.py took 0.057 seconds
[2022-05-28 01:07:38,615] {processor.py:153} INFO - Started process (PID=685) to work on /home/airflow/.local/lib/python3.7/site-packages/airflow/example_dags/tutorial_etl_dag.py
[2022-05-28 01:07:38,615] {processor.py:641} INFO - Processing file /home/airflow/.local/lib/python3.7/site-packages/airflow/example_dags/tutorial_etl_dag.py for tasks to queue
[2022-05-28 01:07:38,616] {logging_mixin.py:115} INFO - [2022-05-28 01:07:38,616] {dagbag.py:507} INFO - Filling up the DagBag from /home/airflow/.local/lib/python3.7/site-packages/airflow/example_dags/tutorial_etl_dag.py
[2022-05-28 01:07:38,620] {processor.py:651} INFO - DAG(s) dict_keys(['tutorial_etl_dag']) retrieved from /home/airflow/.local/lib/python3.7/site-packages/airflow/example_dags/tutorial_etl_dag.py
[2022-05-28 01:07:38,643] {logging_mixin.py:115} INFO - [2022-05-28 01:07:38,643] {dag.py:2379} INFO - Sync 1 DAGs
[2022-05-28 01:07:38,661] {logging_mixin.py:115} INFO - [2022-05-28 01:07:38,661] {dag.py:2927} INFO - Setting next_dagrun for tutorial_etl_dag to None, run_after=None
[2022-05-28 01:07:38,671] {processor.py:161} INFO - Processing /home/airflow/.local/lib/python3.7/site-packages/airflow/example_dags/tutorial_etl_dag.py took 0.059 seconds
[2022-05-28 01:08:08,885] {processor.py:153} INFO - Started process (PID=746) to work on /home/airflow/.local/lib/python3.7/site-packages/airflow/example_dags/tutorial_etl_dag.py
[2022-05-28 01:08:08,886] {processor.py:641} INFO - Processing file /home/airflow/.local/lib/python3.7/site-packages/airflow/example_dags/tutorial_etl_dag.py for tasks to queue
[2022-05-28 01:08:08,886] {logging_mixin.py:115} INFO - [2022-05-28 01:08:08,886] {dagbag.py:507} INFO - Filling up the DagBag from /home/airflow/.local/lib/python3.7/site-packages/airflow/example_dags/tutorial_etl_dag.py
[2022-05-28 01:08:08,891] {processor.py:651} INFO - DAG(s) dict_keys(['tutorial_etl_dag']) retrieved from /home/airflow/.local/lib/python3.7/site-packages/airflow/example_dags/tutorial_etl_dag.py
[2022-05-28 01:08:08,910] {logging_mixin.py:115} INFO - [2022-05-28 01:08:08,910] {dag.py:2379} INFO - Sync 1 DAGs
[2022-05-28 01:08:08,927] {logging_mixin.py:115} INFO - [2022-05-28 01:08:08,927] {dag.py:2927} INFO - Setting next_dagrun for tutorial_etl_dag to None, run_after=None
[2022-05-28 01:08:08,935] {processor.py:161} INFO - Processing /home/airflow/.local/lib/python3.7/site-packages/airflow/example_dags/tutorial_etl_dag.py took 0.053 seconds
[2022-05-28 01:08:40,024] {processor.py:153} INFO - Started process (PID=807) to work on /home/airflow/.local/lib/python3.7/site-packages/airflow/example_dags/tutorial_etl_dag.py
[2022-05-28 01:08:40,024] {processor.py:641} INFO - Processing file /home/airflow/.local/lib/python3.7/site-packages/airflow/example_dags/tutorial_etl_dag.py for tasks to queue
[2022-05-28 01:08:40,025] {logging_mixin.py:115} INFO - [2022-05-28 01:08:40,025] {dagbag.py:507} INFO - Filling up the DagBag from /home/airflow/.local/lib/python3.7/site-packages/airflow/example_dags/tutorial_etl_dag.py
[2022-05-28 01:08:40,029] {processor.py:651} INFO - DAG(s) dict_keys(['tutorial_etl_dag']) retrieved from /home/airflow/.local/lib/python3.7/site-packages/airflow/example_dags/tutorial_etl_dag.py
[2022-05-28 01:08:40,049] {logging_mixin.py:115} INFO - [2022-05-28 01:08:40,048] {dag.py:2379} INFO - Sync 1 DAGs
[2022-05-28 01:08:40,066] {logging_mixin.py:115} INFO - [2022-05-28 01:08:40,066] {dag.py:2927} INFO - Setting next_dagrun for tutorial_etl_dag to None, run_after=None
[2022-05-28 01:08:40,076] {processor.py:161} INFO - Processing /home/airflow/.local/lib/python3.7/site-packages/airflow/example_dags/tutorial_etl_dag.py took 0.054 seconds
[2022-05-28 01:09:10,383] {processor.py:153} INFO - Started process (PID=869) to work on /home/airflow/.local/lib/python3.7/site-packages/airflow/example_dags/tutorial_etl_dag.py
[2022-05-28 01:09:10,384] {processor.py:641} INFO - Processing file /home/airflow/.local/lib/python3.7/site-packages/airflow/example_dags/tutorial_etl_dag.py for tasks to queue
[2022-05-28 01:09:10,384] {logging_mixin.py:115} INFO - [2022-05-28 01:09:10,384] {dagbag.py:507} INFO - Filling up the DagBag from /home/airflow/.local/lib/python3.7/site-packages/airflow/example_dags/tutorial_etl_dag.py
[2022-05-28 01:09:10,389] {processor.py:651} INFO - DAG(s) dict_keys(['tutorial_etl_dag']) retrieved from /home/airflow/.local/lib/python3.7/site-packages/airflow/example_dags/tutorial_etl_dag.py
[2022-05-28 01:09:10,408] {logging_mixin.py:115} INFO - [2022-05-28 01:09:10,408] {dag.py:2379} INFO - Sync 1 DAGs
[2022-05-28 01:09:10,427] {logging_mixin.py:115} INFO - [2022-05-28 01:09:10,427] {dag.py:2927} INFO - Setting next_dagrun for tutorial_etl_dag to None, run_after=None
[2022-05-28 01:09:10,436] {processor.py:161} INFO - Processing /home/airflow/.local/lib/python3.7/site-packages/airflow/example_dags/tutorial_etl_dag.py took 0.055 seconds
[2022-05-28 01:09:40,688] {processor.py:153} INFO - Started process (PID=921) to work on /home/airflow/.local/lib/python3.7/site-packages/airflow/example_dags/tutorial_etl_dag.py
[2022-05-28 01:09:40,688] {processor.py:641} INFO - Processing file /home/airflow/.local/lib/python3.7/site-packages/airflow/example_dags/tutorial_etl_dag.py for tasks to queue
[2022-05-28 01:09:40,689] {logging_mixin.py:115} INFO - [2022-05-28 01:09:40,688] {dagbag.py:507} INFO - Filling up the DagBag from /home/airflow/.local/lib/python3.7/site-packages/airflow/example_dags/tutorial_etl_dag.py
[2022-05-28 01:09:40,693] {processor.py:651} INFO - DAG(s) dict_keys(['tutorial_etl_dag']) retrieved from /home/airflow/.local/lib/python3.7/site-packages/airflow/example_dags/tutorial_etl_dag.py
[2022-05-28 01:09:40,712] {logging_mixin.py:115} INFO - [2022-05-28 01:09:40,712] {dag.py:2379} INFO - Sync 1 DAGs
[2022-05-28 01:09:40,728] {logging_mixin.py:115} INFO - [2022-05-28 01:09:40,728] {dag.py:2927} INFO - Setting next_dagrun for tutorial_etl_dag to None, run_after=None
[2022-05-28 01:09:40,736] {processor.py:161} INFO - Processing /home/airflow/.local/lib/python3.7/site-packages/airflow/example_dags/tutorial_etl_dag.py took 0.051 seconds
[2022-05-28 01:10:11,019] {processor.py:153} INFO - Started process (PID=982) to work on /home/airflow/.local/lib/python3.7/site-packages/airflow/example_dags/tutorial_etl_dag.py
[2022-05-28 01:10:11,019] {processor.py:641} INFO - Processing file /home/airflow/.local/lib/python3.7/site-packages/airflow/example_dags/tutorial_etl_dag.py for tasks to queue
[2022-05-28 01:10:11,020] {logging_mixin.py:115} INFO - [2022-05-28 01:10:11,020] {dagbag.py:507} INFO - Filling up the DagBag from /home/airflow/.local/lib/python3.7/site-packages/airflow/example_dags/tutorial_etl_dag.py
[2022-05-28 01:10:11,026] {processor.py:651} INFO - DAG(s) dict_keys(['tutorial_etl_dag']) retrieved from /home/airflow/.local/lib/python3.7/site-packages/airflow/example_dags/tutorial_etl_dag.py
[2022-05-28 01:10:11,051] {logging_mixin.py:115} INFO - [2022-05-28 01:10:11,050] {dag.py:2379} INFO - Sync 1 DAGs
[2022-05-28 01:10:11,069] {logging_mixin.py:115} INFO - [2022-05-28 01:10:11,069] {dag.py:2927} INFO - Setting next_dagrun for tutorial_etl_dag to None, run_after=None
[2022-05-28 01:10:11,078] {processor.py:161} INFO - Processing /home/airflow/.local/lib/python3.7/site-packages/airflow/example_dags/tutorial_etl_dag.py took 0.062 seconds
[2022-05-28 01:10:41,306] {processor.py:153} INFO - Started process (PID=1043) to work on /home/airflow/.local/lib/python3.7/site-packages/airflow/example_dags/tutorial_etl_dag.py
[2022-05-28 01:10:41,307] {processor.py:641} INFO - Processing file /home/airflow/.local/lib/python3.7/site-packages/airflow/example_dags/tutorial_etl_dag.py for tasks to queue
[2022-05-28 01:10:41,307] {logging_mixin.py:115} INFO - [2022-05-28 01:10:41,307] {dagbag.py:507} INFO - Filling up the DagBag from /home/airflow/.local/lib/python3.7/site-packages/airflow/example_dags/tutorial_etl_dag.py
[2022-05-28 01:10:41,312] {processor.py:651} INFO - DAG(s) dict_keys(['tutorial_etl_dag']) retrieved from /home/airflow/.local/lib/python3.7/site-packages/airflow/example_dags/tutorial_etl_dag.py
[2022-05-28 01:10:41,332] {logging_mixin.py:115} INFO - [2022-05-28 01:10:41,332] {dag.py:2379} INFO - Sync 1 DAGs
[2022-05-28 01:10:41,348] {logging_mixin.py:115} INFO - [2022-05-28 01:10:41,348] {dag.py:2927} INFO - Setting next_dagrun for tutorial_etl_dag to None, run_after=None
[2022-05-28 01:10:41,356] {processor.py:161} INFO - Processing /home/airflow/.local/lib/python3.7/site-packages/airflow/example_dags/tutorial_etl_dag.py took 0.052 seconds
[2022-05-28 01:11:11,786] {processor.py:153} INFO - Started process (PID=1104) to work on /home/airflow/.local/lib/python3.7/site-packages/airflow/example_dags/tutorial_etl_dag.py
[2022-05-28 01:11:11,787] {processor.py:641} INFO - Processing file /home/airflow/.local/lib/python3.7/site-packages/airflow/example_dags/tutorial_etl_dag.py for tasks to queue
[2022-05-28 01:11:11,787] {logging_mixin.py:115} INFO - [2022-05-28 01:11:11,787] {dagbag.py:507} INFO - Filling up the DagBag from /home/airflow/.local/lib/python3.7/site-packages/airflow/example_dags/tutorial_etl_dag.py
[2022-05-28 01:11:11,792] {processor.py:651} INFO - DAG(s) dict_keys(['tutorial_etl_dag']) retrieved from /home/airflow/.local/lib/python3.7/site-packages/airflow/example_dags/tutorial_etl_dag.py
[2022-05-28 01:11:11,811] {logging_mixin.py:115} INFO - [2022-05-28 01:11:11,811] {dag.py:2379} INFO - Sync 1 DAGs
[2022-05-28 01:11:11,828] {logging_mixin.py:115} INFO - [2022-05-28 01:11:11,827] {dag.py:2927} INFO - Setting next_dagrun for tutorial_etl_dag to None, run_after=None
[2022-05-28 01:11:11,836] {processor.py:161} INFO - Processing /home/airflow/.local/lib/python3.7/site-packages/airflow/example_dags/tutorial_etl_dag.py took 0.052 seconds
[2022-05-28 01:11:42,151] {processor.py:153} INFO - Started process (PID=1156) to work on /home/airflow/.local/lib/python3.7/site-packages/airflow/example_dags/tutorial_etl_dag.py
[2022-05-28 01:11:42,152] {processor.py:641} INFO - Processing file /home/airflow/.local/lib/python3.7/site-packages/airflow/example_dags/tutorial_etl_dag.py for tasks to queue
[2022-05-28 01:11:42,152] {logging_mixin.py:115} INFO - [2022-05-28 01:11:42,152] {dagbag.py:507} INFO - Filling up the DagBag from /home/airflow/.local/lib/python3.7/site-packages/airflow/example_dags/tutorial_etl_dag.py
[2022-05-28 01:11:42,158] {processor.py:651} INFO - DAG(s) dict_keys(['tutorial_etl_dag']) retrieved from /home/airflow/.local/lib/python3.7/site-packages/airflow/example_dags/tutorial_etl_dag.py
[2022-05-28 01:11:42,178] {logging_mixin.py:115} INFO - [2022-05-28 01:11:42,178] {dag.py:2379} INFO - Sync 1 DAGs
[2022-05-28 01:11:42,195] {logging_mixin.py:115} INFO - [2022-05-28 01:11:42,195] {dag.py:2927} INFO - Setting next_dagrun for tutorial_etl_dag to None, run_after=None
[2022-05-28 01:11:42,204] {processor.py:161} INFO - Processing /home/airflow/.local/lib/python3.7/site-packages/airflow/example_dags/tutorial_etl_dag.py took 0.055 seconds
[2022-05-28 01:12:12,414] {processor.py:153} INFO - Started process (PID=1217) to work on /home/airflow/.local/lib/python3.7/site-packages/airflow/example_dags/tutorial_etl_dag.py
[2022-05-28 01:12:12,415] {processor.py:641} INFO - Processing file /home/airflow/.local/lib/python3.7/site-packages/airflow/example_dags/tutorial_etl_dag.py for tasks to queue
[2022-05-28 01:12:12,416] {logging_mixin.py:115} INFO - [2022-05-28 01:12:12,415] {dagbag.py:507} INFO - Filling up the DagBag from /home/airflow/.local/lib/python3.7/site-packages/airflow/example_dags/tutorial_etl_dag.py
[2022-05-28 01:12:12,421] {processor.py:651} INFO - DAG(s) dict_keys(['tutorial_etl_dag']) retrieved from /home/airflow/.local/lib/python3.7/site-packages/airflow/example_dags/tutorial_etl_dag.py
[2022-05-28 01:12:12,444] {logging_mixin.py:115} INFO - [2022-05-28 01:12:12,444] {dag.py:2379} INFO - Sync 1 DAGs
[2022-05-28 01:12:12,462] {logging_mixin.py:115} INFO - [2022-05-28 01:12:12,462] {dag.py:2927} INFO - Setting next_dagrun for tutorial_etl_dag to None, run_after=None
[2022-05-28 01:12:12,472] {processor.py:161} INFO - Processing /home/airflow/.local/lib/python3.7/site-packages/airflow/example_dags/tutorial_etl_dag.py took 0.060 seconds
[2022-05-28 01:12:42,736] {processor.py:153} INFO - Started process (PID=1278) to work on /home/airflow/.local/lib/python3.7/site-packages/airflow/example_dags/tutorial_etl_dag.py
[2022-05-28 01:12:42,736] {processor.py:641} INFO - Processing file /home/airflow/.local/lib/python3.7/site-packages/airflow/example_dags/tutorial_etl_dag.py for tasks to queue
[2022-05-28 01:12:42,736] {logging_mixin.py:115} INFO - [2022-05-28 01:12:42,736] {dagbag.py:507} INFO - Filling up the DagBag from /home/airflow/.local/lib/python3.7/site-packages/airflow/example_dags/tutorial_etl_dag.py
[2022-05-28 01:12:42,741] {processor.py:651} INFO - DAG(s) dict_keys(['tutorial_etl_dag']) retrieved from /home/airflow/.local/lib/python3.7/site-packages/airflow/example_dags/tutorial_etl_dag.py
[2022-05-28 01:12:42,762] {logging_mixin.py:115} INFO - [2022-05-28 01:12:42,762] {dag.py:2379} INFO - Sync 1 DAGs
[2022-05-28 01:12:42,778] {logging_mixin.py:115} INFO - [2022-05-28 01:12:42,778] {dag.py:2927} INFO - Setting next_dagrun for tutorial_etl_dag to None, run_after=None
[2022-05-28 01:12:42,788] {processor.py:161} INFO - Processing /home/airflow/.local/lib/python3.7/site-packages/airflow/example_dags/tutorial_etl_dag.py took 0.054 seconds
[2022-05-28 01:13:13,098] {processor.py:153} INFO - Started process (PID=1330) to work on /home/airflow/.local/lib/python3.7/site-packages/airflow/example_dags/tutorial_etl_dag.py
[2022-05-28 01:13:13,098] {processor.py:641} INFO - Processing file /home/airflow/.local/lib/python3.7/site-packages/airflow/example_dags/tutorial_etl_dag.py for tasks to queue
[2022-05-28 01:13:13,098] {logging_mixin.py:115} INFO - [2022-05-28 01:13:13,098] {dagbag.py:507} INFO - Filling up the DagBag from /home/airflow/.local/lib/python3.7/site-packages/airflow/example_dags/tutorial_etl_dag.py
[2022-05-28 01:13:13,105] {processor.py:651} INFO - DAG(s) dict_keys(['tutorial_etl_dag']) retrieved from /home/airflow/.local/lib/python3.7/site-packages/airflow/example_dags/tutorial_etl_dag.py
[2022-05-28 01:13:13,125] {logging_mixin.py:115} INFO - [2022-05-28 01:13:13,125] {dag.py:2379} INFO - Sync 1 DAGs
[2022-05-28 01:13:13,142] {logging_mixin.py:115} INFO - [2022-05-28 01:13:13,142] {dag.py:2927} INFO - Setting next_dagrun for tutorial_etl_dag to None, run_after=None
[2022-05-28 01:13:13,152] {processor.py:161} INFO - Processing /home/airflow/.local/lib/python3.7/site-packages/airflow/example_dags/tutorial_etl_dag.py took 0.057 seconds
[2022-05-28 01:13:43,374] {processor.py:153} INFO - Started process (PID=1391) to work on /home/airflow/.local/lib/python3.7/site-packages/airflow/example_dags/tutorial_etl_dag.py
[2022-05-28 01:13:43,374] {processor.py:641} INFO - Processing file /home/airflow/.local/lib/python3.7/site-packages/airflow/example_dags/tutorial_etl_dag.py for tasks to queue
[2022-05-28 01:13:43,375] {logging_mixin.py:115} INFO - [2022-05-28 01:13:43,375] {dagbag.py:507} INFO - Filling up the DagBag from /home/airflow/.local/lib/python3.7/site-packages/airflow/example_dags/tutorial_etl_dag.py
[2022-05-28 01:13:43,381] {processor.py:651} INFO - DAG(s) dict_keys(['tutorial_etl_dag']) retrieved from /home/airflow/.local/lib/python3.7/site-packages/airflow/example_dags/tutorial_etl_dag.py
[2022-05-28 01:13:43,401] {logging_mixin.py:115} INFO - [2022-05-28 01:13:43,401] {dag.py:2379} INFO - Sync 1 DAGs
[2022-05-28 01:13:43,418] {logging_mixin.py:115} INFO - [2022-05-28 01:13:43,418] {dag.py:2927} INFO - Setting next_dagrun for tutorial_etl_dag to None, run_after=None
[2022-05-28 01:13:43,428] {processor.py:161} INFO - Processing /home/airflow/.local/lib/python3.7/site-packages/airflow/example_dags/tutorial_etl_dag.py took 0.057 seconds
[2022-05-28 01:14:13,589] {processor.py:153} INFO - Started process (PID=1452) to work on /home/airflow/.local/lib/python3.7/site-packages/airflow/example_dags/tutorial_etl_dag.py
[2022-05-28 01:14:13,590] {processor.py:641} INFO - Processing file /home/airflow/.local/lib/python3.7/site-packages/airflow/example_dags/tutorial_etl_dag.py for tasks to queue
[2022-05-28 01:14:13,590] {logging_mixin.py:115} INFO - [2022-05-28 01:14:13,590] {dagbag.py:507} INFO - Filling up the DagBag from /home/airflow/.local/lib/python3.7/site-packages/airflow/example_dags/tutorial_etl_dag.py
[2022-05-28 01:14:13,595] {processor.py:651} INFO - DAG(s) dict_keys(['tutorial_etl_dag']) retrieved from /home/airflow/.local/lib/python3.7/site-packages/airflow/example_dags/tutorial_etl_dag.py
[2022-05-28 01:14:13,614] {logging_mixin.py:115} INFO - [2022-05-28 01:14:13,614] {dag.py:2379} INFO - Sync 1 DAGs
[2022-05-28 01:14:13,631] {logging_mixin.py:115} INFO - [2022-05-28 01:14:13,631] {dag.py:2927} INFO - Setting next_dagrun for tutorial_etl_dag to None, run_after=None
[2022-05-28 01:14:13,640] {processor.py:161} INFO - Processing /home/airflow/.local/lib/python3.7/site-packages/airflow/example_dags/tutorial_etl_dag.py took 0.053 seconds
[2022-05-28 01:14:44,617] {processor.py:153} INFO - Started process (PID=1513) to work on /home/airflow/.local/lib/python3.7/site-packages/airflow/example_dags/tutorial_etl_dag.py
[2022-05-28 01:14:44,618] {processor.py:641} INFO - Processing file /home/airflow/.local/lib/python3.7/site-packages/airflow/example_dags/tutorial_etl_dag.py for tasks to queue
[2022-05-28 01:14:44,618] {logging_mixin.py:115} INFO - [2022-05-28 01:14:44,618] {dagbag.py:507} INFO - Filling up the DagBag from /home/airflow/.local/lib/python3.7/site-packages/airflow/example_dags/tutorial_etl_dag.py
[2022-05-28 01:14:44,622] {processor.py:651} INFO - DAG(s) dict_keys(['tutorial_etl_dag']) retrieved from /home/airflow/.local/lib/python3.7/site-packages/airflow/example_dags/tutorial_etl_dag.py
[2022-05-28 01:14:44,639] {logging_mixin.py:115} INFO - [2022-05-28 01:14:44,639] {dag.py:2379} INFO - Sync 1 DAGs
[2022-05-28 01:14:44,655] {logging_mixin.py:115} INFO - [2022-05-28 01:14:44,655] {dag.py:2927} INFO - Setting next_dagrun for tutorial_etl_dag to None, run_after=None
[2022-05-28 01:14:44,664] {processor.py:161} INFO - Processing /home/airflow/.local/lib/python3.7/site-packages/airflow/example_dags/tutorial_etl_dag.py took 0.048 seconds
[2022-05-28 01:15:15,371] {processor.py:153} INFO - Started process (PID=1565) to work on /home/airflow/.local/lib/python3.7/site-packages/airflow/example_dags/tutorial_etl_dag.py
[2022-05-28 01:15:15,371] {processor.py:641} INFO - Processing file /home/airflow/.local/lib/python3.7/site-packages/airflow/example_dags/tutorial_etl_dag.py for tasks to queue
[2022-05-28 01:15:15,372] {logging_mixin.py:115} INFO - [2022-05-28 01:15:15,371] {dagbag.py:507} INFO - Filling up the DagBag from /home/airflow/.local/lib/python3.7/site-packages/airflow/example_dags/tutorial_etl_dag.py
[2022-05-28 01:15:15,376] {processor.py:651} INFO - DAG(s) dict_keys(['tutorial_etl_dag']) retrieved from /home/airflow/.local/lib/python3.7/site-packages/airflow/example_dags/tutorial_etl_dag.py
[2022-05-28 01:15:15,394] {logging_mixin.py:115} INFO - [2022-05-28 01:15:15,394] {dag.py:2379} INFO - Sync 1 DAGs
[2022-05-28 01:15:15,409] {logging_mixin.py:115} INFO - [2022-05-28 01:15:15,409] {dag.py:2927} INFO - Setting next_dagrun for tutorial_etl_dag to None, run_after=None
[2022-05-28 01:15:15,418] {processor.py:161} INFO - Processing /home/airflow/.local/lib/python3.7/site-packages/airflow/example_dags/tutorial_etl_dag.py took 0.049 seconds
[2022-05-28 01:15:46,321] {processor.py:153} INFO - Started process (PID=1626) to work on /home/airflow/.local/lib/python3.7/site-packages/airflow/example_dags/tutorial_etl_dag.py
[2022-05-28 01:15:46,321] {processor.py:641} INFO - Processing file /home/airflow/.local/lib/python3.7/site-packages/airflow/example_dags/tutorial_etl_dag.py for tasks to queue
[2022-05-28 01:15:46,322] {logging_mixin.py:115} INFO - [2022-05-28 01:15:46,322] {dagbag.py:507} INFO - Filling up the DagBag from /home/airflow/.local/lib/python3.7/site-packages/airflow/example_dags/tutorial_etl_dag.py
[2022-05-28 01:15:46,327] {processor.py:651} INFO - DAG(s) dict_keys(['tutorial_etl_dag']) retrieved from /home/airflow/.local/lib/python3.7/site-packages/airflow/example_dags/tutorial_etl_dag.py
[2022-05-28 01:15:46,347] {logging_mixin.py:115} INFO - [2022-05-28 01:15:46,346] {dag.py:2379} INFO - Sync 1 DAGs
[2022-05-28 01:15:46,363] {logging_mixin.py:115} INFO - [2022-05-28 01:15:46,363] {dag.py:2927} INFO - Setting next_dagrun for tutorial_etl_dag to None, run_after=None
[2022-05-28 01:15:46,372] {processor.py:161} INFO - Processing /home/airflow/.local/lib/python3.7/site-packages/airflow/example_dags/tutorial_etl_dag.py took 0.053 seconds
[2022-05-28 01:16:17,236] {processor.py:153} INFO - Started process (PID=1686) to work on /home/airflow/.local/lib/python3.7/site-packages/airflow/example_dags/tutorial_etl_dag.py
[2022-05-28 01:16:17,236] {processor.py:641} INFO - Processing file /home/airflow/.local/lib/python3.7/site-packages/airflow/example_dags/tutorial_etl_dag.py for tasks to queue
[2022-05-28 01:16:17,237] {logging_mixin.py:115} INFO - [2022-05-28 01:16:17,237] {dagbag.py:507} INFO - Filling up the DagBag from /home/airflow/.local/lib/python3.7/site-packages/airflow/example_dags/tutorial_etl_dag.py
[2022-05-28 01:16:17,242] {processor.py:651} INFO - DAG(s) dict_keys(['tutorial_etl_dag']) retrieved from /home/airflow/.local/lib/python3.7/site-packages/airflow/example_dags/tutorial_etl_dag.py
[2022-05-28 01:16:17,259] {logging_mixin.py:115} INFO - [2022-05-28 01:16:17,259] {dag.py:2379} INFO - Sync 1 DAGs
[2022-05-28 01:16:17,275] {logging_mixin.py:115} INFO - [2022-05-28 01:16:17,275] {dag.py:2927} INFO - Setting next_dagrun for tutorial_etl_dag to None, run_after=None
[2022-05-28 01:16:17,284] {processor.py:161} INFO - Processing /home/airflow/.local/lib/python3.7/site-packages/airflow/example_dags/tutorial_etl_dag.py took 0.050 seconds
[2022-05-28 01:16:48,514] {processor.py:153} INFO - Started process (PID=1747) to work on /home/airflow/.local/lib/python3.7/site-packages/airflow/example_dags/tutorial_etl_dag.py
[2022-05-28 01:16:48,515] {processor.py:641} INFO - Processing file /home/airflow/.local/lib/python3.7/site-packages/airflow/example_dags/tutorial_etl_dag.py for tasks to queue
[2022-05-28 01:16:48,515] {logging_mixin.py:115} INFO - [2022-05-28 01:16:48,515] {dagbag.py:507} INFO - Filling up the DagBag from /home/airflow/.local/lib/python3.7/site-packages/airflow/example_dags/tutorial_etl_dag.py
[2022-05-28 01:16:48,521] {processor.py:651} INFO - DAG(s) dict_keys(['tutorial_etl_dag']) retrieved from /home/airflow/.local/lib/python3.7/site-packages/airflow/example_dags/tutorial_etl_dag.py
[2022-05-28 01:16:48,543] {logging_mixin.py:115} INFO - [2022-05-28 01:16:48,543] {dag.py:2379} INFO - Sync 1 DAGs
[2022-05-28 01:16:48,562] {logging_mixin.py:115} INFO - [2022-05-28 01:16:48,561] {dag.py:2927} INFO - Setting next_dagrun for tutorial_etl_dag to None, run_after=None
[2022-05-28 01:16:48,573] {processor.py:161} INFO - Processing /home/airflow/.local/lib/python3.7/site-packages/airflow/example_dags/tutorial_etl_dag.py took 0.061 seconds
[2022-05-28 01:17:18,909] {processor.py:153} INFO - Started process (PID=1808) to work on /home/airflow/.local/lib/python3.7/site-packages/airflow/example_dags/tutorial_etl_dag.py
[2022-05-28 01:17:18,910] {processor.py:641} INFO - Processing file /home/airflow/.local/lib/python3.7/site-packages/airflow/example_dags/tutorial_etl_dag.py for tasks to queue
[2022-05-28 01:17:18,910] {logging_mixin.py:115} INFO - [2022-05-28 01:17:18,910] {dagbag.py:507} INFO - Filling up the DagBag from /home/airflow/.local/lib/python3.7/site-packages/airflow/example_dags/tutorial_etl_dag.py
[2022-05-28 01:17:18,917] {processor.py:651} INFO - DAG(s) dict_keys(['tutorial_etl_dag']) retrieved from /home/airflow/.local/lib/python3.7/site-packages/airflow/example_dags/tutorial_etl_dag.py
[2022-05-28 01:17:18,943] {logging_mixin.py:115} INFO - [2022-05-28 01:17:18,943] {dag.py:2379} INFO - Sync 1 DAGs
[2022-05-28 01:17:18,961] {logging_mixin.py:115} INFO - [2022-05-28 01:17:18,961] {dag.py:2927} INFO - Setting next_dagrun for tutorial_etl_dag to None, run_after=None
[2022-05-28 01:17:18,972] {processor.py:161} INFO - Processing /home/airflow/.local/lib/python3.7/site-packages/airflow/example_dags/tutorial_etl_dag.py took 0.066 seconds
[2022-05-28 01:17:49,145] {processor.py:153} INFO - Started process (PID=1860) to work on /home/airflow/.local/lib/python3.7/site-packages/airflow/example_dags/tutorial_etl_dag.py
[2022-05-28 01:17:49,146] {processor.py:641} INFO - Processing file /home/airflow/.local/lib/python3.7/site-packages/airflow/example_dags/tutorial_etl_dag.py for tasks to queue
[2022-05-28 01:17:49,146] {logging_mixin.py:115} INFO - [2022-05-28 01:17:49,146] {dagbag.py:507} INFO - Filling up the DagBag from /home/airflow/.local/lib/python3.7/site-packages/airflow/example_dags/tutorial_etl_dag.py
[2022-05-28 01:17:49,151] {processor.py:651} INFO - DAG(s) dict_keys(['tutorial_etl_dag']) retrieved from /home/airflow/.local/lib/python3.7/site-packages/airflow/example_dags/tutorial_etl_dag.py
[2022-05-28 01:17:49,172] {logging_mixin.py:115} INFO - [2022-05-28 01:17:49,172] {dag.py:2379} INFO - Sync 1 DAGs
[2022-05-28 01:17:49,189] {logging_mixin.py:115} INFO - [2022-05-28 01:17:49,189] {dag.py:2927} INFO - Setting next_dagrun for tutorial_etl_dag to None, run_after=None
[2022-05-28 01:17:49,200] {processor.py:161} INFO - Processing /home/airflow/.local/lib/python3.7/site-packages/airflow/example_dags/tutorial_etl_dag.py took 0.058 seconds
[2022-05-28 01:18:19,501] {processor.py:153} INFO - Started process (PID=1921) to work on /home/airflow/.local/lib/python3.7/site-packages/airflow/example_dags/tutorial_etl_dag.py
[2022-05-28 01:18:19,501] {processor.py:641} INFO - Processing file /home/airflow/.local/lib/python3.7/site-packages/airflow/example_dags/tutorial_etl_dag.py for tasks to queue
[2022-05-28 01:18:19,502] {logging_mixin.py:115} INFO - [2022-05-28 01:18:19,502] {dagbag.py:507} INFO - Filling up the DagBag from /home/airflow/.local/lib/python3.7/site-packages/airflow/example_dags/tutorial_etl_dag.py
[2022-05-28 01:18:19,507] {processor.py:651} INFO - DAG(s) dict_keys(['tutorial_etl_dag']) retrieved from /home/airflow/.local/lib/python3.7/site-packages/airflow/example_dags/tutorial_etl_dag.py
[2022-05-28 01:18:19,529] {logging_mixin.py:115} INFO - [2022-05-28 01:18:19,528] {dag.py:2379} INFO - Sync 1 DAGs
[2022-05-28 01:18:19,546] {logging_mixin.py:115} INFO - [2022-05-28 01:18:19,546] {dag.py:2927} INFO - Setting next_dagrun for tutorial_etl_dag to None, run_after=None
[2022-05-28 01:18:19,556] {processor.py:161} INFO - Processing /home/airflow/.local/lib/python3.7/site-packages/airflow/example_dags/tutorial_etl_dag.py took 0.059 seconds
[2022-05-28 01:18:49,860] {processor.py:153} INFO - Started process (PID=1982) to work on /home/airflow/.local/lib/python3.7/site-packages/airflow/example_dags/tutorial_etl_dag.py
[2022-05-28 01:18:49,861] {processor.py:641} INFO - Processing file /home/airflow/.local/lib/python3.7/site-packages/airflow/example_dags/tutorial_etl_dag.py for tasks to queue
[2022-05-28 01:18:49,861] {logging_mixin.py:115} INFO - [2022-05-28 01:18:49,861] {dagbag.py:507} INFO - Filling up the DagBag from /home/airflow/.local/lib/python3.7/site-packages/airflow/example_dags/tutorial_etl_dag.py
[2022-05-28 01:18:49,866] {processor.py:651} INFO - DAG(s) dict_keys(['tutorial_etl_dag']) retrieved from /home/airflow/.local/lib/python3.7/site-packages/airflow/example_dags/tutorial_etl_dag.py
[2022-05-28 01:18:49,885] {logging_mixin.py:115} INFO - [2022-05-28 01:18:49,885] {dag.py:2379} INFO - Sync 1 DAGs
[2022-05-28 01:18:49,901] {logging_mixin.py:115} INFO - [2022-05-28 01:18:49,901] {dag.py:2927} INFO - Setting next_dagrun for tutorial_etl_dag to None, run_after=None
[2022-05-28 01:18:49,911] {processor.py:161} INFO - Processing /home/airflow/.local/lib/python3.7/site-packages/airflow/example_dags/tutorial_etl_dag.py took 0.053 seconds
[2022-05-28 01:19:20,165] {processor.py:153} INFO - Started process (PID=2034) to work on /home/airflow/.local/lib/python3.7/site-packages/airflow/example_dags/tutorial_etl_dag.py
[2022-05-28 01:19:20,166] {processor.py:641} INFO - Processing file /home/airflow/.local/lib/python3.7/site-packages/airflow/example_dags/tutorial_etl_dag.py for tasks to queue
[2022-05-28 01:19:20,167] {logging_mixin.py:115} INFO - [2022-05-28 01:19:20,166] {dagbag.py:507} INFO - Filling up the DagBag from /home/airflow/.local/lib/python3.7/site-packages/airflow/example_dags/tutorial_etl_dag.py
[2022-05-28 01:19:20,172] {processor.py:651} INFO - DAG(s) dict_keys(['tutorial_etl_dag']) retrieved from /home/airflow/.local/lib/python3.7/site-packages/airflow/example_dags/tutorial_etl_dag.py
[2022-05-28 01:19:20,194] {logging_mixin.py:115} INFO - [2022-05-28 01:19:20,194] {dag.py:2379} INFO - Sync 1 DAGs
[2022-05-28 01:19:20,216] {logging_mixin.py:115} INFO - [2022-05-28 01:19:20,216] {dag.py:2927} INFO - Setting next_dagrun for tutorial_etl_dag to None, run_after=None
[2022-05-28 01:19:20,228] {processor.py:161} INFO - Processing /home/airflow/.local/lib/python3.7/site-packages/airflow/example_dags/tutorial_etl_dag.py took 0.065 seconds
[2022-05-28 01:19:50,556] {processor.py:153} INFO - Started process (PID=2095) to work on /home/airflow/.local/lib/python3.7/site-packages/airflow/example_dags/tutorial_etl_dag.py
[2022-05-28 01:19:50,557] {processor.py:641} INFO - Processing file /home/airflow/.local/lib/python3.7/site-packages/airflow/example_dags/tutorial_etl_dag.py for tasks to queue
[2022-05-28 01:19:50,557] {logging_mixin.py:115} INFO - [2022-05-28 01:19:50,557] {dagbag.py:507} INFO - Filling up the DagBag from /home/airflow/.local/lib/python3.7/site-packages/airflow/example_dags/tutorial_etl_dag.py
[2022-05-28 01:19:50,562] {processor.py:651} INFO - DAG(s) dict_keys(['tutorial_etl_dag']) retrieved from /home/airflow/.local/lib/python3.7/site-packages/airflow/example_dags/tutorial_etl_dag.py
[2022-05-28 01:19:50,584] {logging_mixin.py:115} INFO - [2022-05-28 01:19:50,584] {dag.py:2379} INFO - Sync 1 DAGs
[2022-05-28 01:19:50,602] {logging_mixin.py:115} INFO - [2022-05-28 01:19:50,602] {dag.py:2927} INFO - Setting next_dagrun for tutorial_etl_dag to None, run_after=None
[2022-05-28 01:19:50,612] {processor.py:161} INFO - Processing /home/airflow/.local/lib/python3.7/site-packages/airflow/example_dags/tutorial_etl_dag.py took 0.059 seconds
[2022-05-28 01:20:52,442] {processor.py:153} INFO - Started process (PID=93) to work on /home/airflow/.local/lib/python3.7/site-packages/airflow/example_dags/tutorial_etl_dag.py
[2022-05-28 01:20:52,443] {processor.py:641} INFO - Processing file /home/airflow/.local/lib/python3.7/site-packages/airflow/example_dags/tutorial_etl_dag.py for tasks to queue
[2022-05-28 01:20:52,443] {logging_mixin.py:115} INFO - [2022-05-28 01:20:52,443] {dagbag.py:507} INFO - Filling up the DagBag from /home/airflow/.local/lib/python3.7/site-packages/airflow/example_dags/tutorial_etl_dag.py
[2022-05-28 01:20:52,448] {processor.py:651} INFO - DAG(s) dict_keys(['tutorial_etl_dag']) retrieved from /home/airflow/.local/lib/python3.7/site-packages/airflow/example_dags/tutorial_etl_dag.py
[2022-05-28 01:20:52,470] {logging_mixin.py:115} INFO - [2022-05-28 01:20:52,470] {dag.py:2379} INFO - Sync 1 DAGs
[2022-05-28 01:20:52,497] {logging_mixin.py:115} INFO - [2022-05-28 01:20:52,497] {dag.py:2927} INFO - Setting next_dagrun for tutorial_etl_dag to None, run_after=None
[2022-05-28 01:20:52,507] {processor.py:161} INFO - Processing /home/airflow/.local/lib/python3.7/site-packages/airflow/example_dags/tutorial_etl_dag.py took 0.067 seconds
[2022-05-28 01:21:22,583] {processor.py:153} INFO - Started process (PID=153) to work on /home/airflow/.local/lib/python3.7/site-packages/airflow/example_dags/tutorial_etl_dag.py
[2022-05-28 01:21:22,584] {processor.py:641} INFO - Processing file /home/airflow/.local/lib/python3.7/site-packages/airflow/example_dags/tutorial_etl_dag.py for tasks to queue
[2022-05-28 01:21:22,584] {logging_mixin.py:115} INFO - [2022-05-28 01:21:22,584] {dagbag.py:507} INFO - Filling up the DagBag from /home/airflow/.local/lib/python3.7/site-packages/airflow/example_dags/tutorial_etl_dag.py
[2022-05-28 01:21:22,589] {processor.py:651} INFO - DAG(s) dict_keys(['tutorial_etl_dag']) retrieved from /home/airflow/.local/lib/python3.7/site-packages/airflow/example_dags/tutorial_etl_dag.py
[2022-05-28 01:21:22,608] {logging_mixin.py:115} INFO - [2022-05-28 01:21:22,608] {dag.py:2379} INFO - Sync 1 DAGs
[2022-05-28 01:21:22,628] {logging_mixin.py:115} INFO - [2022-05-28 01:21:22,628] {dag.py:2927} INFO - Setting next_dagrun for tutorial_etl_dag to None, run_after=None
[2022-05-28 01:21:22,638] {processor.py:161} INFO - Processing /home/airflow/.local/lib/python3.7/site-packages/airflow/example_dags/tutorial_etl_dag.py took 0.057 seconds
[2022-05-28 01:21:53,839] {processor.py:153} INFO - Started process (PID=215) to work on /home/airflow/.local/lib/python3.7/site-packages/airflow/example_dags/tutorial_etl_dag.py
[2022-05-28 01:21:53,839] {processor.py:641} INFO - Processing file /home/airflow/.local/lib/python3.7/site-packages/airflow/example_dags/tutorial_etl_dag.py for tasks to queue
[2022-05-28 01:21:53,840] {logging_mixin.py:115} INFO - [2022-05-28 01:21:53,840] {dagbag.py:507} INFO - Filling up the DagBag from /home/airflow/.local/lib/python3.7/site-packages/airflow/example_dags/tutorial_etl_dag.py
[2022-05-28 01:21:53,844] {processor.py:651} INFO - DAG(s) dict_keys(['tutorial_etl_dag']) retrieved from /home/airflow/.local/lib/python3.7/site-packages/airflow/example_dags/tutorial_etl_dag.py
[2022-05-28 01:21:53,863] {logging_mixin.py:115} INFO - [2022-05-28 01:21:53,863] {dag.py:2379} INFO - Sync 1 DAGs
[2022-05-28 01:21:53,879] {logging_mixin.py:115} INFO - [2022-05-28 01:21:53,879] {dag.py:2927} INFO - Setting next_dagrun for tutorial_etl_dag to None, run_after=None
[2022-05-28 01:21:53,887] {processor.py:161} INFO - Processing /home/airflow/.local/lib/python3.7/site-packages/airflow/example_dags/tutorial_etl_dag.py took 0.050 seconds
[2022-05-28 01:22:24,713] {processor.py:153} INFO - Started process (PID=276) to work on /home/airflow/.local/lib/python3.7/site-packages/airflow/example_dags/tutorial_etl_dag.py
[2022-05-28 01:22:24,713] {processor.py:641} INFO - Processing file /home/airflow/.local/lib/python3.7/site-packages/airflow/example_dags/tutorial_etl_dag.py for tasks to queue
[2022-05-28 01:22:24,714] {logging_mixin.py:115} INFO - [2022-05-28 01:22:24,714] {dagbag.py:507} INFO - Filling up the DagBag from /home/airflow/.local/lib/python3.7/site-packages/airflow/example_dags/tutorial_etl_dag.py
[2022-05-28 01:22:24,719] {processor.py:651} INFO - DAG(s) dict_keys(['tutorial_etl_dag']) retrieved from /home/airflow/.local/lib/python3.7/site-packages/airflow/example_dags/tutorial_etl_dag.py
[2022-05-28 01:22:24,739] {logging_mixin.py:115} INFO - [2022-05-28 01:22:24,738] {dag.py:2379} INFO - Sync 1 DAGs
[2022-05-28 01:22:24,757] {logging_mixin.py:115} INFO - [2022-05-28 01:22:24,757] {dag.py:2927} INFO - Setting next_dagrun for tutorial_etl_dag to None, run_after=None
[2022-05-28 01:22:24,767] {processor.py:161} INFO - Processing /home/airflow/.local/lib/python3.7/site-packages/airflow/example_dags/tutorial_etl_dag.py took 0.056 seconds
[2022-05-28 01:22:55,662] {processor.py:153} INFO - Started process (PID=328) to work on /home/airflow/.local/lib/python3.7/site-packages/airflow/example_dags/tutorial_etl_dag.py
[2022-05-28 01:22:55,663] {processor.py:641} INFO - Processing file /home/airflow/.local/lib/python3.7/site-packages/airflow/example_dags/tutorial_etl_dag.py for tasks to queue
[2022-05-28 01:22:55,663] {logging_mixin.py:115} INFO - [2022-05-28 01:22:55,663] {dagbag.py:507} INFO - Filling up the DagBag from /home/airflow/.local/lib/python3.7/site-packages/airflow/example_dags/tutorial_etl_dag.py
[2022-05-28 01:22:55,669] {processor.py:651} INFO - DAG(s) dict_keys(['tutorial_etl_dag']) retrieved from /home/airflow/.local/lib/python3.7/site-packages/airflow/example_dags/tutorial_etl_dag.py
[2022-05-28 01:22:55,689] {logging_mixin.py:115} INFO - [2022-05-28 01:22:55,689] {dag.py:2379} INFO - Sync 1 DAGs
[2022-05-28 01:22:55,705] {logging_mixin.py:115} INFO - [2022-05-28 01:22:55,705] {dag.py:2927} INFO - Setting next_dagrun for tutorial_etl_dag to None, run_after=None
[2022-05-28 01:22:55,714] {processor.py:161} INFO - Processing /home/airflow/.local/lib/python3.7/site-packages/airflow/example_dags/tutorial_etl_dag.py took 0.054 seconds
[2022-05-28 01:23:26,641] {processor.py:153} INFO - Started process (PID=389) to work on /home/airflow/.local/lib/python3.7/site-packages/airflow/example_dags/tutorial_etl_dag.py
[2022-05-28 01:23:26,642] {processor.py:641} INFO - Processing file /home/airflow/.local/lib/python3.7/site-packages/airflow/example_dags/tutorial_etl_dag.py for tasks to queue
[2022-05-28 01:23:26,642] {logging_mixin.py:115} INFO - [2022-05-28 01:23:26,642] {dagbag.py:507} INFO - Filling up the DagBag from /home/airflow/.local/lib/python3.7/site-packages/airflow/example_dags/tutorial_etl_dag.py
[2022-05-28 01:23:26,647] {processor.py:651} INFO - DAG(s) dict_keys(['tutorial_etl_dag']) retrieved from /home/airflow/.local/lib/python3.7/site-packages/airflow/example_dags/tutorial_etl_dag.py
[2022-05-28 01:23:26,663] {logging_mixin.py:115} INFO - [2022-05-28 01:23:26,663] {dag.py:2379} INFO - Sync 1 DAGs
[2022-05-28 01:23:26,678] {logging_mixin.py:115} INFO - [2022-05-28 01:23:26,678] {dag.py:2927} INFO - Setting next_dagrun for tutorial_etl_dag to None, run_after=None
[2022-05-28 01:23:26,686] {processor.py:161} INFO - Processing /home/airflow/.local/lib/python3.7/site-packages/airflow/example_dags/tutorial_etl_dag.py took 0.047 seconds
[2022-05-28 01:23:57,501] {processor.py:153} INFO - Started process (PID=450) to work on /home/airflow/.local/lib/python3.7/site-packages/airflow/example_dags/tutorial_etl_dag.py
[2022-05-28 01:23:57,502] {processor.py:641} INFO - Processing file /home/airflow/.local/lib/python3.7/site-packages/airflow/example_dags/tutorial_etl_dag.py for tasks to queue
[2022-05-28 01:23:57,502] {logging_mixin.py:115} INFO - [2022-05-28 01:23:57,502] {dagbag.py:507} INFO - Filling up the DagBag from /home/airflow/.local/lib/python3.7/site-packages/airflow/example_dags/tutorial_etl_dag.py
[2022-05-28 01:23:57,508] {processor.py:651} INFO - DAG(s) dict_keys(['tutorial_etl_dag']) retrieved from /home/airflow/.local/lib/python3.7/site-packages/airflow/example_dags/tutorial_etl_dag.py
[2022-05-28 01:23:57,529] {logging_mixin.py:115} INFO - [2022-05-28 01:23:57,529] {dag.py:2379} INFO - Sync 1 DAGs
[2022-05-28 01:23:57,545] {logging_mixin.py:115} INFO - [2022-05-28 01:23:57,545] {dag.py:2927} INFO - Setting next_dagrun for tutorial_etl_dag to None, run_after=None
[2022-05-28 01:23:57,553] {processor.py:161} INFO - Processing /home/airflow/.local/lib/python3.7/site-packages/airflow/example_dags/tutorial_etl_dag.py took 0.055 seconds
[2022-05-28 01:24:28,352] {processor.py:153} INFO - Started process (PID=512) to work on /home/airflow/.local/lib/python3.7/site-packages/airflow/example_dags/tutorial_etl_dag.py
[2022-05-28 01:24:28,353] {processor.py:641} INFO - Processing file /home/airflow/.local/lib/python3.7/site-packages/airflow/example_dags/tutorial_etl_dag.py for tasks to queue
[2022-05-28 01:24:28,353] {logging_mixin.py:115} INFO - [2022-05-28 01:24:28,353] {dagbag.py:507} INFO - Filling up the DagBag from /home/airflow/.local/lib/python3.7/site-packages/airflow/example_dags/tutorial_etl_dag.py
[2022-05-28 01:24:28,359] {processor.py:651} INFO - DAG(s) dict_keys(['tutorial_etl_dag']) retrieved from /home/airflow/.local/lib/python3.7/site-packages/airflow/example_dags/tutorial_etl_dag.py
[2022-05-28 01:24:28,378] {logging_mixin.py:115} INFO - [2022-05-28 01:24:28,378] {dag.py:2379} INFO - Sync 1 DAGs
[2022-05-28 01:24:28,396] {logging_mixin.py:115} INFO - [2022-05-28 01:24:28,395] {dag.py:2927} INFO - Setting next_dagrun for tutorial_etl_dag to None, run_after=None
[2022-05-28 01:24:28,404] {processor.py:161} INFO - Processing /home/airflow/.local/lib/python3.7/site-packages/airflow/example_dags/tutorial_etl_dag.py took 0.054 seconds
[2022-05-28 01:24:59,286] {processor.py:153} INFO - Started process (PID=573) to work on /home/airflow/.local/lib/python3.7/site-packages/airflow/example_dags/tutorial_etl_dag.py
[2022-05-28 01:24:59,286] {processor.py:641} INFO - Processing file /home/airflow/.local/lib/python3.7/site-packages/airflow/example_dags/tutorial_etl_dag.py for tasks to queue
[2022-05-28 01:24:59,287] {logging_mixin.py:115} INFO - [2022-05-28 01:24:59,287] {dagbag.py:507} INFO - Filling up the DagBag from /home/airflow/.local/lib/python3.7/site-packages/airflow/example_dags/tutorial_etl_dag.py
[2022-05-28 01:24:59,292] {processor.py:651} INFO - DAG(s) dict_keys(['tutorial_etl_dag']) retrieved from /home/airflow/.local/lib/python3.7/site-packages/airflow/example_dags/tutorial_etl_dag.py
[2022-05-28 01:24:59,313] {logging_mixin.py:115} INFO - [2022-05-28 01:24:59,313] {dag.py:2379} INFO - Sync 1 DAGs
[2022-05-28 01:24:59,330] {logging_mixin.py:115} INFO - [2022-05-28 01:24:59,330] {dag.py:2927} INFO - Setting next_dagrun for tutorial_etl_dag to None, run_after=None
[2022-05-28 01:24:59,339] {processor.py:161} INFO - Processing /home/airflow/.local/lib/python3.7/site-packages/airflow/example_dags/tutorial_etl_dag.py took 0.055 seconds
[2022-05-28 01:25:30,358] {processor.py:153} INFO - Started process (PID=625) to work on /home/airflow/.local/lib/python3.7/site-packages/airflow/example_dags/tutorial_etl_dag.py
[2022-05-28 01:25:30,359] {processor.py:641} INFO - Processing file /home/airflow/.local/lib/python3.7/site-packages/airflow/example_dags/tutorial_etl_dag.py for tasks to queue
[2022-05-28 01:25:30,359] {logging_mixin.py:115} INFO - [2022-05-28 01:25:30,359] {dagbag.py:507} INFO - Filling up the DagBag from /home/airflow/.local/lib/python3.7/site-packages/airflow/example_dags/tutorial_etl_dag.py
[2022-05-28 01:25:30,364] {processor.py:651} INFO - DAG(s) dict_keys(['tutorial_etl_dag']) retrieved from /home/airflow/.local/lib/python3.7/site-packages/airflow/example_dags/tutorial_etl_dag.py
[2022-05-28 01:25:30,382] {logging_mixin.py:115} INFO - [2022-05-28 01:25:30,382] {dag.py:2379} INFO - Sync 1 DAGs
[2022-05-28 01:25:30,398] {logging_mixin.py:115} INFO - [2022-05-28 01:25:30,398] {dag.py:2927} INFO - Setting next_dagrun for tutorial_etl_dag to None, run_after=None
[2022-05-28 01:25:30,406] {processor.py:161} INFO - Processing /home/airflow/.local/lib/python3.7/site-packages/airflow/example_dags/tutorial_etl_dag.py took 0.050 seconds
[2022-05-28 01:26:00,636] {processor.py:153} INFO - Started process (PID=686) to work on /home/airflow/.local/lib/python3.7/site-packages/airflow/example_dags/tutorial_etl_dag.py
[2022-05-28 01:26:00,637] {processor.py:641} INFO - Processing file /home/airflow/.local/lib/python3.7/site-packages/airflow/example_dags/tutorial_etl_dag.py for tasks to queue
[2022-05-28 01:26:00,637] {logging_mixin.py:115} INFO - [2022-05-28 01:26:00,637] {dagbag.py:507} INFO - Filling up the DagBag from /home/airflow/.local/lib/python3.7/site-packages/airflow/example_dags/tutorial_etl_dag.py
[2022-05-28 01:26:00,642] {processor.py:651} INFO - DAG(s) dict_keys(['tutorial_etl_dag']) retrieved from /home/airflow/.local/lib/python3.7/site-packages/airflow/example_dags/tutorial_etl_dag.py
[2022-05-28 01:26:00,660] {logging_mixin.py:115} INFO - [2022-05-28 01:26:00,660] {dag.py:2379} INFO - Sync 1 DAGs
[2022-05-28 01:26:00,676] {logging_mixin.py:115} INFO - [2022-05-28 01:26:00,676] {dag.py:2927} INFO - Setting next_dagrun for tutorial_etl_dag to None, run_after=None
[2022-05-28 01:26:00,683] {processor.py:161} INFO - Processing /home/airflow/.local/lib/python3.7/site-packages/airflow/example_dags/tutorial_etl_dag.py took 0.049 seconds
[2022-05-28 01:26:30,982] {processor.py:153} INFO - Started process (PID=747) to work on /home/airflow/.local/lib/python3.7/site-packages/airflow/example_dags/tutorial_etl_dag.py
[2022-05-28 01:26:30,983] {processor.py:641} INFO - Processing file /home/airflow/.local/lib/python3.7/site-packages/airflow/example_dags/tutorial_etl_dag.py for tasks to queue
[2022-05-28 01:26:30,983] {logging_mixin.py:115} INFO - [2022-05-28 01:26:30,983] {dagbag.py:507} INFO - Filling up the DagBag from /home/airflow/.local/lib/python3.7/site-packages/airflow/example_dags/tutorial_etl_dag.py
[2022-05-28 01:26:30,988] {processor.py:651} INFO - DAG(s) dict_keys(['tutorial_etl_dag']) retrieved from /home/airflow/.local/lib/python3.7/site-packages/airflow/example_dags/tutorial_etl_dag.py
[2022-05-28 01:26:31,008] {logging_mixin.py:115} INFO - [2022-05-28 01:26:31,008] {dag.py:2379} INFO - Sync 1 DAGs
[2022-05-28 01:26:31,027] {logging_mixin.py:115} INFO - [2022-05-28 01:26:31,027] {dag.py:2927} INFO - Setting next_dagrun for tutorial_etl_dag to None, run_after=None
[2022-05-28 01:26:31,035] {processor.py:161} INFO - Processing /home/airflow/.local/lib/python3.7/site-packages/airflow/example_dags/tutorial_etl_dag.py took 0.055 seconds
[2022-05-28 01:27:01,289] {processor.py:153} INFO - Started process (PID=808) to work on /home/airflow/.local/lib/python3.7/site-packages/airflow/example_dags/tutorial_etl_dag.py
[2022-05-28 01:27:01,289] {processor.py:641} INFO - Processing file /home/airflow/.local/lib/python3.7/site-packages/airflow/example_dags/tutorial_etl_dag.py for tasks to queue
[2022-05-28 01:27:01,290] {logging_mixin.py:115} INFO - [2022-05-28 01:27:01,290] {dagbag.py:507} INFO - Filling up the DagBag from /home/airflow/.local/lib/python3.7/site-packages/airflow/example_dags/tutorial_etl_dag.py
[2022-05-28 01:27:01,295] {processor.py:651} INFO - DAG(s) dict_keys(['tutorial_etl_dag']) retrieved from /home/airflow/.local/lib/python3.7/site-packages/airflow/example_dags/tutorial_etl_dag.py
[2022-05-28 01:27:01,315] {logging_mixin.py:115} INFO - [2022-05-28 01:27:01,315] {dag.py:2379} INFO - Sync 1 DAGs
[2022-05-28 01:27:01,332] {logging_mixin.py:115} INFO - [2022-05-28 01:27:01,332] {dag.py:2927} INFO - Setting next_dagrun for tutorial_etl_dag to None, run_after=None
[2022-05-28 01:27:01,341] {processor.py:161} INFO - Processing /home/airflow/.local/lib/python3.7/site-packages/airflow/example_dags/tutorial_etl_dag.py took 0.054 seconds
[2022-05-28 01:27:32,372] {processor.py:153} INFO - Started process (PID=860) to work on /home/airflow/.local/lib/python3.7/site-packages/airflow/example_dags/tutorial_etl_dag.py
[2022-05-28 01:27:32,373] {processor.py:641} INFO - Processing file /home/airflow/.local/lib/python3.7/site-packages/airflow/example_dags/tutorial_etl_dag.py for tasks to queue
[2022-05-28 01:27:32,373] {logging_mixin.py:115} INFO - [2022-05-28 01:27:32,373] {dagbag.py:507} INFO - Filling up the DagBag from /home/airflow/.local/lib/python3.7/site-packages/airflow/example_dags/tutorial_etl_dag.py
[2022-05-28 01:27:32,377] {processor.py:651} INFO - DAG(s) dict_keys(['tutorial_etl_dag']) retrieved from /home/airflow/.local/lib/python3.7/site-packages/airflow/example_dags/tutorial_etl_dag.py
[2022-05-28 01:27:32,395] {logging_mixin.py:115} INFO - [2022-05-28 01:27:32,395] {dag.py:2379} INFO - Sync 1 DAGs
[2022-05-28 01:27:32,412] {logging_mixin.py:115} INFO - [2022-05-28 01:27:32,411] {dag.py:2927} INFO - Setting next_dagrun for tutorial_etl_dag to None, run_after=None
[2022-05-28 01:27:32,420] {processor.py:161} INFO - Processing /home/airflow/.local/lib/python3.7/site-packages/airflow/example_dags/tutorial_etl_dag.py took 0.050 seconds
[2022-05-28 01:28:02,932] {processor.py:153} INFO - Started process (PID=921) to work on /home/airflow/.local/lib/python3.7/site-packages/airflow/example_dags/tutorial_etl_dag.py
[2022-05-28 01:28:02,933] {processor.py:641} INFO - Processing file /home/airflow/.local/lib/python3.7/site-packages/airflow/example_dags/tutorial_etl_dag.py for tasks to queue
[2022-05-28 01:28:02,933] {logging_mixin.py:115} INFO - [2022-05-28 01:28:02,933] {dagbag.py:507} INFO - Filling up the DagBag from /home/airflow/.local/lib/python3.7/site-packages/airflow/example_dags/tutorial_etl_dag.py
[2022-05-28 01:28:02,938] {processor.py:651} INFO - DAG(s) dict_keys(['tutorial_etl_dag']) retrieved from /home/airflow/.local/lib/python3.7/site-packages/airflow/example_dags/tutorial_etl_dag.py
[2022-05-28 01:28:02,964] {logging_mixin.py:115} INFO - [2022-05-28 01:28:02,964] {dag.py:2379} INFO - Sync 1 DAGs
[2022-05-28 01:28:02,981] {logging_mixin.py:115} INFO - [2022-05-28 01:28:02,981] {dag.py:2927} INFO - Setting next_dagrun for tutorial_etl_dag to None, run_after=None
[2022-05-28 01:28:02,990] {processor.py:161} INFO - Processing /home/airflow/.local/lib/python3.7/site-packages/airflow/example_dags/tutorial_etl_dag.py took 0.060 seconds
[2022-05-28 01:28:33,142] {processor.py:153} INFO - Started process (PID=982) to work on /home/airflow/.local/lib/python3.7/site-packages/airflow/example_dags/tutorial_etl_dag.py
[2022-05-28 01:28:33,143] {processor.py:641} INFO - Processing file /home/airflow/.local/lib/python3.7/site-packages/airflow/example_dags/tutorial_etl_dag.py for tasks to queue
[2022-05-28 01:28:33,143] {logging_mixin.py:115} INFO - [2022-05-28 01:28:33,143] {dagbag.py:507} INFO - Filling up the DagBag from /home/airflow/.local/lib/python3.7/site-packages/airflow/example_dags/tutorial_etl_dag.py
[2022-05-28 01:28:33,148] {processor.py:651} INFO - DAG(s) dict_keys(['tutorial_etl_dag']) retrieved from /home/airflow/.local/lib/python3.7/site-packages/airflow/example_dags/tutorial_etl_dag.py
[2022-05-28 01:28:33,167] {logging_mixin.py:115} INFO - [2022-05-28 01:28:33,167] {dag.py:2379} INFO - Sync 1 DAGs
[2022-05-28 01:28:33,183] {logging_mixin.py:115} INFO - [2022-05-28 01:28:33,183] {dag.py:2927} INFO - Setting next_dagrun for tutorial_etl_dag to None, run_after=None
[2022-05-28 01:28:33,191] {processor.py:161} INFO - Processing /home/airflow/.local/lib/python3.7/site-packages/airflow/example_dags/tutorial_etl_dag.py took 0.052 seconds
[2022-05-28 01:29:03,997] {processor.py:153} INFO - Started process (PID=1043) to work on /home/airflow/.local/lib/python3.7/site-packages/airflow/example_dags/tutorial_etl_dag.py
[2022-05-28 01:29:03,998] {processor.py:641} INFO - Processing file /home/airflow/.local/lib/python3.7/site-packages/airflow/example_dags/tutorial_etl_dag.py for tasks to queue
[2022-05-28 01:29:03,998] {logging_mixin.py:115} INFO - [2022-05-28 01:29:03,998] {dagbag.py:507} INFO - Filling up the DagBag from /home/airflow/.local/lib/python3.7/site-packages/airflow/example_dags/tutorial_etl_dag.py
[2022-05-28 01:29:04,003] {processor.py:651} INFO - DAG(s) dict_keys(['tutorial_etl_dag']) retrieved from /home/airflow/.local/lib/python3.7/site-packages/airflow/example_dags/tutorial_etl_dag.py
[2022-05-28 01:29:04,025] {logging_mixin.py:115} INFO - [2022-05-28 01:29:04,025] {dag.py:2379} INFO - Sync 1 DAGs
[2022-05-28 01:29:04,042] {logging_mixin.py:115} INFO - [2022-05-28 01:29:04,041] {dag.py:2927} INFO - Setting next_dagrun for tutorial_etl_dag to None, run_after=None
[2022-05-28 01:29:04,051] {processor.py:161} INFO - Processing /home/airflow/.local/lib/python3.7/site-packages/airflow/example_dags/tutorial_etl_dag.py took 0.056 seconds
[2022-05-28 01:29:35,081] {processor.py:153} INFO - Started process (PID=1095) to work on /home/airflow/.local/lib/python3.7/site-packages/airflow/example_dags/tutorial_etl_dag.py
[2022-05-28 01:29:35,081] {processor.py:641} INFO - Processing file /home/airflow/.local/lib/python3.7/site-packages/airflow/example_dags/tutorial_etl_dag.py for tasks to queue
[2022-05-28 01:29:35,082] {logging_mixin.py:115} INFO - [2022-05-28 01:29:35,082] {dagbag.py:507} INFO - Filling up the DagBag from /home/airflow/.local/lib/python3.7/site-packages/airflow/example_dags/tutorial_etl_dag.py
[2022-05-28 01:29:35,088] {processor.py:651} INFO - DAG(s) dict_keys(['tutorial_etl_dag']) retrieved from /home/airflow/.local/lib/python3.7/site-packages/airflow/example_dags/tutorial_etl_dag.py
[2022-05-28 01:29:35,112] {logging_mixin.py:115} INFO - [2022-05-28 01:29:35,112] {dag.py:2379} INFO - Sync 1 DAGs
[2022-05-28 01:29:35,129] {logging_mixin.py:115} INFO - [2022-05-28 01:29:35,129] {dag.py:2927} INFO - Setting next_dagrun for tutorial_etl_dag to None, run_after=None
[2022-05-28 01:29:35,136] {processor.py:161} INFO - Processing /home/airflow/.local/lib/python3.7/site-packages/airflow/example_dags/tutorial_etl_dag.py took 0.059 seconds
