[2022-05-28 01:02:29,963] {processor.py:153} INFO - Started process (PID=103) to work on /home/airflow/.local/lib/python3.7/site-packages/airflow/example_dags/tutorial_taskflow_api_etl.py
[2022-05-28 01:02:29,963] {processor.py:641} INFO - Processing file /home/airflow/.local/lib/python3.7/site-packages/airflow/example_dags/tutorial_taskflow_api_etl.py for tasks to queue
[2022-05-28 01:02:29,963] {logging_mixin.py:115} INFO - [2022-05-28 01:02:29,963] {dagbag.py:507} INFO - Filling up the DagBag from /home/airflow/.local/lib/python3.7/site-packages/airflow/example_dags/tutorial_taskflow_api_etl.py
[2022-05-28 01:02:29,976] {processor.py:651} INFO - DAG(s) dict_keys(['tutorial_taskflow_api_etl']) retrieved from /home/airflow/.local/lib/python3.7/site-packages/airflow/example_dags/tutorial_taskflow_api_etl.py
[2022-05-28 01:02:30,170] {logging_mixin.py:115} INFO - [2022-05-28 01:02:30,170] {manager.py:508} INFO - Created Permission View: can read on DAG:tutorial_taskflow_api_etl
[2022-05-28 01:02:30,180] {logging_mixin.py:115} INFO - [2022-05-28 01:02:30,180] {manager.py:508} INFO - Created Permission View: can delete on DAG:tutorial_taskflow_api_etl
[2022-05-28 01:02:30,186] {logging_mixin.py:115} INFO - [2022-05-28 01:02:30,186] {manager.py:508} INFO - Created Permission View: can edit on DAG:tutorial_taskflow_api_etl
[2022-05-28 01:02:30,186] {logging_mixin.py:115} INFO - [2022-05-28 01:02:30,186] {dag.py:2379} INFO - Sync 1 DAGs
[2022-05-28 01:02:30,193] {logging_mixin.py:115} INFO - [2022-05-28 01:02:30,193] {dag.py:2398} INFO - Creating ORM DAG for tutorial_taskflow_api_etl
[2022-05-28 01:02:30,202] {logging_mixin.py:115} INFO - [2022-05-28 01:02:30,202] {dag.py:2927} INFO - Setting next_dagrun for tutorial_taskflow_api_etl to None, run_after=None
[2022-05-28 01:02:30,214] {processor.py:161} INFO - Processing /home/airflow/.local/lib/python3.7/site-packages/airflow/example_dags/tutorial_taskflow_api_etl.py took 0.253 seconds
[2022-05-28 01:03:00,981] {processor.py:153} INFO - Started process (PID=164) to work on /home/airflow/.local/lib/python3.7/site-packages/airflow/example_dags/tutorial_taskflow_api_etl.py
[2022-05-28 01:03:00,982] {processor.py:641} INFO - Processing file /home/airflow/.local/lib/python3.7/site-packages/airflow/example_dags/tutorial_taskflow_api_etl.py for tasks to queue
[2022-05-28 01:03:00,982] {logging_mixin.py:115} INFO - [2022-05-28 01:03:00,982] {dagbag.py:507} INFO - Filling up the DagBag from /home/airflow/.local/lib/python3.7/site-packages/airflow/example_dags/tutorial_taskflow_api_etl.py
[2022-05-28 01:03:00,994] {processor.py:651} INFO - DAG(s) dict_keys(['tutorial_taskflow_api_etl']) retrieved from /home/airflow/.local/lib/python3.7/site-packages/airflow/example_dags/tutorial_taskflow_api_etl.py
[2022-05-28 01:03:01,176] {logging_mixin.py:115} INFO - [2022-05-28 01:03:01,176] {dag.py:2379} INFO - Sync 1 DAGs
[2022-05-28 01:03:01,190] {logging_mixin.py:115} INFO - [2022-05-28 01:03:01,190] {dag.py:2927} INFO - Setting next_dagrun for tutorial_taskflow_api_etl to None, run_after=None
[2022-05-28 01:03:01,202] {processor.py:161} INFO - Processing /home/airflow/.local/lib/python3.7/site-packages/airflow/example_dags/tutorial_taskflow_api_etl.py took 0.223 seconds
[2022-05-28 01:03:31,995] {processor.py:153} INFO - Started process (PID=216) to work on /home/airflow/.local/lib/python3.7/site-packages/airflow/example_dags/tutorial_taskflow_api_etl.py
[2022-05-28 01:03:31,996] {processor.py:641} INFO - Processing file /home/airflow/.local/lib/python3.7/site-packages/airflow/example_dags/tutorial_taskflow_api_etl.py for tasks to queue
[2022-05-28 01:03:31,996] {logging_mixin.py:115} INFO - [2022-05-28 01:03:31,996] {dagbag.py:507} INFO - Filling up the DagBag from /home/airflow/.local/lib/python3.7/site-packages/airflow/example_dags/tutorial_taskflow_api_etl.py
[2022-05-28 01:03:32,009] {processor.py:651} INFO - DAG(s) dict_keys(['tutorial_taskflow_api_etl']) retrieved from /home/airflow/.local/lib/python3.7/site-packages/airflow/example_dags/tutorial_taskflow_api_etl.py
[2022-05-28 01:03:32,184] {logging_mixin.py:115} INFO - [2022-05-28 01:03:32,184] {dag.py:2379} INFO - Sync 1 DAGs
[2022-05-28 01:03:32,198] {logging_mixin.py:115} INFO - [2022-05-28 01:03:32,198] {dag.py:2927} INFO - Setting next_dagrun for tutorial_taskflow_api_etl to None, run_after=None
[2022-05-28 01:03:32,207] {processor.py:161} INFO - Processing /home/airflow/.local/lib/python3.7/site-packages/airflow/example_dags/tutorial_taskflow_api_etl.py took 0.214 seconds
[2022-05-28 01:04:03,124] {processor.py:153} INFO - Started process (PID=277) to work on /home/airflow/.local/lib/python3.7/site-packages/airflow/example_dags/tutorial_taskflow_api_etl.py
[2022-05-28 01:04:03,125] {processor.py:641} INFO - Processing file /home/airflow/.local/lib/python3.7/site-packages/airflow/example_dags/tutorial_taskflow_api_etl.py for tasks to queue
[2022-05-28 01:04:03,126] {logging_mixin.py:115} INFO - [2022-05-28 01:04:03,126] {dagbag.py:507} INFO - Filling up the DagBag from /home/airflow/.local/lib/python3.7/site-packages/airflow/example_dags/tutorial_taskflow_api_etl.py
[2022-05-28 01:04:03,140] {processor.py:651} INFO - DAG(s) dict_keys(['tutorial_taskflow_api_etl']) retrieved from /home/airflow/.local/lib/python3.7/site-packages/airflow/example_dags/tutorial_taskflow_api_etl.py
[2022-05-28 01:04:03,405] {logging_mixin.py:115} INFO - [2022-05-28 01:04:03,405] {dag.py:2379} INFO - Sync 1 DAGs
[2022-05-28 01:04:03,420] {logging_mixin.py:115} INFO - [2022-05-28 01:04:03,420] {dag.py:2927} INFO - Setting next_dagrun for tutorial_taskflow_api_etl to None, run_after=None
[2022-05-28 01:04:03,430] {processor.py:161} INFO - Processing /home/airflow/.local/lib/python3.7/site-packages/airflow/example_dags/tutorial_taskflow_api_etl.py took 0.309 seconds
[2022-05-28 01:04:34,015] {processor.py:153} INFO - Started process (PID=338) to work on /home/airflow/.local/lib/python3.7/site-packages/airflow/example_dags/tutorial_taskflow_api_etl.py
[2022-05-28 01:04:34,016] {processor.py:641} INFO - Processing file /home/airflow/.local/lib/python3.7/site-packages/airflow/example_dags/tutorial_taskflow_api_etl.py for tasks to queue
[2022-05-28 01:04:34,016] {logging_mixin.py:115} INFO - [2022-05-28 01:04:34,016] {dagbag.py:507} INFO - Filling up the DagBag from /home/airflow/.local/lib/python3.7/site-packages/airflow/example_dags/tutorial_taskflow_api_etl.py
[2022-05-28 01:04:34,029] {processor.py:651} INFO - DAG(s) dict_keys(['tutorial_taskflow_api_etl']) retrieved from /home/airflow/.local/lib/python3.7/site-packages/airflow/example_dags/tutorial_taskflow_api_etl.py
[2022-05-28 01:04:34,198] {logging_mixin.py:115} INFO - [2022-05-28 01:04:34,198] {dag.py:2379} INFO - Sync 1 DAGs
[2022-05-28 01:04:34,213] {logging_mixin.py:115} INFO - [2022-05-28 01:04:34,213] {dag.py:2927} INFO - Setting next_dagrun for tutorial_taskflow_api_etl to None, run_after=None
[2022-05-28 01:04:34,223] {processor.py:161} INFO - Processing /home/airflow/.local/lib/python3.7/site-packages/airflow/example_dags/tutorial_taskflow_api_etl.py took 0.210 seconds
[2022-05-28 01:05:04,831] {processor.py:153} INFO - Started process (PID=399) to work on /home/airflow/.local/lib/python3.7/site-packages/airflow/example_dags/tutorial_taskflow_api_etl.py
[2022-05-28 01:05:04,832] {processor.py:641} INFO - Processing file /home/airflow/.local/lib/python3.7/site-packages/airflow/example_dags/tutorial_taskflow_api_etl.py for tasks to queue
[2022-05-28 01:05:04,832] {logging_mixin.py:115} INFO - [2022-05-28 01:05:04,832] {dagbag.py:507} INFO - Filling up the DagBag from /home/airflow/.local/lib/python3.7/site-packages/airflow/example_dags/tutorial_taskflow_api_etl.py
[2022-05-28 01:05:04,845] {processor.py:651} INFO - DAG(s) dict_keys(['tutorial_taskflow_api_etl']) retrieved from /home/airflow/.local/lib/python3.7/site-packages/airflow/example_dags/tutorial_taskflow_api_etl.py
[2022-05-28 01:05:05,032] {logging_mixin.py:115} INFO - [2022-05-28 01:05:05,031] {dag.py:2379} INFO - Sync 1 DAGs
[2022-05-28 01:05:05,047] {logging_mixin.py:115} INFO - [2022-05-28 01:05:05,047] {dag.py:2927} INFO - Setting next_dagrun for tutorial_taskflow_api_etl to None, run_after=None
[2022-05-28 01:05:05,056] {processor.py:161} INFO - Processing /home/airflow/.local/lib/python3.7/site-packages/airflow/example_dags/tutorial_taskflow_api_etl.py took 0.228 seconds
[2022-05-28 01:05:35,758] {processor.py:153} INFO - Started process (PID=451) to work on /home/airflow/.local/lib/python3.7/site-packages/airflow/example_dags/tutorial_taskflow_api_etl.py
[2022-05-28 01:05:35,759] {processor.py:641} INFO - Processing file /home/airflow/.local/lib/python3.7/site-packages/airflow/example_dags/tutorial_taskflow_api_etl.py for tasks to queue
[2022-05-28 01:05:35,759] {logging_mixin.py:115} INFO - [2022-05-28 01:05:35,759] {dagbag.py:507} INFO - Filling up the DagBag from /home/airflow/.local/lib/python3.7/site-packages/airflow/example_dags/tutorial_taskflow_api_etl.py
[2022-05-28 01:05:35,772] {processor.py:651} INFO - DAG(s) dict_keys(['tutorial_taskflow_api_etl']) retrieved from /home/airflow/.local/lib/python3.7/site-packages/airflow/example_dags/tutorial_taskflow_api_etl.py
[2022-05-28 01:05:35,939] {logging_mixin.py:115} INFO - [2022-05-28 01:05:35,939] {dag.py:2379} INFO - Sync 1 DAGs
[2022-05-28 01:05:35,954] {logging_mixin.py:115} INFO - [2022-05-28 01:05:35,954] {dag.py:2927} INFO - Setting next_dagrun for tutorial_taskflow_api_etl to None, run_after=None
[2022-05-28 01:05:35,965] {processor.py:161} INFO - Processing /home/airflow/.local/lib/python3.7/site-packages/airflow/example_dags/tutorial_taskflow_api_etl.py took 0.209 seconds
[2022-05-28 01:06:06,506] {processor.py:153} INFO - Started process (PID=512) to work on /home/airflow/.local/lib/python3.7/site-packages/airflow/example_dags/tutorial_taskflow_api_etl.py
[2022-05-28 01:06:06,507] {processor.py:641} INFO - Processing file /home/airflow/.local/lib/python3.7/site-packages/airflow/example_dags/tutorial_taskflow_api_etl.py for tasks to queue
[2022-05-28 01:06:06,507] {logging_mixin.py:115} INFO - [2022-05-28 01:06:06,507] {dagbag.py:507} INFO - Filling up the DagBag from /home/airflow/.local/lib/python3.7/site-packages/airflow/example_dags/tutorial_taskflow_api_etl.py
[2022-05-28 01:06:06,522] {processor.py:651} INFO - DAG(s) dict_keys(['tutorial_taskflow_api_etl']) retrieved from /home/airflow/.local/lib/python3.7/site-packages/airflow/example_dags/tutorial_taskflow_api_etl.py
[2022-05-28 01:06:06,695] {logging_mixin.py:115} INFO - [2022-05-28 01:06:06,695] {dag.py:2379} INFO - Sync 1 DAGs
[2022-05-28 01:06:06,710] {logging_mixin.py:115} INFO - [2022-05-28 01:06:06,710] {dag.py:2927} INFO - Setting next_dagrun for tutorial_taskflow_api_etl to None, run_after=None
[2022-05-28 01:06:06,719] {processor.py:161} INFO - Processing /home/airflow/.local/lib/python3.7/site-packages/airflow/example_dags/tutorial_taskflow_api_etl.py took 0.215 seconds
[2022-05-28 01:06:37,218] {processor.py:153} INFO - Started process (PID=573) to work on /home/airflow/.local/lib/python3.7/site-packages/airflow/example_dags/tutorial_taskflow_api_etl.py
[2022-05-28 01:06:37,219] {processor.py:641} INFO - Processing file /home/airflow/.local/lib/python3.7/site-packages/airflow/example_dags/tutorial_taskflow_api_etl.py for tasks to queue
[2022-05-28 01:06:37,219] {logging_mixin.py:115} INFO - [2022-05-28 01:06:37,219] {dagbag.py:507} INFO - Filling up the DagBag from /home/airflow/.local/lib/python3.7/site-packages/airflow/example_dags/tutorial_taskflow_api_etl.py
[2022-05-28 01:06:37,231] {processor.py:651} INFO - DAG(s) dict_keys(['tutorial_taskflow_api_etl']) retrieved from /home/airflow/.local/lib/python3.7/site-packages/airflow/example_dags/tutorial_taskflow_api_etl.py
[2022-05-28 01:06:37,410] {logging_mixin.py:115} INFO - [2022-05-28 01:06:37,410] {dag.py:2379} INFO - Sync 1 DAGs
[2022-05-28 01:06:37,425] {logging_mixin.py:115} INFO - [2022-05-28 01:06:37,425] {dag.py:2927} INFO - Setting next_dagrun for tutorial_taskflow_api_etl to None, run_after=None
[2022-05-28 01:06:37,434] {processor.py:161} INFO - Processing /home/airflow/.local/lib/python3.7/site-packages/airflow/example_dags/tutorial_taskflow_api_etl.py took 0.218 seconds
[2022-05-28 01:07:08,161] {processor.py:153} INFO - Started process (PID=634) to work on /home/airflow/.local/lib/python3.7/site-packages/airflow/example_dags/tutorial_taskflow_api_etl.py
[2022-05-28 01:07:08,162] {processor.py:641} INFO - Processing file /home/airflow/.local/lib/python3.7/site-packages/airflow/example_dags/tutorial_taskflow_api_etl.py for tasks to queue
[2022-05-28 01:07:08,162] {logging_mixin.py:115} INFO - [2022-05-28 01:07:08,162] {dagbag.py:507} INFO - Filling up the DagBag from /home/airflow/.local/lib/python3.7/site-packages/airflow/example_dags/tutorial_taskflow_api_etl.py
[2022-05-28 01:07:08,174] {processor.py:651} INFO - DAG(s) dict_keys(['tutorial_taskflow_api_etl']) retrieved from /home/airflow/.local/lib/python3.7/site-packages/airflow/example_dags/tutorial_taskflow_api_etl.py
[2022-05-28 01:07:08,363] {logging_mixin.py:115} INFO - [2022-05-28 01:07:08,362] {dag.py:2379} INFO - Sync 1 DAGs
[2022-05-28 01:07:08,380] {logging_mixin.py:115} INFO - [2022-05-28 01:07:08,380] {dag.py:2927} INFO - Setting next_dagrun for tutorial_taskflow_api_etl to None, run_after=None
[2022-05-28 01:07:08,391] {processor.py:161} INFO - Processing /home/airflow/.local/lib/python3.7/site-packages/airflow/example_dags/tutorial_taskflow_api_etl.py took 0.232 seconds
[2022-05-28 01:07:38,687] {processor.py:153} INFO - Started process (PID=686) to work on /home/airflow/.local/lib/python3.7/site-packages/airflow/example_dags/tutorial_taskflow_api_etl.py
[2022-05-28 01:07:38,687] {processor.py:641} INFO - Processing file /home/airflow/.local/lib/python3.7/site-packages/airflow/example_dags/tutorial_taskflow_api_etl.py for tasks to queue
[2022-05-28 01:07:38,688] {logging_mixin.py:115} INFO - [2022-05-28 01:07:38,688] {dagbag.py:507} INFO - Filling up the DagBag from /home/airflow/.local/lib/python3.7/site-packages/airflow/example_dags/tutorial_taskflow_api_etl.py
[2022-05-28 01:07:38,701] {processor.py:651} INFO - DAG(s) dict_keys(['tutorial_taskflow_api_etl']) retrieved from /home/airflow/.local/lib/python3.7/site-packages/airflow/example_dags/tutorial_taskflow_api_etl.py
[2022-05-28 01:07:38,861] {logging_mixin.py:115} INFO - [2022-05-28 01:07:38,861] {dag.py:2379} INFO - Sync 1 DAGs
[2022-05-28 01:07:38,876] {logging_mixin.py:115} INFO - [2022-05-28 01:07:38,876] {dag.py:2927} INFO - Setting next_dagrun for tutorial_taskflow_api_etl to None, run_after=None
[2022-05-28 01:07:38,886] {processor.py:161} INFO - Processing /home/airflow/.local/lib/python3.7/site-packages/airflow/example_dags/tutorial_taskflow_api_etl.py took 0.201 seconds
