[2022-05-28 01:02:30,037] {processor.py:153} INFO - Started process (PID=104) to work on /home/airflow/.local/lib/python3.7/site-packages/airflow/example_dags/tutorial_taskflow_api_etl_virtualenv.py
[2022-05-28 01:02:30,037] {processor.py:641} INFO - Processing file /home/airflow/.local/lib/python3.7/site-packages/airflow/example_dags/tutorial_taskflow_api_etl_virtualenv.py for tasks to queue
[2022-05-28 01:02:30,038] {logging_mixin.py:115} INFO - [2022-05-28 01:02:30,038] {dagbag.py:507} INFO - Filling up the DagBag from /home/airflow/.local/lib/python3.7/site-packages/airflow/example_dags/tutorial_taskflow_api_etl_virtualenv.py
[2022-05-28 01:02:30,050] {processor.py:651} INFO - DAG(s) dict_keys(['tutorial_taskflow_api_etl_virtualenv']) retrieved from /home/airflow/.local/lib/python3.7/site-packages/airflow/example_dags/tutorial_taskflow_api_etl_virtualenv.py
[2022-05-28 01:02:30,248] {logging_mixin.py:115} INFO - [2022-05-28 01:02:30,247] {manager.py:508} INFO - Created Permission View: can read on DAG:tutorial_taskflow_api_etl_virtualenv
[2022-05-28 01:02:30,255] {logging_mixin.py:115} INFO - [2022-05-28 01:02:30,255] {manager.py:508} INFO - Created Permission View: can delete on DAG:tutorial_taskflow_api_etl_virtualenv
[2022-05-28 01:02:30,261] {logging_mixin.py:115} INFO - [2022-05-28 01:02:30,261] {manager.py:508} INFO - Created Permission View: can edit on DAG:tutorial_taskflow_api_etl_virtualenv
[2022-05-28 01:02:30,261] {logging_mixin.py:115} INFO - [2022-05-28 01:02:30,261] {dag.py:2379} INFO - Sync 1 DAGs
[2022-05-28 01:02:30,268] {logging_mixin.py:115} INFO - [2022-05-28 01:02:30,268] {dag.py:2398} INFO - Creating ORM DAG for tutorial_taskflow_api_etl_virtualenv
[2022-05-28 01:02:30,277] {logging_mixin.py:115} INFO - [2022-05-28 01:02:30,277] {dag.py:2927} INFO - Setting next_dagrun for tutorial_taskflow_api_etl_virtualenv to None, run_after=None
[2022-05-28 01:02:30,287] {processor.py:161} INFO - Processing /home/airflow/.local/lib/python3.7/site-packages/airflow/example_dags/tutorial_taskflow_api_etl_virtualenv.py took 0.252 seconds
[2022-05-28 01:03:01,050] {processor.py:153} INFO - Started process (PID=165) to work on /home/airflow/.local/lib/python3.7/site-packages/airflow/example_dags/tutorial_taskflow_api_etl_virtualenv.py
[2022-05-28 01:03:01,051] {processor.py:641} INFO - Processing file /home/airflow/.local/lib/python3.7/site-packages/airflow/example_dags/tutorial_taskflow_api_etl_virtualenv.py for tasks to queue
[2022-05-28 01:03:01,051] {logging_mixin.py:115} INFO - [2022-05-28 01:03:01,051] {dagbag.py:507} INFO - Filling up the DagBag from /home/airflow/.local/lib/python3.7/site-packages/airflow/example_dags/tutorial_taskflow_api_etl_virtualenv.py
[2022-05-28 01:03:01,064] {processor.py:651} INFO - DAG(s) dict_keys(['tutorial_taskflow_api_etl_virtualenv']) retrieved from /home/airflow/.local/lib/python3.7/site-packages/airflow/example_dags/tutorial_taskflow_api_etl_virtualenv.py
[2022-05-28 01:03:01,244] {logging_mixin.py:115} INFO - [2022-05-28 01:03:01,244] {dag.py:2379} INFO - Sync 1 DAGs
[2022-05-28 01:03:01,258] {logging_mixin.py:115} INFO - [2022-05-28 01:03:01,258] {dag.py:2927} INFO - Setting next_dagrun for tutorial_taskflow_api_etl_virtualenv to None, run_after=None
[2022-05-28 01:03:01,267] {processor.py:161} INFO - Processing /home/airflow/.local/lib/python3.7/site-packages/airflow/example_dags/tutorial_taskflow_api_etl_virtualenv.py took 0.219 seconds
[2022-05-28 01:03:32,001] {processor.py:153} INFO - Started process (PID=217) to work on /home/airflow/.local/lib/python3.7/site-packages/airflow/example_dags/tutorial_taskflow_api_etl_virtualenv.py
[2022-05-28 01:03:32,002] {processor.py:641} INFO - Processing file /home/airflow/.local/lib/python3.7/site-packages/airflow/example_dags/tutorial_taskflow_api_etl_virtualenv.py for tasks to queue
[2022-05-28 01:03:32,002] {logging_mixin.py:115} INFO - [2022-05-28 01:03:32,002] {dagbag.py:507} INFO - Filling up the DagBag from /home/airflow/.local/lib/python3.7/site-packages/airflow/example_dags/tutorial_taskflow_api_etl_virtualenv.py
[2022-05-28 01:03:32,016] {processor.py:651} INFO - DAG(s) dict_keys(['tutorial_taskflow_api_etl_virtualenv']) retrieved from /home/airflow/.local/lib/python3.7/site-packages/airflow/example_dags/tutorial_taskflow_api_etl_virtualenv.py
[2022-05-28 01:03:32,195] {logging_mixin.py:115} INFO - [2022-05-28 01:03:32,195] {dag.py:2379} INFO - Sync 1 DAGs
[2022-05-28 01:03:32,211] {logging_mixin.py:115} INFO - [2022-05-28 01:03:32,211] {dag.py:2927} INFO - Setting next_dagrun for tutorial_taskflow_api_etl_virtualenv to None, run_after=None
[2022-05-28 01:03:32,221] {processor.py:161} INFO - Processing /home/airflow/.local/lib/python3.7/site-packages/airflow/example_dags/tutorial_taskflow_api_etl_virtualenv.py took 0.222 seconds
[2022-05-28 01:04:03,154] {processor.py:153} INFO - Started process (PID=278) to work on /home/airflow/.local/lib/python3.7/site-packages/airflow/example_dags/tutorial_taskflow_api_etl_virtualenv.py
[2022-05-28 01:04:03,154] {processor.py:641} INFO - Processing file /home/airflow/.local/lib/python3.7/site-packages/airflow/example_dags/tutorial_taskflow_api_etl_virtualenv.py for tasks to queue
[2022-05-28 01:04:03,155] {logging_mixin.py:115} INFO - [2022-05-28 01:04:03,155] {dagbag.py:507} INFO - Filling up the DagBag from /home/airflow/.local/lib/python3.7/site-packages/airflow/example_dags/tutorial_taskflow_api_etl_virtualenv.py
[2022-05-28 01:04:03,172] {processor.py:651} INFO - DAG(s) dict_keys(['tutorial_taskflow_api_etl_virtualenv']) retrieved from /home/airflow/.local/lib/python3.7/site-packages/airflow/example_dags/tutorial_taskflow_api_etl_virtualenv.py
[2022-05-28 01:04:03,480] {logging_mixin.py:115} INFO - [2022-05-28 01:04:03,480] {dag.py:2379} INFO - Sync 1 DAGs
[2022-05-28 01:04:03,498] {logging_mixin.py:115} INFO - [2022-05-28 01:04:03,498] {dag.py:2927} INFO - Setting next_dagrun for tutorial_taskflow_api_etl_virtualenv to None, run_after=None
[2022-05-28 01:04:03,510] {processor.py:161} INFO - Processing /home/airflow/.local/lib/python3.7/site-packages/airflow/example_dags/tutorial_taskflow_api_etl_virtualenv.py took 0.359 seconds
[2022-05-28 01:04:34,242] {processor.py:153} INFO - Started process (PID=339) to work on /home/airflow/.local/lib/python3.7/site-packages/airflow/example_dags/tutorial_taskflow_api_etl_virtualenv.py
[2022-05-28 01:04:34,243] {processor.py:641} INFO - Processing file /home/airflow/.local/lib/python3.7/site-packages/airflow/example_dags/tutorial_taskflow_api_etl_virtualenv.py for tasks to queue
[2022-05-28 01:04:34,243] {logging_mixin.py:115} INFO - [2022-05-28 01:04:34,243] {dagbag.py:507} INFO - Filling up the DagBag from /home/airflow/.local/lib/python3.7/site-packages/airflow/example_dags/tutorial_taskflow_api_etl_virtualenv.py
[2022-05-28 01:04:34,256] {processor.py:651} INFO - DAG(s) dict_keys(['tutorial_taskflow_api_etl_virtualenv']) retrieved from /home/airflow/.local/lib/python3.7/site-packages/airflow/example_dags/tutorial_taskflow_api_etl_virtualenv.py
[2022-05-28 01:04:34,427] {logging_mixin.py:115} INFO - [2022-05-28 01:04:34,427] {dag.py:2379} INFO - Sync 1 DAGs
[2022-05-28 01:04:34,442] {logging_mixin.py:115} INFO - [2022-05-28 01:04:34,442] {dag.py:2927} INFO - Setting next_dagrun for tutorial_taskflow_api_etl_virtualenv to None, run_after=None
[2022-05-28 01:04:34,452] {processor.py:161} INFO - Processing /home/airflow/.local/lib/python3.7/site-packages/airflow/example_dags/tutorial_taskflow_api_etl_virtualenv.py took 0.212 seconds
[2022-05-28 01:05:04,841] {processor.py:153} INFO - Started process (PID=400) to work on /home/airflow/.local/lib/python3.7/site-packages/airflow/example_dags/tutorial_taskflow_api_etl_virtualenv.py
[2022-05-28 01:05:04,842] {processor.py:641} INFO - Processing file /home/airflow/.local/lib/python3.7/site-packages/airflow/example_dags/tutorial_taskflow_api_etl_virtualenv.py for tasks to queue
[2022-05-28 01:05:04,842] {logging_mixin.py:115} INFO - [2022-05-28 01:05:04,842] {dagbag.py:507} INFO - Filling up the DagBag from /home/airflow/.local/lib/python3.7/site-packages/airflow/example_dags/tutorial_taskflow_api_etl_virtualenv.py
[2022-05-28 01:05:04,855] {processor.py:651} INFO - DAG(s) dict_keys(['tutorial_taskflow_api_etl_virtualenv']) retrieved from /home/airflow/.local/lib/python3.7/site-packages/airflow/example_dags/tutorial_taskflow_api_etl_virtualenv.py
[2022-05-28 01:05:05,038] {logging_mixin.py:115} INFO - [2022-05-28 01:05:05,038] {dag.py:2379} INFO - Sync 1 DAGs
[2022-05-28 01:05:05,052] {logging_mixin.py:115} INFO - [2022-05-28 01:05:05,052] {dag.py:2927} INFO - Setting next_dagrun for tutorial_taskflow_api_etl_virtualenv to None, run_after=None
[2022-05-28 01:05:05,062] {processor.py:161} INFO - Processing /home/airflow/.local/lib/python3.7/site-packages/airflow/example_dags/tutorial_taskflow_api_etl_virtualenv.py took 0.223 seconds
[2022-05-28 01:05:35,820] {processor.py:153} INFO - Started process (PID=452) to work on /home/airflow/.local/lib/python3.7/site-packages/airflow/example_dags/tutorial_taskflow_api_etl_virtualenv.py
[2022-05-28 01:05:35,821] {processor.py:641} INFO - Processing file /home/airflow/.local/lib/python3.7/site-packages/airflow/example_dags/tutorial_taskflow_api_etl_virtualenv.py for tasks to queue
[2022-05-28 01:05:35,821] {logging_mixin.py:115} INFO - [2022-05-28 01:05:35,821] {dagbag.py:507} INFO - Filling up the DagBag from /home/airflow/.local/lib/python3.7/site-packages/airflow/example_dags/tutorial_taskflow_api_etl_virtualenv.py
[2022-05-28 01:05:35,834] {processor.py:651} INFO - DAG(s) dict_keys(['tutorial_taskflow_api_etl_virtualenv']) retrieved from /home/airflow/.local/lib/python3.7/site-packages/airflow/example_dags/tutorial_taskflow_api_etl_virtualenv.py
[2022-05-28 01:05:35,853] {logging_mixin.py:115} INFO - [2022-05-28 01:05:35,853] {dag.py:2379} INFO - Sync 1 DAGs
[2022-05-28 01:05:35,872] {logging_mixin.py:115} INFO - [2022-05-28 01:05:35,872] {dag.py:2927} INFO - Setting next_dagrun for tutorial_taskflow_api_etl_virtualenv to None, run_after=None
[2022-05-28 01:05:35,879] {processor.py:161} INFO - Processing /home/airflow/.local/lib/python3.7/site-packages/airflow/example_dags/tutorial_taskflow_api_etl_virtualenv.py took 0.061 seconds
[2022-05-28 01:06:06,525] {processor.py:153} INFO - Started process (PID=513) to work on /home/airflow/.local/lib/python3.7/site-packages/airflow/example_dags/tutorial_taskflow_api_etl_virtualenv.py
[2022-05-28 01:06:06,525] {processor.py:641} INFO - Processing file /home/airflow/.local/lib/python3.7/site-packages/airflow/example_dags/tutorial_taskflow_api_etl_virtualenv.py for tasks to queue
[2022-05-28 01:06:06,526] {logging_mixin.py:115} INFO - [2022-05-28 01:06:06,526] {dagbag.py:507} INFO - Filling up the DagBag from /home/airflow/.local/lib/python3.7/site-packages/airflow/example_dags/tutorial_taskflow_api_etl_virtualenv.py
[2022-05-28 01:06:06,538] {processor.py:651} INFO - DAG(s) dict_keys(['tutorial_taskflow_api_etl_virtualenv']) retrieved from /home/airflow/.local/lib/python3.7/site-packages/airflow/example_dags/tutorial_taskflow_api_etl_virtualenv.py
[2022-05-28 01:06:06,714] {logging_mixin.py:115} INFO - [2022-05-28 01:06:06,714] {dag.py:2379} INFO - Sync 1 DAGs
[2022-05-28 01:06:06,729] {logging_mixin.py:115} INFO - [2022-05-28 01:06:06,729] {dag.py:2927} INFO - Setting next_dagrun for tutorial_taskflow_api_etl_virtualenv to None, run_after=None
[2022-05-28 01:06:06,738] {processor.py:161} INFO - Processing /home/airflow/.local/lib/python3.7/site-packages/airflow/example_dags/tutorial_taskflow_api_etl_virtualenv.py took 0.216 seconds
[2022-05-28 01:06:37,258] {processor.py:153} INFO - Started process (PID=574) to work on /home/airflow/.local/lib/python3.7/site-packages/airflow/example_dags/tutorial_taskflow_api_etl_virtualenv.py
[2022-05-28 01:06:37,258] {processor.py:641} INFO - Processing file /home/airflow/.local/lib/python3.7/site-packages/airflow/example_dags/tutorial_taskflow_api_etl_virtualenv.py for tasks to queue
[2022-05-28 01:06:37,259] {logging_mixin.py:115} INFO - [2022-05-28 01:06:37,259] {dagbag.py:507} INFO - Filling up the DagBag from /home/airflow/.local/lib/python3.7/site-packages/airflow/example_dags/tutorial_taskflow_api_etl_virtualenv.py
[2022-05-28 01:06:37,271] {processor.py:651} INFO - DAG(s) dict_keys(['tutorial_taskflow_api_etl_virtualenv']) retrieved from /home/airflow/.local/lib/python3.7/site-packages/airflow/example_dags/tutorial_taskflow_api_etl_virtualenv.py
[2022-05-28 01:06:37,447] {logging_mixin.py:115} INFO - [2022-05-28 01:06:37,447] {dag.py:2379} INFO - Sync 1 DAGs
[2022-05-28 01:06:37,461] {logging_mixin.py:115} INFO - [2022-05-28 01:06:37,461] {dag.py:2927} INFO - Setting next_dagrun for tutorial_taskflow_api_etl_virtualenv to None, run_after=None
[2022-05-28 01:06:37,470] {processor.py:161} INFO - Processing /home/airflow/.local/lib/python3.7/site-packages/airflow/example_dags/tutorial_taskflow_api_etl_virtualenv.py took 0.214 seconds
[2022-05-28 01:07:08,442] {processor.py:153} INFO - Started process (PID=635) to work on /home/airflow/.local/lib/python3.7/site-packages/airflow/example_dags/tutorial_taskflow_api_etl_virtualenv.py
[2022-05-28 01:07:08,442] {processor.py:641} INFO - Processing file /home/airflow/.local/lib/python3.7/site-packages/airflow/example_dags/tutorial_taskflow_api_etl_virtualenv.py for tasks to queue
[2022-05-28 01:07:08,443] {logging_mixin.py:115} INFO - [2022-05-28 01:07:08,443] {dagbag.py:507} INFO - Filling up the DagBag from /home/airflow/.local/lib/python3.7/site-packages/airflow/example_dags/tutorial_taskflow_api_etl_virtualenv.py
[2022-05-28 01:07:08,457] {processor.py:651} INFO - DAG(s) dict_keys(['tutorial_taskflow_api_etl_virtualenv']) retrieved from /home/airflow/.local/lib/python3.7/site-packages/airflow/example_dags/tutorial_taskflow_api_etl_virtualenv.py
[2022-05-28 01:07:08,635] {logging_mixin.py:115} INFO - [2022-05-28 01:07:08,635] {dag.py:2379} INFO - Sync 1 DAGs
[2022-05-28 01:07:08,651] {logging_mixin.py:115} INFO - [2022-05-28 01:07:08,651] {dag.py:2927} INFO - Setting next_dagrun for tutorial_taskflow_api_etl_virtualenv to None, run_after=None
[2022-05-28 01:07:08,660] {processor.py:161} INFO - Processing /home/airflow/.local/lib/python3.7/site-packages/airflow/example_dags/tutorial_taskflow_api_etl_virtualenv.py took 0.222 seconds
[2022-05-28 01:07:38,691] {processor.py:153} INFO - Started process (PID=687) to work on /home/airflow/.local/lib/python3.7/site-packages/airflow/example_dags/tutorial_taskflow_api_etl_virtualenv.py
[2022-05-28 01:07:38,692] {processor.py:641} INFO - Processing file /home/airflow/.local/lib/python3.7/site-packages/airflow/example_dags/tutorial_taskflow_api_etl_virtualenv.py for tasks to queue
[2022-05-28 01:07:38,692] {logging_mixin.py:115} INFO - [2022-05-28 01:07:38,692] {dagbag.py:507} INFO - Filling up the DagBag from /home/airflow/.local/lib/python3.7/site-packages/airflow/example_dags/tutorial_taskflow_api_etl_virtualenv.py
[2022-05-28 01:07:38,707] {processor.py:651} INFO - DAG(s) dict_keys(['tutorial_taskflow_api_etl_virtualenv']) retrieved from /home/airflow/.local/lib/python3.7/site-packages/airflow/example_dags/tutorial_taskflow_api_etl_virtualenv.py
[2022-05-28 01:07:38,876] {logging_mixin.py:115} INFO - [2022-05-28 01:07:38,876] {dag.py:2379} INFO - Sync 1 DAGs
[2022-05-28 01:07:38,891] {logging_mixin.py:115} INFO - [2022-05-28 01:07:38,891] {dag.py:2927} INFO - Setting next_dagrun for tutorial_taskflow_api_etl_virtualenv to None, run_after=None
[2022-05-28 01:07:38,900] {processor.py:161} INFO - Processing /home/airflow/.local/lib/python3.7/site-packages/airflow/example_dags/tutorial_taskflow_api_etl_virtualenv.py took 0.212 seconds
