[2022-05-28 01:02:29,704] {processor.py:153} INFO - Started process (PID=101) to work on /home/airflow/.local/lib/python3.7/site-packages/airflow/example_dags/tutorial.py
[2022-05-28 01:02:29,704] {processor.py:641} INFO - Processing file /home/airflow/.local/lib/python3.7/site-packages/airflow/example_dags/tutorial.py for tasks to queue
[2022-05-28 01:02:29,705] {logging_mixin.py:115} INFO - [2022-05-28 01:02:29,705] {dagbag.py:507} INFO - Filling up the DagBag from /home/airflow/.local/lib/python3.7/site-packages/airflow/example_dags/tutorial.py
[2022-05-28 01:02:29,709] {processor.py:651} INFO - DAG(s) dict_keys(['tutorial']) retrieved from /home/airflow/.local/lib/python3.7/site-packages/airflow/example_dags/tutorial.py
[2022-05-28 01:02:29,905] {logging_mixin.py:115} INFO - [2022-05-28 01:02:29,905] {manager.py:508} INFO - Created Permission View: can read on DAG:tutorial
[2022-05-28 01:02:29,913] {logging_mixin.py:115} INFO - [2022-05-28 01:02:29,913] {manager.py:508} INFO - Created Permission View: can delete on DAG:tutorial
[2022-05-28 01:02:29,918] {logging_mixin.py:115} INFO - [2022-05-28 01:02:29,918] {manager.py:508} INFO - Created Permission View: can edit on DAG:tutorial
[2022-05-28 01:02:29,919] {logging_mixin.py:115} INFO - [2022-05-28 01:02:29,919] {dag.py:2379} INFO - Sync 1 DAGs
[2022-05-28 01:02:29,926] {logging_mixin.py:115} INFO - [2022-05-28 01:02:29,926] {dag.py:2398} INFO - Creating ORM DAG for tutorial
[2022-05-28 01:02:29,935] {logging_mixin.py:115} INFO - [2022-05-28 01:02:29,935] {dag.py:2927} INFO - Setting next_dagrun for tutorial to 2022-05-27T01:02:29.935060+00:00, run_after=2022-05-28T01:02:29.935060+00:00
[2022-05-28 01:02:29,946] {processor.py:161} INFO - Processing /home/airflow/.local/lib/python3.7/site-packages/airflow/example_dags/tutorial.py took 0.244 seconds
[2022-05-28 01:03:00,910] {processor.py:153} INFO - Started process (PID=162) to work on /home/airflow/.local/lib/python3.7/site-packages/airflow/example_dags/tutorial.py
[2022-05-28 01:03:00,911] {processor.py:641} INFO - Processing file /home/airflow/.local/lib/python3.7/site-packages/airflow/example_dags/tutorial.py for tasks to queue
[2022-05-28 01:03:00,911] {logging_mixin.py:115} INFO - [2022-05-28 01:03:00,911] {dagbag.py:507} INFO - Filling up the DagBag from /home/airflow/.local/lib/python3.7/site-packages/airflow/example_dags/tutorial.py
[2022-05-28 01:03:00,915] {processor.py:651} INFO - DAG(s) dict_keys(['tutorial']) retrieved from /home/airflow/.local/lib/python3.7/site-packages/airflow/example_dags/tutorial.py
[2022-05-28 01:03:00,935] {logging_mixin.py:115} INFO - [2022-05-28 01:03:00,935] {dag.py:2379} INFO - Sync 1 DAGs
[2022-05-28 01:03:00,953] {logging_mixin.py:115} INFO - [2022-05-28 01:03:00,953] {dag.py:2927} INFO - Setting next_dagrun for tutorial to 2022-05-27T01:03:00.953246+00:00, run_after=2022-05-28T01:03:00.953246+00:00
[2022-05-28 01:03:00,962] {processor.py:161} INFO - Processing /home/airflow/.local/lib/python3.7/site-packages/airflow/example_dags/tutorial.py took 0.054 seconds
[2022-05-28 01:03:31,918] {processor.py:153} INFO - Started process (PID=214) to work on /home/airflow/.local/lib/python3.7/site-packages/airflow/example_dags/tutorial.py
[2022-05-28 01:03:31,919] {processor.py:641} INFO - Processing file /home/airflow/.local/lib/python3.7/site-packages/airflow/example_dags/tutorial.py for tasks to queue
[2022-05-28 01:03:31,919] {logging_mixin.py:115} INFO - [2022-05-28 01:03:31,919] {dagbag.py:507} INFO - Filling up the DagBag from /home/airflow/.local/lib/python3.7/site-packages/airflow/example_dags/tutorial.py
[2022-05-28 01:03:31,924] {processor.py:651} INFO - DAG(s) dict_keys(['tutorial']) retrieved from /home/airflow/.local/lib/python3.7/site-packages/airflow/example_dags/tutorial.py
[2022-05-28 01:03:31,947] {logging_mixin.py:115} INFO - [2022-05-28 01:03:31,947] {dag.py:2379} INFO - Sync 1 DAGs
[2022-05-28 01:03:31,970] {logging_mixin.py:115} INFO - [2022-05-28 01:03:31,970] {dag.py:2927} INFO - Setting next_dagrun for tutorial to 2022-05-27T01:03:31.970416+00:00, run_after=2022-05-28T01:03:31.970416+00:00
[2022-05-28 01:03:31,981] {processor.py:161} INFO - Processing /home/airflow/.local/lib/python3.7/site-packages/airflow/example_dags/tutorial.py took 0.065 seconds
[2022-05-28 01:04:03,043] {processor.py:153} INFO - Started process (PID=275) to work on /home/airflow/.local/lib/python3.7/site-packages/airflow/example_dags/tutorial.py
[2022-05-28 01:04:03,043] {processor.py:641} INFO - Processing file /home/airflow/.local/lib/python3.7/site-packages/airflow/example_dags/tutorial.py for tasks to queue
[2022-05-28 01:04:03,044] {logging_mixin.py:115} INFO - [2022-05-28 01:04:03,044] {dagbag.py:507} INFO - Filling up the DagBag from /home/airflow/.local/lib/python3.7/site-packages/airflow/example_dags/tutorial.py
[2022-05-28 01:04:03,049] {processor.py:651} INFO - DAG(s) dict_keys(['tutorial']) retrieved from /home/airflow/.local/lib/python3.7/site-packages/airflow/example_dags/tutorial.py
[2022-05-28 01:04:03,074] {logging_mixin.py:115} INFO - [2022-05-28 01:04:03,074] {dag.py:2379} INFO - Sync 1 DAGs
[2022-05-28 01:04:03,095] {logging_mixin.py:115} INFO - [2022-05-28 01:04:03,095] {dag.py:2927} INFO - Setting next_dagrun for tutorial to 2022-05-27T01:04:03.095176+00:00, run_after=2022-05-28T01:04:03.095176+00:00
[2022-05-28 01:04:03,104] {processor.py:161} INFO - Processing /home/airflow/.local/lib/python3.7/site-packages/airflow/example_dags/tutorial.py took 0.065 seconds
[2022-05-28 01:04:33,950] {processor.py:153} INFO - Started process (PID=336) to work on /home/airflow/.local/lib/python3.7/site-packages/airflow/example_dags/tutorial.py
[2022-05-28 01:04:33,950] {processor.py:641} INFO - Processing file /home/airflow/.local/lib/python3.7/site-packages/airflow/example_dags/tutorial.py for tasks to queue
[2022-05-28 01:04:33,950] {logging_mixin.py:115} INFO - [2022-05-28 01:04:33,950] {dagbag.py:507} INFO - Filling up the DagBag from /home/airflow/.local/lib/python3.7/site-packages/airflow/example_dags/tutorial.py
[2022-05-28 01:04:33,955] {processor.py:651} INFO - DAG(s) dict_keys(['tutorial']) retrieved from /home/airflow/.local/lib/python3.7/site-packages/airflow/example_dags/tutorial.py
[2022-05-28 01:04:33,974] {logging_mixin.py:115} INFO - [2022-05-28 01:04:33,974] {dag.py:2379} INFO - Sync 1 DAGs
[2022-05-28 01:04:33,991] {logging_mixin.py:115} INFO - [2022-05-28 01:04:33,991] {dag.py:2927} INFO - Setting next_dagrun for tutorial to 2022-05-27T01:04:33.991572+00:00, run_after=2022-05-28T01:04:33.991572+00:00
[2022-05-28 01:04:34,000] {processor.py:161} INFO - Processing /home/airflow/.local/lib/python3.7/site-packages/airflow/example_dags/tutorial.py took 0.052 seconds
[2022-05-28 01:05:04,761] {processor.py:153} INFO - Started process (PID=397) to work on /home/airflow/.local/lib/python3.7/site-packages/airflow/example_dags/tutorial.py
[2022-05-28 01:05:04,761] {processor.py:641} INFO - Processing file /home/airflow/.local/lib/python3.7/site-packages/airflow/example_dags/tutorial.py for tasks to queue
[2022-05-28 01:05:04,762] {logging_mixin.py:115} INFO - [2022-05-28 01:05:04,762] {dagbag.py:507} INFO - Filling up the DagBag from /home/airflow/.local/lib/python3.7/site-packages/airflow/example_dags/tutorial.py
[2022-05-28 01:05:04,767] {processor.py:651} INFO - DAG(s) dict_keys(['tutorial']) retrieved from /home/airflow/.local/lib/python3.7/site-packages/airflow/example_dags/tutorial.py
[2022-05-28 01:05:04,787] {logging_mixin.py:115} INFO - [2022-05-28 01:05:04,787] {dag.py:2379} INFO - Sync 1 DAGs
[2022-05-28 01:05:04,804] {logging_mixin.py:115} INFO - [2022-05-28 01:05:04,804] {dag.py:2927} INFO - Setting next_dagrun for tutorial to 2022-05-27T01:05:04.804570+00:00, run_after=2022-05-28T01:05:04.804570+00:00
[2022-05-28 01:05:04,814] {processor.py:161} INFO - Processing /home/airflow/.local/lib/python3.7/site-packages/airflow/example_dags/tutorial.py took 0.056 seconds
[2022-05-28 01:05:35,690] {processor.py:153} INFO - Started process (PID=449) to work on /home/airflow/.local/lib/python3.7/site-packages/airflow/example_dags/tutorial.py
[2022-05-28 01:05:35,690] {processor.py:641} INFO - Processing file /home/airflow/.local/lib/python3.7/site-packages/airflow/example_dags/tutorial.py for tasks to queue
[2022-05-28 01:05:35,691] {logging_mixin.py:115} INFO - [2022-05-28 01:05:35,691] {dagbag.py:507} INFO - Filling up the DagBag from /home/airflow/.local/lib/python3.7/site-packages/airflow/example_dags/tutorial.py
[2022-05-28 01:05:35,695] {processor.py:651} INFO - DAG(s) dict_keys(['tutorial']) retrieved from /home/airflow/.local/lib/python3.7/site-packages/airflow/example_dags/tutorial.py
[2022-05-28 01:05:35,718] {logging_mixin.py:115} INFO - [2022-05-28 01:05:35,718] {dag.py:2379} INFO - Sync 1 DAGs
[2022-05-28 01:05:35,734] {logging_mixin.py:115} INFO - [2022-05-28 01:05:35,734] {dag.py:2927} INFO - Setting next_dagrun for tutorial to 2022-05-27T01:05:35.734004+00:00, run_after=2022-05-28T01:05:35.734004+00:00
[2022-05-28 01:05:35,742] {processor.py:161} INFO - Processing /home/airflow/.local/lib/python3.7/site-packages/airflow/example_dags/tutorial.py took 0.055 seconds
[2022-05-28 01:06:06,442] {processor.py:153} INFO - Started process (PID=510) to work on /home/airflow/.local/lib/python3.7/site-packages/airflow/example_dags/tutorial.py
[2022-05-28 01:06:06,442] {processor.py:641} INFO - Processing file /home/airflow/.local/lib/python3.7/site-packages/airflow/example_dags/tutorial.py for tasks to queue
[2022-05-28 01:06:06,443] {logging_mixin.py:115} INFO - [2022-05-28 01:06:06,443] {dagbag.py:507} INFO - Filling up the DagBag from /home/airflow/.local/lib/python3.7/site-packages/airflow/example_dags/tutorial.py
[2022-05-28 01:06:06,447] {processor.py:651} INFO - DAG(s) dict_keys(['tutorial']) retrieved from /home/airflow/.local/lib/python3.7/site-packages/airflow/example_dags/tutorial.py
[2022-05-28 01:06:06,467] {logging_mixin.py:115} INFO - [2022-05-28 01:06:06,467] {dag.py:2379} INFO - Sync 1 DAGs
[2022-05-28 01:06:06,484] {logging_mixin.py:115} INFO - [2022-05-28 01:06:06,484] {dag.py:2927} INFO - Setting next_dagrun for tutorial to 2022-05-27T01:06:06.484451+00:00, run_after=2022-05-28T01:06:06.484451+00:00
[2022-05-28 01:06:06,493] {processor.py:161} INFO - Processing /home/airflow/.local/lib/python3.7/site-packages/airflow/example_dags/tutorial.py took 0.054 seconds
[2022-05-28 01:06:37,096] {processor.py:153} INFO - Started process (PID=571) to work on /home/airflow/.local/lib/python3.7/site-packages/airflow/example_dags/tutorial.py
[2022-05-28 01:06:37,097] {processor.py:641} INFO - Processing file /home/airflow/.local/lib/python3.7/site-packages/airflow/example_dags/tutorial.py for tasks to queue
[2022-05-28 01:06:37,097] {logging_mixin.py:115} INFO - [2022-05-28 01:06:37,097] {dagbag.py:507} INFO - Filling up the DagBag from /home/airflow/.local/lib/python3.7/site-packages/airflow/example_dags/tutorial.py
[2022-05-28 01:06:37,101] {processor.py:651} INFO - DAG(s) dict_keys(['tutorial']) retrieved from /home/airflow/.local/lib/python3.7/site-packages/airflow/example_dags/tutorial.py
[2022-05-28 01:06:37,120] {logging_mixin.py:115} INFO - [2022-05-28 01:06:37,120] {dag.py:2379} INFO - Sync 1 DAGs
[2022-05-28 01:06:37,136] {logging_mixin.py:115} INFO - [2022-05-28 01:06:37,136] {dag.py:2927} INFO - Setting next_dagrun for tutorial to 2022-05-27T01:06:37.135993+00:00, run_after=2022-05-28T01:06:37.135993+00:00
[2022-05-28 01:06:37,144] {processor.py:161} INFO - Processing /home/airflow/.local/lib/python3.7/site-packages/airflow/example_dags/tutorial.py took 0.049 seconds
[2022-05-28 01:07:08,088] {processor.py:153} INFO - Started process (PID=632) to work on /home/airflow/.local/lib/python3.7/site-packages/airflow/example_dags/tutorial.py
[2022-05-28 01:07:08,088] {processor.py:641} INFO - Processing file /home/airflow/.local/lib/python3.7/site-packages/airflow/example_dags/tutorial.py for tasks to queue
[2022-05-28 01:07:08,089] {logging_mixin.py:115} INFO - [2022-05-28 01:07:08,089] {dagbag.py:507} INFO - Filling up the DagBag from /home/airflow/.local/lib/python3.7/site-packages/airflow/example_dags/tutorial.py
[2022-05-28 01:07:08,093] {processor.py:651} INFO - DAG(s) dict_keys(['tutorial']) retrieved from /home/airflow/.local/lib/python3.7/site-packages/airflow/example_dags/tutorial.py
[2022-05-28 01:07:08,114] {logging_mixin.py:115} INFO - [2022-05-28 01:07:08,114] {dag.py:2379} INFO - Sync 1 DAGs
[2022-05-28 01:07:08,133] {logging_mixin.py:115} INFO - [2022-05-28 01:07:08,133] {dag.py:2927} INFO - Setting next_dagrun for tutorial to 2022-05-27T01:07:08.133104+00:00, run_after=2022-05-28T01:07:08.133104+00:00
[2022-05-28 01:07:08,143] {processor.py:161} INFO - Processing /home/airflow/.local/lib/python3.7/site-packages/airflow/example_dags/tutorial.py took 0.058 seconds
[2022-05-28 01:07:38,551] {processor.py:153} INFO - Started process (PID=684) to work on /home/airflow/.local/lib/python3.7/site-packages/airflow/example_dags/tutorial.py
[2022-05-28 01:07:38,552] {processor.py:641} INFO - Processing file /home/airflow/.local/lib/python3.7/site-packages/airflow/example_dags/tutorial.py for tasks to queue
[2022-05-28 01:07:38,552] {logging_mixin.py:115} INFO - [2022-05-28 01:07:38,552] {dagbag.py:507} INFO - Filling up the DagBag from /home/airflow/.local/lib/python3.7/site-packages/airflow/example_dags/tutorial.py
[2022-05-28 01:07:38,556] {processor.py:651} INFO - DAG(s) dict_keys(['tutorial']) retrieved from /home/airflow/.local/lib/python3.7/site-packages/airflow/example_dags/tutorial.py
[2022-05-28 01:07:38,575] {logging_mixin.py:115} INFO - [2022-05-28 01:07:38,575] {dag.py:2379} INFO - Sync 1 DAGs
[2022-05-28 01:07:38,591] {logging_mixin.py:115} INFO - [2022-05-28 01:07:38,591] {dag.py:2927} INFO - Setting next_dagrun for tutorial to 2022-05-27T01:07:38.591525+00:00, run_after=2022-05-28T01:07:38.591525+00:00
[2022-05-28 01:07:38,600] {processor.py:161} INFO - Processing /home/airflow/.local/lib/python3.7/site-packages/airflow/example_dags/tutorial.py took 0.051 seconds
[2022-05-28 01:08:08,853] {processor.py:153} INFO - Started process (PID=745) to work on /home/airflow/.local/lib/python3.7/site-packages/airflow/example_dags/tutorial.py
[2022-05-28 01:08:08,854] {processor.py:641} INFO - Processing file /home/airflow/.local/lib/python3.7/site-packages/airflow/example_dags/tutorial.py for tasks to queue
[2022-05-28 01:08:08,854] {logging_mixin.py:115} INFO - [2022-05-28 01:08:08,854] {dagbag.py:507} INFO - Filling up the DagBag from /home/airflow/.local/lib/python3.7/site-packages/airflow/example_dags/tutorial.py
[2022-05-28 01:08:08,858] {processor.py:651} INFO - DAG(s) dict_keys(['tutorial']) retrieved from /home/airflow/.local/lib/python3.7/site-packages/airflow/example_dags/tutorial.py
[2022-05-28 01:08:08,879] {logging_mixin.py:115} INFO - [2022-05-28 01:08:08,879] {dag.py:2379} INFO - Sync 1 DAGs
[2022-05-28 01:08:08,897] {logging_mixin.py:115} INFO - [2022-05-28 01:08:08,896] {dag.py:2927} INFO - Setting next_dagrun for tutorial to 2022-05-27T01:08:08.896720+00:00, run_after=2022-05-28T01:08:08.896720+00:00
[2022-05-28 01:08:08,905] {processor.py:161} INFO - Processing /home/airflow/.local/lib/python3.7/site-packages/airflow/example_dags/tutorial.py took 0.054 seconds
[2022-05-28 01:08:39,998] {processor.py:153} INFO - Started process (PID=806) to work on /home/airflow/.local/lib/python3.7/site-packages/airflow/example_dags/tutorial.py
[2022-05-28 01:08:39,998] {processor.py:641} INFO - Processing file /home/airflow/.local/lib/python3.7/site-packages/airflow/example_dags/tutorial.py for tasks to queue
[2022-05-28 01:08:39,999] {logging_mixin.py:115} INFO - [2022-05-28 01:08:39,999] {dagbag.py:507} INFO - Filling up the DagBag from /home/airflow/.local/lib/python3.7/site-packages/airflow/example_dags/tutorial.py
[2022-05-28 01:08:40,003] {processor.py:651} INFO - DAG(s) dict_keys(['tutorial']) retrieved from /home/airflow/.local/lib/python3.7/site-packages/airflow/example_dags/tutorial.py
[2022-05-28 01:08:40,023] {logging_mixin.py:115} INFO - [2022-05-28 01:08:40,023] {dag.py:2379} INFO - Sync 1 DAGs
[2022-05-28 01:08:40,040] {logging_mixin.py:115} INFO - [2022-05-28 01:08:40,040] {dag.py:2927} INFO - Setting next_dagrun for tutorial to 2022-05-27T01:08:40.040324+00:00, run_after=2022-05-28T01:08:40.040324+00:00
[2022-05-28 01:08:40,049] {processor.py:161} INFO - Processing /home/airflow/.local/lib/python3.7/site-packages/airflow/example_dags/tutorial.py took 0.053 seconds
[2022-05-28 01:09:10,317] {processor.py:153} INFO - Started process (PID=868) to work on /home/airflow/.local/lib/python3.7/site-packages/airflow/example_dags/tutorial.py
[2022-05-28 01:09:10,318] {processor.py:641} INFO - Processing file /home/airflow/.local/lib/python3.7/site-packages/airflow/example_dags/tutorial.py for tasks to queue
[2022-05-28 01:09:10,318] {logging_mixin.py:115} INFO - [2022-05-28 01:09:10,318] {dagbag.py:507} INFO - Filling up the DagBag from /home/airflow/.local/lib/python3.7/site-packages/airflow/example_dags/tutorial.py
[2022-05-28 01:09:10,322] {processor.py:651} INFO - DAG(s) dict_keys(['tutorial']) retrieved from /home/airflow/.local/lib/python3.7/site-packages/airflow/example_dags/tutorial.py
[2022-05-28 01:09:10,342] {logging_mixin.py:115} INFO - [2022-05-28 01:09:10,342] {dag.py:2379} INFO - Sync 1 DAGs
[2022-05-28 01:09:10,360] {logging_mixin.py:115} INFO - [2022-05-28 01:09:10,360] {dag.py:2927} INFO - Setting next_dagrun for tutorial to 2022-05-27T01:09:10.360182+00:00, run_after=2022-05-28T01:09:10.360182+00:00
[2022-05-28 01:09:10,369] {processor.py:161} INFO - Processing /home/airflow/.local/lib/python3.7/site-packages/airflow/example_dags/tutorial.py took 0.054 seconds
[2022-05-28 01:09:40,621] {processor.py:153} INFO - Started process (PID=920) to work on /home/airflow/.local/lib/python3.7/site-packages/airflow/example_dags/tutorial.py
[2022-05-28 01:09:40,621] {processor.py:641} INFO - Processing file /home/airflow/.local/lib/python3.7/site-packages/airflow/example_dags/tutorial.py for tasks to queue
[2022-05-28 01:09:40,621] {logging_mixin.py:115} INFO - [2022-05-28 01:09:40,621] {dagbag.py:507} INFO - Filling up the DagBag from /home/airflow/.local/lib/python3.7/site-packages/airflow/example_dags/tutorial.py
[2022-05-28 01:09:40,625] {processor.py:651} INFO - DAG(s) dict_keys(['tutorial']) retrieved from /home/airflow/.local/lib/python3.7/site-packages/airflow/example_dags/tutorial.py
[2022-05-28 01:09:40,646] {logging_mixin.py:115} INFO - [2022-05-28 01:09:40,646] {dag.py:2379} INFO - Sync 1 DAGs
[2022-05-28 01:09:40,663] {logging_mixin.py:115} INFO - [2022-05-28 01:09:40,663] {dag.py:2927} INFO - Setting next_dagrun for tutorial to 2022-05-27T01:09:40.663366+00:00, run_after=2022-05-28T01:09:40.663366+00:00
[2022-05-28 01:09:40,673] {processor.py:161} INFO - Processing /home/airflow/.local/lib/python3.7/site-packages/airflow/example_dags/tutorial.py took 0.054 seconds
[2022-05-28 01:10:10,935] {processor.py:153} INFO - Started process (PID=981) to work on /home/airflow/.local/lib/python3.7/site-packages/airflow/example_dags/tutorial.py
[2022-05-28 01:10:10,936] {processor.py:641} INFO - Processing file /home/airflow/.local/lib/python3.7/site-packages/airflow/example_dags/tutorial.py for tasks to queue
[2022-05-28 01:10:10,936] {logging_mixin.py:115} INFO - [2022-05-28 01:10:10,936] {dagbag.py:507} INFO - Filling up the DagBag from /home/airflow/.local/lib/python3.7/site-packages/airflow/example_dags/tutorial.py
[2022-05-28 01:10:10,941] {processor.py:651} INFO - DAG(s) dict_keys(['tutorial']) retrieved from /home/airflow/.local/lib/python3.7/site-packages/airflow/example_dags/tutorial.py
[2022-05-28 01:10:10,967] {logging_mixin.py:115} INFO - [2022-05-28 01:10:10,967] {dag.py:2379} INFO - Sync 1 DAGs
[2022-05-28 01:10:10,989] {logging_mixin.py:115} INFO - [2022-05-28 01:10:10,988] {dag.py:2927} INFO - Setting next_dagrun for tutorial to 2022-05-27T01:10:10.988649+00:00, run_after=2022-05-28T01:10:10.988649+00:00
[2022-05-28 01:10:11,000] {processor.py:161} INFO - Processing /home/airflow/.local/lib/python3.7/site-packages/airflow/example_dags/tutorial.py took 0.068 seconds
[2022-05-28 01:10:41,286] {processor.py:153} INFO - Started process (PID=1042) to work on /home/airflow/.local/lib/python3.7/site-packages/airflow/example_dags/tutorial.py
[2022-05-28 01:10:41,287] {processor.py:641} INFO - Processing file /home/airflow/.local/lib/python3.7/site-packages/airflow/example_dags/tutorial.py for tasks to queue
[2022-05-28 01:10:41,287] {logging_mixin.py:115} INFO - [2022-05-28 01:10:41,287] {dagbag.py:507} INFO - Filling up the DagBag from /home/airflow/.local/lib/python3.7/site-packages/airflow/example_dags/tutorial.py
[2022-05-28 01:10:41,291] {processor.py:651} INFO - DAG(s) dict_keys(['tutorial']) retrieved from /home/airflow/.local/lib/python3.7/site-packages/airflow/example_dags/tutorial.py
[2022-05-28 01:10:41,312] {logging_mixin.py:115} INFO - [2022-05-28 01:10:41,311] {dag.py:2379} INFO - Sync 1 DAGs
[2022-05-28 01:10:41,330] {logging_mixin.py:115} INFO - [2022-05-28 01:10:41,330] {dag.py:2927} INFO - Setting next_dagrun for tutorial to 2022-05-27T01:10:41.330014+00:00, run_after=2022-05-28T01:10:41.330014+00:00
[2022-05-28 01:10:41,339] {processor.py:161} INFO - Processing /home/airflow/.local/lib/python3.7/site-packages/airflow/example_dags/tutorial.py took 0.055 seconds
[2022-05-28 01:11:11,777] {processor.py:153} INFO - Started process (PID=1103) to work on /home/airflow/.local/lib/python3.7/site-packages/airflow/example_dags/tutorial.py
[2022-05-28 01:11:11,777] {processor.py:641} INFO - Processing file /home/airflow/.local/lib/python3.7/site-packages/airflow/example_dags/tutorial.py for tasks to queue
[2022-05-28 01:11:11,778] {logging_mixin.py:115} INFO - [2022-05-28 01:11:11,778] {dagbag.py:507} INFO - Filling up the DagBag from /home/airflow/.local/lib/python3.7/site-packages/airflow/example_dags/tutorial.py
[2022-05-28 01:11:11,782] {processor.py:651} INFO - DAG(s) dict_keys(['tutorial']) retrieved from /home/airflow/.local/lib/python3.7/site-packages/airflow/example_dags/tutorial.py
[2022-05-28 01:11:11,801] {logging_mixin.py:115} INFO - [2022-05-28 01:11:11,801] {dag.py:2379} INFO - Sync 1 DAGs
[2022-05-28 01:11:11,817] {logging_mixin.py:115} INFO - [2022-05-28 01:11:11,817] {dag.py:2927} INFO - Setting next_dagrun for tutorial to 2022-05-27T01:11:11.817441+00:00, run_after=2022-05-28T01:11:11.817441+00:00
[2022-05-28 01:11:11,826] {processor.py:161} INFO - Processing /home/airflow/.local/lib/python3.7/site-packages/airflow/example_dags/tutorial.py took 0.051 seconds
[2022-05-28 01:11:42,101] {processor.py:153} INFO - Started process (PID=1155) to work on /home/airflow/.local/lib/python3.7/site-packages/airflow/example_dags/tutorial.py
[2022-05-28 01:11:42,102] {processor.py:641} INFO - Processing file /home/airflow/.local/lib/python3.7/site-packages/airflow/example_dags/tutorial.py for tasks to queue
[2022-05-28 01:11:42,102] {logging_mixin.py:115} INFO - [2022-05-28 01:11:42,102] {dagbag.py:507} INFO - Filling up the DagBag from /home/airflow/.local/lib/python3.7/site-packages/airflow/example_dags/tutorial.py
[2022-05-28 01:11:42,107] {processor.py:651} INFO - DAG(s) dict_keys(['tutorial']) retrieved from /home/airflow/.local/lib/python3.7/site-packages/airflow/example_dags/tutorial.py
[2022-05-28 01:11:42,134] {logging_mixin.py:115} INFO - [2022-05-28 01:11:42,134] {dag.py:2379} INFO - Sync 1 DAGs
[2022-05-28 01:11:42,155] {logging_mixin.py:115} INFO - [2022-05-28 01:11:42,155] {dag.py:2927} INFO - Setting next_dagrun for tutorial to 2022-05-27T01:11:42.155326+00:00, run_after=2022-05-28T01:11:42.155326+00:00
[2022-05-28 01:11:42,165] {processor.py:161} INFO - Processing /home/airflow/.local/lib/python3.7/site-packages/airflow/example_dags/tutorial.py took 0.066 seconds
[2022-05-28 01:12:12,405] {processor.py:153} INFO - Started process (PID=1216) to work on /home/airflow/.local/lib/python3.7/site-packages/airflow/example_dags/tutorial.py
[2022-05-28 01:12:12,405] {processor.py:641} INFO - Processing file /home/airflow/.local/lib/python3.7/site-packages/airflow/example_dags/tutorial.py for tasks to queue
[2022-05-28 01:12:12,406] {logging_mixin.py:115} INFO - [2022-05-28 01:12:12,406] {dagbag.py:507} INFO - Filling up the DagBag from /home/airflow/.local/lib/python3.7/site-packages/airflow/example_dags/tutorial.py
[2022-05-28 01:12:12,411] {processor.py:651} INFO - DAG(s) dict_keys(['tutorial']) retrieved from /home/airflow/.local/lib/python3.7/site-packages/airflow/example_dags/tutorial.py
[2022-05-28 01:12:12,435] {logging_mixin.py:115} INFO - [2022-05-28 01:12:12,435] {dag.py:2379} INFO - Sync 1 DAGs
[2022-05-28 01:12:12,455] {logging_mixin.py:115} INFO - [2022-05-28 01:12:12,454] {dag.py:2927} INFO - Setting next_dagrun for tutorial to 2022-05-27T01:12:12.454622+00:00, run_after=2022-05-28T01:12:12.454622+00:00
[2022-05-28 01:12:12,464] {processor.py:161} INFO - Processing /home/airflow/.local/lib/python3.7/site-packages/airflow/example_dags/tutorial.py took 0.063 seconds
[2022-05-28 01:12:42,674] {processor.py:153} INFO - Started process (PID=1277) to work on /home/airflow/.local/lib/python3.7/site-packages/airflow/example_dags/tutorial.py
[2022-05-28 01:12:42,674] {processor.py:641} INFO - Processing file /home/airflow/.local/lib/python3.7/site-packages/airflow/example_dags/tutorial.py for tasks to queue
[2022-05-28 01:12:42,675] {logging_mixin.py:115} INFO - [2022-05-28 01:12:42,675] {dagbag.py:507} INFO - Filling up the DagBag from /home/airflow/.local/lib/python3.7/site-packages/airflow/example_dags/tutorial.py
[2022-05-28 01:12:42,679] {processor.py:651} INFO - DAG(s) dict_keys(['tutorial']) retrieved from /home/airflow/.local/lib/python3.7/site-packages/airflow/example_dags/tutorial.py
[2022-05-28 01:12:42,697] {logging_mixin.py:115} INFO - [2022-05-28 01:12:42,697] {dag.py:2379} INFO - Sync 1 DAGs
[2022-05-28 01:12:42,713] {logging_mixin.py:115} INFO - [2022-05-28 01:12:42,713] {dag.py:2927} INFO - Setting next_dagrun for tutorial to 2022-05-27T01:12:42.713370+00:00, run_after=2022-05-28T01:12:42.713370+00:00
[2022-05-28 01:12:42,721] {processor.py:161} INFO - Processing /home/airflow/.local/lib/python3.7/site-packages/airflow/example_dags/tutorial.py took 0.050 seconds
[2022-05-28 01:13:13,037] {processor.py:153} INFO - Started process (PID=1329) to work on /home/airflow/.local/lib/python3.7/site-packages/airflow/example_dags/tutorial.py
[2022-05-28 01:13:13,037] {processor.py:641} INFO - Processing file /home/airflow/.local/lib/python3.7/site-packages/airflow/example_dags/tutorial.py for tasks to queue
[2022-05-28 01:13:13,038] {logging_mixin.py:115} INFO - [2022-05-28 01:13:13,038] {dagbag.py:507} INFO - Filling up the DagBag from /home/airflow/.local/lib/python3.7/site-packages/airflow/example_dags/tutorial.py
[2022-05-28 01:13:13,042] {processor.py:651} INFO - DAG(s) dict_keys(['tutorial']) retrieved from /home/airflow/.local/lib/python3.7/site-packages/airflow/example_dags/tutorial.py
[2022-05-28 01:13:13,061] {logging_mixin.py:115} INFO - [2022-05-28 01:13:13,061] {dag.py:2379} INFO - Sync 1 DAGs
[2022-05-28 01:13:13,077] {logging_mixin.py:115} INFO - [2022-05-28 01:13:13,077] {dag.py:2927} INFO - Setting next_dagrun for tutorial to 2022-05-27T01:13:13.076833+00:00, run_after=2022-05-28T01:13:13.076833+00:00
[2022-05-28 01:13:13,085] {processor.py:161} INFO - Processing /home/airflow/.local/lib/python3.7/site-packages/airflow/example_dags/tutorial.py took 0.050 seconds
[2022-05-28 01:13:43,307] {processor.py:153} INFO - Started process (PID=1390) to work on /home/airflow/.local/lib/python3.7/site-packages/airflow/example_dags/tutorial.py
[2022-05-28 01:13:43,308] {processor.py:641} INFO - Processing file /home/airflow/.local/lib/python3.7/site-packages/airflow/example_dags/tutorial.py for tasks to queue
[2022-05-28 01:13:43,308] {logging_mixin.py:115} INFO - [2022-05-28 01:13:43,308] {dagbag.py:507} INFO - Filling up the DagBag from /home/airflow/.local/lib/python3.7/site-packages/airflow/example_dags/tutorial.py
[2022-05-28 01:13:43,313] {processor.py:651} INFO - DAG(s) dict_keys(['tutorial']) retrieved from /home/airflow/.local/lib/python3.7/site-packages/airflow/example_dags/tutorial.py
[2022-05-28 01:13:43,332] {logging_mixin.py:115} INFO - [2022-05-28 01:13:43,332] {dag.py:2379} INFO - Sync 1 DAGs
[2022-05-28 01:13:43,350] {logging_mixin.py:115} INFO - [2022-05-28 01:13:43,350] {dag.py:2927} INFO - Setting next_dagrun for tutorial to 2022-05-27T01:13:43.350306+00:00, run_after=2022-05-28T01:13:43.350306+00:00
[2022-05-28 01:13:43,360] {processor.py:161} INFO - Processing /home/airflow/.local/lib/python3.7/site-packages/airflow/example_dags/tutorial.py took 0.055 seconds
[2022-05-28 01:14:13,522] {processor.py:153} INFO - Started process (PID=1451) to work on /home/airflow/.local/lib/python3.7/site-packages/airflow/example_dags/tutorial.py
[2022-05-28 01:14:13,523] {processor.py:641} INFO - Processing file /home/airflow/.local/lib/python3.7/site-packages/airflow/example_dags/tutorial.py for tasks to queue
[2022-05-28 01:14:13,523] {logging_mixin.py:115} INFO - [2022-05-28 01:14:13,523] {dagbag.py:507} INFO - Filling up the DagBag from /home/airflow/.local/lib/python3.7/site-packages/airflow/example_dags/tutorial.py
[2022-05-28 01:14:13,527] {processor.py:651} INFO - DAG(s) dict_keys(['tutorial']) retrieved from /home/airflow/.local/lib/python3.7/site-packages/airflow/example_dags/tutorial.py
[2022-05-28 01:14:13,549] {logging_mixin.py:115} INFO - [2022-05-28 01:14:13,549] {dag.py:2379} INFO - Sync 1 DAGs
[2022-05-28 01:14:13,565] {logging_mixin.py:115} INFO - [2022-05-28 01:14:13,565] {dag.py:2927} INFO - Setting next_dagrun for tutorial to 2022-05-27T01:14:13.565536+00:00, run_after=2022-05-28T01:14:13.565536+00:00
[2022-05-28 01:14:13,574] {processor.py:161} INFO - Processing /home/airflow/.local/lib/python3.7/site-packages/airflow/example_dags/tutorial.py took 0.054 seconds
[2022-05-28 01:14:44,561] {processor.py:153} INFO - Started process (PID=1512) to work on /home/airflow/.local/lib/python3.7/site-packages/airflow/example_dags/tutorial.py
[2022-05-28 01:14:44,561] {processor.py:641} INFO - Processing file /home/airflow/.local/lib/python3.7/site-packages/airflow/example_dags/tutorial.py for tasks to queue
[2022-05-28 01:14:44,562] {logging_mixin.py:115} INFO - [2022-05-28 01:14:44,561] {dagbag.py:507} INFO - Filling up the DagBag from /home/airflow/.local/lib/python3.7/site-packages/airflow/example_dags/tutorial.py
[2022-05-28 01:14:44,565] {processor.py:651} INFO - DAG(s) dict_keys(['tutorial']) retrieved from /home/airflow/.local/lib/python3.7/site-packages/airflow/example_dags/tutorial.py
[2022-05-28 01:14:44,582] {logging_mixin.py:115} INFO - [2022-05-28 01:14:44,582] {dag.py:2379} INFO - Sync 1 DAGs
[2022-05-28 01:14:44,597] {logging_mixin.py:115} INFO - [2022-05-28 01:14:44,597] {dag.py:2927} INFO - Setting next_dagrun for tutorial to 2022-05-27T01:14:44.597661+00:00, run_after=2022-05-28T01:14:44.597661+00:00
[2022-05-28 01:14:44,606] {processor.py:161} INFO - Processing /home/airflow/.local/lib/python3.7/site-packages/airflow/example_dags/tutorial.py took 0.047 seconds
[2022-05-28 01:15:15,367] {processor.py:153} INFO - Started process (PID=1564) to work on /home/airflow/.local/lib/python3.7/site-packages/airflow/example_dags/tutorial.py
[2022-05-28 01:15:15,367] {processor.py:641} INFO - Processing file /home/airflow/.local/lib/python3.7/site-packages/airflow/example_dags/tutorial.py for tasks to queue
[2022-05-28 01:15:15,368] {logging_mixin.py:115} INFO - [2022-05-28 01:15:15,368] {dagbag.py:507} INFO - Filling up the DagBag from /home/airflow/.local/lib/python3.7/site-packages/airflow/example_dags/tutorial.py
[2022-05-28 01:15:15,372] {processor.py:651} INFO - DAG(s) dict_keys(['tutorial']) retrieved from /home/airflow/.local/lib/python3.7/site-packages/airflow/example_dags/tutorial.py
[2022-05-28 01:15:15,391] {logging_mixin.py:115} INFO - [2022-05-28 01:15:15,391] {dag.py:2379} INFO - Sync 1 DAGs
[2022-05-28 01:15:15,407] {logging_mixin.py:115} INFO - [2022-05-28 01:15:15,407] {dag.py:2927} INFO - Setting next_dagrun for tutorial to 2022-05-27T01:15:15.407494+00:00, run_after=2022-05-28T01:15:15.407494+00:00
[2022-05-28 01:15:15,416] {processor.py:161} INFO - Processing /home/airflow/.local/lib/python3.7/site-packages/airflow/example_dags/tutorial.py took 0.051 seconds
[2022-05-28 01:15:46,315] {processor.py:153} INFO - Started process (PID=1625) to work on /home/airflow/.local/lib/python3.7/site-packages/airflow/example_dags/tutorial.py
[2022-05-28 01:15:46,316] {processor.py:641} INFO - Processing file /home/airflow/.local/lib/python3.7/site-packages/airflow/example_dags/tutorial.py for tasks to queue
[2022-05-28 01:15:46,316] {logging_mixin.py:115} INFO - [2022-05-28 01:15:46,316] {dagbag.py:507} INFO - Filling up the DagBag from /home/airflow/.local/lib/python3.7/site-packages/airflow/example_dags/tutorial.py
[2022-05-28 01:15:46,320] {processor.py:651} INFO - DAG(s) dict_keys(['tutorial']) retrieved from /home/airflow/.local/lib/python3.7/site-packages/airflow/example_dags/tutorial.py
[2022-05-28 01:15:46,341] {logging_mixin.py:115} INFO - [2022-05-28 01:15:46,341] {dag.py:2379} INFO - Sync 1 DAGs
[2022-05-28 01:15:46,358] {logging_mixin.py:115} INFO - [2022-05-28 01:15:46,358] {dag.py:2927} INFO - Setting next_dagrun for tutorial to 2022-05-27T01:15:46.357839+00:00, run_after=2022-05-28T01:15:46.357839+00:00
[2022-05-28 01:15:46,366] {processor.py:161} INFO - Processing /home/airflow/.local/lib/python3.7/site-packages/airflow/example_dags/tutorial.py took 0.053 seconds
[2022-05-28 01:16:17,231] {processor.py:153} INFO - Started process (PID=1685) to work on /home/airflow/.local/lib/python3.7/site-packages/airflow/example_dags/tutorial.py
[2022-05-28 01:16:17,231] {processor.py:641} INFO - Processing file /home/airflow/.local/lib/python3.7/site-packages/airflow/example_dags/tutorial.py for tasks to queue
[2022-05-28 01:16:17,232] {logging_mixin.py:115} INFO - [2022-05-28 01:16:17,232] {dagbag.py:507} INFO - Filling up the DagBag from /home/airflow/.local/lib/python3.7/site-packages/airflow/example_dags/tutorial.py
[2022-05-28 01:16:17,236] {processor.py:651} INFO - DAG(s) dict_keys(['tutorial']) retrieved from /home/airflow/.local/lib/python3.7/site-packages/airflow/example_dags/tutorial.py
[2022-05-28 01:16:17,255] {logging_mixin.py:115} INFO - [2022-05-28 01:16:17,254] {dag.py:2379} INFO - Sync 1 DAGs
[2022-05-28 01:16:17,271] {logging_mixin.py:115} INFO - [2022-05-28 01:16:17,271] {dag.py:2927} INFO - Setting next_dagrun for tutorial to 2022-05-27T01:16:17.271224+00:00, run_after=2022-05-28T01:16:17.271224+00:00
[2022-05-28 01:16:17,279] {processor.py:161} INFO - Processing /home/airflow/.local/lib/python3.7/site-packages/airflow/example_dags/tutorial.py took 0.051 seconds
[2022-05-28 01:16:48,443] {processor.py:153} INFO - Started process (PID=1746) to work on /home/airflow/.local/lib/python3.7/site-packages/airflow/example_dags/tutorial.py
[2022-05-28 01:16:48,443] {processor.py:641} INFO - Processing file /home/airflow/.local/lib/python3.7/site-packages/airflow/example_dags/tutorial.py for tasks to queue
[2022-05-28 01:16:48,444] {logging_mixin.py:115} INFO - [2022-05-28 01:16:48,444] {dagbag.py:507} INFO - Filling up the DagBag from /home/airflow/.local/lib/python3.7/site-packages/airflow/example_dags/tutorial.py
[2022-05-28 01:16:48,448] {processor.py:651} INFO - DAG(s) dict_keys(['tutorial']) retrieved from /home/airflow/.local/lib/python3.7/site-packages/airflow/example_dags/tutorial.py
[2022-05-28 01:16:48,471] {logging_mixin.py:115} INFO - [2022-05-28 01:16:48,471] {dag.py:2379} INFO - Sync 1 DAGs
[2022-05-28 01:16:48,490] {logging_mixin.py:115} INFO - [2022-05-28 01:16:48,490] {dag.py:2927} INFO - Setting next_dagrun for tutorial to 2022-05-27T01:16:48.489986+00:00, run_after=2022-05-28T01:16:48.489986+00:00
[2022-05-28 01:16:48,498] {processor.py:161} INFO - Processing /home/airflow/.local/lib/python3.7/site-packages/airflow/example_dags/tutorial.py took 0.058 seconds
[2022-05-28 01:17:18,849] {processor.py:153} INFO - Started process (PID=1807) to work on /home/airflow/.local/lib/python3.7/site-packages/airflow/example_dags/tutorial.py
[2022-05-28 01:17:18,850] {processor.py:641} INFO - Processing file /home/airflow/.local/lib/python3.7/site-packages/airflow/example_dags/tutorial.py for tasks to queue
[2022-05-28 01:17:18,850] {logging_mixin.py:115} INFO - [2022-05-28 01:17:18,850] {dagbag.py:507} INFO - Filling up the DagBag from /home/airflow/.local/lib/python3.7/site-packages/airflow/example_dags/tutorial.py
[2022-05-28 01:17:18,855] {processor.py:651} INFO - DAG(s) dict_keys(['tutorial']) retrieved from /home/airflow/.local/lib/python3.7/site-packages/airflow/example_dags/tutorial.py
[2022-05-28 01:17:18,878] {logging_mixin.py:115} INFO - [2022-05-28 01:17:18,878] {dag.py:2379} INFO - Sync 1 DAGs
[2022-05-28 01:17:18,898] {logging_mixin.py:115} INFO - [2022-05-28 01:17:18,898] {dag.py:2927} INFO - Setting next_dagrun for tutorial to 2022-05-27T01:17:18.898131+00:00, run_after=2022-05-28T01:17:18.898131+00:00
[2022-05-28 01:17:18,908] {processor.py:161} INFO - Processing /home/airflow/.local/lib/python3.7/site-packages/airflow/example_dags/tutorial.py took 0.060 seconds
[2022-05-28 01:17:49,121] {processor.py:153} INFO - Started process (PID=1859) to work on /home/airflow/.local/lib/python3.7/site-packages/airflow/example_dags/tutorial.py
[2022-05-28 01:17:49,122] {processor.py:641} INFO - Processing file /home/airflow/.local/lib/python3.7/site-packages/airflow/example_dags/tutorial.py for tasks to queue
[2022-05-28 01:17:49,122] {logging_mixin.py:115} INFO - [2022-05-28 01:17:49,122] {dagbag.py:507} INFO - Filling up the DagBag from /home/airflow/.local/lib/python3.7/site-packages/airflow/example_dags/tutorial.py
[2022-05-28 01:17:49,127] {processor.py:651} INFO - DAG(s) dict_keys(['tutorial']) retrieved from /home/airflow/.local/lib/python3.7/site-packages/airflow/example_dags/tutorial.py
[2022-05-28 01:17:49,148] {logging_mixin.py:115} INFO - [2022-05-28 01:17:49,147] {dag.py:2379} INFO - Sync 1 DAGs
[2022-05-28 01:17:49,165] {logging_mixin.py:115} INFO - [2022-05-28 01:17:49,165] {dag.py:2927} INFO - Setting next_dagrun for tutorial to 2022-05-27T01:17:49.164834+00:00, run_after=2022-05-28T01:17:49.164834+00:00
[2022-05-28 01:17:49,175] {processor.py:161} INFO - Processing /home/airflow/.local/lib/python3.7/site-packages/airflow/example_dags/tutorial.py took 0.056 seconds
[2022-05-28 01:18:19,480] {processor.py:153} INFO - Started process (PID=1920) to work on /home/airflow/.local/lib/python3.7/site-packages/airflow/example_dags/tutorial.py
[2022-05-28 01:18:19,481] {processor.py:641} INFO - Processing file /home/airflow/.local/lib/python3.7/site-packages/airflow/example_dags/tutorial.py for tasks to queue
[2022-05-28 01:18:19,482] {logging_mixin.py:115} INFO - [2022-05-28 01:18:19,482] {dagbag.py:507} INFO - Filling up the DagBag from /home/airflow/.local/lib/python3.7/site-packages/airflow/example_dags/tutorial.py
[2022-05-28 01:18:19,487] {processor.py:651} INFO - DAG(s) dict_keys(['tutorial']) retrieved from /home/airflow/.local/lib/python3.7/site-packages/airflow/example_dags/tutorial.py
[2022-05-28 01:18:19,512] {logging_mixin.py:115} INFO - [2022-05-28 01:18:19,512] {dag.py:2379} INFO - Sync 1 DAGs
[2022-05-28 01:18:19,531] {logging_mixin.py:115} INFO - [2022-05-28 01:18:19,531] {dag.py:2927} INFO - Setting next_dagrun for tutorial to 2022-05-27T01:18:19.531093+00:00, run_after=2022-05-28T01:18:19.531093+00:00
[2022-05-28 01:18:19,542] {processor.py:161} INFO - Processing /home/airflow/.local/lib/python3.7/site-packages/airflow/example_dags/tutorial.py took 0.065 seconds
[2022-05-28 01:18:49,842] {processor.py:153} INFO - Started process (PID=1981) to work on /home/airflow/.local/lib/python3.7/site-packages/airflow/example_dags/tutorial.py
[2022-05-28 01:18:49,843] {processor.py:641} INFO - Processing file /home/airflow/.local/lib/python3.7/site-packages/airflow/example_dags/tutorial.py for tasks to queue
[2022-05-28 01:18:49,844] {logging_mixin.py:115} INFO - [2022-05-28 01:18:49,843] {dagbag.py:507} INFO - Filling up the DagBag from /home/airflow/.local/lib/python3.7/site-packages/airflow/example_dags/tutorial.py
[2022-05-28 01:18:49,848] {processor.py:651} INFO - DAG(s) dict_keys(['tutorial']) retrieved from /home/airflow/.local/lib/python3.7/site-packages/airflow/example_dags/tutorial.py
[2022-05-28 01:18:49,868] {logging_mixin.py:115} INFO - [2022-05-28 01:18:49,868] {dag.py:2379} INFO - Sync 1 DAGs
[2022-05-28 01:18:49,885] {logging_mixin.py:115} INFO - [2022-05-28 01:18:49,885] {dag.py:2927} INFO - Setting next_dagrun for tutorial to 2022-05-27T01:18:49.885511+00:00, run_after=2022-05-28T01:18:49.885511+00:00
[2022-05-28 01:18:49,896] {processor.py:161} INFO - Processing /home/airflow/.local/lib/python3.7/site-packages/airflow/example_dags/tutorial.py took 0.056 seconds
[2022-05-28 01:19:20,121] {processor.py:153} INFO - Started process (PID=2033) to work on /home/airflow/.local/lib/python3.7/site-packages/airflow/example_dags/tutorial.py
[2022-05-28 01:19:20,122] {processor.py:641} INFO - Processing file /home/airflow/.local/lib/python3.7/site-packages/airflow/example_dags/tutorial.py for tasks to queue
[2022-05-28 01:19:20,123] {logging_mixin.py:115} INFO - [2022-05-28 01:19:20,123] {dagbag.py:507} INFO - Filling up the DagBag from /home/airflow/.local/lib/python3.7/site-packages/airflow/example_dags/tutorial.py
[2022-05-28 01:19:20,127] {processor.py:651} INFO - DAG(s) dict_keys(['tutorial']) retrieved from /home/airflow/.local/lib/python3.7/site-packages/airflow/example_dags/tutorial.py
[2022-05-28 01:19:20,149] {logging_mixin.py:115} INFO - [2022-05-28 01:19:20,149] {dag.py:2379} INFO - Sync 1 DAGs
[2022-05-28 01:19:20,167] {logging_mixin.py:115} INFO - [2022-05-28 01:19:20,167] {dag.py:2927} INFO - Setting next_dagrun for tutorial to 2022-05-27T01:19:20.167545+00:00, run_after=2022-05-28T01:19:20.167545+00:00
[2022-05-28 01:19:20,190] {processor.py:161} INFO - Processing /home/airflow/.local/lib/python3.7/site-packages/airflow/example_dags/tutorial.py took 0.071 seconds
[2022-05-28 01:19:50,512] {processor.py:153} INFO - Started process (PID=2094) to work on /home/airflow/.local/lib/python3.7/site-packages/airflow/example_dags/tutorial.py
[2022-05-28 01:19:50,513] {processor.py:641} INFO - Processing file /home/airflow/.local/lib/python3.7/site-packages/airflow/example_dags/tutorial.py for tasks to queue
[2022-05-28 01:19:50,513] {logging_mixin.py:115} INFO - [2022-05-28 01:19:50,513] {dagbag.py:507} INFO - Filling up the DagBag from /home/airflow/.local/lib/python3.7/site-packages/airflow/example_dags/tutorial.py
[2022-05-28 01:19:50,517] {processor.py:651} INFO - DAG(s) dict_keys(['tutorial']) retrieved from /home/airflow/.local/lib/python3.7/site-packages/airflow/example_dags/tutorial.py
[2022-05-28 01:19:50,537] {logging_mixin.py:115} INFO - [2022-05-28 01:19:50,537] {dag.py:2379} INFO - Sync 1 DAGs
[2022-05-28 01:19:50,553] {logging_mixin.py:115} INFO - [2022-05-28 01:19:50,553] {dag.py:2927} INFO - Setting next_dagrun for tutorial to 2022-05-27T01:19:50.553288+00:00, run_after=2022-05-28T01:19:50.553288+00:00
[2022-05-28 01:19:50,564] {processor.py:161} INFO - Processing /home/airflow/.local/lib/python3.7/site-packages/airflow/example_dags/tutorial.py took 0.054 seconds
[2022-05-28 01:20:52,380] {processor.py:153} INFO - Started process (PID=92) to work on /home/airflow/.local/lib/python3.7/site-packages/airflow/example_dags/tutorial.py
[2022-05-28 01:20:52,380] {processor.py:641} INFO - Processing file /home/airflow/.local/lib/python3.7/site-packages/airflow/example_dags/tutorial.py for tasks to queue
[2022-05-28 01:20:52,381] {logging_mixin.py:115} INFO - [2022-05-28 01:20:52,380] {dagbag.py:507} INFO - Filling up the DagBag from /home/airflow/.local/lib/python3.7/site-packages/airflow/example_dags/tutorial.py
[2022-05-28 01:20:52,385] {processor.py:651} INFO - DAG(s) dict_keys(['tutorial']) retrieved from /home/airflow/.local/lib/python3.7/site-packages/airflow/example_dags/tutorial.py
[2022-05-28 01:20:52,405] {logging_mixin.py:115} INFO - [2022-05-28 01:20:52,405] {dag.py:2379} INFO - Sync 1 DAGs
[2022-05-28 01:20:52,421] {logging_mixin.py:115} INFO - [2022-05-28 01:20:52,421] {dag.py:2927} INFO - Setting next_dagrun for tutorial to 2022-05-27T01:20:52.421081+00:00, run_after=2022-05-28T01:20:52.421081+00:00
[2022-05-28 01:20:52,429] {processor.py:161} INFO - Processing /home/airflow/.local/lib/python3.7/site-packages/airflow/example_dags/tutorial.py took 0.052 seconds
[2022-05-28 01:21:22,516] {processor.py:153} INFO - Started process (PID=152) to work on /home/airflow/.local/lib/python3.7/site-packages/airflow/example_dags/tutorial.py
[2022-05-28 01:21:22,516] {processor.py:641} INFO - Processing file /home/airflow/.local/lib/python3.7/site-packages/airflow/example_dags/tutorial.py for tasks to queue
[2022-05-28 01:21:22,517] {logging_mixin.py:115} INFO - [2022-05-28 01:21:22,517] {dagbag.py:507} INFO - Filling up the DagBag from /home/airflow/.local/lib/python3.7/site-packages/airflow/example_dags/tutorial.py
[2022-05-28 01:21:22,521] {processor.py:651} INFO - DAG(s) dict_keys(['tutorial']) retrieved from /home/airflow/.local/lib/python3.7/site-packages/airflow/example_dags/tutorial.py
[2022-05-28 01:21:22,542] {logging_mixin.py:115} INFO - [2022-05-28 01:21:22,542] {dag.py:2379} INFO - Sync 1 DAGs
[2022-05-28 01:21:22,560] {logging_mixin.py:115} INFO - [2022-05-28 01:21:22,560] {dag.py:2927} INFO - Setting next_dagrun for tutorial to 2022-05-27T01:21:22.559883+00:00, run_after=2022-05-28T01:21:22.559883+00:00
[2022-05-28 01:21:22,568] {processor.py:161} INFO - Processing /home/airflow/.local/lib/python3.7/site-packages/airflow/example_dags/tutorial.py took 0.055 seconds
[2022-05-28 01:21:53,599] {processor.py:153} INFO - Started process (PID=212) to work on /home/airflow/.local/lib/python3.7/site-packages/airflow/example_dags/tutorial.py
[2022-05-28 01:21:53,599] {processor.py:641} INFO - Processing file /home/airflow/.local/lib/python3.7/site-packages/airflow/example_dags/tutorial.py for tasks to queue
[2022-05-28 01:21:53,600] {logging_mixin.py:115} INFO - [2022-05-28 01:21:53,600] {dagbag.py:507} INFO - Filling up the DagBag from /home/airflow/.local/lib/python3.7/site-packages/airflow/example_dags/tutorial.py
[2022-05-28 01:21:53,604] {processor.py:651} INFO - DAG(s) dict_keys(['tutorial']) retrieved from /home/airflow/.local/lib/python3.7/site-packages/airflow/example_dags/tutorial.py
[2022-05-28 01:21:53,625] {logging_mixin.py:115} INFO - [2022-05-28 01:21:53,625] {dag.py:2379} INFO - Sync 1 DAGs
[2022-05-28 01:21:53,642] {logging_mixin.py:115} INFO - [2022-05-28 01:21:53,642] {dag.py:2927} INFO - Setting next_dagrun for tutorial to 2022-05-27T01:21:53.641817+00:00, run_after=2022-05-28T01:21:53.641817+00:00
[2022-05-28 01:21:53,650] {processor.py:161} INFO - Processing /home/airflow/.local/lib/python3.7/site-packages/airflow/example_dags/tutorial.py took 0.054 seconds
[2022-05-28 01:22:24,644] {processor.py:153} INFO - Started process (PID=275) to work on /home/airflow/.local/lib/python3.7/site-packages/airflow/example_dags/tutorial.py
[2022-05-28 01:22:24,644] {processor.py:641} INFO - Processing file /home/airflow/.local/lib/python3.7/site-packages/airflow/example_dags/tutorial.py for tasks to queue
[2022-05-28 01:22:24,645] {logging_mixin.py:115} INFO - [2022-05-28 01:22:24,645] {dagbag.py:507} INFO - Filling up the DagBag from /home/airflow/.local/lib/python3.7/site-packages/airflow/example_dags/tutorial.py
[2022-05-28 01:22:24,649] {processor.py:651} INFO - DAG(s) dict_keys(['tutorial']) retrieved from /home/airflow/.local/lib/python3.7/site-packages/airflow/example_dags/tutorial.py
[2022-05-28 01:22:24,670] {logging_mixin.py:115} INFO - [2022-05-28 01:22:24,670] {dag.py:2379} INFO - Sync 1 DAGs
[2022-05-28 01:22:24,690] {logging_mixin.py:115} INFO - [2022-05-28 01:22:24,690] {dag.py:2927} INFO - Setting next_dagrun for tutorial to 2022-05-27T01:22:24.690066+00:00, run_after=2022-05-28T01:22:24.690066+00:00
[2022-05-28 01:22:24,699] {processor.py:161} INFO - Processing /home/airflow/.local/lib/python3.7/site-packages/airflow/example_dags/tutorial.py took 0.058 seconds
[2022-05-28 01:22:55,596] {processor.py:153} INFO - Started process (PID=327) to work on /home/airflow/.local/lib/python3.7/site-packages/airflow/example_dags/tutorial.py
[2022-05-28 01:22:55,596] {processor.py:641} INFO - Processing file /home/airflow/.local/lib/python3.7/site-packages/airflow/example_dags/tutorial.py for tasks to queue
[2022-05-28 01:22:55,597] {logging_mixin.py:115} INFO - [2022-05-28 01:22:55,597] {dagbag.py:507} INFO - Filling up the DagBag from /home/airflow/.local/lib/python3.7/site-packages/airflow/example_dags/tutorial.py
[2022-05-28 01:22:55,601] {processor.py:651} INFO - DAG(s) dict_keys(['tutorial']) retrieved from /home/airflow/.local/lib/python3.7/site-packages/airflow/example_dags/tutorial.py
[2022-05-28 01:22:55,621] {logging_mixin.py:115} INFO - [2022-05-28 01:22:55,621] {dag.py:2379} INFO - Sync 1 DAGs
[2022-05-28 01:22:55,638] {logging_mixin.py:115} INFO - [2022-05-28 01:22:55,638] {dag.py:2927} INFO - Setting next_dagrun for tutorial to 2022-05-27T01:22:55.638646+00:00, run_after=2022-05-28T01:22:55.638646+00:00
[2022-05-28 01:22:55,648] {processor.py:161} INFO - Processing /home/airflow/.local/lib/python3.7/site-packages/airflow/example_dags/tutorial.py took 0.054 seconds
[2022-05-28 01:23:26,638] {processor.py:153} INFO - Started process (PID=388) to work on /home/airflow/.local/lib/python3.7/site-packages/airflow/example_dags/tutorial.py
[2022-05-28 01:23:26,638] {processor.py:641} INFO - Processing file /home/airflow/.local/lib/python3.7/site-packages/airflow/example_dags/tutorial.py for tasks to queue
[2022-05-28 01:23:26,639] {logging_mixin.py:115} INFO - [2022-05-28 01:23:26,639] {dagbag.py:507} INFO - Filling up the DagBag from /home/airflow/.local/lib/python3.7/site-packages/airflow/example_dags/tutorial.py
[2022-05-28 01:23:26,643] {processor.py:651} INFO - DAG(s) dict_keys(['tutorial']) retrieved from /home/airflow/.local/lib/python3.7/site-packages/airflow/example_dags/tutorial.py
[2022-05-28 01:23:26,662] {logging_mixin.py:115} INFO - [2022-05-28 01:23:26,662] {dag.py:2379} INFO - Sync 1 DAGs
[2022-05-28 01:23:26,678] {logging_mixin.py:115} INFO - [2022-05-28 01:23:26,678] {dag.py:2927} INFO - Setting next_dagrun for tutorial to 2022-05-27T01:23:26.677825+00:00, run_after=2022-05-28T01:23:26.677825+00:00
[2022-05-28 01:23:26,686] {processor.py:161} INFO - Processing /home/airflow/.local/lib/python3.7/site-packages/airflow/example_dags/tutorial.py took 0.050 seconds
[2022-05-28 01:23:57,496] {processor.py:153} INFO - Started process (PID=449) to work on /home/airflow/.local/lib/python3.7/site-packages/airflow/example_dags/tutorial.py
[2022-05-28 01:23:57,497] {processor.py:641} INFO - Processing file /home/airflow/.local/lib/python3.7/site-packages/airflow/example_dags/tutorial.py for tasks to queue
[2022-05-28 01:23:57,497] {logging_mixin.py:115} INFO - [2022-05-28 01:23:57,497] {dagbag.py:507} INFO - Filling up the DagBag from /home/airflow/.local/lib/python3.7/site-packages/airflow/example_dags/tutorial.py
[2022-05-28 01:23:57,501] {processor.py:651} INFO - DAG(s) dict_keys(['tutorial']) retrieved from /home/airflow/.local/lib/python3.7/site-packages/airflow/example_dags/tutorial.py
[2022-05-28 01:23:57,520] {logging_mixin.py:115} INFO - [2022-05-28 01:23:57,520] {dag.py:2379} INFO - Sync 1 DAGs
[2022-05-28 01:23:57,536] {logging_mixin.py:115} INFO - [2022-05-28 01:23:57,536] {dag.py:2927} INFO - Setting next_dagrun for tutorial to 2022-05-27T01:23:57.536542+00:00, run_after=2022-05-28T01:23:57.536542+00:00
[2022-05-28 01:23:57,544] {processor.py:161} INFO - Processing /home/airflow/.local/lib/python3.7/site-packages/airflow/example_dags/tutorial.py took 0.050 seconds
[2022-05-28 01:24:28,285] {processor.py:153} INFO - Started process (PID=511) to work on /home/airflow/.local/lib/python3.7/site-packages/airflow/example_dags/tutorial.py
[2022-05-28 01:24:28,285] {processor.py:641} INFO - Processing file /home/airflow/.local/lib/python3.7/site-packages/airflow/example_dags/tutorial.py for tasks to queue
[2022-05-28 01:24:28,286] {logging_mixin.py:115} INFO - [2022-05-28 01:24:28,286] {dagbag.py:507} INFO - Filling up the DagBag from /home/airflow/.local/lib/python3.7/site-packages/airflow/example_dags/tutorial.py
[2022-05-28 01:24:28,290] {processor.py:651} INFO - DAG(s) dict_keys(['tutorial']) retrieved from /home/airflow/.local/lib/python3.7/site-packages/airflow/example_dags/tutorial.py
[2022-05-28 01:24:28,310] {logging_mixin.py:115} INFO - [2022-05-28 01:24:28,310] {dag.py:2379} INFO - Sync 1 DAGs
[2022-05-28 01:24:28,326] {logging_mixin.py:115} INFO - [2022-05-28 01:24:28,326] {dag.py:2927} INFO - Setting next_dagrun for tutorial to 2022-05-27T01:24:28.326567+00:00, run_after=2022-05-28T01:24:28.326567+00:00
[2022-05-28 01:24:28,336] {processor.py:161} INFO - Processing /home/airflow/.local/lib/python3.7/site-packages/airflow/example_dags/tutorial.py took 0.054 seconds
[2022-05-28 01:24:59,221] {processor.py:153} INFO - Started process (PID=572) to work on /home/airflow/.local/lib/python3.7/site-packages/airflow/example_dags/tutorial.py
[2022-05-28 01:24:59,222] {processor.py:641} INFO - Processing file /home/airflow/.local/lib/python3.7/site-packages/airflow/example_dags/tutorial.py for tasks to queue
[2022-05-28 01:24:59,222] {logging_mixin.py:115} INFO - [2022-05-28 01:24:59,222] {dagbag.py:507} INFO - Filling up the DagBag from /home/airflow/.local/lib/python3.7/site-packages/airflow/example_dags/tutorial.py
[2022-05-28 01:24:59,227] {processor.py:651} INFO - DAG(s) dict_keys(['tutorial']) retrieved from /home/airflow/.local/lib/python3.7/site-packages/airflow/example_dags/tutorial.py
[2022-05-28 01:24:59,247] {logging_mixin.py:115} INFO - [2022-05-28 01:24:59,247] {dag.py:2379} INFO - Sync 1 DAGs
[2022-05-28 01:24:59,264] {logging_mixin.py:115} INFO - [2022-05-28 01:24:59,264] {dag.py:2927} INFO - Setting next_dagrun for tutorial to 2022-05-27T01:24:59.263921+00:00, run_after=2022-05-28T01:24:59.263921+00:00
[2022-05-28 01:24:59,272] {processor.py:161} INFO - Processing /home/airflow/.local/lib/python3.7/site-packages/airflow/example_dags/tutorial.py took 0.054 seconds
[2022-05-28 01:25:30,355] {processor.py:153} INFO - Started process (PID=624) to work on /home/airflow/.local/lib/python3.7/site-packages/airflow/example_dags/tutorial.py
[2022-05-28 01:25:30,355] {processor.py:641} INFO - Processing file /home/airflow/.local/lib/python3.7/site-packages/airflow/example_dags/tutorial.py for tasks to queue
[2022-05-28 01:25:30,356] {logging_mixin.py:115} INFO - [2022-05-28 01:25:30,356] {dagbag.py:507} INFO - Filling up the DagBag from /home/airflow/.local/lib/python3.7/site-packages/airflow/example_dags/tutorial.py
[2022-05-28 01:25:30,360] {processor.py:651} INFO - DAG(s) dict_keys(['tutorial']) retrieved from /home/airflow/.local/lib/python3.7/site-packages/airflow/example_dags/tutorial.py
[2022-05-28 01:25:30,379] {logging_mixin.py:115} INFO - [2022-05-28 01:25:30,379] {dag.py:2379} INFO - Sync 1 DAGs
[2022-05-28 01:25:30,397] {logging_mixin.py:115} INFO - [2022-05-28 01:25:30,397] {dag.py:2927} INFO - Setting next_dagrun for tutorial to 2022-05-27T01:25:30.396881+00:00, run_after=2022-05-28T01:25:30.396881+00:00
[2022-05-28 01:25:30,405] {processor.py:161} INFO - Processing /home/airflow/.local/lib/python3.7/site-packages/airflow/example_dags/tutorial.py took 0.053 seconds
[2022-05-28 01:26:00,594] {processor.py:153} INFO - Started process (PID=685) to work on /home/airflow/.local/lib/python3.7/site-packages/airflow/example_dags/tutorial.py
[2022-05-28 01:26:00,595] {processor.py:641} INFO - Processing file /home/airflow/.local/lib/python3.7/site-packages/airflow/example_dags/tutorial.py for tasks to queue
[2022-05-28 01:26:00,595] {logging_mixin.py:115} INFO - [2022-05-28 01:26:00,595] {dagbag.py:507} INFO - Filling up the DagBag from /home/airflow/.local/lib/python3.7/site-packages/airflow/example_dags/tutorial.py
[2022-05-28 01:26:00,599] {processor.py:651} INFO - DAG(s) dict_keys(['tutorial']) retrieved from /home/airflow/.local/lib/python3.7/site-packages/airflow/example_dags/tutorial.py
[2022-05-28 01:26:00,619] {logging_mixin.py:115} INFO - [2022-05-28 01:26:00,619] {dag.py:2379} INFO - Sync 1 DAGs
[2022-05-28 01:26:00,637] {logging_mixin.py:115} INFO - [2022-05-28 01:26:00,637] {dag.py:2927} INFO - Setting next_dagrun for tutorial to 2022-05-27T01:26:00.637583+00:00, run_after=2022-05-28T01:26:00.637583+00:00
[2022-05-28 01:26:00,646] {processor.py:161} INFO - Processing /home/airflow/.local/lib/python3.7/site-packages/airflow/example_dags/tutorial.py took 0.054 seconds
[2022-05-28 01:26:30,916] {processor.py:153} INFO - Started process (PID=746) to work on /home/airflow/.local/lib/python3.7/site-packages/airflow/example_dags/tutorial.py
[2022-05-28 01:26:30,917] {processor.py:641} INFO - Processing file /home/airflow/.local/lib/python3.7/site-packages/airflow/example_dags/tutorial.py for tasks to queue
[2022-05-28 01:26:30,917] {logging_mixin.py:115} INFO - [2022-05-28 01:26:30,917] {dagbag.py:507} INFO - Filling up the DagBag from /home/airflow/.local/lib/python3.7/site-packages/airflow/example_dags/tutorial.py
[2022-05-28 01:26:30,921] {processor.py:651} INFO - DAG(s) dict_keys(['tutorial']) retrieved from /home/airflow/.local/lib/python3.7/site-packages/airflow/example_dags/tutorial.py
[2022-05-28 01:26:30,943] {logging_mixin.py:115} INFO - [2022-05-28 01:26:30,943] {dag.py:2379} INFO - Sync 1 DAGs
[2022-05-28 01:26:30,960] {logging_mixin.py:115} INFO - [2022-05-28 01:26:30,960] {dag.py:2927} INFO - Setting next_dagrun for tutorial to 2022-05-27T01:26:30.960287+00:00, run_after=2022-05-28T01:26:30.960287+00:00
[2022-05-28 01:26:30,968] {processor.py:161} INFO - Processing /home/airflow/.local/lib/python3.7/site-packages/airflow/example_dags/tutorial.py took 0.054 seconds
[2022-05-28 01:27:01,224] {processor.py:153} INFO - Started process (PID=807) to work on /home/airflow/.local/lib/python3.7/site-packages/airflow/example_dags/tutorial.py
[2022-05-28 01:27:01,225] {processor.py:641} INFO - Processing file /home/airflow/.local/lib/python3.7/site-packages/airflow/example_dags/tutorial.py for tasks to queue
[2022-05-28 01:27:01,225] {logging_mixin.py:115} INFO - [2022-05-28 01:27:01,225] {dagbag.py:507} INFO - Filling up the DagBag from /home/airflow/.local/lib/python3.7/site-packages/airflow/example_dags/tutorial.py
[2022-05-28 01:27:01,229] {processor.py:651} INFO - DAG(s) dict_keys(['tutorial']) retrieved from /home/airflow/.local/lib/python3.7/site-packages/airflow/example_dags/tutorial.py
[2022-05-28 01:27:01,249] {logging_mixin.py:115} INFO - [2022-05-28 01:27:01,249] {dag.py:2379} INFO - Sync 1 DAGs
[2022-05-28 01:27:01,266] {logging_mixin.py:115} INFO - [2022-05-28 01:27:01,266] {dag.py:2927} INFO - Setting next_dagrun for tutorial to 2022-05-27T01:27:01.265919+00:00, run_after=2022-05-28T01:27:01.265919+00:00
[2022-05-28 01:27:01,274] {processor.py:161} INFO - Processing /home/airflow/.local/lib/python3.7/site-packages/airflow/example_dags/tutorial.py took 0.052 seconds
[2022-05-28 01:27:32,369] {processor.py:153} INFO - Started process (PID=859) to work on /home/airflow/.local/lib/python3.7/site-packages/airflow/example_dags/tutorial.py
[2022-05-28 01:27:32,369] {processor.py:641} INFO - Processing file /home/airflow/.local/lib/python3.7/site-packages/airflow/example_dags/tutorial.py for tasks to queue
[2022-05-28 01:27:32,370] {logging_mixin.py:115} INFO - [2022-05-28 01:27:32,370] {dagbag.py:507} INFO - Filling up the DagBag from /home/airflow/.local/lib/python3.7/site-packages/airflow/example_dags/tutorial.py
[2022-05-28 01:27:32,374] {processor.py:651} INFO - DAG(s) dict_keys(['tutorial']) retrieved from /home/airflow/.local/lib/python3.7/site-packages/airflow/example_dags/tutorial.py
[2022-05-28 01:27:32,393] {logging_mixin.py:115} INFO - [2022-05-28 01:27:32,393] {dag.py:2379} INFO - Sync 1 DAGs
[2022-05-28 01:27:32,410] {logging_mixin.py:115} INFO - [2022-05-28 01:27:32,410] {dag.py:2927} INFO - Setting next_dagrun for tutorial to 2022-05-27T01:27:32.409961+00:00, run_after=2022-05-28T01:27:32.409961+00:00
[2022-05-28 01:27:32,419] {processor.py:161} INFO - Processing /home/airflow/.local/lib/python3.7/site-packages/airflow/example_dags/tutorial.py took 0.052 seconds
[2022-05-28 01:28:02,858] {processor.py:153} INFO - Started process (PID=920) to work on /home/airflow/.local/lib/python3.7/site-packages/airflow/example_dags/tutorial.py
[2022-05-28 01:28:02,858] {processor.py:641} INFO - Processing file /home/airflow/.local/lib/python3.7/site-packages/airflow/example_dags/tutorial.py for tasks to queue
[2022-05-28 01:28:02,859] {logging_mixin.py:115} INFO - [2022-05-28 01:28:02,859] {dagbag.py:507} INFO - Filling up the DagBag from /home/airflow/.local/lib/python3.7/site-packages/airflow/example_dags/tutorial.py
[2022-05-28 01:28:02,863] {processor.py:651} INFO - DAG(s) dict_keys(['tutorial']) retrieved from /home/airflow/.local/lib/python3.7/site-packages/airflow/example_dags/tutorial.py
[2022-05-28 01:28:02,883] {logging_mixin.py:115} INFO - [2022-05-28 01:28:02,883] {dag.py:2379} INFO - Sync 1 DAGs
[2022-05-28 01:28:02,902] {logging_mixin.py:115} INFO - [2022-05-28 01:28:02,901] {dag.py:2927} INFO - Setting next_dagrun for tutorial to 2022-05-27T01:28:02.901725+00:00, run_after=2022-05-28T01:28:02.901725+00:00
[2022-05-28 01:28:02,914] {processor.py:161} INFO - Processing /home/airflow/.local/lib/python3.7/site-packages/airflow/example_dags/tutorial.py took 0.059 seconds
[2022-05-28 01:28:33,075] {processor.py:153} INFO - Started process (PID=981) to work on /home/airflow/.local/lib/python3.7/site-packages/airflow/example_dags/tutorial.py
[2022-05-28 01:28:33,076] {processor.py:641} INFO - Processing file /home/airflow/.local/lib/python3.7/site-packages/airflow/example_dags/tutorial.py for tasks to queue
[2022-05-28 01:28:33,076] {logging_mixin.py:115} INFO - [2022-05-28 01:28:33,076] {dagbag.py:507} INFO - Filling up the DagBag from /home/airflow/.local/lib/python3.7/site-packages/airflow/example_dags/tutorial.py
[2022-05-28 01:28:33,080] {processor.py:651} INFO - DAG(s) dict_keys(['tutorial']) retrieved from /home/airflow/.local/lib/python3.7/site-packages/airflow/example_dags/tutorial.py
[2022-05-28 01:28:33,099] {logging_mixin.py:115} INFO - [2022-05-28 01:28:33,099] {dag.py:2379} INFO - Sync 1 DAGs
[2022-05-28 01:28:33,117] {logging_mixin.py:115} INFO - [2022-05-28 01:28:33,117] {dag.py:2927} INFO - Setting next_dagrun for tutorial to 2022-05-27T01:28:33.116882+00:00, run_after=2022-05-28T01:28:33.116882+00:00
[2022-05-28 01:28:33,126] {processor.py:161} INFO - Processing /home/airflow/.local/lib/python3.7/site-packages/airflow/example_dags/tutorial.py took 0.053 seconds
[2022-05-28 01:29:03,930] {processor.py:153} INFO - Started process (PID=1042) to work on /home/airflow/.local/lib/python3.7/site-packages/airflow/example_dags/tutorial.py
[2022-05-28 01:29:03,930] {processor.py:641} INFO - Processing file /home/airflow/.local/lib/python3.7/site-packages/airflow/example_dags/tutorial.py for tasks to queue
[2022-05-28 01:29:03,931] {logging_mixin.py:115} INFO - [2022-05-28 01:29:03,931] {dagbag.py:507} INFO - Filling up the DagBag from /home/airflow/.local/lib/python3.7/site-packages/airflow/example_dags/tutorial.py
[2022-05-28 01:29:03,935] {processor.py:651} INFO - DAG(s) dict_keys(['tutorial']) retrieved from /home/airflow/.local/lib/python3.7/site-packages/airflow/example_dags/tutorial.py
[2022-05-28 01:29:03,955] {logging_mixin.py:115} INFO - [2022-05-28 01:29:03,954] {dag.py:2379} INFO - Sync 1 DAGs
[2022-05-28 01:29:03,973] {logging_mixin.py:115} INFO - [2022-05-28 01:29:03,973] {dag.py:2927} INFO - Setting next_dagrun for tutorial to 2022-05-27T01:29:03.973221+00:00, run_after=2022-05-28T01:29:03.973221+00:00
[2022-05-28 01:29:03,983] {processor.py:161} INFO - Processing /home/airflow/.local/lib/python3.7/site-packages/airflow/example_dags/tutorial.py took 0.056 seconds
[2022-05-28 01:29:35,075] {processor.py:153} INFO - Started process (PID=1094) to work on /home/airflow/.local/lib/python3.7/site-packages/airflow/example_dags/tutorial.py
[2022-05-28 01:29:35,075] {processor.py:641} INFO - Processing file /home/airflow/.local/lib/python3.7/site-packages/airflow/example_dags/tutorial.py for tasks to queue
[2022-05-28 01:29:35,076] {logging_mixin.py:115} INFO - [2022-05-28 01:29:35,076] {dagbag.py:507} INFO - Filling up the DagBag from /home/airflow/.local/lib/python3.7/site-packages/airflow/example_dags/tutorial.py
[2022-05-28 01:29:35,081] {processor.py:651} INFO - DAG(s) dict_keys(['tutorial']) retrieved from /home/airflow/.local/lib/python3.7/site-packages/airflow/example_dags/tutorial.py
[2022-05-28 01:29:35,107] {logging_mixin.py:115} INFO - [2022-05-28 01:29:35,107] {dag.py:2379} INFO - Sync 1 DAGs
[2022-05-28 01:29:35,124] {logging_mixin.py:115} INFO - [2022-05-28 01:29:35,124] {dag.py:2927} INFO - Setting next_dagrun for tutorial to 2022-05-27T01:29:35.123906+00:00, run_after=2022-05-28T01:29:35.123906+00:00
[2022-05-28 01:29:35,132] {processor.py:161} INFO - Processing /home/airflow/.local/lib/python3.7/site-packages/airflow/example_dags/tutorial.py took 0.060 seconds
